[2024-04-03T09:14:26.551+0200] {processor.py:157} INFO - Started process (PID=12643) to work on /home/lucas/anaconda3/lib/python3.11/site-packages/airflow/example_dags/example_branch_python_dop_operator_3.py
[2024-04-03T09:14:26.551+0200] {processor.py:829} INFO - Processing file /home/lucas/anaconda3/lib/python3.11/site-packages/airflow/example_dags/example_branch_python_dop_operator_3.py for tasks to queue
[2024-04-03T09:14:26.551+0200] {logging_mixin.py:154} INFO - [2024-04-03T09:14:26.551+0200] {dagbag.py:536} INFO - Filling up the DagBag from /home/lucas/anaconda3/lib/python3.11/site-packages/airflow/example_dags/example_branch_python_dop_operator_3.py
[2024-04-03T09:14:26.556+0200] {processor.py:839} INFO - DAG(s) dict_keys(['example_branch_dop_operator_v3']) retrieved from /home/lucas/anaconda3/lib/python3.11/site-packages/airflow/example_dags/example_branch_python_dop_operator_3.py
[2024-04-03T09:14:26.611+0200] {logging_mixin.py:154} INFO - [2024-04-03T09:14:26.611+0200] {manager.py:499} INFO - Created Permission View: %s
[2024-04-03T09:14:26.619+0200] {logging_mixin.py:154} INFO - [2024-04-03T09:14:26.619+0200] {manager.py:499} INFO - Created Permission View: %s
[2024-04-03T09:14:26.625+0200] {logging_mixin.py:154} INFO - [2024-04-03T09:14:26.625+0200] {manager.py:499} INFO - Created Permission View: %s
[2024-04-03T09:14:26.625+0200] {logging_mixin.py:154} INFO - [2024-04-03T09:14:26.625+0200] {dag.py:2941} INFO - Sync 1 DAGs
[2024-04-03T09:14:26.632+0200] {logging_mixin.py:154} INFO - [2024-04-03T09:14:26.631+0200] {dag.py:2963} INFO - Creating ORM DAG for example_branch_dop_operator_v3
[2024-04-03T09:14:26.638+0200] {logging_mixin.py:154} INFO - [2024-04-03T09:14:26.638+0200] {dag.py:3722} INFO - Setting next_dagrun for example_branch_dop_operator_v3 to 2024-04-03T07:13:00+00:00, run_after=2024-04-03T07:14:00+00:00
[2024-04-03T09:14:26.651+0200] {processor.py:179} INFO - Processing /home/lucas/anaconda3/lib/python3.11/site-packages/airflow/example_dags/example_branch_python_dop_operator_3.py took 0.102 seconds
[2024-04-03T09:15:12.292+0200] {processor.py:157} INFO - Started process (PID=12945) to work on /home/lucas/anaconda3/lib/python3.11/site-packages/airflow/example_dags/example_branch_python_dop_operator_3.py
[2024-04-03T09:15:12.294+0200] {processor.py:829} INFO - Processing file /home/lucas/anaconda3/lib/python3.11/site-packages/airflow/example_dags/example_branch_python_dop_operator_3.py for tasks to queue
[2024-04-03T09:15:12.295+0200] {logging_mixin.py:154} INFO - [2024-04-03T09:15:12.295+0200] {dagbag.py:536} INFO - Filling up the DagBag from /home/lucas/anaconda3/lib/python3.11/site-packages/airflow/example_dags/example_branch_python_dop_operator_3.py
[2024-04-03T09:15:12.299+0200] {processor.py:839} INFO - DAG(s) dict_keys(['example_branch_dop_operator_v3']) retrieved from /home/lucas/anaconda3/lib/python3.11/site-packages/airflow/example_dags/example_branch_python_dop_operator_3.py
[2024-04-03T09:15:12.307+0200] {logging_mixin.py:154} INFO - [2024-04-03T09:15:12.307+0200] {dag.py:2941} INFO - Sync 1 DAGs
[2024-04-03T09:15:12.317+0200] {logging_mixin.py:154} INFO - [2024-04-03T09:15:12.317+0200] {dag.py:3722} INFO - Setting next_dagrun for example_branch_dop_operator_v3 to 2024-04-03T07:14:00+00:00, run_after=2024-04-03T07:15:00+00:00
[2024-04-03T09:15:12.329+0200] {processor.py:179} INFO - Processing /home/lucas/anaconda3/lib/python3.11/site-packages/airflow/example_dags/example_branch_python_dop_operator_3.py took 0.039 seconds
[2024-04-03T09:15:57.541+0200] {processor.py:157} INFO - Started process (PID=13109) to work on /home/lucas/anaconda3/lib/python3.11/site-packages/airflow/example_dags/example_branch_python_dop_operator_3.py
[2024-04-03T09:15:57.542+0200] {processor.py:829} INFO - Processing file /home/lucas/anaconda3/lib/python3.11/site-packages/airflow/example_dags/example_branch_python_dop_operator_3.py for tasks to queue
[2024-04-03T09:15:57.543+0200] {logging_mixin.py:154} INFO - [2024-04-03T09:15:57.542+0200] {dagbag.py:536} INFO - Filling up the DagBag from /home/lucas/anaconda3/lib/python3.11/site-packages/airflow/example_dags/example_branch_python_dop_operator_3.py
[2024-04-03T09:15:57.547+0200] {processor.py:839} INFO - DAG(s) dict_keys(['example_branch_dop_operator_v3']) retrieved from /home/lucas/anaconda3/lib/python3.11/site-packages/airflow/example_dags/example_branch_python_dop_operator_3.py
[2024-04-03T09:15:57.554+0200] {logging_mixin.py:154} INFO - [2024-04-03T09:15:57.554+0200] {dag.py:2941} INFO - Sync 1 DAGs
[2024-04-03T09:15:57.565+0200] {logging_mixin.py:154} INFO - [2024-04-03T09:15:57.565+0200] {dag.py:3722} INFO - Setting next_dagrun for example_branch_dop_operator_v3 to 2024-04-03T07:14:00+00:00, run_after=2024-04-03T07:15:00+00:00
[2024-04-03T09:15:57.577+0200] {processor.py:179} INFO - Processing /home/lucas/anaconda3/lib/python3.11/site-packages/airflow/example_dags/example_branch_python_dop_operator_3.py took 0.037 seconds
[2024-04-03T09:16:41.277+0200] {processor.py:157} INFO - Started process (PID=13198) to work on /home/lucas/anaconda3/lib/python3.11/site-packages/airflow/example_dags/example_branch_python_dop_operator_3.py
[2024-04-03T09:16:41.280+0200] {processor.py:829} INFO - Processing file /home/lucas/anaconda3/lib/python3.11/site-packages/airflow/example_dags/example_branch_python_dop_operator_3.py for tasks to queue
[2024-04-03T09:16:41.281+0200] {logging_mixin.py:154} INFO - [2024-04-03T09:16:41.280+0200] {dagbag.py:536} INFO - Filling up the DagBag from /home/lucas/anaconda3/lib/python3.11/site-packages/airflow/example_dags/example_branch_python_dop_operator_3.py
[2024-04-03T09:16:41.285+0200] {processor.py:839} INFO - DAG(s) dict_keys(['example_branch_dop_operator_v3']) retrieved from /home/lucas/anaconda3/lib/python3.11/site-packages/airflow/example_dags/example_branch_python_dop_operator_3.py
[2024-04-03T09:16:41.293+0200] {logging_mixin.py:154} INFO - [2024-04-03T09:16:41.293+0200] {dag.py:2941} INFO - Sync 1 DAGs
[2024-04-03T09:16:41.304+0200] {logging_mixin.py:154} INFO - [2024-04-03T09:16:41.304+0200] {dag.py:3722} INFO - Setting next_dagrun for example_branch_dop_operator_v3 to 2024-04-03T07:15:00+00:00, run_after=2024-04-03T07:16:00+00:00
[2024-04-03T09:16:41.317+0200] {processor.py:179} INFO - Processing /home/lucas/anaconda3/lib/python3.11/site-packages/airflow/example_dags/example_branch_python_dop_operator_3.py took 0.041 seconds
[2024-04-03T09:18:56.626+0200] {processor.py:157} INFO - Started process (PID=13776) to work on /home/lucas/anaconda3/lib/python3.11/site-packages/airflow/example_dags/example_branch_python_dop_operator_3.py
[2024-04-03T09:18:56.629+0200] {processor.py:829} INFO - Processing file /home/lucas/anaconda3/lib/python3.11/site-packages/airflow/example_dags/example_branch_python_dop_operator_3.py for tasks to queue
[2024-04-03T09:18:56.629+0200] {logging_mixin.py:154} INFO - [2024-04-03T09:18:56.629+0200] {dagbag.py:536} INFO - Filling up the DagBag from /home/lucas/anaconda3/lib/python3.11/site-packages/airflow/example_dags/example_branch_python_dop_operator_3.py
[2024-04-03T09:18:56.634+0200] {processor.py:839} INFO - DAG(s) dict_keys(['example_branch_dop_operator_v3']) retrieved from /home/lucas/anaconda3/lib/python3.11/site-packages/airflow/example_dags/example_branch_python_dop_operator_3.py
[2024-04-03T09:18:56.643+0200] {logging_mixin.py:154} INFO - [2024-04-03T09:18:56.643+0200] {dag.py:2941} INFO - Sync 1 DAGs
[2024-04-03T09:18:56.655+0200] {logging_mixin.py:154} INFO - [2024-04-03T09:18:56.655+0200] {dag.py:3722} INFO - Setting next_dagrun for example_branch_dop_operator_v3 to 2024-04-03T07:17:00+00:00, run_after=2024-04-03T07:18:00+00:00
[2024-04-03T09:18:56.667+0200] {processor.py:179} INFO - Processing /home/lucas/anaconda3/lib/python3.11/site-packages/airflow/example_dags/example_branch_python_dop_operator_3.py took 0.043 seconds
[2024-04-03T09:19:41.149+0200] {processor.py:157} INFO - Started process (PID=14107) to work on /home/lucas/anaconda3/lib/python3.11/site-packages/airflow/example_dags/example_branch_python_dop_operator_3.py
[2024-04-03T09:19:41.152+0200] {processor.py:829} INFO - Processing file /home/lucas/anaconda3/lib/python3.11/site-packages/airflow/example_dags/example_branch_python_dop_operator_3.py for tasks to queue
[2024-04-03T09:19:41.152+0200] {logging_mixin.py:154} INFO - [2024-04-03T09:19:41.152+0200] {dagbag.py:536} INFO - Filling up the DagBag from /home/lucas/anaconda3/lib/python3.11/site-packages/airflow/example_dags/example_branch_python_dop_operator_3.py
[2024-04-03T09:19:41.156+0200] {processor.py:839} INFO - DAG(s) dict_keys(['example_branch_dop_operator_v3']) retrieved from /home/lucas/anaconda3/lib/python3.11/site-packages/airflow/example_dags/example_branch_python_dop_operator_3.py
[2024-04-03T09:19:41.164+0200] {logging_mixin.py:154} INFO - [2024-04-03T09:19:41.164+0200] {dag.py:2941} INFO - Sync 1 DAGs
[2024-04-03T09:19:41.174+0200] {logging_mixin.py:154} INFO - [2024-04-03T09:19:41.174+0200] {dag.py:3722} INFO - Setting next_dagrun for example_branch_dop_operator_v3 to 2024-04-03T07:18:00+00:00, run_after=2024-04-03T07:19:00+00:00
[2024-04-03T09:19:41.186+0200] {processor.py:179} INFO - Processing /home/lucas/anaconda3/lib/python3.11/site-packages/airflow/example_dags/example_branch_python_dop_operator_3.py took 0.038 seconds
[2024-04-03T09:20:23.805+0200] {processor.py:157} INFO - Started process (PID=14295) to work on /home/lucas/anaconda3/lib/python3.11/site-packages/airflow/example_dags/example_branch_python_dop_operator_3.py
[2024-04-03T09:20:23.806+0200] {processor.py:829} INFO - Processing file /home/lucas/anaconda3/lib/python3.11/site-packages/airflow/example_dags/example_branch_python_dop_operator_3.py for tasks to queue
[2024-04-03T09:20:23.807+0200] {logging_mixin.py:154} INFO - [2024-04-03T09:20:23.807+0200] {dagbag.py:536} INFO - Filling up the DagBag from /home/lucas/anaconda3/lib/python3.11/site-packages/airflow/example_dags/example_branch_python_dop_operator_3.py
[2024-04-03T09:20:23.811+0200] {processor.py:839} INFO - DAG(s) dict_keys(['example_branch_dop_operator_v3']) retrieved from /home/lucas/anaconda3/lib/python3.11/site-packages/airflow/example_dags/example_branch_python_dop_operator_3.py
[2024-04-03T09:20:23.819+0200] {logging_mixin.py:154} INFO - [2024-04-03T09:20:23.819+0200] {dag.py:2941} INFO - Sync 1 DAGs
[2024-04-03T09:20:23.830+0200] {logging_mixin.py:154} INFO - [2024-04-03T09:20:23.829+0200] {dag.py:3722} INFO - Setting next_dagrun for example_branch_dop_operator_v3 to 2024-04-03T07:19:00+00:00, run_after=2024-04-03T07:20:00+00:00
[2024-04-03T09:20:23.841+0200] {processor.py:179} INFO - Processing /home/lucas/anaconda3/lib/python3.11/site-packages/airflow/example_dags/example_branch_python_dop_operator_3.py took 0.037 seconds
[2024-04-03T09:21:07.826+0200] {processor.py:157} INFO - Started process (PID=14422) to work on /home/lucas/anaconda3/lib/python3.11/site-packages/airflow/example_dags/example_branch_python_dop_operator_3.py
[2024-04-03T09:21:07.829+0200] {processor.py:829} INFO - Processing file /home/lucas/anaconda3/lib/python3.11/site-packages/airflow/example_dags/example_branch_python_dop_operator_3.py for tasks to queue
[2024-04-03T09:21:07.829+0200] {logging_mixin.py:154} INFO - [2024-04-03T09:21:07.829+0200] {dagbag.py:536} INFO - Filling up the DagBag from /home/lucas/anaconda3/lib/python3.11/site-packages/airflow/example_dags/example_branch_python_dop_operator_3.py
[2024-04-03T09:21:07.833+0200] {processor.py:839} INFO - DAG(s) dict_keys(['example_branch_dop_operator_v3']) retrieved from /home/lucas/anaconda3/lib/python3.11/site-packages/airflow/example_dags/example_branch_python_dop_operator_3.py
[2024-04-03T09:21:07.841+0200] {logging_mixin.py:154} INFO - [2024-04-03T09:21:07.841+0200] {dag.py:2941} INFO - Sync 1 DAGs
[2024-04-03T09:21:07.852+0200] {logging_mixin.py:154} INFO - [2024-04-03T09:21:07.851+0200] {dag.py:3722} INFO - Setting next_dagrun for example_branch_dop_operator_v3 to 2024-04-03T07:20:00+00:00, run_after=2024-04-03T07:21:00+00:00
[2024-04-03T09:21:07.864+0200] {processor.py:179} INFO - Processing /home/lucas/anaconda3/lib/python3.11/site-packages/airflow/example_dags/example_branch_python_dop_operator_3.py took 0.039 seconds
[2024-04-03T09:21:57.107+0200] {processor.py:157} INFO - Started process (PID=14587) to work on /home/lucas/anaconda3/lib/python3.11/site-packages/airflow/example_dags/example_branch_python_dop_operator_3.py
[2024-04-03T09:21:57.110+0200] {processor.py:829} INFO - Processing file /home/lucas/anaconda3/lib/python3.11/site-packages/airflow/example_dags/example_branch_python_dop_operator_3.py for tasks to queue
[2024-04-03T09:21:57.111+0200] {logging_mixin.py:154} INFO - [2024-04-03T09:21:57.110+0200] {dagbag.py:536} INFO - Filling up the DagBag from /home/lucas/anaconda3/lib/python3.11/site-packages/airflow/example_dags/example_branch_python_dop_operator_3.py
[2024-04-03T09:21:57.115+0200] {processor.py:839} INFO - DAG(s) dict_keys(['example_branch_dop_operator_v3']) retrieved from /home/lucas/anaconda3/lib/python3.11/site-packages/airflow/example_dags/example_branch_python_dop_operator_3.py
[2024-04-03T09:21:57.123+0200] {logging_mixin.py:154} INFO - [2024-04-03T09:21:57.123+0200] {dag.py:2941} INFO - Sync 1 DAGs
[2024-04-03T09:21:57.133+0200] {logging_mixin.py:154} INFO - [2024-04-03T09:21:57.133+0200] {dag.py:3722} INFO - Setting next_dagrun for example_branch_dop_operator_v3 to 2024-04-03T07:20:00+00:00, run_after=2024-04-03T07:21:00+00:00
[2024-04-03T09:21:57.145+0200] {processor.py:179} INFO - Processing /home/lucas/anaconda3/lib/python3.11/site-packages/airflow/example_dags/example_branch_python_dop_operator_3.py took 0.039 seconds
[2024-04-03T09:22:39.996+0200] {processor.py:157} INFO - Started process (PID=14837) to work on /home/lucas/anaconda3/lib/python3.11/site-packages/airflow/example_dags/example_branch_python_dop_operator_3.py
[2024-04-03T09:22:39.999+0200] {processor.py:829} INFO - Processing file /home/lucas/anaconda3/lib/python3.11/site-packages/airflow/example_dags/example_branch_python_dop_operator_3.py for tasks to queue
[2024-04-03T09:22:40.000+0200] {logging_mixin.py:154} INFO - [2024-04-03T09:22:39.999+0200] {dagbag.py:536} INFO - Filling up the DagBag from /home/lucas/anaconda3/lib/python3.11/site-packages/airflow/example_dags/example_branch_python_dop_operator_3.py
[2024-04-03T09:22:40.004+0200] {processor.py:839} INFO - DAG(s) dict_keys(['example_branch_dop_operator_v3']) retrieved from /home/lucas/anaconda3/lib/python3.11/site-packages/airflow/example_dags/example_branch_python_dop_operator_3.py
[2024-04-03T09:22:40.012+0200] {logging_mixin.py:154} INFO - [2024-04-03T09:22:40.011+0200] {dag.py:2941} INFO - Sync 1 DAGs
[2024-04-03T09:22:40.022+0200] {logging_mixin.py:154} INFO - [2024-04-03T09:22:40.022+0200] {dag.py:3722} INFO - Setting next_dagrun for example_branch_dop_operator_v3 to 2024-04-03T07:21:00+00:00, run_after=2024-04-03T07:22:00+00:00
[2024-04-03T09:22:40.034+0200] {processor.py:179} INFO - Processing /home/lucas/anaconda3/lib/python3.11/site-packages/airflow/example_dags/example_branch_python_dop_operator_3.py took 0.039 seconds
[2024-04-03T09:23:25.498+0200] {processor.py:157} INFO - Started process (PID=15048) to work on /home/lucas/anaconda3/lib/python3.11/site-packages/airflow/example_dags/example_branch_python_dop_operator_3.py
[2024-04-03T09:23:25.501+0200] {processor.py:829} INFO - Processing file /home/lucas/anaconda3/lib/python3.11/site-packages/airflow/example_dags/example_branch_python_dop_operator_3.py for tasks to queue
[2024-04-03T09:23:25.501+0200] {logging_mixin.py:154} INFO - [2024-04-03T09:23:25.501+0200] {dagbag.py:536} INFO - Filling up the DagBag from /home/lucas/anaconda3/lib/python3.11/site-packages/airflow/example_dags/example_branch_python_dop_operator_3.py
[2024-04-03T09:23:25.506+0200] {processor.py:839} INFO - DAG(s) dict_keys(['example_branch_dop_operator_v3']) retrieved from /home/lucas/anaconda3/lib/python3.11/site-packages/airflow/example_dags/example_branch_python_dop_operator_3.py
[2024-04-03T09:23:25.513+0200] {logging_mixin.py:154} INFO - [2024-04-03T09:23:25.513+0200] {dag.py:2941} INFO - Sync 1 DAGs
[2024-04-03T09:23:25.524+0200] {logging_mixin.py:154} INFO - [2024-04-03T09:23:25.524+0200] {dag.py:3722} INFO - Setting next_dagrun for example_branch_dop_operator_v3 to 2024-04-03T07:22:00+00:00, run_after=2024-04-03T07:23:00+00:00
[2024-04-03T09:23:25.536+0200] {processor.py:179} INFO - Processing /home/lucas/anaconda3/lib/python3.11/site-packages/airflow/example_dags/example_branch_python_dop_operator_3.py took 0.039 seconds
[2024-04-03T09:24:08.789+0200] {processor.py:157} INFO - Started process (PID=15355) to work on /home/lucas/anaconda3/lib/python3.11/site-packages/airflow/example_dags/example_branch_python_dop_operator_3.py
[2024-04-03T09:24:08.792+0200] {processor.py:829} INFO - Processing file /home/lucas/anaconda3/lib/python3.11/site-packages/airflow/example_dags/example_branch_python_dop_operator_3.py for tasks to queue
[2024-04-03T09:24:08.793+0200] {logging_mixin.py:154} INFO - [2024-04-03T09:24:08.792+0200] {dagbag.py:536} INFO - Filling up the DagBag from /home/lucas/anaconda3/lib/python3.11/site-packages/airflow/example_dags/example_branch_python_dop_operator_3.py
[2024-04-03T09:24:08.797+0200] {processor.py:839} INFO - DAG(s) dict_keys(['example_branch_dop_operator_v3']) retrieved from /home/lucas/anaconda3/lib/python3.11/site-packages/airflow/example_dags/example_branch_python_dop_operator_3.py
[2024-04-03T09:24:08.805+0200] {logging_mixin.py:154} INFO - [2024-04-03T09:24:08.805+0200] {dag.py:2941} INFO - Sync 1 DAGs
[2024-04-03T09:24:08.815+0200] {logging_mixin.py:154} INFO - [2024-04-03T09:24:08.815+0200] {dag.py:3722} INFO - Setting next_dagrun for example_branch_dop_operator_v3 to 2024-04-03T07:23:00+00:00, run_after=2024-04-03T07:24:00+00:00
[2024-04-03T09:24:08.828+0200] {processor.py:179} INFO - Processing /home/lucas/anaconda3/lib/python3.11/site-packages/airflow/example_dags/example_branch_python_dop_operator_3.py took 0.040 seconds
[2024-04-03T09:24:49.796+0200] {processor.py:157} INFO - Started process (PID=15593) to work on /home/lucas/anaconda3/lib/python3.11/site-packages/airflow/example_dags/example_branch_python_dop_operator_3.py
[2024-04-03T09:24:49.799+0200] {processor.py:829} INFO - Processing file /home/lucas/anaconda3/lib/python3.11/site-packages/airflow/example_dags/example_branch_python_dop_operator_3.py for tasks to queue
[2024-04-03T09:24:49.799+0200] {logging_mixin.py:154} INFO - [2024-04-03T09:24:49.799+0200] {dagbag.py:536} INFO - Filling up the DagBag from /home/lucas/anaconda3/lib/python3.11/site-packages/airflow/example_dags/example_branch_python_dop_operator_3.py
[2024-04-03T09:24:49.804+0200] {processor.py:839} INFO - DAG(s) dict_keys(['example_branch_dop_operator_v3']) retrieved from /home/lucas/anaconda3/lib/python3.11/site-packages/airflow/example_dags/example_branch_python_dop_operator_3.py
[2024-04-03T09:24:49.812+0200] {logging_mixin.py:154} INFO - [2024-04-03T09:24:49.812+0200] {dag.py:2941} INFO - Sync 1 DAGs
[2024-04-03T09:24:49.824+0200] {logging_mixin.py:154} INFO - [2024-04-03T09:24:49.823+0200] {dag.py:3722} INFO - Setting next_dagrun for example_branch_dop_operator_v3 to 2024-04-03T07:23:00+00:00, run_after=2024-04-03T07:24:00+00:00
[2024-04-03T09:24:49.837+0200] {processor.py:179} INFO - Processing /home/lucas/anaconda3/lib/python3.11/site-packages/airflow/example_dags/example_branch_python_dop_operator_3.py took 0.042 seconds
[2024-04-03T09:25:40.013+0200] {processor.py:157} INFO - Started process (PID=15847) to work on /home/lucas/anaconda3/lib/python3.11/site-packages/airflow/example_dags/example_branch_python_dop_operator_3.py
[2024-04-03T09:25:40.016+0200] {processor.py:829} INFO - Processing file /home/lucas/anaconda3/lib/python3.11/site-packages/airflow/example_dags/example_branch_python_dop_operator_3.py for tasks to queue
[2024-04-03T09:25:40.016+0200] {logging_mixin.py:154} INFO - [2024-04-03T09:25:40.016+0200] {dagbag.py:536} INFO - Filling up the DagBag from /home/lucas/anaconda3/lib/python3.11/site-packages/airflow/example_dags/example_branch_python_dop_operator_3.py
[2024-04-03T09:25:40.020+0200] {processor.py:839} INFO - DAG(s) dict_keys(['example_branch_dop_operator_v3']) retrieved from /home/lucas/anaconda3/lib/python3.11/site-packages/airflow/example_dags/example_branch_python_dop_operator_3.py
[2024-04-03T09:25:40.029+0200] {logging_mixin.py:154} INFO - [2024-04-03T09:25:40.028+0200] {dag.py:2941} INFO - Sync 1 DAGs
[2024-04-03T09:25:40.040+0200] {logging_mixin.py:154} INFO - [2024-04-03T09:25:40.040+0200] {dag.py:3722} INFO - Setting next_dagrun for example_branch_dop_operator_v3 to 2024-04-03T07:24:00+00:00, run_after=2024-04-03T07:25:00+00:00
[2024-04-03T09:25:40.052+0200] {processor.py:179} INFO - Processing /home/lucas/anaconda3/lib/python3.11/site-packages/airflow/example_dags/example_branch_python_dop_operator_3.py took 0.041 seconds
[2024-04-03T09:26:26.973+0200] {processor.py:157} INFO - Started process (PID=16010) to work on /home/lucas/anaconda3/lib/python3.11/site-packages/airflow/example_dags/example_branch_python_dop_operator_3.py
[2024-04-03T09:26:26.976+0200] {processor.py:829} INFO - Processing file /home/lucas/anaconda3/lib/python3.11/site-packages/airflow/example_dags/example_branch_python_dop_operator_3.py for tasks to queue
[2024-04-03T09:26:26.976+0200] {logging_mixin.py:154} INFO - [2024-04-03T09:26:26.976+0200] {dagbag.py:536} INFO - Filling up the DagBag from /home/lucas/anaconda3/lib/python3.11/site-packages/airflow/example_dags/example_branch_python_dop_operator_3.py
[2024-04-03T09:26:26.980+0200] {processor.py:839} INFO - DAG(s) dict_keys(['example_branch_dop_operator_v3']) retrieved from /home/lucas/anaconda3/lib/python3.11/site-packages/airflow/example_dags/example_branch_python_dop_operator_3.py
[2024-04-03T09:26:26.991+0200] {logging_mixin.py:154} INFO - [2024-04-03T09:26:26.991+0200] {dag.py:2941} INFO - Sync 1 DAGs
[2024-04-03T09:26:27.003+0200] {logging_mixin.py:154} INFO - [2024-04-03T09:26:27.003+0200] {dag.py:3722} INFO - Setting next_dagrun for example_branch_dop_operator_v3 to 2024-04-03T07:25:00+00:00, run_after=2024-04-03T07:26:00+00:00
[2024-04-03T09:26:27.017+0200] {processor.py:179} INFO - Processing /home/lucas/anaconda3/lib/python3.11/site-packages/airflow/example_dags/example_branch_python_dop_operator_3.py took 0.045 seconds
[2024-04-03T09:27:08.781+0200] {processor.py:157} INFO - Started process (PID=16145) to work on /home/lucas/anaconda3/lib/python3.11/site-packages/airflow/example_dags/example_branch_python_dop_operator_3.py
[2024-04-03T09:27:08.782+0200] {processor.py:829} INFO - Processing file /home/lucas/anaconda3/lib/python3.11/site-packages/airflow/example_dags/example_branch_python_dop_operator_3.py for tasks to queue
[2024-04-03T09:27:08.782+0200] {logging_mixin.py:154} INFO - [2024-04-03T09:27:08.782+0200] {dagbag.py:536} INFO - Filling up the DagBag from /home/lucas/anaconda3/lib/python3.11/site-packages/airflow/example_dags/example_branch_python_dop_operator_3.py
[2024-04-03T09:27:08.789+0200] {processor.py:839} INFO - DAG(s) dict_keys(['example_branch_dop_operator_v3']) retrieved from /home/lucas/anaconda3/lib/python3.11/site-packages/airflow/example_dags/example_branch_python_dop_operator_3.py
[2024-04-03T09:27:08.797+0200] {logging_mixin.py:154} INFO - [2024-04-03T09:27:08.797+0200] {dag.py:2941} INFO - Sync 1 DAGs
[2024-04-03T09:27:08.810+0200] {logging_mixin.py:154} INFO - [2024-04-03T09:27:08.810+0200] {dag.py:3722} INFO - Setting next_dagrun for example_branch_dop_operator_v3 to 2024-04-03T07:26:00+00:00, run_after=2024-04-03T07:27:00+00:00
[2024-04-03T09:27:08.825+0200] {processor.py:179} INFO - Processing /home/lucas/anaconda3/lib/python3.11/site-packages/airflow/example_dags/example_branch_python_dop_operator_3.py took 0.045 seconds
[2024-04-03T09:27:53.707+0200] {processor.py:157} INFO - Started process (PID=16327) to work on /home/lucas/anaconda3/lib/python3.11/site-packages/airflow/example_dags/example_branch_python_dop_operator_3.py
[2024-04-03T09:27:53.710+0200] {processor.py:829} INFO - Processing file /home/lucas/anaconda3/lib/python3.11/site-packages/airflow/example_dags/example_branch_python_dop_operator_3.py for tasks to queue
[2024-04-03T09:27:53.710+0200] {logging_mixin.py:154} INFO - [2024-04-03T09:27:53.710+0200] {dagbag.py:536} INFO - Filling up the DagBag from /home/lucas/anaconda3/lib/python3.11/site-packages/airflow/example_dags/example_branch_python_dop_operator_3.py
[2024-04-03T09:27:53.717+0200] {processor.py:839} INFO - DAG(s) dict_keys(['example_branch_dop_operator_v3']) retrieved from /home/lucas/anaconda3/lib/python3.11/site-packages/airflow/example_dags/example_branch_python_dop_operator_3.py
[2024-04-03T09:27:53.726+0200] {logging_mixin.py:154} INFO - [2024-04-03T09:27:53.725+0200] {dag.py:2941} INFO - Sync 1 DAGs
[2024-04-03T09:27:53.738+0200] {logging_mixin.py:154} INFO - [2024-04-03T09:27:53.738+0200] {dag.py:3722} INFO - Setting next_dagrun for example_branch_dop_operator_v3 to 2024-04-03T07:26:00+00:00, run_after=2024-04-03T07:27:00+00:00
[2024-04-03T09:27:53.752+0200] {processor.py:179} INFO - Processing /home/lucas/anaconda3/lib/python3.11/site-packages/airflow/example_dags/example_branch_python_dop_operator_3.py took 0.047 seconds
[2024-04-03T09:28:35.467+0200] {processor.py:157} INFO - Started process (PID=16529) to work on /home/lucas/anaconda3/lib/python3.11/site-packages/airflow/example_dags/example_branch_python_dop_operator_3.py
[2024-04-03T09:28:35.470+0200] {processor.py:829} INFO - Processing file /home/lucas/anaconda3/lib/python3.11/site-packages/airflow/example_dags/example_branch_python_dop_operator_3.py for tasks to queue
[2024-04-03T09:28:35.470+0200] {logging_mixin.py:154} INFO - [2024-04-03T09:28:35.470+0200] {dagbag.py:536} INFO - Filling up the DagBag from /home/lucas/anaconda3/lib/python3.11/site-packages/airflow/example_dags/example_branch_python_dop_operator_3.py
[2024-04-03T09:28:35.475+0200] {processor.py:839} INFO - DAG(s) dict_keys(['example_branch_dop_operator_v3']) retrieved from /home/lucas/anaconda3/lib/python3.11/site-packages/airflow/example_dags/example_branch_python_dop_operator_3.py
[2024-04-03T09:28:35.483+0200] {logging_mixin.py:154} INFO - [2024-04-03T09:28:35.483+0200] {dag.py:2941} INFO - Sync 1 DAGs
[2024-04-03T09:28:35.493+0200] {logging_mixin.py:154} INFO - [2024-04-03T09:28:35.493+0200] {dag.py:3722} INFO - Setting next_dagrun for example_branch_dop_operator_v3 to 2024-04-03T07:27:00+00:00, run_after=2024-04-03T07:28:00+00:00
[2024-04-03T09:28:35.505+0200] {processor.py:179} INFO - Processing /home/lucas/anaconda3/lib/python3.11/site-packages/airflow/example_dags/example_branch_python_dop_operator_3.py took 0.039 seconds
[2024-04-03T09:29:16.908+0200] {processor.py:157} INFO - Started process (PID=16715) to work on /home/lucas/anaconda3/lib/python3.11/site-packages/airflow/example_dags/example_branch_python_dop_operator_3.py
[2024-04-03T09:29:16.909+0200] {processor.py:829} INFO - Processing file /home/lucas/anaconda3/lib/python3.11/site-packages/airflow/example_dags/example_branch_python_dop_operator_3.py for tasks to queue
[2024-04-03T09:29:16.910+0200] {logging_mixin.py:154} INFO - [2024-04-03T09:29:16.909+0200] {dagbag.py:536} INFO - Filling up the DagBag from /home/lucas/anaconda3/lib/python3.11/site-packages/airflow/example_dags/example_branch_python_dop_operator_3.py
[2024-04-03T09:29:16.916+0200] {processor.py:839} INFO - DAG(s) dict_keys(['example_branch_dop_operator_v3']) retrieved from /home/lucas/anaconda3/lib/python3.11/site-packages/airflow/example_dags/example_branch_python_dop_operator_3.py
[2024-04-03T09:29:16.927+0200] {logging_mixin.py:154} INFO - [2024-04-03T09:29:16.926+0200] {dag.py:2941} INFO - Sync 1 DAGs
[2024-04-03T09:29:16.941+0200] {logging_mixin.py:154} INFO - [2024-04-03T09:29:16.941+0200] {dag.py:3722} INFO - Setting next_dagrun for example_branch_dop_operator_v3 to 2024-04-03T07:28:00+00:00, run_after=2024-04-03T07:29:00+00:00
[2024-04-03T09:29:16.956+0200] {processor.py:179} INFO - Processing /home/lucas/anaconda3/lib/python3.11/site-packages/airflow/example_dags/example_branch_python_dop_operator_3.py took 0.050 seconds
[2024-04-03T09:30:01.153+0200] {processor.py:157} INFO - Started process (PID=16866) to work on /home/lucas/anaconda3/lib/python3.11/site-packages/airflow/example_dags/example_branch_python_dop_operator_3.py
[2024-04-03T09:30:01.156+0200] {processor.py:829} INFO - Processing file /home/lucas/anaconda3/lib/python3.11/site-packages/airflow/example_dags/example_branch_python_dop_operator_3.py for tasks to queue
[2024-04-03T09:30:01.157+0200] {logging_mixin.py:154} INFO - [2024-04-03T09:30:01.156+0200] {dagbag.py:536} INFO - Filling up the DagBag from /home/lucas/anaconda3/lib/python3.11/site-packages/airflow/example_dags/example_branch_python_dop_operator_3.py
[2024-04-03T09:30:01.161+0200] {processor.py:839} INFO - DAG(s) dict_keys(['example_branch_dop_operator_v3']) retrieved from /home/lucas/anaconda3/lib/python3.11/site-packages/airflow/example_dags/example_branch_python_dop_operator_3.py
[2024-04-03T09:30:01.169+0200] {logging_mixin.py:154} INFO - [2024-04-03T09:30:01.168+0200] {dag.py:2941} INFO - Sync 1 DAGs
[2024-04-03T09:30:01.179+0200] {logging_mixin.py:154} INFO - [2024-04-03T09:30:01.179+0200] {dag.py:3722} INFO - Setting next_dagrun for example_branch_dop_operator_v3 to 2024-04-03T07:29:00+00:00, run_after=2024-04-03T07:30:00+00:00
[2024-04-03T09:30:01.192+0200] {processor.py:179} INFO - Processing /home/lucas/anaconda3/lib/python3.11/site-packages/airflow/example_dags/example_branch_python_dop_operator_3.py took 0.040 seconds
[2024-04-03T09:30:50.110+0200] {processor.py:157} INFO - Started process (PID=17120) to work on /home/lucas/anaconda3/lib/python3.11/site-packages/airflow/example_dags/example_branch_python_dop_operator_3.py
[2024-04-03T09:30:50.113+0200] {processor.py:829} INFO - Processing file /home/lucas/anaconda3/lib/python3.11/site-packages/airflow/example_dags/example_branch_python_dop_operator_3.py for tasks to queue
[2024-04-03T09:30:50.114+0200] {logging_mixin.py:154} INFO - [2024-04-03T09:30:50.113+0200] {dagbag.py:536} INFO - Filling up the DagBag from /home/lucas/anaconda3/lib/python3.11/site-packages/airflow/example_dags/example_branch_python_dop_operator_3.py
[2024-04-03T09:30:50.118+0200] {processor.py:839} INFO - DAG(s) dict_keys(['example_branch_dop_operator_v3']) retrieved from /home/lucas/anaconda3/lib/python3.11/site-packages/airflow/example_dags/example_branch_python_dop_operator_3.py
[2024-04-03T09:30:50.126+0200] {logging_mixin.py:154} INFO - [2024-04-03T09:30:50.126+0200] {dag.py:2941} INFO - Sync 1 DAGs
[2024-04-03T09:30:50.138+0200] {logging_mixin.py:154} INFO - [2024-04-03T09:30:50.138+0200] {dag.py:3722} INFO - Setting next_dagrun for example_branch_dop_operator_v3 to 2024-04-03T07:29:00+00:00, run_after=2024-04-03T07:30:00+00:00
[2024-04-03T09:30:50.151+0200] {processor.py:179} INFO - Processing /home/lucas/anaconda3/lib/python3.11/site-packages/airflow/example_dags/example_branch_python_dop_operator_3.py took 0.042 seconds
[2024-04-03T09:31:35.406+0200] {processor.py:157} INFO - Started process (PID=17272) to work on /home/lucas/anaconda3/lib/python3.11/site-packages/airflow/example_dags/example_branch_python_dop_operator_3.py
[2024-04-03T09:31:35.408+0200] {processor.py:829} INFO - Processing file /home/lucas/anaconda3/lib/python3.11/site-packages/airflow/example_dags/example_branch_python_dop_operator_3.py for tasks to queue
[2024-04-03T09:31:35.408+0200] {logging_mixin.py:154} INFO - [2024-04-03T09:31:35.408+0200] {dagbag.py:536} INFO - Filling up the DagBag from /home/lucas/anaconda3/lib/python3.11/site-packages/airflow/example_dags/example_branch_python_dop_operator_3.py
[2024-04-03T09:31:35.413+0200] {processor.py:839} INFO - DAG(s) dict_keys(['example_branch_dop_operator_v3']) retrieved from /home/lucas/anaconda3/lib/python3.11/site-packages/airflow/example_dags/example_branch_python_dop_operator_3.py
[2024-04-03T09:31:35.421+0200] {logging_mixin.py:154} INFO - [2024-04-03T09:31:35.421+0200] {dag.py:2941} INFO - Sync 1 DAGs
[2024-04-03T09:31:35.432+0200] {logging_mixin.py:154} INFO - [2024-04-03T09:31:35.432+0200] {dag.py:3722} INFO - Setting next_dagrun for example_branch_dop_operator_v3 to 2024-04-03T07:30:00+00:00, run_after=2024-04-03T07:31:00+00:00
[2024-04-03T09:31:35.444+0200] {processor.py:179} INFO - Processing /home/lucas/anaconda3/lib/python3.11/site-packages/airflow/example_dags/example_branch_python_dop_operator_3.py took 0.039 seconds
[2024-04-03T09:32:43.335+0200] {processor.py:157} INFO - Started process (PID=17869) to work on /home/lucas/anaconda3/lib/python3.11/site-packages/airflow/example_dags/example_branch_python_dop_operator_3.py
[2024-04-03T09:32:43.338+0200] {processor.py:829} INFO - Processing file /home/lucas/anaconda3/lib/python3.11/site-packages/airflow/example_dags/example_branch_python_dop_operator_3.py for tasks to queue
[2024-04-03T09:32:43.339+0200] {logging_mixin.py:154} INFO - [2024-04-03T09:32:43.338+0200] {dagbag.py:536} INFO - Filling up the DagBag from /home/lucas/anaconda3/lib/python3.11/site-packages/airflow/example_dags/example_branch_python_dop_operator_3.py
[2024-04-03T09:32:43.343+0200] {processor.py:839} INFO - DAG(s) dict_keys(['example_branch_dop_operator_v3']) retrieved from /home/lucas/anaconda3/lib/python3.11/site-packages/airflow/example_dags/example_branch_python_dop_operator_3.py
[2024-04-03T09:32:43.351+0200] {logging_mixin.py:154} INFO - [2024-04-03T09:32:43.351+0200] {dag.py:2941} INFO - Sync 1 DAGs
[2024-04-03T09:32:43.363+0200] {logging_mixin.py:154} INFO - [2024-04-03T09:32:43.362+0200] {dag.py:3722} INFO - Setting next_dagrun for example_branch_dop_operator_v3 to 2024-04-03T07:31:00+00:00, run_after=2024-04-03T07:32:00+00:00
[2024-04-03T09:32:43.374+0200] {processor.py:179} INFO - Processing /home/lucas/anaconda3/lib/python3.11/site-packages/airflow/example_dags/example_branch_python_dop_operator_3.py took 0.040 seconds
[2024-04-03T09:33:27.382+0200] {processor.py:157} INFO - Started process (PID=18157) to work on /home/lucas/anaconda3/lib/python3.11/site-packages/airflow/example_dags/example_branch_python_dop_operator_3.py
[2024-04-03T09:33:27.385+0200] {processor.py:829} INFO - Processing file /home/lucas/anaconda3/lib/python3.11/site-packages/airflow/example_dags/example_branch_python_dop_operator_3.py for tasks to queue
[2024-04-03T09:33:27.385+0200] {logging_mixin.py:154} INFO - [2024-04-03T09:33:27.385+0200] {dagbag.py:536} INFO - Filling up the DagBag from /home/lucas/anaconda3/lib/python3.11/site-packages/airflow/example_dags/example_branch_python_dop_operator_3.py
[2024-04-03T09:33:27.390+0200] {processor.py:839} INFO - DAG(s) dict_keys(['example_branch_dop_operator_v3']) retrieved from /home/lucas/anaconda3/lib/python3.11/site-packages/airflow/example_dags/example_branch_python_dop_operator_3.py
[2024-04-03T09:33:27.398+0200] {logging_mixin.py:154} INFO - [2024-04-03T09:33:27.398+0200] {dag.py:2941} INFO - Sync 1 DAGs
[2024-04-03T09:33:27.408+0200] {logging_mixin.py:154} INFO - [2024-04-03T09:33:27.408+0200] {dag.py:3722} INFO - Setting next_dagrun for example_branch_dop_operator_v3 to 2024-04-03T07:32:00+00:00, run_after=2024-04-03T07:33:00+00:00
[2024-04-03T09:33:27.421+0200] {processor.py:179} INFO - Processing /home/lucas/anaconda3/lib/python3.11/site-packages/airflow/example_dags/example_branch_python_dop_operator_3.py took 0.040 seconds
[2024-04-03T09:34:11.673+0200] {processor.py:157} INFO - Started process (PID=18388) to work on /home/lucas/anaconda3/lib/python3.11/site-packages/airflow/example_dags/example_branch_python_dop_operator_3.py
[2024-04-03T09:34:11.676+0200] {processor.py:829} INFO - Processing file /home/lucas/anaconda3/lib/python3.11/site-packages/airflow/example_dags/example_branch_python_dop_operator_3.py for tasks to queue
[2024-04-03T09:34:11.676+0200] {logging_mixin.py:154} INFO - [2024-04-03T09:34:11.676+0200] {dagbag.py:536} INFO - Filling up the DagBag from /home/lucas/anaconda3/lib/python3.11/site-packages/airflow/example_dags/example_branch_python_dop_operator_3.py
[2024-04-03T09:34:11.680+0200] {processor.py:839} INFO - DAG(s) dict_keys(['example_branch_dop_operator_v3']) retrieved from /home/lucas/anaconda3/lib/python3.11/site-packages/airflow/example_dags/example_branch_python_dop_operator_3.py
[2024-04-03T09:34:11.688+0200] {logging_mixin.py:154} INFO - [2024-04-03T09:34:11.688+0200] {dag.py:2941} INFO - Sync 1 DAGs
[2024-04-03T09:34:11.699+0200] {logging_mixin.py:154} INFO - [2024-04-03T09:34:11.699+0200] {dag.py:3722} INFO - Setting next_dagrun for example_branch_dop_operator_v3 to 2024-04-03T07:33:00+00:00, run_after=2024-04-03T07:34:00+00:00
[2024-04-03T09:34:11.713+0200] {processor.py:179} INFO - Processing /home/lucas/anaconda3/lib/python3.11/site-packages/airflow/example_dags/example_branch_python_dop_operator_3.py took 0.042 seconds
[2024-04-03T09:35:21.556+0200] {processor.py:157} INFO - Started process (PID=19128) to work on /home/lucas/anaconda3/lib/python3.11/site-packages/airflow/example_dags/example_branch_python_dop_operator_3.py
[2024-04-03T09:35:21.559+0200] {processor.py:829} INFO - Processing file /home/lucas/anaconda3/lib/python3.11/site-packages/airflow/example_dags/example_branch_python_dop_operator_3.py for tasks to queue
[2024-04-03T09:35:21.560+0200] {logging_mixin.py:154} INFO - [2024-04-03T09:35:21.559+0200] {dagbag.py:536} INFO - Filling up the DagBag from /home/lucas/anaconda3/lib/python3.11/site-packages/airflow/example_dags/example_branch_python_dop_operator_3.py
[2024-04-03T09:35:21.564+0200] {processor.py:839} INFO - DAG(s) dict_keys(['example_branch_dop_operator_v3']) retrieved from /home/lucas/anaconda3/lib/python3.11/site-packages/airflow/example_dags/example_branch_python_dop_operator_3.py
[2024-04-03T09:35:21.573+0200] {logging_mixin.py:154} INFO - [2024-04-03T09:35:21.573+0200] {dag.py:2941} INFO - Sync 1 DAGs
[2024-04-03T09:35:21.584+0200] {logging_mixin.py:154} INFO - [2024-04-03T09:35:21.584+0200] {dag.py:3722} INFO - Setting next_dagrun for example_branch_dop_operator_v3 to 2024-04-03T07:34:00+00:00, run_after=2024-04-03T07:35:00+00:00
[2024-04-03T09:35:21.596+0200] {processor.py:179} INFO - Processing /home/lucas/anaconda3/lib/python3.11/site-packages/airflow/example_dags/example_branch_python_dop_operator_3.py took 0.041 seconds
[2024-04-03T09:36:05.439+0200] {processor.py:157} INFO - Started process (PID=19348) to work on /home/lucas/anaconda3/lib/python3.11/site-packages/airflow/example_dags/example_branch_python_dop_operator_3.py
[2024-04-03T09:36:05.442+0200] {processor.py:829} INFO - Processing file /home/lucas/anaconda3/lib/python3.11/site-packages/airflow/example_dags/example_branch_python_dop_operator_3.py for tasks to queue
[2024-04-03T09:36:05.442+0200] {logging_mixin.py:154} INFO - [2024-04-03T09:36:05.442+0200] {dagbag.py:536} INFO - Filling up the DagBag from /home/lucas/anaconda3/lib/python3.11/site-packages/airflow/example_dags/example_branch_python_dop_operator_3.py
[2024-04-03T09:36:05.447+0200] {processor.py:839} INFO - DAG(s) dict_keys(['example_branch_dop_operator_v3']) retrieved from /home/lucas/anaconda3/lib/python3.11/site-packages/airflow/example_dags/example_branch_python_dop_operator_3.py
[2024-04-03T09:36:05.455+0200] {logging_mixin.py:154} INFO - [2024-04-03T09:36:05.454+0200] {dag.py:2941} INFO - Sync 1 DAGs
[2024-04-03T09:36:05.465+0200] {logging_mixin.py:154} INFO - [2024-04-03T09:36:05.465+0200] {dag.py:3722} INFO - Setting next_dagrun for example_branch_dop_operator_v3 to 2024-04-03T07:35:00+00:00, run_after=2024-04-03T07:36:00+00:00
[2024-04-03T09:36:05.477+0200] {processor.py:179} INFO - Processing /home/lucas/anaconda3/lib/python3.11/site-packages/airflow/example_dags/example_branch_python_dop_operator_3.py took 0.039 seconds
[2024-04-03T09:36:48.830+0200] {processor.py:157} INFO - Started process (PID=19462) to work on /home/lucas/anaconda3/lib/python3.11/site-packages/airflow/example_dags/example_branch_python_dop_operator_3.py
[2024-04-03T09:36:48.833+0200] {processor.py:829} INFO - Processing file /home/lucas/anaconda3/lib/python3.11/site-packages/airflow/example_dags/example_branch_python_dop_operator_3.py for tasks to queue
[2024-04-03T09:36:48.833+0200] {logging_mixin.py:154} INFO - [2024-04-03T09:36:48.833+0200] {dagbag.py:536} INFO - Filling up the DagBag from /home/lucas/anaconda3/lib/python3.11/site-packages/airflow/example_dags/example_branch_python_dop_operator_3.py
[2024-04-03T09:36:48.837+0200] {processor.py:839} INFO - DAG(s) dict_keys(['example_branch_dop_operator_v3']) retrieved from /home/lucas/anaconda3/lib/python3.11/site-packages/airflow/example_dags/example_branch_python_dop_operator_3.py
[2024-04-03T09:36:48.845+0200] {logging_mixin.py:154} INFO - [2024-04-03T09:36:48.845+0200] {dag.py:2941} INFO - Sync 1 DAGs
[2024-04-03T09:36:48.855+0200] {logging_mixin.py:154} INFO - [2024-04-03T09:36:48.855+0200] {dag.py:3722} INFO - Setting next_dagrun for example_branch_dop_operator_v3 to 2024-04-03T07:35:00+00:00, run_after=2024-04-03T07:36:00+00:00
[2024-04-03T09:36:48.868+0200] {processor.py:179} INFO - Processing /home/lucas/anaconda3/lib/python3.11/site-packages/airflow/example_dags/example_branch_python_dop_operator_3.py took 0.040 seconds
[2024-04-03T09:37:33.766+0200] {processor.py:157} INFO - Started process (PID=19600) to work on /home/lucas/anaconda3/lib/python3.11/site-packages/airflow/example_dags/example_branch_python_dop_operator_3.py
[2024-04-03T09:37:33.769+0200] {processor.py:829} INFO - Processing file /home/lucas/anaconda3/lib/python3.11/site-packages/airflow/example_dags/example_branch_python_dop_operator_3.py for tasks to queue
[2024-04-03T09:37:33.770+0200] {logging_mixin.py:154} INFO - [2024-04-03T09:37:33.769+0200] {dagbag.py:536} INFO - Filling up the DagBag from /home/lucas/anaconda3/lib/python3.11/site-packages/airflow/example_dags/example_branch_python_dop_operator_3.py
[2024-04-03T09:37:33.774+0200] {processor.py:839} INFO - DAG(s) dict_keys(['example_branch_dop_operator_v3']) retrieved from /home/lucas/anaconda3/lib/python3.11/site-packages/airflow/example_dags/example_branch_python_dop_operator_3.py
[2024-04-03T09:37:33.782+0200] {logging_mixin.py:154} INFO - [2024-04-03T09:37:33.782+0200] {dag.py:2941} INFO - Sync 1 DAGs
[2024-04-03T09:37:33.792+0200] {logging_mixin.py:154} INFO - [2024-04-03T09:37:33.792+0200] {dag.py:3722} INFO - Setting next_dagrun for example_branch_dop_operator_v3 to 2024-04-03T07:36:00+00:00, run_after=2024-04-03T07:37:00+00:00
[2024-04-03T09:37:33.804+0200] {processor.py:179} INFO - Processing /home/lucas/anaconda3/lib/python3.11/site-packages/airflow/example_dags/example_branch_python_dop_operator_3.py took 0.039 seconds
[2024-04-03T09:38:18.252+0200] {processor.py:157} INFO - Started process (PID=19718) to work on /home/lucas/anaconda3/lib/python3.11/site-packages/airflow/example_dags/example_branch_python_dop_operator_3.py
[2024-04-03T09:38:18.255+0200] {processor.py:829} INFO - Processing file /home/lucas/anaconda3/lib/python3.11/site-packages/airflow/example_dags/example_branch_python_dop_operator_3.py for tasks to queue
[2024-04-03T09:38:18.255+0200] {logging_mixin.py:154} INFO - [2024-04-03T09:38:18.255+0200] {dagbag.py:536} INFO - Filling up the DagBag from /home/lucas/anaconda3/lib/python3.11/site-packages/airflow/example_dags/example_branch_python_dop_operator_3.py
[2024-04-03T09:38:18.259+0200] {processor.py:839} INFO - DAG(s) dict_keys(['example_branch_dop_operator_v3']) retrieved from /home/lucas/anaconda3/lib/python3.11/site-packages/airflow/example_dags/example_branch_python_dop_operator_3.py
[2024-04-03T09:38:18.267+0200] {logging_mixin.py:154} INFO - [2024-04-03T09:38:18.267+0200] {dag.py:2941} INFO - Sync 1 DAGs
[2024-04-03T09:38:18.278+0200] {logging_mixin.py:154} INFO - [2024-04-03T09:38:18.278+0200] {dag.py:3722} INFO - Setting next_dagrun for example_branch_dop_operator_v3 to 2024-04-03T07:37:00+00:00, run_after=2024-04-03T07:38:00+00:00
[2024-04-03T09:38:18.290+0200] {processor.py:179} INFO - Processing /home/lucas/anaconda3/lib/python3.11/site-packages/airflow/example_dags/example_branch_python_dop_operator_3.py took 0.040 seconds
[2024-04-03T09:39:03.973+0200] {processor.py:157} INFO - Started process (PID=19835) to work on /home/lucas/anaconda3/lib/python3.11/site-packages/airflow/example_dags/example_branch_python_dop_operator_3.py
[2024-04-03T09:39:03.975+0200] {processor.py:829} INFO - Processing file /home/lucas/anaconda3/lib/python3.11/site-packages/airflow/example_dags/example_branch_python_dop_operator_3.py for tasks to queue
[2024-04-03T09:39:03.976+0200] {logging_mixin.py:154} INFO - [2024-04-03T09:39:03.976+0200] {dagbag.py:536} INFO - Filling up the DagBag from /home/lucas/anaconda3/lib/python3.11/site-packages/airflow/example_dags/example_branch_python_dop_operator_3.py
[2024-04-03T09:39:03.980+0200] {processor.py:839} INFO - DAG(s) dict_keys(['example_branch_dop_operator_v3']) retrieved from /home/lucas/anaconda3/lib/python3.11/site-packages/airflow/example_dags/example_branch_python_dop_operator_3.py
[2024-04-03T09:39:03.988+0200] {logging_mixin.py:154} INFO - [2024-04-03T09:39:03.988+0200] {dag.py:2941} INFO - Sync 1 DAGs
[2024-04-03T09:39:03.998+0200] {logging_mixin.py:154} INFO - [2024-04-03T09:39:03.998+0200] {dag.py:3722} INFO - Setting next_dagrun for example_branch_dop_operator_v3 to 2024-04-03T07:38:00+00:00, run_after=2024-04-03T07:39:00+00:00
[2024-04-03T09:39:04.010+0200] {processor.py:179} INFO - Processing /home/lucas/anaconda3/lib/python3.11/site-packages/airflow/example_dags/example_branch_python_dop_operator_3.py took 0.039 seconds
[2024-04-03T09:39:47.000+0200] {processor.py:157} INFO - Started process (PID=19892) to work on /home/lucas/anaconda3/lib/python3.11/site-packages/airflow/example_dags/example_branch_python_dop_operator_3.py
[2024-04-03T09:39:47.002+0200] {processor.py:829} INFO - Processing file /home/lucas/anaconda3/lib/python3.11/site-packages/airflow/example_dags/example_branch_python_dop_operator_3.py for tasks to queue
[2024-04-03T09:39:47.003+0200] {logging_mixin.py:154} INFO - [2024-04-03T09:39:47.002+0200] {dagbag.py:536} INFO - Filling up the DagBag from /home/lucas/anaconda3/lib/python3.11/site-packages/airflow/example_dags/example_branch_python_dop_operator_3.py
[2024-04-03T09:39:47.007+0200] {processor.py:839} INFO - DAG(s) dict_keys(['example_branch_dop_operator_v3']) retrieved from /home/lucas/anaconda3/lib/python3.11/site-packages/airflow/example_dags/example_branch_python_dop_operator_3.py
[2024-04-03T09:39:47.015+0200] {logging_mixin.py:154} INFO - [2024-04-03T09:39:47.015+0200] {dag.py:2941} INFO - Sync 1 DAGs
[2024-04-03T09:39:47.025+0200] {logging_mixin.py:154} INFO - [2024-04-03T09:39:47.025+0200] {dag.py:3722} INFO - Setting next_dagrun for example_branch_dop_operator_v3 to 2024-04-03T07:38:00+00:00, run_after=2024-04-03T07:39:00+00:00
[2024-04-03T09:39:47.036+0200] {processor.py:179} INFO - Processing /home/lucas/anaconda3/lib/python3.11/site-packages/airflow/example_dags/example_branch_python_dop_operator_3.py took 0.038 seconds
[2024-04-03T09:40:29.217+0200] {processor.py:157} INFO - Started process (PID=20069) to work on /home/lucas/anaconda3/lib/python3.11/site-packages/airflow/example_dags/example_branch_python_dop_operator_3.py
[2024-04-03T09:40:29.220+0200] {processor.py:829} INFO - Processing file /home/lucas/anaconda3/lib/python3.11/site-packages/airflow/example_dags/example_branch_python_dop_operator_3.py for tasks to queue
[2024-04-03T09:40:29.220+0200] {logging_mixin.py:154} INFO - [2024-04-03T09:40:29.220+0200] {dagbag.py:536} INFO - Filling up the DagBag from /home/lucas/anaconda3/lib/python3.11/site-packages/airflow/example_dags/example_branch_python_dop_operator_3.py
[2024-04-03T09:40:29.224+0200] {processor.py:839} INFO - DAG(s) dict_keys(['example_branch_dop_operator_v3']) retrieved from /home/lucas/anaconda3/lib/python3.11/site-packages/airflow/example_dags/example_branch_python_dop_operator_3.py
[2024-04-03T09:40:29.232+0200] {logging_mixin.py:154} INFO - [2024-04-03T09:40:29.232+0200] {dag.py:2941} INFO - Sync 1 DAGs
[2024-04-03T09:40:29.243+0200] {logging_mixin.py:154} INFO - [2024-04-03T09:40:29.243+0200] {dag.py:3722} INFO - Setting next_dagrun for example_branch_dop_operator_v3 to 2024-04-03T07:39:00+00:00, run_after=2024-04-03T07:40:00+00:00
[2024-04-03T09:40:29.255+0200] {processor.py:179} INFO - Processing /home/lucas/anaconda3/lib/python3.11/site-packages/airflow/example_dags/example_branch_python_dop_operator_3.py took 0.040 seconds
[2024-04-03T09:41:15.695+0200] {processor.py:157} INFO - Started process (PID=20187) to work on /home/lucas/anaconda3/lib/python3.11/site-packages/airflow/example_dags/example_branch_python_dop_operator_3.py
[2024-04-03T09:41:15.698+0200] {processor.py:829} INFO - Processing file /home/lucas/anaconda3/lib/python3.11/site-packages/airflow/example_dags/example_branch_python_dop_operator_3.py for tasks to queue
[2024-04-03T09:41:15.698+0200] {logging_mixin.py:154} INFO - [2024-04-03T09:41:15.698+0200] {dagbag.py:536} INFO - Filling up the DagBag from /home/lucas/anaconda3/lib/python3.11/site-packages/airflow/example_dags/example_branch_python_dop_operator_3.py
[2024-04-03T09:41:15.702+0200] {processor.py:839} INFO - DAG(s) dict_keys(['example_branch_dop_operator_v3']) retrieved from /home/lucas/anaconda3/lib/python3.11/site-packages/airflow/example_dags/example_branch_python_dop_operator_3.py
[2024-04-03T09:41:15.710+0200] {logging_mixin.py:154} INFO - [2024-04-03T09:41:15.710+0200] {dag.py:2941} INFO - Sync 1 DAGs
[2024-04-03T09:41:15.721+0200] {logging_mixin.py:154} INFO - [2024-04-03T09:41:15.721+0200] {dag.py:3722} INFO - Setting next_dagrun for example_branch_dop_operator_v3 to 2024-04-03T07:40:00+00:00, run_after=2024-04-03T07:41:00+00:00
[2024-04-03T09:41:15.733+0200] {processor.py:179} INFO - Processing /home/lucas/anaconda3/lib/python3.11/site-packages/airflow/example_dags/example_branch_python_dop_operator_3.py took 0.039 seconds
[2024-04-03T09:41:58.637+0200] {processor.py:157} INFO - Started process (PID=20306) to work on /home/lucas/anaconda3/lib/python3.11/site-packages/airflow/example_dags/example_branch_python_dop_operator_3.py
[2024-04-03T09:41:58.638+0200] {processor.py:829} INFO - Processing file /home/lucas/anaconda3/lib/python3.11/site-packages/airflow/example_dags/example_branch_python_dop_operator_3.py for tasks to queue
[2024-04-03T09:41:58.638+0200] {logging_mixin.py:154} INFO - [2024-04-03T09:41:58.638+0200] {dagbag.py:536} INFO - Filling up the DagBag from /home/lucas/anaconda3/lib/python3.11/site-packages/airflow/example_dags/example_branch_python_dop_operator_3.py
[2024-04-03T09:41:58.643+0200] {processor.py:839} INFO - DAG(s) dict_keys(['example_branch_dop_operator_v3']) retrieved from /home/lucas/anaconda3/lib/python3.11/site-packages/airflow/example_dags/example_branch_python_dop_operator_3.py
[2024-04-03T09:41:58.651+0200] {logging_mixin.py:154} INFO - [2024-04-03T09:41:58.650+0200] {dag.py:2941} INFO - Sync 1 DAGs
[2024-04-03T09:41:58.661+0200] {logging_mixin.py:154} INFO - [2024-04-03T09:41:58.661+0200] {dag.py:3722} INFO - Setting next_dagrun for example_branch_dop_operator_v3 to 2024-04-03T07:40:00+00:00, run_after=2024-04-03T07:41:00+00:00
[2024-04-03T09:41:58.673+0200] {processor.py:179} INFO - Processing /home/lucas/anaconda3/lib/python3.11/site-packages/airflow/example_dags/example_branch_python_dop_operator_3.py took 0.037 seconds
[2024-04-03T09:42:43.695+0200] {processor.py:157} INFO - Started process (PID=20457) to work on /home/lucas/anaconda3/lib/python3.11/site-packages/airflow/example_dags/example_branch_python_dop_operator_3.py
[2024-04-03T09:42:43.698+0200] {processor.py:829} INFO - Processing file /home/lucas/anaconda3/lib/python3.11/site-packages/airflow/example_dags/example_branch_python_dop_operator_3.py for tasks to queue
[2024-04-03T09:42:43.698+0200] {logging_mixin.py:154} INFO - [2024-04-03T09:42:43.698+0200] {dagbag.py:536} INFO - Filling up the DagBag from /home/lucas/anaconda3/lib/python3.11/site-packages/airflow/example_dags/example_branch_python_dop_operator_3.py
[2024-04-03T09:42:43.702+0200] {processor.py:839} INFO - DAG(s) dict_keys(['example_branch_dop_operator_v3']) retrieved from /home/lucas/anaconda3/lib/python3.11/site-packages/airflow/example_dags/example_branch_python_dop_operator_3.py
[2024-04-03T09:42:43.710+0200] {logging_mixin.py:154} INFO - [2024-04-03T09:42:43.710+0200] {dag.py:2941} INFO - Sync 1 DAGs
[2024-04-03T09:42:43.721+0200] {logging_mixin.py:154} INFO - [2024-04-03T09:42:43.721+0200] {dag.py:3722} INFO - Setting next_dagrun for example_branch_dop_operator_v3 to 2024-04-03T07:41:00+00:00, run_after=2024-04-03T07:42:00+00:00
[2024-04-03T09:42:43.733+0200] {processor.py:179} INFO - Processing /home/lucas/anaconda3/lib/python3.11/site-packages/airflow/example_dags/example_branch_python_dop_operator_3.py took 0.039 seconds
[2024-04-03T09:43:32.434+0200] {processor.py:157} INFO - Started process (PID=20579) to work on /home/lucas/anaconda3/lib/python3.11/site-packages/airflow/example_dags/example_branch_python_dop_operator_3.py
[2024-04-03T09:43:32.436+0200] {processor.py:829} INFO - Processing file /home/lucas/anaconda3/lib/python3.11/site-packages/airflow/example_dags/example_branch_python_dop_operator_3.py for tasks to queue
[2024-04-03T09:43:32.437+0200] {logging_mixin.py:154} INFO - [2024-04-03T09:43:32.437+0200] {dagbag.py:536} INFO - Filling up the DagBag from /home/lucas/anaconda3/lib/python3.11/site-packages/airflow/example_dags/example_branch_python_dop_operator_3.py
[2024-04-03T09:43:32.441+0200] {processor.py:839} INFO - DAG(s) dict_keys(['example_branch_dop_operator_v3']) retrieved from /home/lucas/anaconda3/lib/python3.11/site-packages/airflow/example_dags/example_branch_python_dop_operator_3.py
[2024-04-03T09:43:32.449+0200] {logging_mixin.py:154} INFO - [2024-04-03T09:43:32.449+0200] {dag.py:2941} INFO - Sync 1 DAGs
[2024-04-03T09:43:32.460+0200] {logging_mixin.py:154} INFO - [2024-04-03T09:43:32.460+0200] {dag.py:3722} INFO - Setting next_dagrun for example_branch_dop_operator_v3 to 2024-04-03T07:42:00+00:00, run_after=2024-04-03T07:43:00+00:00
[2024-04-03T09:43:32.471+0200] {processor.py:179} INFO - Processing /home/lucas/anaconda3/lib/python3.11/site-packages/airflow/example_dags/example_branch_python_dop_operator_3.py took 0.039 seconds
[2024-04-03T09:44:18.590+0200] {processor.py:157} INFO - Started process (PID=20915) to work on /home/lucas/anaconda3/lib/python3.11/site-packages/airflow/example_dags/example_branch_python_dop_operator_3.py
[2024-04-03T09:44:18.593+0200] {processor.py:829} INFO - Processing file /home/lucas/anaconda3/lib/python3.11/site-packages/airflow/example_dags/example_branch_python_dop_operator_3.py for tasks to queue
[2024-04-03T09:44:18.593+0200] {logging_mixin.py:154} INFO - [2024-04-03T09:44:18.593+0200] {dagbag.py:536} INFO - Filling up the DagBag from /home/lucas/anaconda3/lib/python3.11/site-packages/airflow/example_dags/example_branch_python_dop_operator_3.py
[2024-04-03T09:44:18.599+0200] {processor.py:839} INFO - DAG(s) dict_keys(['example_branch_dop_operator_v3']) retrieved from /home/lucas/anaconda3/lib/python3.11/site-packages/airflow/example_dags/example_branch_python_dop_operator_3.py
[2024-04-03T09:44:18.609+0200] {logging_mixin.py:154} INFO - [2024-04-03T09:44:18.608+0200] {dag.py:2941} INFO - Sync 1 DAGs
[2024-04-03T09:44:18.622+0200] {logging_mixin.py:154} INFO - [2024-04-03T09:44:18.622+0200] {dag.py:3722} INFO - Setting next_dagrun for example_branch_dop_operator_v3 to 2024-04-03T07:43:00+00:00, run_after=2024-04-03T07:44:00+00:00
[2024-04-03T09:44:18.635+0200] {processor.py:179} INFO - Processing /home/lucas/anaconda3/lib/python3.11/site-packages/airflow/example_dags/example_branch_python_dop_operator_3.py took 0.047 seconds
[2024-04-03T09:45:00.704+0200] {processor.py:157} INFO - Started process (PID=21187) to work on /home/lucas/anaconda3/lib/python3.11/site-packages/airflow/example_dags/example_branch_python_dop_operator_3.py
[2024-04-03T09:45:00.706+0200] {processor.py:829} INFO - Processing file /home/lucas/anaconda3/lib/python3.11/site-packages/airflow/example_dags/example_branch_python_dop_operator_3.py for tasks to queue
[2024-04-03T09:45:00.707+0200] {logging_mixin.py:154} INFO - [2024-04-03T09:45:00.707+0200] {dagbag.py:536} INFO - Filling up the DagBag from /home/lucas/anaconda3/lib/python3.11/site-packages/airflow/example_dags/example_branch_python_dop_operator_3.py
[2024-04-03T09:45:00.711+0200] {processor.py:839} INFO - DAG(s) dict_keys(['example_branch_dop_operator_v3']) retrieved from /home/lucas/anaconda3/lib/python3.11/site-packages/airflow/example_dags/example_branch_python_dop_operator_3.py
[2024-04-03T09:45:00.720+0200] {logging_mixin.py:154} INFO - [2024-04-03T09:45:00.720+0200] {dag.py:2941} INFO - Sync 1 DAGs
[2024-04-03T09:45:00.731+0200] {logging_mixin.py:154} INFO - [2024-04-03T09:45:00.731+0200] {dag.py:3722} INFO - Setting next_dagrun for example_branch_dop_operator_v3 to 2024-04-03T07:44:00+00:00, run_after=2024-04-03T07:45:00+00:00
[2024-04-03T09:45:00.744+0200] {processor.py:179} INFO - Processing /home/lucas/anaconda3/lib/python3.11/site-packages/airflow/example_dags/example_branch_python_dop_operator_3.py took 0.042 seconds
[2024-04-03T09:48:21.186+0200] {processor.py:157} INFO - Started process (PID=21949) to work on /home/lucas/anaconda3/lib/python3.11/site-packages/airflow/example_dags/example_branch_python_dop_operator_3.py
[2024-04-03T09:48:21.189+0200] {processor.py:829} INFO - Processing file /home/lucas/anaconda3/lib/python3.11/site-packages/airflow/example_dags/example_branch_python_dop_operator_3.py for tasks to queue
[2024-04-03T09:48:21.189+0200] {logging_mixin.py:154} INFO - [2024-04-03T09:48:21.189+0200] {dagbag.py:536} INFO - Filling up the DagBag from /home/lucas/anaconda3/lib/python3.11/site-packages/airflow/example_dags/example_branch_python_dop_operator_3.py
[2024-04-03T09:48:21.194+0200] {processor.py:839} INFO - DAG(s) dict_keys(['example_branch_dop_operator_v3']) retrieved from /home/lucas/anaconda3/lib/python3.11/site-packages/airflow/example_dags/example_branch_python_dop_operator_3.py
[2024-04-03T09:48:21.205+0200] {logging_mixin.py:154} INFO - [2024-04-03T09:48:21.205+0200] {dag.py:2941} INFO - Sync 1 DAGs
[2024-04-03T09:48:21.217+0200] {logging_mixin.py:154} INFO - [2024-04-03T09:48:21.217+0200] {dag.py:3722} INFO - Setting next_dagrun for example_branch_dop_operator_v3 to 2024-04-03T07:47:00+00:00, run_after=2024-04-03T07:48:00+00:00
[2024-04-03T09:48:21.230+0200] {processor.py:179} INFO - Processing /home/lucas/anaconda3/lib/python3.11/site-packages/airflow/example_dags/example_branch_python_dop_operator_3.py took 0.045 seconds
[2024-04-03T09:49:05.929+0200] {processor.py:157} INFO - Started process (PID=22178) to work on /home/lucas/anaconda3/lib/python3.11/site-packages/airflow/example_dags/example_branch_python_dop_operator_3.py
[2024-04-03T09:49:05.931+0200] {processor.py:829} INFO - Processing file /home/lucas/anaconda3/lib/python3.11/site-packages/airflow/example_dags/example_branch_python_dop_operator_3.py for tasks to queue
[2024-04-03T09:49:05.932+0200] {logging_mixin.py:154} INFO - [2024-04-03T09:49:05.932+0200] {dagbag.py:536} INFO - Filling up the DagBag from /home/lucas/anaconda3/lib/python3.11/site-packages/airflow/example_dags/example_branch_python_dop_operator_3.py
[2024-04-03T09:49:05.936+0200] {processor.py:839} INFO - DAG(s) dict_keys(['example_branch_dop_operator_v3']) retrieved from /home/lucas/anaconda3/lib/python3.11/site-packages/airflow/example_dags/example_branch_python_dop_operator_3.py
[2024-04-03T09:49:05.944+0200] {logging_mixin.py:154} INFO - [2024-04-03T09:49:05.944+0200] {dag.py:2941} INFO - Sync 1 DAGs
[2024-04-03T09:49:05.954+0200] {logging_mixin.py:154} INFO - [2024-04-03T09:49:05.954+0200] {dag.py:3722} INFO - Setting next_dagrun for example_branch_dop_operator_v3 to 2024-04-03T07:48:00+00:00, run_after=2024-04-03T07:49:00+00:00
[2024-04-03T09:49:05.969+0200] {processor.py:179} INFO - Processing /home/lucas/anaconda3/lib/python3.11/site-packages/airflow/example_dags/example_branch_python_dop_operator_3.py took 0.042 seconds
[2024-04-03T09:49:49.635+0200] {processor.py:157} INFO - Started process (PID=22366) to work on /home/lucas/anaconda3/lib/python3.11/site-packages/airflow/example_dags/example_branch_python_dop_operator_3.py
[2024-04-03T09:49:49.638+0200] {processor.py:829} INFO - Processing file /home/lucas/anaconda3/lib/python3.11/site-packages/airflow/example_dags/example_branch_python_dop_operator_3.py for tasks to queue
[2024-04-03T09:49:49.638+0200] {logging_mixin.py:154} INFO - [2024-04-03T09:49:49.638+0200] {dagbag.py:536} INFO - Filling up the DagBag from /home/lucas/anaconda3/lib/python3.11/site-packages/airflow/example_dags/example_branch_python_dop_operator_3.py
[2024-04-03T09:49:49.643+0200] {processor.py:839} INFO - DAG(s) dict_keys(['example_branch_dop_operator_v3']) retrieved from /home/lucas/anaconda3/lib/python3.11/site-packages/airflow/example_dags/example_branch_python_dop_operator_3.py
[2024-04-03T09:49:49.650+0200] {logging_mixin.py:154} INFO - [2024-04-03T09:49:49.650+0200] {dag.py:2941} INFO - Sync 1 DAGs
[2024-04-03T09:49:49.661+0200] {logging_mixin.py:154} INFO - [2024-04-03T09:49:49.661+0200] {dag.py:3722} INFO - Setting next_dagrun for example_branch_dop_operator_v3 to 2024-04-03T07:48:00+00:00, run_after=2024-04-03T07:49:00+00:00
[2024-04-03T09:49:49.673+0200] {processor.py:179} INFO - Processing /home/lucas/anaconda3/lib/python3.11/site-packages/airflow/example_dags/example_branch_python_dop_operator_3.py took 0.039 seconds
[2024-04-03T09:50:33.591+0200] {processor.py:157} INFO - Started process (PID=22575) to work on /home/lucas/anaconda3/lib/python3.11/site-packages/airflow/example_dags/example_branch_python_dop_operator_3.py
[2024-04-03T09:50:33.594+0200] {processor.py:829} INFO - Processing file /home/lucas/anaconda3/lib/python3.11/site-packages/airflow/example_dags/example_branch_python_dop_operator_3.py for tasks to queue
[2024-04-03T09:50:33.595+0200] {logging_mixin.py:154} INFO - [2024-04-03T09:50:33.595+0200] {dagbag.py:536} INFO - Filling up the DagBag from /home/lucas/anaconda3/lib/python3.11/site-packages/airflow/example_dags/example_branch_python_dop_operator_3.py
[2024-04-03T09:50:33.599+0200] {processor.py:839} INFO - DAG(s) dict_keys(['example_branch_dop_operator_v3']) retrieved from /home/lucas/anaconda3/lib/python3.11/site-packages/airflow/example_dags/example_branch_python_dop_operator_3.py
[2024-04-03T09:50:33.608+0200] {logging_mixin.py:154} INFO - [2024-04-03T09:50:33.607+0200] {dag.py:2941} INFO - Sync 1 DAGs
[2024-04-03T09:50:33.619+0200] {logging_mixin.py:154} INFO - [2024-04-03T09:50:33.619+0200] {dag.py:3722} INFO - Setting next_dagrun for example_branch_dop_operator_v3 to 2024-04-03T07:49:00+00:00, run_after=2024-04-03T07:50:00+00:00
[2024-04-03T09:50:33.632+0200] {processor.py:179} INFO - Processing /home/lucas/anaconda3/lib/python3.11/site-packages/airflow/example_dags/example_branch_python_dop_operator_3.py took 0.042 seconds
[2024-04-03T09:54:19.001+0200] {processor.py:157} INFO - Started process (PID=23800) to work on /home/lucas/anaconda3/lib/python3.11/site-packages/airflow/example_dags/example_branch_python_dop_operator_3.py
[2024-04-03T09:54:19.003+0200] {processor.py:829} INFO - Processing file /home/lucas/anaconda3/lib/python3.11/site-packages/airflow/example_dags/example_branch_python_dop_operator_3.py for tasks to queue
[2024-04-03T09:54:19.004+0200] {logging_mixin.py:154} INFO - [2024-04-03T09:54:19.004+0200] {dagbag.py:536} INFO - Filling up the DagBag from /home/lucas/anaconda3/lib/python3.11/site-packages/airflow/example_dags/example_branch_python_dop_operator_3.py
[2024-04-03T09:54:19.008+0200] {processor.py:839} INFO - DAG(s) dict_keys(['example_branch_dop_operator_v3']) retrieved from /home/lucas/anaconda3/lib/python3.11/site-packages/airflow/example_dags/example_branch_python_dop_operator_3.py
[2024-04-03T09:54:19.017+0200] {logging_mixin.py:154} INFO - [2024-04-03T09:54:19.017+0200] {dag.py:2941} INFO - Sync 1 DAGs
[2024-04-03T09:54:19.029+0200] {logging_mixin.py:154} INFO - [2024-04-03T09:54:19.029+0200] {dag.py:3722} INFO - Setting next_dagrun for example_branch_dop_operator_v3 to 2024-04-03T07:53:00+00:00, run_after=2024-04-03T07:54:00+00:00
[2024-04-03T09:54:19.041+0200] {processor.py:179} INFO - Processing /home/lucas/anaconda3/lib/python3.11/site-packages/airflow/example_dags/example_branch_python_dop_operator_3.py took 0.041 seconds
[2024-04-03T09:55:02.404+0200] {processor.py:157} INFO - Started process (PID=23941) to work on /home/lucas/anaconda3/lib/python3.11/site-packages/airflow/example_dags/example_branch_python_dop_operator_3.py
[2024-04-03T09:55:02.404+0200] {processor.py:829} INFO - Processing file /home/lucas/anaconda3/lib/python3.11/site-packages/airflow/example_dags/example_branch_python_dop_operator_3.py for tasks to queue
[2024-04-03T09:55:02.404+0200] {logging_mixin.py:154} INFO - [2024-04-03T09:55:02.404+0200] {dagbag.py:536} INFO - Filling up the DagBag from /home/lucas/anaconda3/lib/python3.11/site-packages/airflow/example_dags/example_branch_python_dop_operator_3.py
[2024-04-03T09:55:02.409+0200] {processor.py:839} INFO - DAG(s) dict_keys(['example_branch_dop_operator_v3']) retrieved from /home/lucas/anaconda3/lib/python3.11/site-packages/airflow/example_dags/example_branch_python_dop_operator_3.py
[2024-04-03T09:55:02.417+0200] {logging_mixin.py:154} INFO - [2024-04-03T09:55:02.417+0200] {dag.py:2941} INFO - Sync 1 DAGs
[2024-04-03T09:55:02.429+0200] {logging_mixin.py:154} INFO - [2024-04-03T09:55:02.429+0200] {dag.py:3722} INFO - Setting next_dagrun for example_branch_dop_operator_v3 to 2024-04-03T07:54:00+00:00, run_after=2024-04-03T07:55:00+00:00
[2024-04-03T09:55:02.441+0200] {processor.py:179} INFO - Processing /home/lucas/anaconda3/lib/python3.11/site-packages/airflow/example_dags/example_branch_python_dop_operator_3.py took 0.039 seconds
[2024-04-03T10:00:02.851+0200] {processor.py:157} INFO - Started process (PID=93039) to work on /home/lucas/anaconda3/lib/python3.11/site-packages/airflow/example_dags/example_branch_python_dop_operator_3.py
[2024-04-03T10:00:02.852+0200] {processor.py:829} INFO - Processing file /home/lucas/anaconda3/lib/python3.11/site-packages/airflow/example_dags/example_branch_python_dop_operator_3.py for tasks to queue
[2024-04-03T10:00:02.853+0200] {logging_mixin.py:154} INFO - [2024-04-03T10:00:02.852+0200] {dagbag.py:536} INFO - Filling up the DagBag from /home/lucas/anaconda3/lib/python3.11/site-packages/airflow/example_dags/example_branch_python_dop_operator_3.py
[2024-04-03T10:00:02.857+0200] {processor.py:839} INFO - DAG(s) dict_keys(['example_branch_dop_operator_v3']) retrieved from /home/lucas/anaconda3/lib/python3.11/site-packages/airflow/example_dags/example_branch_python_dop_operator_3.py
[2024-04-03T10:00:02.868+0200] {logging_mixin.py:154} INFO - [2024-04-03T10:00:02.868+0200] {dag.py:2941} INFO - Sync 1 DAGs
[2024-04-03T10:00:02.881+0200] {logging_mixin.py:154} INFO - [2024-04-03T10:00:02.880+0200] {dag.py:3722} INFO - Setting next_dagrun for example_branch_dop_operator_v3 to 2024-04-03T07:59:00+00:00, run_after=2024-04-03T08:00:00+00:00
[2024-04-03T10:00:02.893+0200] {processor.py:179} INFO - Processing /home/lucas/anaconda3/lib/python3.11/site-packages/airflow/example_dags/example_branch_python_dop_operator_3.py took 0.043 seconds
[2024-04-03T10:01:42.555+0200] {processor.py:157} INFO - Started process (PID=93799) to work on /home/lucas/anaconda3/lib/python3.11/site-packages/airflow/example_dags/example_branch_python_dop_operator_3.py
[2024-04-03T10:01:42.558+0200] {processor.py:829} INFO - Processing file /home/lucas/anaconda3/lib/python3.11/site-packages/airflow/example_dags/example_branch_python_dop_operator_3.py for tasks to queue
[2024-04-03T10:01:42.558+0200] {logging_mixin.py:154} INFO - [2024-04-03T10:01:42.558+0200] {dagbag.py:536} INFO - Filling up the DagBag from /home/lucas/anaconda3/lib/python3.11/site-packages/airflow/example_dags/example_branch_python_dop_operator_3.py
[2024-04-03T10:01:42.562+0200] {processor.py:839} INFO - DAG(s) dict_keys(['example_branch_dop_operator_v3']) retrieved from /home/lucas/anaconda3/lib/python3.11/site-packages/airflow/example_dags/example_branch_python_dop_operator_3.py
[2024-04-03T10:01:42.571+0200] {logging_mixin.py:154} INFO - [2024-04-03T10:01:42.571+0200] {dag.py:2941} INFO - Sync 1 DAGs
[2024-04-03T10:01:42.583+0200] {logging_mixin.py:154} INFO - [2024-04-03T10:01:42.583+0200] {dag.py:3722} INFO - Setting next_dagrun for example_branch_dop_operator_v3 to 2024-04-03T08:00:00+00:00, run_after=2024-04-03T08:01:00+00:00
[2024-04-03T10:01:42.595+0200] {processor.py:179} INFO - Processing /home/lucas/anaconda3/lib/python3.11/site-packages/airflow/example_dags/example_branch_python_dop_operator_3.py took 0.041 seconds
[2024-04-03T10:02:30.907+0200] {processor.py:157} INFO - Started process (PID=93993) to work on /home/lucas/anaconda3/lib/python3.11/site-packages/airflow/example_dags/example_branch_python_dop_operator_3.py
[2024-04-03T10:02:30.908+0200] {processor.py:829} INFO - Processing file /home/lucas/anaconda3/lib/python3.11/site-packages/airflow/example_dags/example_branch_python_dop_operator_3.py for tasks to queue
[2024-04-03T10:02:30.908+0200] {logging_mixin.py:154} INFO - [2024-04-03T10:02:30.908+0200] {dagbag.py:536} INFO - Filling up the DagBag from /home/lucas/anaconda3/lib/python3.11/site-packages/airflow/example_dags/example_branch_python_dop_operator_3.py
[2024-04-03T10:02:30.912+0200] {processor.py:839} INFO - DAG(s) dict_keys(['example_branch_dop_operator_v3']) retrieved from /home/lucas/anaconda3/lib/python3.11/site-packages/airflow/example_dags/example_branch_python_dop_operator_3.py
[2024-04-03T10:02:30.920+0200] {logging_mixin.py:154} INFO - [2024-04-03T10:02:30.920+0200] {dag.py:2941} INFO - Sync 1 DAGs
[2024-04-03T10:02:30.932+0200] {logging_mixin.py:154} INFO - [2024-04-03T10:02:30.932+0200] {dag.py:3722} INFO - Setting next_dagrun for example_branch_dop_operator_v3 to 2024-04-03T08:01:00+00:00, run_after=2024-04-03T08:02:00+00:00
[2024-04-03T10:02:30.945+0200] {processor.py:179} INFO - Processing /home/lucas/anaconda3/lib/python3.11/site-packages/airflow/example_dags/example_branch_python_dop_operator_3.py took 0.039 seconds
[2024-04-03T10:03:18.005+0200] {processor.py:157} INFO - Started process (PID=94247) to work on /home/lucas/anaconda3/lib/python3.11/site-packages/airflow/example_dags/example_branch_python_dop_operator_3.py
[2024-04-03T10:03:18.008+0200] {processor.py:829} INFO - Processing file /home/lucas/anaconda3/lib/python3.11/site-packages/airflow/example_dags/example_branch_python_dop_operator_3.py for tasks to queue
[2024-04-03T10:03:18.008+0200] {logging_mixin.py:154} INFO - [2024-04-03T10:03:18.008+0200] {dagbag.py:536} INFO - Filling up the DagBag from /home/lucas/anaconda3/lib/python3.11/site-packages/airflow/example_dags/example_branch_python_dop_operator_3.py
[2024-04-03T10:03:18.012+0200] {processor.py:839} INFO - DAG(s) dict_keys(['example_branch_dop_operator_v3']) retrieved from /home/lucas/anaconda3/lib/python3.11/site-packages/airflow/example_dags/example_branch_python_dop_operator_3.py
[2024-04-03T10:03:18.020+0200] {logging_mixin.py:154} INFO - [2024-04-03T10:03:18.020+0200] {dag.py:2941} INFO - Sync 1 DAGs
[2024-04-03T10:03:18.111+0200] {logging_mixin.py:154} INFO - [2024-04-03T10:03:18.111+0200] {dag.py:3722} INFO - Setting next_dagrun for example_branch_dop_operator_v3 to 2024-04-03T08:02:00+00:00, run_after=2024-04-03T08:03:00+00:00
[2024-04-03T10:03:18.124+0200] {processor.py:179} INFO - Processing /home/lucas/anaconda3/lib/python3.11/site-packages/airflow/example_dags/example_branch_python_dop_operator_3.py took 0.121 seconds
[2024-04-03T10:04:12.251+0200] {processor.py:157} INFO - Started process (PID=94553) to work on /home/lucas/anaconda3/lib/python3.11/site-packages/airflow/example_dags/example_branch_python_dop_operator_3.py
[2024-04-03T10:04:12.254+0200] {processor.py:829} INFO - Processing file /home/lucas/anaconda3/lib/python3.11/site-packages/airflow/example_dags/example_branch_python_dop_operator_3.py for tasks to queue
[2024-04-03T10:04:12.254+0200] {logging_mixin.py:154} INFO - [2024-04-03T10:04:12.254+0200] {dagbag.py:536} INFO - Filling up the DagBag from /home/lucas/anaconda3/lib/python3.11/site-packages/airflow/example_dags/example_branch_python_dop_operator_3.py
[2024-04-03T10:04:12.258+0200] {processor.py:839} INFO - DAG(s) dict_keys(['example_branch_dop_operator_v3']) retrieved from /home/lucas/anaconda3/lib/python3.11/site-packages/airflow/example_dags/example_branch_python_dop_operator_3.py
[2024-04-03T10:04:12.267+0200] {logging_mixin.py:154} INFO - [2024-04-03T10:04:12.267+0200] {dag.py:2941} INFO - Sync 1 DAGs
[2024-04-03T10:04:12.278+0200] {logging_mixin.py:154} INFO - [2024-04-03T10:04:12.278+0200] {dag.py:3722} INFO - Setting next_dagrun for example_branch_dop_operator_v3 to 2024-04-03T08:03:00+00:00, run_after=2024-04-03T08:04:00+00:00
[2024-04-03T10:04:12.290+0200] {processor.py:179} INFO - Processing /home/lucas/anaconda3/lib/python3.11/site-packages/airflow/example_dags/example_branch_python_dop_operator_3.py took 0.041 seconds
[2024-04-03T10:04:58.477+0200] {processor.py:157} INFO - Started process (PID=95121) to work on /home/lucas/anaconda3/lib/python3.11/site-packages/airflow/example_dags/example_branch_python_dop_operator_3.py
[2024-04-03T10:04:58.479+0200] {processor.py:829} INFO - Processing file /home/lucas/anaconda3/lib/python3.11/site-packages/airflow/example_dags/example_branch_python_dop_operator_3.py for tasks to queue
[2024-04-03T10:04:58.480+0200] {logging_mixin.py:154} INFO - [2024-04-03T10:04:58.480+0200] {dagbag.py:536} INFO - Filling up the DagBag from /home/lucas/anaconda3/lib/python3.11/site-packages/airflow/example_dags/example_branch_python_dop_operator_3.py
[2024-04-03T10:04:58.484+0200] {processor.py:839} INFO - DAG(s) dict_keys(['example_branch_dop_operator_v3']) retrieved from /home/lucas/anaconda3/lib/python3.11/site-packages/airflow/example_dags/example_branch_python_dop_operator_3.py
[2024-04-03T10:04:58.492+0200] {logging_mixin.py:154} INFO - [2024-04-03T10:04:58.492+0200] {dag.py:2941} INFO - Sync 1 DAGs
[2024-04-03T10:04:58.503+0200] {logging_mixin.py:154} INFO - [2024-04-03T10:04:58.503+0200] {dag.py:3722} INFO - Setting next_dagrun for example_branch_dop_operator_v3 to 2024-04-03T08:03:00+00:00, run_after=2024-04-03T08:04:00+00:00
[2024-04-03T10:04:58.515+0200] {processor.py:179} INFO - Processing /home/lucas/anaconda3/lib/python3.11/site-packages/airflow/example_dags/example_branch_python_dop_operator_3.py took 0.039 seconds
[2024-04-03T10:05:45.146+0200] {processor.py:157} INFO - Started process (PID=95536) to work on /home/lucas/anaconda3/lib/python3.11/site-packages/airflow/example_dags/example_branch_python_dop_operator_3.py
[2024-04-03T10:05:45.147+0200] {processor.py:829} INFO - Processing file /home/lucas/anaconda3/lib/python3.11/site-packages/airflow/example_dags/example_branch_python_dop_operator_3.py for tasks to queue
[2024-04-03T10:05:45.147+0200] {logging_mixin.py:154} INFO - [2024-04-03T10:05:45.147+0200] {dagbag.py:536} INFO - Filling up the DagBag from /home/lucas/anaconda3/lib/python3.11/site-packages/airflow/example_dags/example_branch_python_dop_operator_3.py
[2024-04-03T10:05:45.152+0200] {processor.py:839} INFO - DAG(s) dict_keys(['example_branch_dop_operator_v3']) retrieved from /home/lucas/anaconda3/lib/python3.11/site-packages/airflow/example_dags/example_branch_python_dop_operator_3.py
[2024-04-03T10:05:45.164+0200] {logging_mixin.py:154} INFO - [2024-04-03T10:05:45.163+0200] {dag.py:2941} INFO - Sync 1 DAGs
[2024-04-03T10:05:45.180+0200] {logging_mixin.py:154} INFO - [2024-04-03T10:05:45.180+0200] {dag.py:3722} INFO - Setting next_dagrun for example_branch_dop_operator_v3 to 2024-04-03T08:04:00+00:00, run_after=2024-04-03T08:05:00+00:00
[2024-04-03T10:05:45.195+0200] {processor.py:179} INFO - Processing /home/lucas/anaconda3/lib/python3.11/site-packages/airflow/example_dags/example_branch_python_dop_operator_3.py took 0.051 seconds
[2024-04-03T10:06:30.536+0200] {processor.py:157} INFO - Started process (PID=96075) to work on /home/lucas/anaconda3/lib/python3.11/site-packages/airflow/example_dags/example_branch_python_dop_operator_3.py
[2024-04-03T10:06:30.538+0200] {processor.py:829} INFO - Processing file /home/lucas/anaconda3/lib/python3.11/site-packages/airflow/example_dags/example_branch_python_dop_operator_3.py for tasks to queue
[2024-04-03T10:06:30.539+0200] {logging_mixin.py:154} INFO - [2024-04-03T10:06:30.539+0200] {dagbag.py:536} INFO - Filling up the DagBag from /home/lucas/anaconda3/lib/python3.11/site-packages/airflow/example_dags/example_branch_python_dop_operator_3.py
[2024-04-03T10:06:30.543+0200] {processor.py:839} INFO - DAG(s) dict_keys(['example_branch_dop_operator_v3']) retrieved from /home/lucas/anaconda3/lib/python3.11/site-packages/airflow/example_dags/example_branch_python_dop_operator_3.py
[2024-04-03T10:06:30.551+0200] {logging_mixin.py:154} INFO - [2024-04-03T10:06:30.551+0200] {dag.py:2941} INFO - Sync 1 DAGs
[2024-04-03T10:06:30.562+0200] {logging_mixin.py:154} INFO - [2024-04-03T10:06:30.561+0200] {dag.py:3722} INFO - Setting next_dagrun for example_branch_dop_operator_v3 to 2024-04-03T08:05:00+00:00, run_after=2024-04-03T08:06:00+00:00
[2024-04-03T10:06:30.574+0200] {processor.py:179} INFO - Processing /home/lucas/anaconda3/lib/python3.11/site-packages/airflow/example_dags/example_branch_python_dop_operator_3.py took 0.040 seconds
[2024-04-03T10:07:14.958+0200] {processor.py:157} INFO - Started process (PID=96632) to work on /home/lucas/anaconda3/lib/python3.11/site-packages/airflow/example_dags/example_branch_python_dop_operator_3.py
[2024-04-03T10:07:14.961+0200] {processor.py:829} INFO - Processing file /home/lucas/anaconda3/lib/python3.11/site-packages/airflow/example_dags/example_branch_python_dop_operator_3.py for tasks to queue
[2024-04-03T10:07:14.961+0200] {logging_mixin.py:154} INFO - [2024-04-03T10:07:14.961+0200] {dagbag.py:536} INFO - Filling up the DagBag from /home/lucas/anaconda3/lib/python3.11/site-packages/airflow/example_dags/example_branch_python_dop_operator_3.py
[2024-04-03T10:07:14.966+0200] {processor.py:839} INFO - DAG(s) dict_keys(['example_branch_dop_operator_v3']) retrieved from /home/lucas/anaconda3/lib/python3.11/site-packages/airflow/example_dags/example_branch_python_dop_operator_3.py
[2024-04-03T10:07:14.974+0200] {logging_mixin.py:154} INFO - [2024-04-03T10:07:14.974+0200] {dag.py:2941} INFO - Sync 1 DAGs
[2024-04-03T10:07:14.986+0200] {logging_mixin.py:154} INFO - [2024-04-03T10:07:14.985+0200] {dag.py:3722} INFO - Setting next_dagrun for example_branch_dop_operator_v3 to 2024-04-03T08:06:00+00:00, run_after=2024-04-03T08:07:00+00:00
[2024-04-03T10:07:14.997+0200] {processor.py:179} INFO - Processing /home/lucas/anaconda3/lib/python3.11/site-packages/airflow/example_dags/example_branch_python_dop_operator_3.py took 0.040 seconds
[2024-04-03T10:08:35.244+0200] {processor.py:157} INFO - Started process (PID=97447) to work on /home/lucas/anaconda3/lib/python3.11/site-packages/airflow/example_dags/example_branch_python_dop_operator_3.py
[2024-04-03T10:08:35.247+0200] {processor.py:829} INFO - Processing file /home/lucas/anaconda3/lib/python3.11/site-packages/airflow/example_dags/example_branch_python_dop_operator_3.py for tasks to queue
[2024-04-03T10:08:35.247+0200] {logging_mixin.py:154} INFO - [2024-04-03T10:08:35.247+0200] {dagbag.py:536} INFO - Filling up the DagBag from /home/lucas/anaconda3/lib/python3.11/site-packages/airflow/example_dags/example_branch_python_dop_operator_3.py
[2024-04-03T10:08:35.252+0200] {processor.py:839} INFO - DAG(s) dict_keys(['example_branch_dop_operator_v3']) retrieved from /home/lucas/anaconda3/lib/python3.11/site-packages/airflow/example_dags/example_branch_python_dop_operator_3.py
[2024-04-03T10:08:35.262+0200] {logging_mixin.py:154} INFO - [2024-04-03T10:08:35.262+0200] {dag.py:2941} INFO - Sync 1 DAGs
[2024-04-03T10:08:35.275+0200] {logging_mixin.py:154} INFO - [2024-04-03T10:08:35.275+0200] {dag.py:3722} INFO - Setting next_dagrun for example_branch_dop_operator_v3 to 2024-04-03T08:07:00+00:00, run_after=2024-04-03T08:08:00+00:00
[2024-04-03T10:08:35.288+0200] {processor.py:179} INFO - Processing /home/lucas/anaconda3/lib/python3.11/site-packages/airflow/example_dags/example_branch_python_dop_operator_3.py took 0.045 seconds
[2024-04-03T10:09:26.751+0200] {processor.py:157} INFO - Started process (PID=97758) to work on /home/lucas/anaconda3/lib/python3.11/site-packages/airflow/example_dags/example_branch_python_dop_operator_3.py
[2024-04-03T10:09:26.754+0200] {processor.py:829} INFO - Processing file /home/lucas/anaconda3/lib/python3.11/site-packages/airflow/example_dags/example_branch_python_dop_operator_3.py for tasks to queue
[2024-04-03T10:09:26.755+0200] {logging_mixin.py:154} INFO - [2024-04-03T10:09:26.755+0200] {dagbag.py:536} INFO - Filling up the DagBag from /home/lucas/anaconda3/lib/python3.11/site-packages/airflow/example_dags/example_branch_python_dop_operator_3.py
[2024-04-03T10:09:26.759+0200] {processor.py:839} INFO - DAG(s) dict_keys(['example_branch_dop_operator_v3']) retrieved from /home/lucas/anaconda3/lib/python3.11/site-packages/airflow/example_dags/example_branch_python_dop_operator_3.py
[2024-04-03T10:09:26.768+0200] {logging_mixin.py:154} INFO - [2024-04-03T10:09:26.768+0200] {dag.py:2941} INFO - Sync 1 DAGs
[2024-04-03T10:09:26.780+0200] {logging_mixin.py:154} INFO - [2024-04-03T10:09:26.779+0200] {dag.py:3722} INFO - Setting next_dagrun for example_branch_dop_operator_v3 to 2024-04-03T08:08:00+00:00, run_after=2024-04-03T08:09:00+00:00
[2024-04-03T10:09:26.793+0200] {processor.py:179} INFO - Processing /home/lucas/anaconda3/lib/python3.11/site-packages/airflow/example_dags/example_branch_python_dop_operator_3.py took 0.043 seconds
[2024-04-03T10:10:44.649+0200] {processor.py:157} INFO - Started process (PID=98357) to work on /home/lucas/anaconda3/lib/python3.11/site-packages/airflow/example_dags/example_branch_python_dop_operator_3.py
[2024-04-03T10:10:44.652+0200] {processor.py:829} INFO - Processing file /home/lucas/anaconda3/lib/python3.11/site-packages/airflow/example_dags/example_branch_python_dop_operator_3.py for tasks to queue
[2024-04-03T10:10:44.652+0200] {logging_mixin.py:154} INFO - [2024-04-03T10:10:44.652+0200] {dagbag.py:536} INFO - Filling up the DagBag from /home/lucas/anaconda3/lib/python3.11/site-packages/airflow/example_dags/example_branch_python_dop_operator_3.py
[2024-04-03T10:10:44.656+0200] {processor.py:839} INFO - DAG(s) dict_keys(['example_branch_dop_operator_v3']) retrieved from /home/lucas/anaconda3/lib/python3.11/site-packages/airflow/example_dags/example_branch_python_dop_operator_3.py
[2024-04-03T10:10:44.665+0200] {logging_mixin.py:154} INFO - [2024-04-03T10:10:44.665+0200] {dag.py:2941} INFO - Sync 1 DAGs
[2024-04-03T10:10:44.677+0200] {logging_mixin.py:154} INFO - [2024-04-03T10:10:44.677+0200] {dag.py:3722} INFO - Setting next_dagrun for example_branch_dop_operator_v3 to 2024-04-03T08:09:00+00:00, run_after=2024-04-03T08:10:00+00:00
[2024-04-03T10:10:44.689+0200] {processor.py:179} INFO - Processing /home/lucas/anaconda3/lib/python3.11/site-packages/airflow/example_dags/example_branch_python_dop_operator_3.py took 0.041 seconds
[2024-04-03T10:11:32.163+0200] {processor.py:157} INFO - Started process (PID=98550) to work on /home/lucas/anaconda3/lib/python3.11/site-packages/airflow/example_dags/example_branch_python_dop_operator_3.py
[2024-04-03T10:11:32.166+0200] {processor.py:829} INFO - Processing file /home/lucas/anaconda3/lib/python3.11/site-packages/airflow/example_dags/example_branch_python_dop_operator_3.py for tasks to queue
[2024-04-03T10:11:32.166+0200] {logging_mixin.py:154} INFO - [2024-04-03T10:11:32.166+0200] {dagbag.py:536} INFO - Filling up the DagBag from /home/lucas/anaconda3/lib/python3.11/site-packages/airflow/example_dags/example_branch_python_dop_operator_3.py
[2024-04-03T10:11:32.171+0200] {processor.py:839} INFO - DAG(s) dict_keys(['example_branch_dop_operator_v3']) retrieved from /home/lucas/anaconda3/lib/python3.11/site-packages/airflow/example_dags/example_branch_python_dop_operator_3.py
[2024-04-03T10:11:32.180+0200] {logging_mixin.py:154} INFO - [2024-04-03T10:11:32.180+0200] {dag.py:2941} INFO - Sync 1 DAGs
[2024-04-03T10:11:32.191+0200] {logging_mixin.py:154} INFO - [2024-04-03T10:11:32.191+0200] {dag.py:3722} INFO - Setting next_dagrun for example_branch_dop_operator_v3 to 2024-04-03T08:10:00+00:00, run_after=2024-04-03T08:11:00+00:00
[2024-04-03T10:11:32.203+0200] {processor.py:179} INFO - Processing /home/lucas/anaconda3/lib/python3.11/site-packages/airflow/example_dags/example_branch_python_dop_operator_3.py took 0.043 seconds
[2024-04-03T10:12:22.861+0200] {processor.py:157} INFO - Started process (PID=98750) to work on /home/lucas/anaconda3/lib/python3.11/site-packages/airflow/example_dags/example_branch_python_dop_operator_3.py
[2024-04-03T10:12:22.864+0200] {processor.py:829} INFO - Processing file /home/lucas/anaconda3/lib/python3.11/site-packages/airflow/example_dags/example_branch_python_dop_operator_3.py for tasks to queue
[2024-04-03T10:12:22.864+0200] {logging_mixin.py:154} INFO - [2024-04-03T10:12:22.864+0200] {dagbag.py:536} INFO - Filling up the DagBag from /home/lucas/anaconda3/lib/python3.11/site-packages/airflow/example_dags/example_branch_python_dop_operator_3.py
[2024-04-03T10:12:22.869+0200] {processor.py:839} INFO - DAG(s) dict_keys(['example_branch_dop_operator_v3']) retrieved from /home/lucas/anaconda3/lib/python3.11/site-packages/airflow/example_dags/example_branch_python_dop_operator_3.py
[2024-04-03T10:12:22.876+0200] {logging_mixin.py:154} INFO - [2024-04-03T10:12:22.876+0200] {dag.py:2941} INFO - Sync 1 DAGs
[2024-04-03T10:12:22.972+0200] {logging_mixin.py:154} INFO - [2024-04-03T10:12:22.972+0200] {dag.py:3722} INFO - Setting next_dagrun for example_branch_dop_operator_v3 to 2024-04-03T08:11:00+00:00, run_after=2024-04-03T08:12:00+00:00
[2024-04-03T10:12:22.986+0200] {processor.py:179} INFO - Processing /home/lucas/anaconda3/lib/python3.11/site-packages/airflow/example_dags/example_branch_python_dop_operator_3.py took 0.126 seconds
[2024-04-03T10:13:14.700+0200] {processor.py:157} INFO - Started process (PID=98919) to work on /home/lucas/anaconda3/lib/python3.11/site-packages/airflow/example_dags/example_branch_python_dop_operator_3.py
[2024-04-03T10:13:14.703+0200] {processor.py:829} INFO - Processing file /home/lucas/anaconda3/lib/python3.11/site-packages/airflow/example_dags/example_branch_python_dop_operator_3.py for tasks to queue
[2024-04-03T10:13:14.704+0200] {logging_mixin.py:154} INFO - [2024-04-03T10:13:14.704+0200] {dagbag.py:536} INFO - Filling up the DagBag from /home/lucas/anaconda3/lib/python3.11/site-packages/airflow/example_dags/example_branch_python_dop_operator_3.py
[2024-04-03T10:13:14.708+0200] {processor.py:839} INFO - DAG(s) dict_keys(['example_branch_dop_operator_v3']) retrieved from /home/lucas/anaconda3/lib/python3.11/site-packages/airflow/example_dags/example_branch_python_dop_operator_3.py
[2024-04-03T10:13:14.717+0200] {logging_mixin.py:154} INFO - [2024-04-03T10:13:14.717+0200] {dag.py:2941} INFO - Sync 1 DAGs
[2024-04-03T10:13:14.729+0200] {logging_mixin.py:154} INFO - [2024-04-03T10:13:14.728+0200] {dag.py:3722} INFO - Setting next_dagrun for example_branch_dop_operator_v3 to 2024-04-03T08:12:00+00:00, run_after=2024-04-03T08:13:00+00:00
[2024-04-03T10:13:14.741+0200] {processor.py:179} INFO - Processing /home/lucas/anaconda3/lib/python3.11/site-packages/airflow/example_dags/example_branch_python_dop_operator_3.py took 0.042 seconds
[2024-04-03T10:14:01.393+0200] {processor.py:157} INFO - Started process (PID=99066) to work on /home/lucas/anaconda3/lib/python3.11/site-packages/airflow/example_dags/example_branch_python_dop_operator_3.py
[2024-04-03T10:14:01.396+0200] {processor.py:829} INFO - Processing file /home/lucas/anaconda3/lib/python3.11/site-packages/airflow/example_dags/example_branch_python_dop_operator_3.py for tasks to queue
[2024-04-03T10:14:01.396+0200] {logging_mixin.py:154} INFO - [2024-04-03T10:14:01.396+0200] {dagbag.py:536} INFO - Filling up the DagBag from /home/lucas/anaconda3/lib/python3.11/site-packages/airflow/example_dags/example_branch_python_dop_operator_3.py
[2024-04-03T10:14:01.401+0200] {processor.py:839} INFO - DAG(s) dict_keys(['example_branch_dop_operator_v3']) retrieved from /home/lucas/anaconda3/lib/python3.11/site-packages/airflow/example_dags/example_branch_python_dop_operator_3.py
[2024-04-03T10:14:01.409+0200] {logging_mixin.py:154} INFO - [2024-04-03T10:14:01.408+0200] {dag.py:2941} INFO - Sync 1 DAGs
[2024-04-03T10:14:01.419+0200] {logging_mixin.py:154} INFO - [2024-04-03T10:14:01.419+0200] {dag.py:3722} INFO - Setting next_dagrun for example_branch_dop_operator_v3 to 2024-04-03T08:13:00+00:00, run_after=2024-04-03T08:14:00+00:00
[2024-04-03T10:14:01.431+0200] {processor.py:179} INFO - Processing /home/lucas/anaconda3/lib/python3.11/site-packages/airflow/example_dags/example_branch_python_dop_operator_3.py took 0.039 seconds
