[2024-04-03T09:14:09.782+0200] {processor.py:157} INFO - Started process (PID=12437) to work on /home/lucas/anaconda3/lib/python3.11/site-packages/airflow/example_dags/example_subdag_operator.py
[2024-04-03T09:14:09.782+0200] {processor.py:829} INFO - Processing file /home/lucas/anaconda3/lib/python3.11/site-packages/airflow/example_dags/example_subdag_operator.py for tasks to queue
[2024-04-03T09:14:09.782+0200] {logging_mixin.py:154} INFO - [2024-04-03T09:14:09.782+0200] {dagbag.py:536} INFO - Filling up the DagBag from /home/lucas/anaconda3/lib/python3.11/site-packages/airflow/example_dags/example_subdag_operator.py
[2024-04-03T09:14:09.793+0200] {processor.py:839} INFO - DAG(s) dict_keys(['example_subdag_operator.section-1', 'example_subdag_operator.section-2', 'example_subdag_operator']) retrieved from /home/lucas/anaconda3/lib/python3.11/site-packages/airflow/example_dags/example_subdag_operator.py
[2024-04-03T09:14:09.848+0200] {logging_mixin.py:154} INFO - [2024-04-03T09:14:09.848+0200] {manager.py:499} INFO - Created Permission View: %s
[2024-04-03T09:14:09.855+0200] {logging_mixin.py:154} INFO - [2024-04-03T09:14:09.855+0200] {manager.py:499} INFO - Created Permission View: %s
[2024-04-03T09:14:09.861+0200] {logging_mixin.py:154} INFO - [2024-04-03T09:14:09.861+0200] {manager.py:499} INFO - Created Permission View: %s
[2024-04-03T09:14:09.861+0200] {logging_mixin.py:154} INFO - [2024-04-03T09:14:09.861+0200] {dag.py:2941} INFO - Sync 3 DAGs
[2024-04-03T09:14:09.867+0200] {logging_mixin.py:154} INFO - [2024-04-03T09:14:09.867+0200] {dag.py:2963} INFO - Creating ORM DAG for example_subdag_operator
[2024-04-03T09:14:09.867+0200] {logging_mixin.py:154} INFO - [2024-04-03T09:14:09.867+0200] {dag.py:2963} INFO - Creating ORM DAG for example_subdag_operator.section-2
[2024-04-03T09:14:09.867+0200] {logging_mixin.py:154} INFO - [2024-04-03T09:14:09.867+0200] {dag.py:2963} INFO - Creating ORM DAG for example_subdag_operator.section-1
[2024-04-03T09:14:09.871+0200] {logging_mixin.py:154} INFO - [2024-04-03T09:14:09.871+0200] {dag.py:3722} INFO - Setting next_dagrun for example_subdag_operator to 2022-01-01T00:00:00+00:00, run_after=2022-01-01T00:00:00+00:00
[2024-04-03T09:14:09.872+0200] {logging_mixin.py:154} INFO - [2024-04-03T09:14:09.871+0200] {dag.py:3722} INFO - Setting next_dagrun for example_subdag_operator.section-1 to None, run_after=None
[2024-04-03T09:14:09.872+0200] {logging_mixin.py:154} INFO - [2024-04-03T09:14:09.872+0200] {dag.py:3722} INFO - Setting next_dagrun for example_subdag_operator.section-2 to None, run_after=None
[2024-04-03T09:14:09.875+0200] {logging_mixin.py:154} INFO - [2024-04-03T09:14:09.875+0200] {dag.py:2941} INFO - Sync 2 DAGs
[2024-04-03T09:14:09.877+0200] {logging_mixin.py:154} INFO - [2024-04-03T09:14:09.877+0200] {dag.py:3722} INFO - Setting next_dagrun for example_subdag_operator.section-1 to None, run_after=None
[2024-04-03T09:14:09.878+0200] {logging_mixin.py:154} INFO - [2024-04-03T09:14:09.878+0200] {dag.py:3722} INFO - Setting next_dagrun for example_subdag_operator.section-2 to None, run_after=None
[2024-04-03T09:14:09.887+0200] {processor.py:179} INFO - Processing /home/lucas/anaconda3/lib/python3.11/site-packages/airflow/example_dags/example_subdag_operator.py took 0.107 seconds
[2024-04-03T09:14:55.894+0200] {processor.py:157} INFO - Started process (PID=12876) to work on /home/lucas/anaconda3/lib/python3.11/site-packages/airflow/example_dags/example_subdag_operator.py
[2024-04-03T09:14:55.897+0200] {processor.py:829} INFO - Processing file /home/lucas/anaconda3/lib/python3.11/site-packages/airflow/example_dags/example_subdag_operator.py for tasks to queue
[2024-04-03T09:14:55.898+0200] {logging_mixin.py:154} INFO - [2024-04-03T09:14:55.897+0200] {dagbag.py:536} INFO - Filling up the DagBag from /home/lucas/anaconda3/lib/python3.11/site-packages/airflow/example_dags/example_subdag_operator.py
[2024-04-03T09:14:55.910+0200] {processor.py:839} INFO - DAG(s) dict_keys(['example_subdag_operator.section-1', 'example_subdag_operator.section-2', 'example_subdag_operator']) retrieved from /home/lucas/anaconda3/lib/python3.11/site-packages/airflow/example_dags/example_subdag_operator.py
[2024-04-03T09:14:55.921+0200] {logging_mixin.py:154} INFO - [2024-04-03T09:14:55.920+0200] {dag.py:2941} INFO - Sync 3 DAGs
[2024-04-03T09:14:55.930+0200] {logging_mixin.py:154} INFO - [2024-04-03T09:14:55.929+0200] {dag.py:3722} INFO - Setting next_dagrun for example_subdag_operator to 2022-01-01T00:00:00+00:00, run_after=2022-01-01T00:00:00+00:00
[2024-04-03T09:14:55.931+0200] {logging_mixin.py:154} INFO - [2024-04-03T09:14:55.931+0200] {dag.py:3722} INFO - Setting next_dagrun for example_subdag_operator.section-1 to None, run_after=None
[2024-04-03T09:14:55.931+0200] {logging_mixin.py:154} INFO - [2024-04-03T09:14:55.931+0200] {dag.py:3722} INFO - Setting next_dagrun for example_subdag_operator.section-2 to None, run_after=None
[2024-04-03T09:14:55.934+0200] {logging_mixin.py:154} INFO - [2024-04-03T09:14:55.934+0200] {dag.py:2941} INFO - Sync 2 DAGs
[2024-04-03T09:14:55.936+0200] {logging_mixin.py:154} INFO - [2024-04-03T09:14:55.936+0200] {dag.py:3722} INFO - Setting next_dagrun for example_subdag_operator.section-1 to None, run_after=None
[2024-04-03T09:14:55.936+0200] {logging_mixin.py:154} INFO - [2024-04-03T09:14:55.936+0200] {dag.py:3722} INFO - Setting next_dagrun for example_subdag_operator.section-2 to None, run_after=None
[2024-04-03T09:14:55.946+0200] {processor.py:179} INFO - Processing /home/lucas/anaconda3/lib/python3.11/site-packages/airflow/example_dags/example_subdag_operator.py took 0.053 seconds
[2024-04-03T09:15:40.979+0200] {processor.py:157} INFO - Started process (PID=13003) to work on /home/lucas/anaconda3/lib/python3.11/site-packages/airflow/example_dags/example_subdag_operator.py
[2024-04-03T09:15:40.982+0200] {processor.py:829} INFO - Processing file /home/lucas/anaconda3/lib/python3.11/site-packages/airflow/example_dags/example_subdag_operator.py for tasks to queue
[2024-04-03T09:15:40.982+0200] {logging_mixin.py:154} INFO - [2024-04-03T09:15:40.982+0200] {dagbag.py:536} INFO - Filling up the DagBag from /home/lucas/anaconda3/lib/python3.11/site-packages/airflow/example_dags/example_subdag_operator.py
[2024-04-03T09:15:40.993+0200] {processor.py:839} INFO - DAG(s) dict_keys(['example_subdag_operator.section-1', 'example_subdag_operator.section-2', 'example_subdag_operator']) retrieved from /home/lucas/anaconda3/lib/python3.11/site-packages/airflow/example_dags/example_subdag_operator.py
[2024-04-03T09:15:41.000+0200] {logging_mixin.py:154} INFO - [2024-04-03T09:15:41.000+0200] {dag.py:2941} INFO - Sync 3 DAGs
[2024-04-03T09:15:41.009+0200] {logging_mixin.py:154} INFO - [2024-04-03T09:15:41.009+0200] {dag.py:3722} INFO - Setting next_dagrun for example_subdag_operator to 2022-01-01T00:00:00+00:00, run_after=2022-01-01T00:00:00+00:00
[2024-04-03T09:15:41.011+0200] {logging_mixin.py:154} INFO - [2024-04-03T09:15:41.011+0200] {dag.py:3722} INFO - Setting next_dagrun for example_subdag_operator.section-1 to None, run_after=None
[2024-04-03T09:15:41.011+0200] {logging_mixin.py:154} INFO - [2024-04-03T09:15:41.011+0200] {dag.py:3722} INFO - Setting next_dagrun for example_subdag_operator.section-2 to None, run_after=None
[2024-04-03T09:15:41.014+0200] {logging_mixin.py:154} INFO - [2024-04-03T09:15:41.014+0200] {dag.py:2941} INFO - Sync 2 DAGs
[2024-04-03T09:15:41.015+0200] {logging_mixin.py:154} INFO - [2024-04-03T09:15:41.015+0200] {dag.py:3722} INFO - Setting next_dagrun for example_subdag_operator.section-1 to None, run_after=None
[2024-04-03T09:15:41.016+0200] {logging_mixin.py:154} INFO - [2024-04-03T09:15:41.015+0200] {dag.py:3722} INFO - Setting next_dagrun for example_subdag_operator.section-2 to None, run_after=None
[2024-04-03T09:15:41.024+0200] {processor.py:179} INFO - Processing /home/lucas/anaconda3/lib/python3.11/site-packages/airflow/example_dags/example_subdag_operator.py took 0.047 seconds
[2024-04-03T09:16:24.752+0200] {processor.py:157} INFO - Started process (PID=13147) to work on /home/lucas/anaconda3/lib/python3.11/site-packages/airflow/example_dags/example_subdag_operator.py
[2024-04-03T09:16:24.755+0200] {processor.py:829} INFO - Processing file /home/lucas/anaconda3/lib/python3.11/site-packages/airflow/example_dags/example_subdag_operator.py for tasks to queue
[2024-04-03T09:16:24.755+0200] {logging_mixin.py:154} INFO - [2024-04-03T09:16:24.755+0200] {dagbag.py:536} INFO - Filling up the DagBag from /home/lucas/anaconda3/lib/python3.11/site-packages/airflow/example_dags/example_subdag_operator.py
[2024-04-03T09:16:24.766+0200] {processor.py:839} INFO - DAG(s) dict_keys(['example_subdag_operator.section-1', 'example_subdag_operator.section-2', 'example_subdag_operator']) retrieved from /home/lucas/anaconda3/lib/python3.11/site-packages/airflow/example_dags/example_subdag_operator.py
[2024-04-03T09:16:24.773+0200] {logging_mixin.py:154} INFO - [2024-04-03T09:16:24.773+0200] {dag.py:2941} INFO - Sync 3 DAGs
[2024-04-03T09:16:24.782+0200] {logging_mixin.py:154} INFO - [2024-04-03T09:16:24.782+0200] {dag.py:3722} INFO - Setting next_dagrun for example_subdag_operator to 2022-01-01T00:00:00+00:00, run_after=2022-01-01T00:00:00+00:00
[2024-04-03T09:16:24.784+0200] {logging_mixin.py:154} INFO - [2024-04-03T09:16:24.784+0200] {dag.py:3722} INFO - Setting next_dagrun for example_subdag_operator.section-1 to None, run_after=None
[2024-04-03T09:16:24.784+0200] {logging_mixin.py:154} INFO - [2024-04-03T09:16:24.784+0200] {dag.py:3722} INFO - Setting next_dagrun for example_subdag_operator.section-2 to None, run_after=None
[2024-04-03T09:16:24.787+0200] {logging_mixin.py:154} INFO - [2024-04-03T09:16:24.787+0200] {dag.py:2941} INFO - Sync 2 DAGs
[2024-04-03T09:16:24.789+0200] {logging_mixin.py:154} INFO - [2024-04-03T09:16:24.789+0200] {dag.py:3722} INFO - Setting next_dagrun for example_subdag_operator.section-1 to None, run_after=None
[2024-04-03T09:16:24.789+0200] {logging_mixin.py:154} INFO - [2024-04-03T09:16:24.789+0200] {dag.py:3722} INFO - Setting next_dagrun for example_subdag_operator.section-2 to None, run_after=None
[2024-04-03T09:16:24.800+0200] {processor.py:179} INFO - Processing /home/lucas/anaconda3/lib/python3.11/site-packages/airflow/example_dags/example_subdag_operator.py took 0.049 seconds
