[2024-04-03T09:14:04.960+0200] {processor.py:157} INFO - Started process (PID=12394) to work on /home/lucas/anaconda3/lib/python3.11/site-packages/airflow/example_dags/example_trigger_controller_dag.py
[2024-04-03T09:14:04.961+0200] {processor.py:829} INFO - Processing file /home/lucas/anaconda3/lib/python3.11/site-packages/airflow/example_dags/example_trigger_controller_dag.py for tasks to queue
[2024-04-03T09:14:04.961+0200] {logging_mixin.py:154} INFO - [2024-04-03T09:14:04.961+0200] {dagbag.py:536} INFO - Filling up the DagBag from /home/lucas/anaconda3/lib/python3.11/site-packages/airflow/example_dags/example_trigger_controller_dag.py
[2024-04-03T09:14:04.965+0200] {processor.py:839} INFO - DAG(s) dict_keys(['example_trigger_controller_dag']) retrieved from /home/lucas/anaconda3/lib/python3.11/site-packages/airflow/example_dags/example_trigger_controller_dag.py
[2024-04-03T09:14:05.024+0200] {logging_mixin.py:154} INFO - [2024-04-03T09:14:05.024+0200] {manager.py:499} INFO - Created Permission View: %s
[2024-04-03T09:14:05.033+0200] {logging_mixin.py:154} INFO - [2024-04-03T09:14:05.033+0200] {manager.py:499} INFO - Created Permission View: %s
[2024-04-03T09:14:05.039+0200] {logging_mixin.py:154} INFO - [2024-04-03T09:14:05.039+0200] {manager.py:499} INFO - Created Permission View: %s
[2024-04-03T09:14:05.039+0200] {logging_mixin.py:154} INFO - [2024-04-03T09:14:05.039+0200] {dag.py:2941} INFO - Sync 1 DAGs
[2024-04-03T09:14:05.044+0200] {logging_mixin.py:154} INFO - [2024-04-03T09:14:05.044+0200] {dag.py:2963} INFO - Creating ORM DAG for example_trigger_controller_dag
[2024-04-03T09:14:05.049+0200] {logging_mixin.py:154} INFO - [2024-04-03T09:14:05.049+0200] {dag.py:3722} INFO - Setting next_dagrun for example_trigger_controller_dag to 2021-01-01T00:00:00+00:00, run_after=2021-01-01T00:00:00+00:00
[2024-04-03T09:14:05.061+0200] {processor.py:179} INFO - Processing /home/lucas/anaconda3/lib/python3.11/site-packages/airflow/example_dags/example_trigger_controller_dag.py took 0.102 seconds
[2024-04-03T09:14:52.053+0200] {processor.py:157} INFO - Started process (PID=12837) to work on /home/lucas/anaconda3/lib/python3.11/site-packages/airflow/example_dags/example_trigger_controller_dag.py
[2024-04-03T09:14:52.056+0200] {processor.py:829} INFO - Processing file /home/lucas/anaconda3/lib/python3.11/site-packages/airflow/example_dags/example_trigger_controller_dag.py for tasks to queue
[2024-04-03T09:14:52.056+0200] {logging_mixin.py:154} INFO - [2024-04-03T09:14:52.056+0200] {dagbag.py:536} INFO - Filling up the DagBag from /home/lucas/anaconda3/lib/python3.11/site-packages/airflow/example_dags/example_trigger_controller_dag.py
[2024-04-03T09:14:52.060+0200] {processor.py:839} INFO - DAG(s) dict_keys(['example_trigger_controller_dag']) retrieved from /home/lucas/anaconda3/lib/python3.11/site-packages/airflow/example_dags/example_trigger_controller_dag.py
[2024-04-03T09:14:52.068+0200] {logging_mixin.py:154} INFO - [2024-04-03T09:14:52.068+0200] {dag.py:2941} INFO - Sync 1 DAGs
[2024-04-03T09:14:52.077+0200] {logging_mixin.py:154} INFO - [2024-04-03T09:14:52.077+0200] {dag.py:3722} INFO - Setting next_dagrun for example_trigger_controller_dag to 2021-01-01T00:00:00+00:00, run_after=2021-01-01T00:00:00+00:00
[2024-04-03T09:14:52.089+0200] {processor.py:179} INFO - Processing /home/lucas/anaconda3/lib/python3.11/site-packages/airflow/example_dags/example_trigger_controller_dag.py took 0.038 seconds
[2024-04-03T09:15:37.098+0200] {processor.py:157} INFO - Started process (PID=12988) to work on /home/lucas/anaconda3/lib/python3.11/site-packages/airflow/example_dags/example_trigger_controller_dag.py
[2024-04-03T09:15:37.102+0200] {processor.py:829} INFO - Processing file /home/lucas/anaconda3/lib/python3.11/site-packages/airflow/example_dags/example_trigger_controller_dag.py for tasks to queue
[2024-04-03T09:15:37.103+0200] {logging_mixin.py:154} INFO - [2024-04-03T09:15:37.102+0200] {dagbag.py:536} INFO - Filling up the DagBag from /home/lucas/anaconda3/lib/python3.11/site-packages/airflow/example_dags/example_trigger_controller_dag.py
[2024-04-03T09:15:37.105+0200] {processor.py:839} INFO - DAG(s) dict_keys(['example_trigger_controller_dag']) retrieved from /home/lucas/anaconda3/lib/python3.11/site-packages/airflow/example_dags/example_trigger_controller_dag.py
[2024-04-03T09:15:37.114+0200] {logging_mixin.py:154} INFO - [2024-04-03T09:15:37.113+0200] {dag.py:2941} INFO - Sync 1 DAGs
[2024-04-03T09:15:37.124+0200] {logging_mixin.py:154} INFO - [2024-04-03T09:15:37.124+0200] {dag.py:3722} INFO - Setting next_dagrun for example_trigger_controller_dag to 2021-01-01T00:00:00+00:00, run_after=2021-01-01T00:00:00+00:00
[2024-04-03T09:15:37.139+0200] {processor.py:179} INFO - Processing /home/lucas/anaconda3/lib/python3.11/site-packages/airflow/example_dags/example_trigger_controller_dag.py took 0.042 seconds
[2024-04-03T09:16:21.370+0200] {processor.py:157} INFO - Started process (PID=13137) to work on /home/lucas/anaconda3/lib/python3.11/site-packages/airflow/example_dags/example_trigger_controller_dag.py
[2024-04-03T09:16:21.373+0200] {processor.py:829} INFO - Processing file /home/lucas/anaconda3/lib/python3.11/site-packages/airflow/example_dags/example_trigger_controller_dag.py for tasks to queue
[2024-04-03T09:16:21.373+0200] {logging_mixin.py:154} INFO - [2024-04-03T09:16:21.373+0200] {dagbag.py:536} INFO - Filling up the DagBag from /home/lucas/anaconda3/lib/python3.11/site-packages/airflow/example_dags/example_trigger_controller_dag.py
[2024-04-03T09:16:21.375+0200] {processor.py:839} INFO - DAG(s) dict_keys(['example_trigger_controller_dag']) retrieved from /home/lucas/anaconda3/lib/python3.11/site-packages/airflow/example_dags/example_trigger_controller_dag.py
[2024-04-03T09:16:21.385+0200] {logging_mixin.py:154} INFO - [2024-04-03T09:16:21.385+0200] {dag.py:2941} INFO - Sync 1 DAGs
[2024-04-03T09:16:21.394+0200] {logging_mixin.py:154} INFO - [2024-04-03T09:16:21.394+0200] {dag.py:3722} INFO - Setting next_dagrun for example_trigger_controller_dag to 2021-01-01T00:00:00+00:00, run_after=2021-01-01T00:00:00+00:00
[2024-04-03T09:16:21.408+0200] {processor.py:179} INFO - Processing /home/lucas/anaconda3/lib/python3.11/site-packages/airflow/example_dags/example_trigger_controller_dag.py took 0.040 seconds
