[2024-04-03T09:13:51.402+0200] {processor.py:157} INFO - Started process (PID=12196) to work on /home/lucas/anaconda3/lib/python3.11/site-packages/airflow/example_dags/example_task_group.py
[2024-04-03T09:13:51.402+0200] {processor.py:829} INFO - Processing file /home/lucas/anaconda3/lib/python3.11/site-packages/airflow/example_dags/example_task_group.py for tasks to queue
[2024-04-03T09:13:51.403+0200] {logging_mixin.py:154} INFO - [2024-04-03T09:13:51.403+0200] {dagbag.py:536} INFO - Filling up the DagBag from /home/lucas/anaconda3/lib/python3.11/site-packages/airflow/example_dags/example_task_group.py
[2024-04-03T09:13:51.500+0200] {processor.py:839} INFO - DAG(s) dict_keys(['example_task_group']) retrieved from /home/lucas/anaconda3/lib/python3.11/site-packages/airflow/example_dags/example_task_group.py
[2024-04-03T09:13:51.611+0200] {logging_mixin.py:154} INFO - [2024-04-03T09:13:51.611+0200] {manager.py:499} INFO - Created Permission View: %s
[2024-04-03T09:13:51.633+0200] {logging_mixin.py:154} INFO - [2024-04-03T09:13:51.633+0200] {manager.py:499} INFO - Created Permission View: %s
[2024-04-03T09:13:51.646+0200] {logging_mixin.py:154} INFO - [2024-04-03T09:13:51.646+0200] {manager.py:499} INFO - Created Permission View: %s
[2024-04-03T09:13:51.646+0200] {logging_mixin.py:154} INFO - [2024-04-03T09:13:51.646+0200] {dag.py:2941} INFO - Sync 1 DAGs
[2024-04-03T09:13:51.660+0200] {logging_mixin.py:154} INFO - [2024-04-03T09:13:51.659+0200] {dag.py:2963} INFO - Creating ORM DAG for example_task_group
[2024-04-03T09:13:51.677+0200] {logging_mixin.py:154} INFO - [2024-04-03T09:13:51.677+0200] {dag.py:3722} INFO - Setting next_dagrun for example_task_group to 2024-04-02T07:13:51.677099+00:00, run_after=2024-04-03T07:13:51.677099+00:00
[2024-04-03T09:13:52.225+0200] {processor.py:179} INFO - Processing /home/lucas/anaconda3/lib/python3.11/site-packages/airflow/example_dags/example_task_group.py took 0.825 seconds
[2024-04-03T09:14:42.249+0200] {processor.py:157} INFO - Started process (PID=12800) to work on /home/lucas/anaconda3/lib/python3.11/site-packages/airflow/example_dags/example_task_group.py
[2024-04-03T09:14:42.252+0200] {processor.py:829} INFO - Processing file /home/lucas/anaconda3/lib/python3.11/site-packages/airflow/example_dags/example_task_group.py for tasks to queue
[2024-04-03T09:14:42.253+0200] {logging_mixin.py:154} INFO - [2024-04-03T09:14:42.253+0200] {dagbag.py:536} INFO - Filling up the DagBag from /home/lucas/anaconda3/lib/python3.11/site-packages/airflow/example_dags/example_task_group.py
[2024-04-03T09:14:42.257+0200] {processor.py:839} INFO - DAG(s) dict_keys(['example_task_group']) retrieved from /home/lucas/anaconda3/lib/python3.11/site-packages/airflow/example_dags/example_task_group.py
[2024-04-03T09:14:42.266+0200] {logging_mixin.py:154} INFO - [2024-04-03T09:14:42.266+0200] {dag.py:2941} INFO - Sync 1 DAGs
[2024-04-03T09:14:42.275+0200] {logging_mixin.py:154} INFO - [2024-04-03T09:14:42.275+0200] {dag.py:3722} INFO - Setting next_dagrun for example_task_group to 2024-04-02T07:14:42.274951+00:00, run_after=2024-04-03T07:14:42.274951+00:00
[2024-04-03T09:14:42.286+0200] {processor.py:179} INFO - Processing /home/lucas/anaconda3/lib/python3.11/site-packages/airflow/example_dags/example_task_group.py took 0.038 seconds
[2024-04-03T09:15:15.308+0200] {processor.py:157} INFO - Started process (PID=12948) to work on /home/lucas/anaconda3/lib/python3.11/site-packages/airflow/example_dags/example_task_group.py
[2024-04-03T09:15:15.309+0200] {processor.py:829} INFO - Processing file /home/lucas/anaconda3/lib/python3.11/site-packages/airflow/example_dags/example_task_group.py for tasks to queue
[2024-04-03T09:15:15.309+0200] {logging_mixin.py:154} INFO - [2024-04-03T09:15:15.309+0200] {dagbag.py:536} INFO - Filling up the DagBag from /home/lucas/anaconda3/lib/python3.11/site-packages/airflow/example_dags/example_task_group.py
[2024-04-03T09:15:15.313+0200] {processor.py:839} INFO - DAG(s) dict_keys(['example_task_group']) retrieved from /home/lucas/anaconda3/lib/python3.11/site-packages/airflow/example_dags/example_task_group.py
[2024-04-03T09:15:15.321+0200] {logging_mixin.py:154} INFO - [2024-04-03T09:15:15.321+0200] {dag.py:2941} INFO - Sync 1 DAGs
[2024-04-03T09:15:15.330+0200] {logging_mixin.py:154} INFO - [2024-04-03T09:15:15.329+0200] {dag.py:3722} INFO - Setting next_dagrun for example_task_group to 2024-04-02T07:15:15.329784+00:00, run_after=2024-04-03T07:15:15.329784+00:00
[2024-04-03T09:15:15.341+0200] {processor.py:179} INFO - Processing /home/lucas/anaconda3/lib/python3.11/site-packages/airflow/example_dags/example_task_group.py took 0.034 seconds
[2024-04-03T09:16:00.224+0200] {processor.py:157} INFO - Started process (PID=13112) to work on /home/lucas/anaconda3/lib/python3.11/site-packages/airflow/example_dags/example_task_group.py
[2024-04-03T09:16:00.225+0200] {processor.py:829} INFO - Processing file /home/lucas/anaconda3/lib/python3.11/site-packages/airflow/example_dags/example_task_group.py for tasks to queue
[2024-04-03T09:16:00.225+0200] {logging_mixin.py:154} INFO - [2024-04-03T09:16:00.225+0200] {dagbag.py:536} INFO - Filling up the DagBag from /home/lucas/anaconda3/lib/python3.11/site-packages/airflow/example_dags/example_task_group.py
[2024-04-03T09:16:00.230+0200] {processor.py:839} INFO - DAG(s) dict_keys(['example_task_group']) retrieved from /home/lucas/anaconda3/lib/python3.11/site-packages/airflow/example_dags/example_task_group.py
[2024-04-03T09:16:00.238+0200] {logging_mixin.py:154} INFO - [2024-04-03T09:16:00.238+0200] {dag.py:2941} INFO - Sync 1 DAGs
[2024-04-03T09:16:00.247+0200] {logging_mixin.py:154} INFO - [2024-04-03T09:16:00.247+0200] {dag.py:3722} INFO - Setting next_dagrun for example_task_group to 2024-04-02T07:16:00.247469+00:00, run_after=2024-04-03T07:16:00.247469+00:00
[2024-04-03T09:16:00.259+0200] {processor.py:179} INFO - Processing /home/lucas/anaconda3/lib/python3.11/site-packages/airflow/example_dags/example_task_group.py took 0.036 seconds
[2024-04-03T09:16:43.386+0200] {processor.py:157} INFO - Started process (PID=13200) to work on /home/lucas/anaconda3/lib/python3.11/site-packages/airflow/example_dags/example_task_group.py
[2024-04-03T09:16:43.389+0200] {processor.py:829} INFO - Processing file /home/lucas/anaconda3/lib/python3.11/site-packages/airflow/example_dags/example_task_group.py for tasks to queue
[2024-04-03T09:16:43.389+0200] {logging_mixin.py:154} INFO - [2024-04-03T09:16:43.389+0200] {dagbag.py:536} INFO - Filling up the DagBag from /home/lucas/anaconda3/lib/python3.11/site-packages/airflow/example_dags/example_task_group.py
[2024-04-03T09:16:43.393+0200] {processor.py:839} INFO - DAG(s) dict_keys(['example_task_group']) retrieved from /home/lucas/anaconda3/lib/python3.11/site-packages/airflow/example_dags/example_task_group.py
[2024-04-03T09:16:43.401+0200] {logging_mixin.py:154} INFO - [2024-04-03T09:16:43.401+0200] {dag.py:2941} INFO - Sync 1 DAGs
[2024-04-03T09:16:43.410+0200] {logging_mixin.py:154} INFO - [2024-04-03T09:16:43.410+0200] {dag.py:3722} INFO - Setting next_dagrun for example_task_group to 2024-04-02T07:16:43.410050+00:00, run_after=2024-04-03T07:16:43.410050+00:00
[2024-04-03T09:16:43.422+0200] {processor.py:179} INFO - Processing /home/lucas/anaconda3/lib/python3.11/site-packages/airflow/example_dags/example_task_group.py took 0.037 seconds
