[2024-04-03T09:14:40.703+0200] {processor.py:157} INFO - Started process (PID=12798) to work on /home/lucas/anaconda3/lib/python3.11/site-packages/airflow/example_dags/example_dynamic_task_mapping_with_no_taskflow_operators.py
[2024-04-03T09:14:40.704+0200] {processor.py:829} INFO - Processing file /home/lucas/anaconda3/lib/python3.11/site-packages/airflow/example_dags/example_dynamic_task_mapping_with_no_taskflow_operators.py for tasks to queue
[2024-04-03T09:14:40.704+0200] {logging_mixin.py:154} INFO - [2024-04-03T09:14:40.704+0200] {dagbag.py:536} INFO - Filling up the DagBag from /home/lucas/anaconda3/lib/python3.11/site-packages/airflow/example_dags/example_dynamic_task_mapping_with_no_taskflow_operators.py
[2024-04-03T09:14:40.708+0200] {processor.py:839} INFO - DAG(s) dict_keys(['example_dynamic_task_mapping_with_no_taskflow_operators']) retrieved from /home/lucas/anaconda3/lib/python3.11/site-packages/airflow/example_dags/example_dynamic_task_mapping_with_no_taskflow_operators.py
[2024-04-03T09:14:40.767+0200] {logging_mixin.py:154} INFO - [2024-04-03T09:14:40.767+0200] {manager.py:499} INFO - Created Permission View: %s
[2024-04-03T09:14:40.775+0200] {logging_mixin.py:154} INFO - [2024-04-03T09:14:40.775+0200] {manager.py:499} INFO - Created Permission View: %s
[2024-04-03T09:14:40.781+0200] {logging_mixin.py:154} INFO - [2024-04-03T09:14:40.781+0200] {manager.py:499} INFO - Created Permission View: %s
[2024-04-03T09:14:40.781+0200] {logging_mixin.py:154} INFO - [2024-04-03T09:14:40.781+0200] {dag.py:2941} INFO - Sync 1 DAGs
[2024-04-03T09:14:40.786+0200] {logging_mixin.py:154} INFO - [2024-04-03T09:14:40.786+0200] {dag.py:2963} INFO - Creating ORM DAG for example_dynamic_task_mapping_with_no_taskflow_operators
[2024-04-03T09:14:40.790+0200] {logging_mixin.py:154} INFO - [2024-04-03T09:14:40.790+0200] {dag.py:3722} INFO - Setting next_dagrun for example_dynamic_task_mapping_with_no_taskflow_operators to 2024-04-02T07:14:40.790613+00:00, run_after=2024-04-03T07:14:40.790613+00:00
[2024-04-03T09:14:40.804+0200] {processor.py:179} INFO - Processing /home/lucas/anaconda3/lib/python3.11/site-packages/airflow/example_dags/example_dynamic_task_mapping_with_no_taskflow_operators.py took 0.103 seconds
[2024-04-03T09:15:27.822+0200] {processor.py:157} INFO - Started process (PID=12969) to work on /home/lucas/anaconda3/lib/python3.11/site-packages/airflow/example_dags/example_dynamic_task_mapping_with_no_taskflow_operators.py
[2024-04-03T09:15:27.825+0200] {processor.py:829} INFO - Processing file /home/lucas/anaconda3/lib/python3.11/site-packages/airflow/example_dags/example_dynamic_task_mapping_with_no_taskflow_operators.py for tasks to queue
[2024-04-03T09:15:27.826+0200] {logging_mixin.py:154} INFO - [2024-04-03T09:15:27.826+0200] {dagbag.py:536} INFO - Filling up the DagBag from /home/lucas/anaconda3/lib/python3.11/site-packages/airflow/example_dags/example_dynamic_task_mapping_with_no_taskflow_operators.py
[2024-04-03T09:15:27.830+0200] {processor.py:839} INFO - DAG(s) dict_keys(['example_dynamic_task_mapping_with_no_taskflow_operators']) retrieved from /home/lucas/anaconda3/lib/python3.11/site-packages/airflow/example_dags/example_dynamic_task_mapping_with_no_taskflow_operators.py
[2024-04-03T09:15:27.841+0200] {logging_mixin.py:154} INFO - [2024-04-03T09:15:27.841+0200] {dag.py:2941} INFO - Sync 1 DAGs
[2024-04-03T09:15:27.854+0200] {logging_mixin.py:154} INFO - [2024-04-03T09:15:27.854+0200] {dag.py:3722} INFO - Setting next_dagrun for example_dynamic_task_mapping_with_no_taskflow_operators to 2024-04-02T07:15:27.853936+00:00, run_after=2024-04-03T07:15:27.853936+00:00
[2024-04-03T09:15:27.872+0200] {processor.py:179} INFO - Processing /home/lucas/anaconda3/lib/python3.11/site-packages/airflow/example_dags/example_dynamic_task_mapping_with_no_taskflow_operators.py took 0.051 seconds
[2024-04-03T09:16:13.061+0200] {processor.py:157} INFO - Started process (PID=13128) to work on /home/lucas/anaconda3/lib/python3.11/site-packages/airflow/example_dags/example_dynamic_task_mapping_with_no_taskflow_operators.py
[2024-04-03T09:16:13.064+0200] {processor.py:829} INFO - Processing file /home/lucas/anaconda3/lib/python3.11/site-packages/airflow/example_dags/example_dynamic_task_mapping_with_no_taskflow_operators.py for tasks to queue
[2024-04-03T09:16:13.064+0200] {logging_mixin.py:154} INFO - [2024-04-03T09:16:13.064+0200] {dagbag.py:536} INFO - Filling up the DagBag from /home/lucas/anaconda3/lib/python3.11/site-packages/airflow/example_dags/example_dynamic_task_mapping_with_no_taskflow_operators.py
[2024-04-03T09:16:13.068+0200] {processor.py:839} INFO - DAG(s) dict_keys(['example_dynamic_task_mapping_with_no_taskflow_operators']) retrieved from /home/lucas/anaconda3/lib/python3.11/site-packages/airflow/example_dags/example_dynamic_task_mapping_with_no_taskflow_operators.py
[2024-04-03T09:16:13.075+0200] {logging_mixin.py:154} INFO - [2024-04-03T09:16:13.075+0200] {dag.py:2941} INFO - Sync 1 DAGs
[2024-04-03T09:16:13.084+0200] {logging_mixin.py:154} INFO - [2024-04-03T09:16:13.084+0200] {dag.py:3722} INFO - Setting next_dagrun for example_dynamic_task_mapping_with_no_taskflow_operators to 2024-04-02T07:16:13.083908+00:00, run_after=2024-04-03T07:16:13.083908+00:00
[2024-04-03T09:16:13.095+0200] {processor.py:179} INFO - Processing /home/lucas/anaconda3/lib/python3.11/site-packages/airflow/example_dags/example_dynamic_task_mapping_with_no_taskflow_operators.py took 0.036 seconds
