[2024-04-03T09:14:13.671+0200] {processor.py:157} INFO - Started process (PID=12441) to work on /home/lucas/anaconda3/lib/python3.11/site-packages/airflow/example_dags/example_latest_only.py
[2024-04-03T09:14:13.671+0200] {processor.py:829} INFO - Processing file /home/lucas/anaconda3/lib/python3.11/site-packages/airflow/example_dags/example_latest_only.py for tasks to queue
[2024-04-03T09:14:13.672+0200] {logging_mixin.py:154} INFO - [2024-04-03T09:14:13.672+0200] {dagbag.py:536} INFO - Filling up the DagBag from /home/lucas/anaconda3/lib/python3.11/site-packages/airflow/example_dags/example_latest_only.py
[2024-04-03T09:14:13.675+0200] {processor.py:839} INFO - DAG(s) dict_keys(['latest_only']) retrieved from /home/lucas/anaconda3/lib/python3.11/site-packages/airflow/example_dags/example_latest_only.py
[2024-04-03T09:14:13.731+0200] {logging_mixin.py:154} INFO - [2024-04-03T09:14:13.731+0200] {manager.py:499} INFO - Created Permission View: %s
[2024-04-03T09:14:13.739+0200] {logging_mixin.py:154} INFO - [2024-04-03T09:14:13.739+0200] {manager.py:499} INFO - Created Permission View: %s
[2024-04-03T09:14:13.745+0200] {logging_mixin.py:154} INFO - [2024-04-03T09:14:13.745+0200] {manager.py:499} INFO - Created Permission View: %s
[2024-04-03T09:14:13.745+0200] {logging_mixin.py:154} INFO - [2024-04-03T09:14:13.745+0200] {dag.py:2941} INFO - Sync 1 DAGs
[2024-04-03T09:14:13.751+0200] {logging_mixin.py:154} INFO - [2024-04-03T09:14:13.751+0200] {dag.py:2963} INFO - Creating ORM DAG for latest_only
[2024-04-03T09:14:13.756+0200] {logging_mixin.py:154} INFO - [2024-04-03T09:14:13.755+0200] {dag.py:3722} INFO - Setting next_dagrun for latest_only to 2024-04-03T03:14:13.755874+00:00, run_after=2024-04-03T07:14:13.755874+00:00
[2024-04-03T09:14:13.767+0200] {processor.py:179} INFO - Processing /home/lucas/anaconda3/lib/python3.11/site-packages/airflow/example_dags/example_latest_only.py took 0.097 seconds
[2024-04-03T09:14:59.914+0200] {processor.py:157} INFO - Started process (PID=12898) to work on /home/lucas/anaconda3/lib/python3.11/site-packages/airflow/example_dags/example_latest_only.py
[2024-04-03T09:14:59.917+0200] {processor.py:829} INFO - Processing file /home/lucas/anaconda3/lib/python3.11/site-packages/airflow/example_dags/example_latest_only.py for tasks to queue
[2024-04-03T09:14:59.918+0200] {logging_mixin.py:154} INFO - [2024-04-03T09:14:59.918+0200] {dagbag.py:536} INFO - Filling up the DagBag from /home/lucas/anaconda3/lib/python3.11/site-packages/airflow/example_dags/example_latest_only.py
[2024-04-03T09:14:59.921+0200] {processor.py:839} INFO - DAG(s) dict_keys(['latest_only']) retrieved from /home/lucas/anaconda3/lib/python3.11/site-packages/airflow/example_dags/example_latest_only.py
[2024-04-03T09:14:59.929+0200] {logging_mixin.py:154} INFO - [2024-04-03T09:14:59.929+0200] {dag.py:2941} INFO - Sync 1 DAGs
[2024-04-03T09:14:59.938+0200] {logging_mixin.py:154} INFO - [2024-04-03T09:14:59.938+0200] {dag.py:3722} INFO - Setting next_dagrun for latest_only to 2024-04-03T03:14:59.938277+00:00, run_after=2024-04-03T07:14:59.938277+00:00
[2024-04-03T09:14:59.950+0200] {processor.py:179} INFO - Processing /home/lucas/anaconda3/lib/python3.11/site-packages/airflow/example_dags/example_latest_only.py took 0.037 seconds
[2024-04-03T09:15:44.934+0200] {processor.py:157} INFO - Started process (PID=13016) to work on /home/lucas/anaconda3/lib/python3.11/site-packages/airflow/example_dags/example_latest_only.py
[2024-04-03T09:15:44.937+0200] {processor.py:829} INFO - Processing file /home/lucas/anaconda3/lib/python3.11/site-packages/airflow/example_dags/example_latest_only.py for tasks to queue
[2024-04-03T09:15:44.937+0200] {logging_mixin.py:154} INFO - [2024-04-03T09:15:44.937+0200] {dagbag.py:536} INFO - Filling up the DagBag from /home/lucas/anaconda3/lib/python3.11/site-packages/airflow/example_dags/example_latest_only.py
[2024-04-03T09:15:44.940+0200] {processor.py:839} INFO - DAG(s) dict_keys(['latest_only']) retrieved from /home/lucas/anaconda3/lib/python3.11/site-packages/airflow/example_dags/example_latest_only.py
[2024-04-03T09:15:44.948+0200] {logging_mixin.py:154} INFO - [2024-04-03T09:15:44.947+0200] {dag.py:2941} INFO - Sync 1 DAGs
[2024-04-03T09:15:44.957+0200] {logging_mixin.py:154} INFO - [2024-04-03T09:15:44.957+0200] {dag.py:3722} INFO - Setting next_dagrun for latest_only to 2024-04-03T03:15:44.957046+00:00, run_after=2024-04-03T07:15:44.957046+00:00
[2024-04-03T09:15:44.969+0200] {processor.py:179} INFO - Processing /home/lucas/anaconda3/lib/python3.11/site-packages/airflow/example_dags/example_latest_only.py took 0.037 seconds
[2024-04-03T09:16:29.881+0200] {processor.py:157} INFO - Started process (PID=13163) to work on /home/lucas/anaconda3/lib/python3.11/site-packages/airflow/example_dags/example_latest_only.py
[2024-04-03T09:16:29.884+0200] {processor.py:829} INFO - Processing file /home/lucas/anaconda3/lib/python3.11/site-packages/airflow/example_dags/example_latest_only.py for tasks to queue
[2024-04-03T09:16:29.884+0200] {logging_mixin.py:154} INFO - [2024-04-03T09:16:29.884+0200] {dagbag.py:536} INFO - Filling up the DagBag from /home/lucas/anaconda3/lib/python3.11/site-packages/airflow/example_dags/example_latest_only.py
[2024-04-03T09:16:29.887+0200] {processor.py:839} INFO - DAG(s) dict_keys(['latest_only']) retrieved from /home/lucas/anaconda3/lib/python3.11/site-packages/airflow/example_dags/example_latest_only.py
[2024-04-03T09:16:29.895+0200] {logging_mixin.py:154} INFO - [2024-04-03T09:16:29.895+0200] {dag.py:2941} INFO - Sync 1 DAGs
[2024-04-03T09:16:29.904+0200] {logging_mixin.py:154} INFO - [2024-04-03T09:16:29.904+0200] {dag.py:3722} INFO - Setting next_dagrun for latest_only to 2024-04-03T03:16:29.904039+00:00, run_after=2024-04-03T07:16:29.904039+00:00
[2024-04-03T09:16:29.916+0200] {processor.py:179} INFO - Processing /home/lucas/anaconda3/lib/python3.11/site-packages/airflow/example_dags/example_latest_only.py took 0.036 seconds
[2024-04-03T09:18:46.226+0200] {processor.py:157} INFO - Started process (PID=13721) to work on /home/lucas/anaconda3/lib/python3.11/site-packages/airflow/example_dags/example_latest_only.py
[2024-04-03T09:18:46.229+0200] {processor.py:829} INFO - Processing file /home/lucas/anaconda3/lib/python3.11/site-packages/airflow/example_dags/example_latest_only.py for tasks to queue
[2024-04-03T09:18:46.230+0200] {logging_mixin.py:154} INFO - [2024-04-03T09:18:46.229+0200] {dagbag.py:536} INFO - Filling up the DagBag from /home/lucas/anaconda3/lib/python3.11/site-packages/airflow/example_dags/example_latest_only.py
[2024-04-03T09:18:46.232+0200] {processor.py:839} INFO - DAG(s) dict_keys(['latest_only']) retrieved from /home/lucas/anaconda3/lib/python3.11/site-packages/airflow/example_dags/example_latest_only.py
[2024-04-03T09:18:46.236+0200] {logging_mixin.py:154} INFO - [2024-04-03T09:18:46.236+0200] {dag.py:2941} INFO - Sync 1 DAGs
[2024-04-03T09:18:46.250+0200] {logging_mixin.py:154} INFO - [2024-04-03T09:18:46.249+0200] {dag.py:3722} INFO - Setting next_dagrun for latest_only to 2024-04-03T03:18:46.249790+00:00, run_after=2024-04-03T07:18:46.249790+00:00
[2024-04-03T09:18:46.263+0200] {processor.py:179} INFO - Processing /home/lucas/anaconda3/lib/python3.11/site-packages/airflow/example_dags/example_latest_only.py took 0.038 seconds
[2024-04-03T09:19:28.540+0200] {processor.py:157} INFO - Started process (PID=13999) to work on /home/lucas/anaconda3/lib/python3.11/site-packages/airflow/example_dags/example_latest_only.py
[2024-04-03T09:19:28.543+0200] {processor.py:829} INFO - Processing file /home/lucas/anaconda3/lib/python3.11/site-packages/airflow/example_dags/example_latest_only.py for tasks to queue
[2024-04-03T09:19:28.543+0200] {logging_mixin.py:154} INFO - [2024-04-03T09:19:28.543+0200] {dagbag.py:536} INFO - Filling up the DagBag from /home/lucas/anaconda3/lib/python3.11/site-packages/airflow/example_dags/example_latest_only.py
[2024-04-03T09:19:28.546+0200] {processor.py:839} INFO - DAG(s) dict_keys(['latest_only']) retrieved from /home/lucas/anaconda3/lib/python3.11/site-packages/airflow/example_dags/example_latest_only.py
[2024-04-03T09:19:28.554+0200] {logging_mixin.py:154} INFO - [2024-04-03T09:19:28.554+0200] {dag.py:2941} INFO - Sync 1 DAGs
[2024-04-03T09:19:28.563+0200] {logging_mixin.py:154} INFO - [2024-04-03T09:19:28.563+0200] {dag.py:3722} INFO - Setting next_dagrun for latest_only to 2024-04-03T03:19:28.562908+00:00, run_after=2024-04-03T07:19:28.562908+00:00
[2024-04-03T09:19:28.575+0200] {processor.py:179} INFO - Processing /home/lucas/anaconda3/lib/python3.11/site-packages/airflow/example_dags/example_latest_only.py took 0.036 seconds
[2024-04-03T09:20:12.856+0200] {processor.py:157} INFO - Started process (PID=14272) to work on /home/lucas/anaconda3/lib/python3.11/site-packages/airflow/example_dags/example_latest_only.py
[2024-04-03T09:20:12.859+0200] {processor.py:829} INFO - Processing file /home/lucas/anaconda3/lib/python3.11/site-packages/airflow/example_dags/example_latest_only.py for tasks to queue
[2024-04-03T09:20:12.859+0200] {logging_mixin.py:154} INFO - [2024-04-03T09:20:12.859+0200] {dagbag.py:536} INFO - Filling up the DagBag from /home/lucas/anaconda3/lib/python3.11/site-packages/airflow/example_dags/example_latest_only.py
[2024-04-03T09:20:12.862+0200] {processor.py:839} INFO - DAG(s) dict_keys(['latest_only']) retrieved from /home/lucas/anaconda3/lib/python3.11/site-packages/airflow/example_dags/example_latest_only.py
[2024-04-03T09:20:12.869+0200] {logging_mixin.py:154} INFO - [2024-04-03T09:20:12.869+0200] {dag.py:2941} INFO - Sync 1 DAGs
[2024-04-03T09:20:12.878+0200] {logging_mixin.py:154} INFO - [2024-04-03T09:20:12.878+0200] {dag.py:3722} INFO - Setting next_dagrun for latest_only to 2024-04-03T03:20:12.878671+00:00, run_after=2024-04-03T07:20:12.878671+00:00
[2024-04-03T09:20:12.890+0200] {processor.py:179} INFO - Processing /home/lucas/anaconda3/lib/python3.11/site-packages/airflow/example_dags/example_latest_only.py took 0.036 seconds
[2024-04-03T09:20:53.967+0200] {processor.py:157} INFO - Started process (PID=14398) to work on /home/lucas/anaconda3/lib/python3.11/site-packages/airflow/example_dags/example_latest_only.py
[2024-04-03T09:20:53.970+0200] {processor.py:829} INFO - Processing file /home/lucas/anaconda3/lib/python3.11/site-packages/airflow/example_dags/example_latest_only.py for tasks to queue
[2024-04-03T09:20:53.970+0200] {logging_mixin.py:154} INFO - [2024-04-03T09:20:53.970+0200] {dagbag.py:536} INFO - Filling up the DagBag from /home/lucas/anaconda3/lib/python3.11/site-packages/airflow/example_dags/example_latest_only.py
[2024-04-03T09:20:53.973+0200] {processor.py:839} INFO - DAG(s) dict_keys(['latest_only']) retrieved from /home/lucas/anaconda3/lib/python3.11/site-packages/airflow/example_dags/example_latest_only.py
[2024-04-03T09:20:53.981+0200] {logging_mixin.py:154} INFO - [2024-04-03T09:20:53.981+0200] {dag.py:2941} INFO - Sync 1 DAGs
[2024-04-03T09:20:53.990+0200] {logging_mixin.py:154} INFO - [2024-04-03T09:20:53.990+0200] {dag.py:3722} INFO - Setting next_dagrun for latest_only to 2024-04-03T03:20:53.990069+00:00, run_after=2024-04-03T07:20:53.990069+00:00
[2024-04-03T09:20:54.002+0200] {processor.py:179} INFO - Processing /home/lucas/anaconda3/lib/python3.11/site-packages/airflow/example_dags/example_latest_only.py took 0.036 seconds
[2024-04-03T09:21:39.327+0200] {processor.py:157} INFO - Started process (PID=14556) to work on /home/lucas/anaconda3/lib/python3.11/site-packages/airflow/example_dags/example_latest_only.py
[2024-04-03T09:21:39.330+0200] {processor.py:829} INFO - Processing file /home/lucas/anaconda3/lib/python3.11/site-packages/airflow/example_dags/example_latest_only.py for tasks to queue
[2024-04-03T09:21:39.331+0200] {logging_mixin.py:154} INFO - [2024-04-03T09:21:39.330+0200] {dagbag.py:536} INFO - Filling up the DagBag from /home/lucas/anaconda3/lib/python3.11/site-packages/airflow/example_dags/example_latest_only.py
[2024-04-03T09:21:39.335+0200] {processor.py:839} INFO - DAG(s) dict_keys(['latest_only']) retrieved from /home/lucas/anaconda3/lib/python3.11/site-packages/airflow/example_dags/example_latest_only.py
[2024-04-03T09:21:39.345+0200] {logging_mixin.py:154} INFO - [2024-04-03T09:21:39.345+0200] {dag.py:2941} INFO - Sync 1 DAGs
[2024-04-03T09:21:39.357+0200] {logging_mixin.py:154} INFO - [2024-04-03T09:21:39.356+0200] {dag.py:3722} INFO - Setting next_dagrun for latest_only to 2024-04-03T03:21:39.356731+00:00, run_after=2024-04-03T07:21:39.356731+00:00
[2024-04-03T09:21:39.372+0200] {processor.py:179} INFO - Processing /home/lucas/anaconda3/lib/python3.11/site-packages/airflow/example_dags/example_latest_only.py took 0.046 seconds
[2024-04-03T09:22:22.761+0200] {processor.py:157} INFO - Started process (PID=14663) to work on /home/lucas/anaconda3/lib/python3.11/site-packages/airflow/example_dags/example_latest_only.py
[2024-04-03T09:22:22.762+0200] {processor.py:829} INFO - Processing file /home/lucas/anaconda3/lib/python3.11/site-packages/airflow/example_dags/example_latest_only.py for tasks to queue
[2024-04-03T09:22:22.763+0200] {logging_mixin.py:154} INFO - [2024-04-03T09:22:22.763+0200] {dagbag.py:536} INFO - Filling up the DagBag from /home/lucas/anaconda3/lib/python3.11/site-packages/airflow/example_dags/example_latest_only.py
[2024-04-03T09:22:22.765+0200] {processor.py:839} INFO - DAG(s) dict_keys(['latest_only']) retrieved from /home/lucas/anaconda3/lib/python3.11/site-packages/airflow/example_dags/example_latest_only.py
[2024-04-03T09:22:22.773+0200] {logging_mixin.py:154} INFO - [2024-04-03T09:22:22.773+0200] {dag.py:2941} INFO - Sync 1 DAGs
[2024-04-03T09:22:22.782+0200] {logging_mixin.py:154} INFO - [2024-04-03T09:22:22.781+0200] {dag.py:3722} INFO - Setting next_dagrun for latest_only to 2024-04-03T03:22:22.781871+00:00, run_after=2024-04-03T07:22:22.781871+00:00
[2024-04-03T09:22:22.793+0200] {processor.py:179} INFO - Processing /home/lucas/anaconda3/lib/python3.11/site-packages/airflow/example_dags/example_latest_only.py took 0.033 seconds
[2024-04-03T09:23:09.248+0200] {processor.py:157} INFO - Started process (PID=14943) to work on /home/lucas/anaconda3/lib/python3.11/site-packages/airflow/example_dags/example_latest_only.py
[2024-04-03T09:23:09.251+0200] {processor.py:829} INFO - Processing file /home/lucas/anaconda3/lib/python3.11/site-packages/airflow/example_dags/example_latest_only.py for tasks to queue
[2024-04-03T09:23:09.251+0200] {logging_mixin.py:154} INFO - [2024-04-03T09:23:09.251+0200] {dagbag.py:536} INFO - Filling up the DagBag from /home/lucas/anaconda3/lib/python3.11/site-packages/airflow/example_dags/example_latest_only.py
[2024-04-03T09:23:09.254+0200] {processor.py:839} INFO - DAG(s) dict_keys(['latest_only']) retrieved from /home/lucas/anaconda3/lib/python3.11/site-packages/airflow/example_dags/example_latest_only.py
[2024-04-03T09:23:09.262+0200] {logging_mixin.py:154} INFO - [2024-04-03T09:23:09.262+0200] {dag.py:2941} INFO - Sync 1 DAGs
[2024-04-03T09:23:09.271+0200] {logging_mixin.py:154} INFO - [2024-04-03T09:23:09.270+0200] {dag.py:3722} INFO - Setting next_dagrun for latest_only to 2024-04-03T03:23:09.270788+00:00, run_after=2024-04-03T07:23:09.270788+00:00
[2024-04-03T09:23:09.283+0200] {processor.py:179} INFO - Processing /home/lucas/anaconda3/lib/python3.11/site-packages/airflow/example_dags/example_latest_only.py took 0.036 seconds
[2024-04-03T09:23:50.779+0200] {processor.py:157} INFO - Started process (PID=15281) to work on /home/lucas/anaconda3/lib/python3.11/site-packages/airflow/example_dags/example_latest_only.py
[2024-04-03T09:23:50.782+0200] {processor.py:829} INFO - Processing file /home/lucas/anaconda3/lib/python3.11/site-packages/airflow/example_dags/example_latest_only.py for tasks to queue
[2024-04-03T09:23:50.782+0200] {logging_mixin.py:154} INFO - [2024-04-03T09:23:50.782+0200] {dagbag.py:536} INFO - Filling up the DagBag from /home/lucas/anaconda3/lib/python3.11/site-packages/airflow/example_dags/example_latest_only.py
[2024-04-03T09:23:50.785+0200] {processor.py:839} INFO - DAG(s) dict_keys(['latest_only']) retrieved from /home/lucas/anaconda3/lib/python3.11/site-packages/airflow/example_dags/example_latest_only.py
[2024-04-03T09:23:50.793+0200] {logging_mixin.py:154} INFO - [2024-04-03T09:23:50.793+0200] {dag.py:2941} INFO - Sync 1 DAGs
[2024-04-03T09:23:50.802+0200] {logging_mixin.py:154} INFO - [2024-04-03T09:23:50.802+0200] {dag.py:3722} INFO - Setting next_dagrun for latest_only to 2024-04-03T03:23:50.802032+00:00, run_after=2024-04-03T07:23:50.802032+00:00
[2024-04-03T09:23:50.815+0200] {processor.py:179} INFO - Processing /home/lucas/anaconda3/lib/python3.11/site-packages/airflow/example_dags/example_latest_only.py took 0.037 seconds
[2024-04-03T09:24:33.529+0200] {processor.py:157} INFO - Started process (PID=15539) to work on /home/lucas/anaconda3/lib/python3.11/site-packages/airflow/example_dags/example_latest_only.py
[2024-04-03T09:24:33.531+0200] {processor.py:829} INFO - Processing file /home/lucas/anaconda3/lib/python3.11/site-packages/airflow/example_dags/example_latest_only.py for tasks to queue
[2024-04-03T09:24:33.531+0200] {logging_mixin.py:154} INFO - [2024-04-03T09:24:33.531+0200] {dagbag.py:536} INFO - Filling up the DagBag from /home/lucas/anaconda3/lib/python3.11/site-packages/airflow/example_dags/example_latest_only.py
[2024-04-03T09:24:33.534+0200] {processor.py:839} INFO - DAG(s) dict_keys(['latest_only']) retrieved from /home/lucas/anaconda3/lib/python3.11/site-packages/airflow/example_dags/example_latest_only.py
[2024-04-03T09:24:33.542+0200] {logging_mixin.py:154} INFO - [2024-04-03T09:24:33.542+0200] {dag.py:2941} INFO - Sync 1 DAGs
[2024-04-03T09:24:33.551+0200] {logging_mixin.py:154} INFO - [2024-04-03T09:24:33.551+0200] {dag.py:3722} INFO - Setting next_dagrun for latest_only to 2024-04-03T03:24:33.551135+00:00, run_after=2024-04-03T07:24:33.551135+00:00
[2024-04-03T09:24:33.563+0200] {processor.py:179} INFO - Processing /home/lucas/anaconda3/lib/python3.11/site-packages/airflow/example_dags/example_latest_only.py took 0.035 seconds
[2024-04-03T09:25:12.006+0200] {processor.py:157} INFO - Started process (PID=15642) to work on /home/lucas/anaconda3/lib/python3.11/site-packages/airflow/example_dags/example_latest_only.py
[2024-04-03T09:25:12.009+0200] {processor.py:829} INFO - Processing file /home/lucas/anaconda3/lib/python3.11/site-packages/airflow/example_dags/example_latest_only.py for tasks to queue
[2024-04-03T09:25:12.009+0200] {logging_mixin.py:154} INFO - [2024-04-03T09:25:12.009+0200] {dagbag.py:536} INFO - Filling up the DagBag from /home/lucas/anaconda3/lib/python3.11/site-packages/airflow/example_dags/example_latest_only.py
[2024-04-03T09:25:12.012+0200] {processor.py:839} INFO - DAG(s) dict_keys(['latest_only']) retrieved from /home/lucas/anaconda3/lib/python3.11/site-packages/airflow/example_dags/example_latest_only.py
[2024-04-03T09:25:12.020+0200] {logging_mixin.py:154} INFO - [2024-04-03T09:25:12.020+0200] {dag.py:2941} INFO - Sync 1 DAGs
[2024-04-03T09:25:12.031+0200] {logging_mixin.py:154} INFO - [2024-04-03T09:25:12.030+0200] {dag.py:3722} INFO - Setting next_dagrun for latest_only to 2024-04-03T03:25:12.030798+00:00, run_after=2024-04-03T07:25:12.030798+00:00
[2024-04-03T09:25:12.044+0200] {processor.py:179} INFO - Processing /home/lucas/anaconda3/lib/python3.11/site-packages/airflow/example_dags/example_latest_only.py took 0.040 seconds
[2024-04-03T09:25:54.175+0200] {processor.py:157} INFO - Started process (PID=15913) to work on /home/lucas/anaconda3/lib/python3.11/site-packages/airflow/example_dags/example_latest_only.py
[2024-04-03T09:25:54.176+0200] {processor.py:829} INFO - Processing file /home/lucas/anaconda3/lib/python3.11/site-packages/airflow/example_dags/example_latest_only.py for tasks to queue
[2024-04-03T09:25:54.176+0200] {logging_mixin.py:154} INFO - [2024-04-03T09:25:54.176+0200] {dagbag.py:536} INFO - Filling up the DagBag from /home/lucas/anaconda3/lib/python3.11/site-packages/airflow/example_dags/example_latest_only.py
[2024-04-03T09:25:54.179+0200] {processor.py:839} INFO - DAG(s) dict_keys(['latest_only']) retrieved from /home/lucas/anaconda3/lib/python3.11/site-packages/airflow/example_dags/example_latest_only.py
[2024-04-03T09:25:54.187+0200] {logging_mixin.py:154} INFO - [2024-04-03T09:25:54.187+0200] {dag.py:2941} INFO - Sync 1 DAGs
[2024-04-03T09:25:54.198+0200] {logging_mixin.py:154} INFO - [2024-04-03T09:25:54.198+0200] {dag.py:3722} INFO - Setting next_dagrun for latest_only to 2024-04-03T03:25:54.197969+00:00, run_after=2024-04-03T07:25:54.197969+00:00
[2024-04-03T09:25:54.210+0200] {processor.py:179} INFO - Processing /home/lucas/anaconda3/lib/python3.11/site-packages/airflow/example_dags/example_latest_only.py took 0.036 seconds
[2024-04-03T09:26:41.728+0200] {processor.py:157} INFO - Started process (PID=16088) to work on /home/lucas/anaconda3/lib/python3.11/site-packages/airflow/example_dags/example_latest_only.py
[2024-04-03T09:26:41.731+0200] {processor.py:829} INFO - Processing file /home/lucas/anaconda3/lib/python3.11/site-packages/airflow/example_dags/example_latest_only.py for tasks to queue
[2024-04-03T09:26:41.731+0200] {logging_mixin.py:154} INFO - [2024-04-03T09:26:41.731+0200] {dagbag.py:536} INFO - Filling up the DagBag from /home/lucas/anaconda3/lib/python3.11/site-packages/airflow/example_dags/example_latest_only.py
[2024-04-03T09:26:41.734+0200] {processor.py:839} INFO - DAG(s) dict_keys(['latest_only']) retrieved from /home/lucas/anaconda3/lib/python3.11/site-packages/airflow/example_dags/example_latest_only.py
[2024-04-03T09:26:41.741+0200] {logging_mixin.py:154} INFO - [2024-04-03T09:26:41.741+0200] {dag.py:2941} INFO - Sync 1 DAGs
[2024-04-03T09:26:41.750+0200] {logging_mixin.py:154} INFO - [2024-04-03T09:26:41.750+0200] {dag.py:3722} INFO - Setting next_dagrun for latest_only to 2024-04-03T03:26:41.750633+00:00, run_after=2024-04-03T07:26:41.750633+00:00
[2024-04-03T09:26:41.763+0200] {processor.py:179} INFO - Processing /home/lucas/anaconda3/lib/python3.11/site-packages/airflow/example_dags/example_latest_only.py took 0.036 seconds
[2024-04-03T09:27:22.231+0200] {processor.py:157} INFO - Started process (PID=16178) to work on /home/lucas/anaconda3/lib/python3.11/site-packages/airflow/example_dags/example_latest_only.py
[2024-04-03T09:27:22.233+0200] {processor.py:829} INFO - Processing file /home/lucas/anaconda3/lib/python3.11/site-packages/airflow/example_dags/example_latest_only.py for tasks to queue
[2024-04-03T09:27:22.234+0200] {logging_mixin.py:154} INFO - [2024-04-03T09:27:22.234+0200] {dagbag.py:536} INFO - Filling up the DagBag from /home/lucas/anaconda3/lib/python3.11/site-packages/airflow/example_dags/example_latest_only.py
[2024-04-03T09:27:22.237+0200] {processor.py:839} INFO - DAG(s) dict_keys(['latest_only']) retrieved from /home/lucas/anaconda3/lib/python3.11/site-packages/airflow/example_dags/example_latest_only.py
[2024-04-03T09:27:22.245+0200] {logging_mixin.py:154} INFO - [2024-04-03T09:27:22.245+0200] {dag.py:2941} INFO - Sync 1 DAGs
[2024-04-03T09:27:22.255+0200] {logging_mixin.py:154} INFO - [2024-04-03T09:27:22.255+0200] {dag.py:3722} INFO - Setting next_dagrun for latest_only to 2024-04-03T03:27:22.255165+00:00, run_after=2024-04-03T07:27:22.255165+00:00
[2024-04-03T09:27:22.270+0200] {processor.py:179} INFO - Processing /home/lucas/anaconda3/lib/python3.11/site-packages/airflow/example_dags/example_latest_only.py took 0.041 seconds
[2024-04-03T09:28:09.607+0200] {processor.py:157} INFO - Started process (PID=16354) to work on /home/lucas/anaconda3/lib/python3.11/site-packages/airflow/example_dags/example_latest_only.py
[2024-04-03T09:28:09.610+0200] {processor.py:829} INFO - Processing file /home/lucas/anaconda3/lib/python3.11/site-packages/airflow/example_dags/example_latest_only.py for tasks to queue
[2024-04-03T09:28:09.610+0200] {logging_mixin.py:154} INFO - [2024-04-03T09:28:09.610+0200] {dagbag.py:536} INFO - Filling up the DagBag from /home/lucas/anaconda3/lib/python3.11/site-packages/airflow/example_dags/example_latest_only.py
[2024-04-03T09:28:09.614+0200] {processor.py:839} INFO - DAG(s) dict_keys(['latest_only']) retrieved from /home/lucas/anaconda3/lib/python3.11/site-packages/airflow/example_dags/example_latest_only.py
[2024-04-03T09:28:09.625+0200] {logging_mixin.py:154} INFO - [2024-04-03T09:28:09.625+0200] {dag.py:2941} INFO - Sync 1 DAGs
[2024-04-03T09:28:09.635+0200] {logging_mixin.py:154} INFO - [2024-04-03T09:28:09.635+0200] {dag.py:3722} INFO - Setting next_dagrun for latest_only to 2024-04-03T03:28:09.635739+00:00, run_after=2024-04-03T07:28:09.635739+00:00
[2024-04-03T09:28:09.650+0200] {processor.py:179} INFO - Processing /home/lucas/anaconda3/lib/python3.11/site-packages/airflow/example_dags/example_latest_only.py took 0.044 seconds
[2024-04-03T09:28:55.658+0200] {processor.py:157} INFO - Started process (PID=16574) to work on /home/lucas/anaconda3/lib/python3.11/site-packages/airflow/example_dags/example_latest_only.py
[2024-04-03T09:28:55.661+0200] {processor.py:829} INFO - Processing file /home/lucas/anaconda3/lib/python3.11/site-packages/airflow/example_dags/example_latest_only.py for tasks to queue
[2024-04-03T09:28:55.661+0200] {logging_mixin.py:154} INFO - [2024-04-03T09:28:55.661+0200] {dagbag.py:536} INFO - Filling up the DagBag from /home/lucas/anaconda3/lib/python3.11/site-packages/airflow/example_dags/example_latest_only.py
[2024-04-03T09:28:55.665+0200] {processor.py:839} INFO - DAG(s) dict_keys(['latest_only']) retrieved from /home/lucas/anaconda3/lib/python3.11/site-packages/airflow/example_dags/example_latest_only.py
[2024-04-03T09:28:55.674+0200] {logging_mixin.py:154} INFO - [2024-04-03T09:28:55.673+0200] {dag.py:2941} INFO - Sync 1 DAGs
[2024-04-03T09:28:55.684+0200] {logging_mixin.py:154} INFO - [2024-04-03T09:28:55.684+0200] {dag.py:3722} INFO - Setting next_dagrun for latest_only to 2024-04-03T03:28:55.683977+00:00, run_after=2024-04-03T07:28:55.683977+00:00
[2024-04-03T09:28:55.701+0200] {processor.py:179} INFO - Processing /home/lucas/anaconda3/lib/python3.11/site-packages/airflow/example_dags/example_latest_only.py took 0.045 seconds
[2024-04-03T09:29:43.640+0200] {processor.py:157} INFO - Started process (PID=16830) to work on /home/lucas/anaconda3/lib/python3.11/site-packages/airflow/example_dags/example_latest_only.py
[2024-04-03T09:29:43.643+0200] {processor.py:829} INFO - Processing file /home/lucas/anaconda3/lib/python3.11/site-packages/airflow/example_dags/example_latest_only.py for tasks to queue
[2024-04-03T09:29:43.644+0200] {logging_mixin.py:154} INFO - [2024-04-03T09:29:43.643+0200] {dagbag.py:536} INFO - Filling up the DagBag from /home/lucas/anaconda3/lib/python3.11/site-packages/airflow/example_dags/example_latest_only.py
[2024-04-03T09:29:43.647+0200] {processor.py:839} INFO - DAG(s) dict_keys(['latest_only']) retrieved from /home/lucas/anaconda3/lib/python3.11/site-packages/airflow/example_dags/example_latest_only.py
[2024-04-03T09:29:43.655+0200] {logging_mixin.py:154} INFO - [2024-04-03T09:29:43.655+0200] {dag.py:2941} INFO - Sync 1 DAGs
[2024-04-03T09:29:43.665+0200] {logging_mixin.py:154} INFO - [2024-04-03T09:29:43.664+0200] {dag.py:3722} INFO - Setting next_dagrun for latest_only to 2024-04-03T03:29:43.664848+00:00, run_after=2024-04-03T07:29:43.664848+00:00
[2024-04-03T09:29:43.678+0200] {processor.py:179} INFO - Processing /home/lucas/anaconda3/lib/python3.11/site-packages/airflow/example_dags/example_latest_only.py took 0.039 seconds
[2024-04-03T09:30:27.475+0200] {processor.py:157} INFO - Started process (PID=16982) to work on /home/lucas/anaconda3/lib/python3.11/site-packages/airflow/example_dags/example_latest_only.py
[2024-04-03T09:30:27.478+0200] {processor.py:829} INFO - Processing file /home/lucas/anaconda3/lib/python3.11/site-packages/airflow/example_dags/example_latest_only.py for tasks to queue
[2024-04-03T09:30:27.478+0200] {logging_mixin.py:154} INFO - [2024-04-03T09:30:27.478+0200] {dagbag.py:536} INFO - Filling up the DagBag from /home/lucas/anaconda3/lib/python3.11/site-packages/airflow/example_dags/example_latest_only.py
[2024-04-03T09:30:27.481+0200] {processor.py:839} INFO - DAG(s) dict_keys(['latest_only']) retrieved from /home/lucas/anaconda3/lib/python3.11/site-packages/airflow/example_dags/example_latest_only.py
[2024-04-03T09:30:27.489+0200] {logging_mixin.py:154} INFO - [2024-04-03T09:30:27.489+0200] {dag.py:2941} INFO - Sync 1 DAGs
[2024-04-03T09:30:27.497+0200] {logging_mixin.py:154} INFO - [2024-04-03T09:30:27.497+0200] {dag.py:3722} INFO - Setting next_dagrun for latest_only to 2024-04-03T03:30:27.497593+00:00, run_after=2024-04-03T07:30:27.497593+00:00
[2024-04-03T09:30:27.510+0200] {processor.py:179} INFO - Processing /home/lucas/anaconda3/lib/python3.11/site-packages/airflow/example_dags/example_latest_only.py took 0.036 seconds
[2024-04-03T09:31:16.778+0200] {processor.py:157} INFO - Started process (PID=17153) to work on /home/lucas/anaconda3/lib/python3.11/site-packages/airflow/example_dags/example_latest_only.py
[2024-04-03T09:31:16.781+0200] {processor.py:829} INFO - Processing file /home/lucas/anaconda3/lib/python3.11/site-packages/airflow/example_dags/example_latest_only.py for tasks to queue
[2024-04-03T09:31:16.781+0200] {logging_mixin.py:154} INFO - [2024-04-03T09:31:16.781+0200] {dagbag.py:536} INFO - Filling up the DagBag from /home/lucas/anaconda3/lib/python3.11/site-packages/airflow/example_dags/example_latest_only.py
[2024-04-03T09:31:16.785+0200] {processor.py:839} INFO - DAG(s) dict_keys(['latest_only']) retrieved from /home/lucas/anaconda3/lib/python3.11/site-packages/airflow/example_dags/example_latest_only.py
[2024-04-03T09:31:16.794+0200] {logging_mixin.py:154} INFO - [2024-04-03T09:31:16.794+0200] {dag.py:2941} INFO - Sync 1 DAGs
[2024-04-03T09:31:16.805+0200] {logging_mixin.py:154} INFO - [2024-04-03T09:31:16.805+0200] {dag.py:3722} INFO - Setting next_dagrun for latest_only to 2024-04-03T03:31:16.804776+00:00, run_after=2024-04-03T07:31:16.804776+00:00
[2024-04-03T09:31:16.820+0200] {processor.py:179} INFO - Processing /home/lucas/anaconda3/lib/python3.11/site-packages/airflow/example_dags/example_latest_only.py took 0.044 seconds
[2024-04-03T09:32:00.069+0200] {processor.py:157} INFO - Started process (PID=17325) to work on /home/lucas/anaconda3/lib/python3.11/site-packages/airflow/example_dags/example_latest_only.py
[2024-04-03T09:32:00.072+0200] {processor.py:829} INFO - Processing file /home/lucas/anaconda3/lib/python3.11/site-packages/airflow/example_dags/example_latest_only.py for tasks to queue
[2024-04-03T09:32:00.072+0200] {logging_mixin.py:154} INFO - [2024-04-03T09:32:00.072+0200] {dagbag.py:536} INFO - Filling up the DagBag from /home/lucas/anaconda3/lib/python3.11/site-packages/airflow/example_dags/example_latest_only.py
[2024-04-03T09:32:00.075+0200] {processor.py:839} INFO - DAG(s) dict_keys(['latest_only']) retrieved from /home/lucas/anaconda3/lib/python3.11/site-packages/airflow/example_dags/example_latest_only.py
[2024-04-03T09:32:00.083+0200] {logging_mixin.py:154} INFO - [2024-04-03T09:32:00.082+0200] {dag.py:2941} INFO - Sync 1 DAGs
[2024-04-03T09:32:00.091+0200] {logging_mixin.py:154} INFO - [2024-04-03T09:32:00.091+0200] {dag.py:3722} INFO - Setting next_dagrun for latest_only to 2024-04-03T03:32:00.091630+00:00, run_after=2024-04-03T07:32:00.091630+00:00
[2024-04-03T09:32:00.103+0200] {processor.py:179} INFO - Processing /home/lucas/anaconda3/lib/python3.11/site-packages/airflow/example_dags/example_latest_only.py took 0.035 seconds
[2024-04-03T09:32:31.938+0200] {processor.py:157} INFO - Started process (PID=17801) to work on /home/lucas/anaconda3/lib/python3.11/site-packages/airflow/example_dags/example_latest_only.py
[2024-04-03T09:32:31.941+0200] {processor.py:829} INFO - Processing file /home/lucas/anaconda3/lib/python3.11/site-packages/airflow/example_dags/example_latest_only.py for tasks to queue
[2024-04-03T09:32:31.941+0200] {logging_mixin.py:154} INFO - [2024-04-03T09:32:31.941+0200] {dagbag.py:536} INFO - Filling up the DagBag from /home/lucas/anaconda3/lib/python3.11/site-packages/airflow/example_dags/example_latest_only.py
[2024-04-03T09:32:31.944+0200] {processor.py:839} INFO - DAG(s) dict_keys(['latest_only']) retrieved from /home/lucas/anaconda3/lib/python3.11/site-packages/airflow/example_dags/example_latest_only.py
[2024-04-03T09:32:31.948+0200] {logging_mixin.py:154} INFO - [2024-04-03T09:32:31.948+0200] {dag.py:2941} INFO - Sync 1 DAGs
[2024-04-03T09:32:31.957+0200] {logging_mixin.py:154} INFO - [2024-04-03T09:32:31.957+0200] {dag.py:3722} INFO - Setting next_dagrun for latest_only to 2024-04-03T03:32:31.957711+00:00, run_after=2024-04-03T07:32:31.957711+00:00
[2024-04-03T09:32:31.971+0200] {processor.py:179} INFO - Processing /home/lucas/anaconda3/lib/python3.11/site-packages/airflow/example_dags/example_latest_only.py took 0.035 seconds
[2024-04-03T09:33:15.252+0200] {processor.py:157} INFO - Started process (PID=18136) to work on /home/lucas/anaconda3/lib/python3.11/site-packages/airflow/example_dags/example_latest_only.py
[2024-04-03T09:33:15.255+0200] {processor.py:829} INFO - Processing file /home/lucas/anaconda3/lib/python3.11/site-packages/airflow/example_dags/example_latest_only.py for tasks to queue
[2024-04-03T09:33:15.255+0200] {logging_mixin.py:154} INFO - [2024-04-03T09:33:15.255+0200] {dagbag.py:536} INFO - Filling up the DagBag from /home/lucas/anaconda3/lib/python3.11/site-packages/airflow/example_dags/example_latest_only.py
[2024-04-03T09:33:15.259+0200] {processor.py:839} INFO - DAG(s) dict_keys(['latest_only']) retrieved from /home/lucas/anaconda3/lib/python3.11/site-packages/airflow/example_dags/example_latest_only.py
[2024-04-03T09:33:15.268+0200] {logging_mixin.py:154} INFO - [2024-04-03T09:33:15.268+0200] {dag.py:2941} INFO - Sync 1 DAGs
[2024-04-03T09:33:15.279+0200] {logging_mixin.py:154} INFO - [2024-04-03T09:33:15.279+0200] {dag.py:3722} INFO - Setting next_dagrun for latest_only to 2024-04-03T03:33:15.278816+00:00, run_after=2024-04-03T07:33:15.278816+00:00
[2024-04-03T09:33:15.292+0200] {processor.py:179} INFO - Processing /home/lucas/anaconda3/lib/python3.11/site-packages/airflow/example_dags/example_latest_only.py took 0.042 seconds
[2024-04-03T09:34:00.321+0200] {processor.py:157} INFO - Started process (PID=18342) to work on /home/lucas/anaconda3/lib/python3.11/site-packages/airflow/example_dags/example_latest_only.py
[2024-04-03T09:34:00.324+0200] {processor.py:829} INFO - Processing file /home/lucas/anaconda3/lib/python3.11/site-packages/airflow/example_dags/example_latest_only.py for tasks to queue
[2024-04-03T09:34:00.324+0200] {logging_mixin.py:154} INFO - [2024-04-03T09:34:00.324+0200] {dagbag.py:536} INFO - Filling up the DagBag from /home/lucas/anaconda3/lib/python3.11/site-packages/airflow/example_dags/example_latest_only.py
[2024-04-03T09:34:00.327+0200] {processor.py:839} INFO - DAG(s) dict_keys(['latest_only']) retrieved from /home/lucas/anaconda3/lib/python3.11/site-packages/airflow/example_dags/example_latest_only.py
[2024-04-03T09:34:00.335+0200] {logging_mixin.py:154} INFO - [2024-04-03T09:34:00.335+0200] {dag.py:2941} INFO - Sync 1 DAGs
[2024-04-03T09:34:00.345+0200] {logging_mixin.py:154} INFO - [2024-04-03T09:34:00.344+0200] {dag.py:3722} INFO - Setting next_dagrun for latest_only to 2024-04-03T03:34:00.344791+00:00, run_after=2024-04-03T07:34:00.344791+00:00
[2024-04-03T09:34:00.357+0200] {processor.py:179} INFO - Processing /home/lucas/anaconda3/lib/python3.11/site-packages/airflow/example_dags/example_latest_only.py took 0.037 seconds
[2024-04-03T09:35:09.965+0200] {processor.py:157} INFO - Started process (PID=19039) to work on /home/lucas/anaconda3/lib/python3.11/site-packages/airflow/example_dags/example_latest_only.py
[2024-04-03T09:35:09.968+0200] {processor.py:829} INFO - Processing file /home/lucas/anaconda3/lib/python3.11/site-packages/airflow/example_dags/example_latest_only.py for tasks to queue
[2024-04-03T09:35:09.969+0200] {logging_mixin.py:154} INFO - [2024-04-03T09:35:09.968+0200] {dagbag.py:536} INFO - Filling up the DagBag from /home/lucas/anaconda3/lib/python3.11/site-packages/airflow/example_dags/example_latest_only.py
[2024-04-03T09:35:09.973+0200] {processor.py:839} INFO - DAG(s) dict_keys(['latest_only']) retrieved from /home/lucas/anaconda3/lib/python3.11/site-packages/airflow/example_dags/example_latest_only.py
[2024-04-03T09:35:09.980+0200] {logging_mixin.py:154} INFO - [2024-04-03T09:35:09.980+0200] {dag.py:2941} INFO - Sync 1 DAGs
[2024-04-03T09:35:09.992+0200] {logging_mixin.py:154} INFO - [2024-04-03T09:35:09.992+0200] {dag.py:3722} INFO - Setting next_dagrun for latest_only to 2024-04-03T03:35:09.992388+00:00, run_after=2024-04-03T07:35:09.992388+00:00
[2024-04-03T09:35:10.022+0200] {processor.py:179} INFO - Processing /home/lucas/anaconda3/lib/python3.11/site-packages/airflow/example_dags/example_latest_only.py took 0.059 seconds
[2024-04-03T09:35:53.476+0200] {processor.py:157} INFO - Started process (PID=19324) to work on /home/lucas/anaconda3/lib/python3.11/site-packages/airflow/example_dags/example_latest_only.py
[2024-04-03T09:35:53.476+0200] {processor.py:829} INFO - Processing file /home/lucas/anaconda3/lib/python3.11/site-packages/airflow/example_dags/example_latest_only.py for tasks to queue
[2024-04-03T09:35:53.477+0200] {logging_mixin.py:154} INFO - [2024-04-03T09:35:53.477+0200] {dagbag.py:536} INFO - Filling up the DagBag from /home/lucas/anaconda3/lib/python3.11/site-packages/airflow/example_dags/example_latest_only.py
[2024-04-03T09:35:53.481+0200] {processor.py:839} INFO - DAG(s) dict_keys(['latest_only']) retrieved from /home/lucas/anaconda3/lib/python3.11/site-packages/airflow/example_dags/example_latest_only.py
[2024-04-03T09:35:53.491+0200] {logging_mixin.py:154} INFO - [2024-04-03T09:35:53.491+0200] {dag.py:2941} INFO - Sync 1 DAGs
[2024-04-03T09:35:53.501+0200] {logging_mixin.py:154} INFO - [2024-04-03T09:35:53.500+0200] {dag.py:3722} INFO - Setting next_dagrun for latest_only to 2024-04-03T03:35:53.500797+00:00, run_after=2024-04-03T07:35:53.500797+00:00
[2024-04-03T09:35:53.513+0200] {processor.py:179} INFO - Processing /home/lucas/anaconda3/lib/python3.11/site-packages/airflow/example_dags/example_latest_only.py took 0.039 seconds
[2024-04-03T09:36:38.478+0200] {processor.py:157} INFO - Started process (PID=19440) to work on /home/lucas/anaconda3/lib/python3.11/site-packages/airflow/example_dags/example_latest_only.py
[2024-04-03T09:36:38.481+0200] {processor.py:829} INFO - Processing file /home/lucas/anaconda3/lib/python3.11/site-packages/airflow/example_dags/example_latest_only.py for tasks to queue
[2024-04-03T09:36:38.481+0200] {logging_mixin.py:154} INFO - [2024-04-03T09:36:38.481+0200] {dagbag.py:536} INFO - Filling up the DagBag from /home/lucas/anaconda3/lib/python3.11/site-packages/airflow/example_dags/example_latest_only.py
[2024-04-03T09:36:38.484+0200] {processor.py:839} INFO - DAG(s) dict_keys(['latest_only']) retrieved from /home/lucas/anaconda3/lib/python3.11/site-packages/airflow/example_dags/example_latest_only.py
[2024-04-03T09:36:38.491+0200] {logging_mixin.py:154} INFO - [2024-04-03T09:36:38.491+0200] {dag.py:2941} INFO - Sync 1 DAGs
[2024-04-03T09:36:38.500+0200] {logging_mixin.py:154} INFO - [2024-04-03T09:36:38.500+0200] {dag.py:3722} INFO - Setting next_dagrun for latest_only to 2024-04-03T03:36:38.500532+00:00, run_after=2024-04-03T07:36:38.500532+00:00
[2024-04-03T09:36:38.512+0200] {processor.py:179} INFO - Processing /home/lucas/anaconda3/lib/python3.11/site-packages/airflow/example_dags/example_latest_only.py took 0.036 seconds
[2024-04-03T09:37:20.376+0200] {processor.py:157} INFO - Started process (PID=19558) to work on /home/lucas/anaconda3/lib/python3.11/site-packages/airflow/example_dags/example_latest_only.py
[2024-04-03T09:37:20.379+0200] {processor.py:829} INFO - Processing file /home/lucas/anaconda3/lib/python3.11/site-packages/airflow/example_dags/example_latest_only.py for tasks to queue
[2024-04-03T09:37:20.379+0200] {logging_mixin.py:154} INFO - [2024-04-03T09:37:20.379+0200] {dagbag.py:536} INFO - Filling up the DagBag from /home/lucas/anaconda3/lib/python3.11/site-packages/airflow/example_dags/example_latest_only.py
[2024-04-03T09:37:20.382+0200] {processor.py:839} INFO - DAG(s) dict_keys(['latest_only']) retrieved from /home/lucas/anaconda3/lib/python3.11/site-packages/airflow/example_dags/example_latest_only.py
[2024-04-03T09:37:20.390+0200] {logging_mixin.py:154} INFO - [2024-04-03T09:37:20.390+0200] {dag.py:2941} INFO - Sync 1 DAGs
[2024-04-03T09:37:20.398+0200] {logging_mixin.py:154} INFO - [2024-04-03T09:37:20.398+0200] {dag.py:3722} INFO - Setting next_dagrun for latest_only to 2024-04-03T03:37:20.398687+00:00, run_after=2024-04-03T07:37:20.398687+00:00
[2024-04-03T09:37:20.411+0200] {processor.py:179} INFO - Processing /home/lucas/anaconda3/lib/python3.11/site-packages/airflow/example_dags/example_latest_only.py took 0.036 seconds
[2024-04-03T09:38:05.146+0200] {processor.py:157} INFO - Started process (PID=19694) to work on /home/lucas/anaconda3/lib/python3.11/site-packages/airflow/example_dags/example_latest_only.py
[2024-04-03T09:38:05.147+0200] {processor.py:829} INFO - Processing file /home/lucas/anaconda3/lib/python3.11/site-packages/airflow/example_dags/example_latest_only.py for tasks to queue
[2024-04-03T09:38:05.147+0200] {logging_mixin.py:154} INFO - [2024-04-03T09:38:05.147+0200] {dagbag.py:536} INFO - Filling up the DagBag from /home/lucas/anaconda3/lib/python3.11/site-packages/airflow/example_dags/example_latest_only.py
[2024-04-03T09:38:05.150+0200] {processor.py:839} INFO - DAG(s) dict_keys(['latest_only']) retrieved from /home/lucas/anaconda3/lib/python3.11/site-packages/airflow/example_dags/example_latest_only.py
[2024-04-03T09:38:05.157+0200] {logging_mixin.py:154} INFO - [2024-04-03T09:38:05.157+0200] {dag.py:2941} INFO - Sync 1 DAGs
[2024-04-03T09:38:05.166+0200] {logging_mixin.py:154} INFO - [2024-04-03T09:38:05.166+0200] {dag.py:3722} INFO - Setting next_dagrun for latest_only to 2024-04-03T03:38:05.166621+00:00, run_after=2024-04-03T07:38:05.166621+00:00
[2024-04-03T09:38:05.178+0200] {processor.py:179} INFO - Processing /home/lucas/anaconda3/lib/python3.11/site-packages/airflow/example_dags/example_latest_only.py took 0.034 seconds
[2024-04-03T09:38:49.079+0200] {processor.py:157} INFO - Started process (PID=19751) to work on /home/lucas/anaconda3/lib/python3.11/site-packages/airflow/example_dags/example_latest_only.py
[2024-04-03T09:38:49.081+0200] {processor.py:829} INFO - Processing file /home/lucas/anaconda3/lib/python3.11/site-packages/airflow/example_dags/example_latest_only.py for tasks to queue
[2024-04-03T09:38:49.082+0200] {logging_mixin.py:154} INFO - [2024-04-03T09:38:49.082+0200] {dagbag.py:536} INFO - Filling up the DagBag from /home/lucas/anaconda3/lib/python3.11/site-packages/airflow/example_dags/example_latest_only.py
[2024-04-03T09:38:49.085+0200] {processor.py:839} INFO - DAG(s) dict_keys(['latest_only']) retrieved from /home/lucas/anaconda3/lib/python3.11/site-packages/airflow/example_dags/example_latest_only.py
[2024-04-03T09:38:49.092+0200] {logging_mixin.py:154} INFO - [2024-04-03T09:38:49.092+0200] {dag.py:2941} INFO - Sync 1 DAGs
[2024-04-03T09:38:49.101+0200] {logging_mixin.py:154} INFO - [2024-04-03T09:38:49.100+0200] {dag.py:3722} INFO - Setting next_dagrun for latest_only to 2024-04-03T03:38:49.100879+00:00, run_after=2024-04-03T07:38:49.100879+00:00
[2024-04-03T09:38:49.112+0200] {processor.py:179} INFO - Processing /home/lucas/anaconda3/lib/python3.11/site-packages/airflow/example_dags/example_latest_only.py took 0.035 seconds
[2024-04-03T09:39:35.609+0200] {processor.py:157} INFO - Started process (PID=19870) to work on /home/lucas/anaconda3/lib/python3.11/site-packages/airflow/example_dags/example_latest_only.py
[2024-04-03T09:39:35.612+0200] {processor.py:829} INFO - Processing file /home/lucas/anaconda3/lib/python3.11/site-packages/airflow/example_dags/example_latest_only.py for tasks to queue
[2024-04-03T09:39:35.612+0200] {logging_mixin.py:154} INFO - [2024-04-03T09:39:35.612+0200] {dagbag.py:536} INFO - Filling up the DagBag from /home/lucas/anaconda3/lib/python3.11/site-packages/airflow/example_dags/example_latest_only.py
[2024-04-03T09:39:35.615+0200] {processor.py:839} INFO - DAG(s) dict_keys(['latest_only']) retrieved from /home/lucas/anaconda3/lib/python3.11/site-packages/airflow/example_dags/example_latest_only.py
[2024-04-03T09:39:35.623+0200] {logging_mixin.py:154} INFO - [2024-04-03T09:39:35.623+0200] {dag.py:2941} INFO - Sync 1 DAGs
[2024-04-03T09:39:35.632+0200] {logging_mixin.py:154} INFO - [2024-04-03T09:39:35.631+0200] {dag.py:3722} INFO - Setting next_dagrun for latest_only to 2024-04-03T03:39:35.631791+00:00, run_after=2024-04-03T07:39:35.631791+00:00
[2024-04-03T09:39:35.643+0200] {processor.py:179} INFO - Processing /home/lucas/anaconda3/lib/python3.11/site-packages/airflow/example_dags/example_latest_only.py took 0.036 seconds
[2024-04-03T09:40:15.969+0200] {processor.py:157} INFO - Started process (PID=20044) to work on /home/lucas/anaconda3/lib/python3.11/site-packages/airflow/example_dags/example_latest_only.py
[2024-04-03T09:40:15.970+0200] {processor.py:829} INFO - Processing file /home/lucas/anaconda3/lib/python3.11/site-packages/airflow/example_dags/example_latest_only.py for tasks to queue
[2024-04-03T09:40:15.970+0200] {logging_mixin.py:154} INFO - [2024-04-03T09:40:15.970+0200] {dagbag.py:536} INFO - Filling up the DagBag from /home/lucas/anaconda3/lib/python3.11/site-packages/airflow/example_dags/example_latest_only.py
[2024-04-03T09:40:15.973+0200] {processor.py:839} INFO - DAG(s) dict_keys(['latest_only']) retrieved from /home/lucas/anaconda3/lib/python3.11/site-packages/airflow/example_dags/example_latest_only.py
[2024-04-03T09:40:15.981+0200] {logging_mixin.py:154} INFO - [2024-04-03T09:40:15.981+0200] {dag.py:2941} INFO - Sync 1 DAGs
[2024-04-03T09:40:15.989+0200] {logging_mixin.py:154} INFO - [2024-04-03T09:40:15.989+0200] {dag.py:3722} INFO - Setting next_dagrun for latest_only to 2024-04-03T03:40:15.989712+00:00, run_after=2024-04-03T07:40:15.989712+00:00
[2024-04-03T09:40:16.001+0200] {processor.py:179} INFO - Processing /home/lucas/anaconda3/lib/python3.11/site-packages/airflow/example_dags/example_latest_only.py took 0.033 seconds
[2024-04-03T09:41:02.101+0200] {processor.py:157} INFO - Started process (PID=20163) to work on /home/lucas/anaconda3/lib/python3.11/site-packages/airflow/example_dags/example_latest_only.py
[2024-04-03T09:41:02.104+0200] {processor.py:829} INFO - Processing file /home/lucas/anaconda3/lib/python3.11/site-packages/airflow/example_dags/example_latest_only.py for tasks to queue
[2024-04-03T09:41:02.105+0200] {logging_mixin.py:154} INFO - [2024-04-03T09:41:02.104+0200] {dagbag.py:536} INFO - Filling up the DagBag from /home/lucas/anaconda3/lib/python3.11/site-packages/airflow/example_dags/example_latest_only.py
[2024-04-03T09:41:02.107+0200] {processor.py:839} INFO - DAG(s) dict_keys(['latest_only']) retrieved from /home/lucas/anaconda3/lib/python3.11/site-packages/airflow/example_dags/example_latest_only.py
[2024-04-03T09:41:02.115+0200] {logging_mixin.py:154} INFO - [2024-04-03T09:41:02.115+0200] {dag.py:2941} INFO - Sync 1 DAGs
[2024-04-03T09:41:02.124+0200] {logging_mixin.py:154} INFO - [2024-04-03T09:41:02.124+0200] {dag.py:3722} INFO - Setting next_dagrun for latest_only to 2024-04-03T03:41:02.124097+00:00, run_after=2024-04-03T07:41:02.124097+00:00
[2024-04-03T09:41:02.136+0200] {processor.py:179} INFO - Processing /home/lucas/anaconda3/lib/python3.11/site-packages/airflow/example_dags/example_latest_only.py took 0.036 seconds
[2024-04-03T09:41:44.907+0200] {processor.py:157} INFO - Started process (PID=20222) to work on /home/lucas/anaconda3/lib/python3.11/site-packages/airflow/example_dags/example_latest_only.py
[2024-04-03T09:41:44.910+0200] {processor.py:829} INFO - Processing file /home/lucas/anaconda3/lib/python3.11/site-packages/airflow/example_dags/example_latest_only.py for tasks to queue
[2024-04-03T09:41:44.910+0200] {logging_mixin.py:154} INFO - [2024-04-03T09:41:44.910+0200] {dagbag.py:536} INFO - Filling up the DagBag from /home/lucas/anaconda3/lib/python3.11/site-packages/airflow/example_dags/example_latest_only.py
[2024-04-03T09:41:44.913+0200] {processor.py:839} INFO - DAG(s) dict_keys(['latest_only']) retrieved from /home/lucas/anaconda3/lib/python3.11/site-packages/airflow/example_dags/example_latest_only.py
[2024-04-03T09:41:44.921+0200] {logging_mixin.py:154} INFO - [2024-04-03T09:41:44.921+0200] {dag.py:2941} INFO - Sync 1 DAGs
[2024-04-03T09:41:44.930+0200] {logging_mixin.py:154} INFO - [2024-04-03T09:41:44.930+0200] {dag.py:3722} INFO - Setting next_dagrun for latest_only to 2024-04-03T03:41:44.929990+00:00, run_after=2024-04-03T07:41:44.929990+00:00
[2024-04-03T09:41:44.942+0200] {processor.py:179} INFO - Processing /home/lucas/anaconda3/lib/python3.11/site-packages/airflow/example_dags/example_latest_only.py took 0.036 seconds
[2024-04-03T09:42:29.329+0200] {processor.py:157} INFO - Started process (PID=20387) to work on /home/lucas/anaconda3/lib/python3.11/site-packages/airflow/example_dags/example_latest_only.py
[2024-04-03T09:42:29.330+0200] {processor.py:829} INFO - Processing file /home/lucas/anaconda3/lib/python3.11/site-packages/airflow/example_dags/example_latest_only.py for tasks to queue
[2024-04-03T09:42:29.330+0200] {logging_mixin.py:154} INFO - [2024-04-03T09:42:29.330+0200] {dagbag.py:536} INFO - Filling up the DagBag from /home/lucas/anaconda3/lib/python3.11/site-packages/airflow/example_dags/example_latest_only.py
[2024-04-03T09:42:29.333+0200] {processor.py:839} INFO - DAG(s) dict_keys(['latest_only']) retrieved from /home/lucas/anaconda3/lib/python3.11/site-packages/airflow/example_dags/example_latest_only.py
[2024-04-03T09:42:29.342+0200] {logging_mixin.py:154} INFO - [2024-04-03T09:42:29.342+0200] {dag.py:2941} INFO - Sync 1 DAGs
[2024-04-03T09:42:29.351+0200] {logging_mixin.py:154} INFO - [2024-04-03T09:42:29.351+0200] {dag.py:3722} INFO - Setting next_dagrun for latest_only to 2024-04-03T03:42:29.351706+00:00, run_after=2024-04-03T07:42:29.351706+00:00
[2024-04-03T09:42:29.363+0200] {processor.py:179} INFO - Processing /home/lucas/anaconda3/lib/python3.11/site-packages/airflow/example_dags/example_latest_only.py took 0.036 seconds
[2024-04-03T09:43:17.043+0200] {processor.py:157} INFO - Started process (PID=20552) to work on /home/lucas/anaconda3/lib/python3.11/site-packages/airflow/example_dags/example_latest_only.py
[2024-04-03T09:43:17.046+0200] {processor.py:829} INFO - Processing file /home/lucas/anaconda3/lib/python3.11/site-packages/airflow/example_dags/example_latest_only.py for tasks to queue
[2024-04-03T09:43:17.046+0200] {logging_mixin.py:154} INFO - [2024-04-03T09:43:17.046+0200] {dagbag.py:536} INFO - Filling up the DagBag from /home/lucas/anaconda3/lib/python3.11/site-packages/airflow/example_dags/example_latest_only.py
[2024-04-03T09:43:17.049+0200] {processor.py:839} INFO - DAG(s) dict_keys(['latest_only']) retrieved from /home/lucas/anaconda3/lib/python3.11/site-packages/airflow/example_dags/example_latest_only.py
[2024-04-03T09:43:17.057+0200] {logging_mixin.py:154} INFO - [2024-04-03T09:43:17.057+0200] {dag.py:2941} INFO - Sync 1 DAGs
[2024-04-03T09:43:17.066+0200] {logging_mixin.py:154} INFO - [2024-04-03T09:43:17.065+0200] {dag.py:3722} INFO - Setting next_dagrun for latest_only to 2024-04-03T03:43:17.065802+00:00, run_after=2024-04-03T07:43:17.065802+00:00
[2024-04-03T09:43:17.078+0200] {processor.py:179} INFO - Processing /home/lucas/anaconda3/lib/python3.11/site-packages/airflow/example_dags/example_latest_only.py took 0.036 seconds
[2024-04-03T09:44:03.228+0200] {processor.py:157} INFO - Started process (PID=20673) to work on /home/lucas/anaconda3/lib/python3.11/site-packages/airflow/example_dags/example_latest_only.py
[2024-04-03T09:44:03.231+0200] {processor.py:829} INFO - Processing file /home/lucas/anaconda3/lib/python3.11/site-packages/airflow/example_dags/example_latest_only.py for tasks to queue
[2024-04-03T09:44:03.231+0200] {logging_mixin.py:154} INFO - [2024-04-03T09:44:03.231+0200] {dagbag.py:536} INFO - Filling up the DagBag from /home/lucas/anaconda3/lib/python3.11/site-packages/airflow/example_dags/example_latest_only.py
[2024-04-03T09:44:03.235+0200] {processor.py:839} INFO - DAG(s) dict_keys(['latest_only']) retrieved from /home/lucas/anaconda3/lib/python3.11/site-packages/airflow/example_dags/example_latest_only.py
[2024-04-03T09:44:03.245+0200] {logging_mixin.py:154} INFO - [2024-04-03T09:44:03.244+0200] {dag.py:2941} INFO - Sync 1 DAGs
[2024-04-03T09:44:03.256+0200] {logging_mixin.py:154} INFO - [2024-04-03T09:44:03.256+0200] {dag.py:3722} INFO - Setting next_dagrun for latest_only to 2024-04-03T03:44:03.256535+00:00, run_after=2024-04-03T07:44:03.256535+00:00
[2024-04-03T09:44:03.269+0200] {processor.py:179} INFO - Processing /home/lucas/anaconda3/lib/python3.11/site-packages/airflow/example_dags/example_latest_only.py took 0.043 seconds
[2024-04-03T09:44:48.848+0200] {processor.py:157} INFO - Started process (PID=21010) to work on /home/lucas/anaconda3/lib/python3.11/site-packages/airflow/example_dags/example_latest_only.py
[2024-04-03T09:44:48.851+0200] {processor.py:829} INFO - Processing file /home/lucas/anaconda3/lib/python3.11/site-packages/airflow/example_dags/example_latest_only.py for tasks to queue
[2024-04-03T09:44:48.851+0200] {logging_mixin.py:154} INFO - [2024-04-03T09:44:48.851+0200] {dagbag.py:536} INFO - Filling up the DagBag from /home/lucas/anaconda3/lib/python3.11/site-packages/airflow/example_dags/example_latest_only.py
[2024-04-03T09:44:48.855+0200] {processor.py:839} INFO - DAG(s) dict_keys(['latest_only']) retrieved from /home/lucas/anaconda3/lib/python3.11/site-packages/airflow/example_dags/example_latest_only.py
[2024-04-03T09:44:48.862+0200] {logging_mixin.py:154} INFO - [2024-04-03T09:44:48.862+0200] {dag.py:2941} INFO - Sync 1 DAGs
[2024-04-03T09:44:48.871+0200] {logging_mixin.py:154} INFO - [2024-04-03T09:44:48.871+0200] {dag.py:3722} INFO - Setting next_dagrun for latest_only to 2024-04-03T03:44:48.870964+00:00, run_after=2024-04-03T07:44:48.870964+00:00
[2024-04-03T09:44:48.883+0200] {processor.py:179} INFO - Processing /home/lucas/anaconda3/lib/python3.11/site-packages/airflow/example_dags/example_latest_only.py took 0.036 seconds
[2024-04-03T09:45:34.364+0200] {processor.py:157} INFO - Started process (PID=21262) to work on /home/lucas/anaconda3/lib/python3.11/site-packages/airflow/example_dags/example_latest_only.py
[2024-04-03T09:45:34.367+0200] {processor.py:829} INFO - Processing file /home/lucas/anaconda3/lib/python3.11/site-packages/airflow/example_dags/example_latest_only.py for tasks to queue
[2024-04-03T09:45:34.368+0200] {logging_mixin.py:154} INFO - [2024-04-03T09:45:34.367+0200] {dagbag.py:536} INFO - Filling up the DagBag from /home/lucas/anaconda3/lib/python3.11/site-packages/airflow/example_dags/example_latest_only.py
[2024-04-03T09:45:34.370+0200] {processor.py:839} INFO - DAG(s) dict_keys(['latest_only']) retrieved from /home/lucas/anaconda3/lib/python3.11/site-packages/airflow/example_dags/example_latest_only.py
[2024-04-03T09:45:34.378+0200] {logging_mixin.py:154} INFO - [2024-04-03T09:45:34.378+0200] {dag.py:2941} INFO - Sync 1 DAGs
[2024-04-03T09:45:34.387+0200] {logging_mixin.py:154} INFO - [2024-04-03T09:45:34.387+0200] {dag.py:3722} INFO - Setting next_dagrun for latest_only to 2024-04-03T03:45:34.387110+00:00, run_after=2024-04-03T07:45:34.387110+00:00
[2024-04-03T09:45:34.398+0200] {processor.py:179} INFO - Processing /home/lucas/anaconda3/lib/python3.11/site-packages/airflow/example_dags/example_latest_only.py took 0.036 seconds
[2024-04-03T09:48:10.787+0200] {processor.py:157} INFO - Started process (PID=21903) to work on /home/lucas/anaconda3/lib/python3.11/site-packages/airflow/example_dags/example_latest_only.py
[2024-04-03T09:48:10.788+0200] {processor.py:829} INFO - Processing file /home/lucas/anaconda3/lib/python3.11/site-packages/airflow/example_dags/example_latest_only.py for tasks to queue
[2024-04-03T09:48:10.789+0200] {logging_mixin.py:154} INFO - [2024-04-03T09:48:10.789+0200] {dagbag.py:536} INFO - Filling up the DagBag from /home/lucas/anaconda3/lib/python3.11/site-packages/airflow/example_dags/example_latest_only.py
[2024-04-03T09:48:10.792+0200] {processor.py:839} INFO - DAG(s) dict_keys(['latest_only']) retrieved from /home/lucas/anaconda3/lib/python3.11/site-packages/airflow/example_dags/example_latest_only.py
[2024-04-03T09:48:10.796+0200] {logging_mixin.py:154} INFO - [2024-04-03T09:48:10.796+0200] {dag.py:2941} INFO - Sync 1 DAGs
[2024-04-03T09:48:10.805+0200] {logging_mixin.py:154} INFO - [2024-04-03T09:48:10.805+0200] {dag.py:3722} INFO - Setting next_dagrun for latest_only to 2024-04-03T03:48:10.805241+00:00, run_after=2024-04-03T07:48:10.805241+00:00
[2024-04-03T09:48:10.817+0200] {processor.py:179} INFO - Processing /home/lucas/anaconda3/lib/python3.11/site-packages/airflow/example_dags/example_latest_only.py took 0.031 seconds
[2024-04-03T09:48:53.108+0200] {processor.py:157} INFO - Started process (PID=22084) to work on /home/lucas/anaconda3/lib/python3.11/site-packages/airflow/example_dags/example_latest_only.py
[2024-04-03T09:48:53.111+0200] {processor.py:829} INFO - Processing file /home/lucas/anaconda3/lib/python3.11/site-packages/airflow/example_dags/example_latest_only.py for tasks to queue
[2024-04-03T09:48:53.111+0200] {logging_mixin.py:154} INFO - [2024-04-03T09:48:53.111+0200] {dagbag.py:536} INFO - Filling up the DagBag from /home/lucas/anaconda3/lib/python3.11/site-packages/airflow/example_dags/example_latest_only.py
[2024-04-03T09:48:53.115+0200] {processor.py:839} INFO - DAG(s) dict_keys(['latest_only']) retrieved from /home/lucas/anaconda3/lib/python3.11/site-packages/airflow/example_dags/example_latest_only.py
[2024-04-03T09:48:53.123+0200] {logging_mixin.py:154} INFO - [2024-04-03T09:48:53.123+0200] {dag.py:2941} INFO - Sync 1 DAGs
[2024-04-03T09:48:53.133+0200] {logging_mixin.py:154} INFO - [2024-04-03T09:48:53.132+0200] {dag.py:3722} INFO - Setting next_dagrun for latest_only to 2024-04-03T03:48:53.132765+00:00, run_after=2024-04-03T07:48:53.132765+00:00
[2024-04-03T09:48:53.148+0200] {processor.py:179} INFO - Processing /home/lucas/anaconda3/lib/python3.11/site-packages/airflow/example_dags/example_latest_only.py took 0.041 seconds
[2024-04-03T09:49:38.244+0200] {processor.py:157} INFO - Started process (PID=22344) to work on /home/lucas/anaconda3/lib/python3.11/site-packages/airflow/example_dags/example_latest_only.py
[2024-04-03T09:49:38.247+0200] {processor.py:829} INFO - Processing file /home/lucas/anaconda3/lib/python3.11/site-packages/airflow/example_dags/example_latest_only.py for tasks to queue
[2024-04-03T09:49:38.248+0200] {logging_mixin.py:154} INFO - [2024-04-03T09:49:38.247+0200] {dagbag.py:536} INFO - Filling up the DagBag from /home/lucas/anaconda3/lib/python3.11/site-packages/airflow/example_dags/example_latest_only.py
[2024-04-03T09:49:38.250+0200] {processor.py:839} INFO - DAG(s) dict_keys(['latest_only']) retrieved from /home/lucas/anaconda3/lib/python3.11/site-packages/airflow/example_dags/example_latest_only.py
[2024-04-03T09:49:38.259+0200] {logging_mixin.py:154} INFO - [2024-04-03T09:49:38.258+0200] {dag.py:2941} INFO - Sync 1 DAGs
[2024-04-03T09:49:38.268+0200] {logging_mixin.py:154} INFO - [2024-04-03T09:49:38.268+0200] {dag.py:3722} INFO - Setting next_dagrun for latest_only to 2024-04-03T03:49:38.268028+00:00, run_after=2024-04-03T07:49:38.268028+00:00
[2024-04-03T09:49:38.280+0200] {processor.py:179} INFO - Processing /home/lucas/anaconda3/lib/python3.11/site-packages/airflow/example_dags/example_latest_only.py took 0.037 seconds
[2024-04-03T09:50:18.653+0200] {processor.py:157} INFO - Started process (PID=22489) to work on /home/lucas/anaconda3/lib/python3.11/site-packages/airflow/example_dags/example_latest_only.py
[2024-04-03T09:50:18.656+0200] {processor.py:829} INFO - Processing file /home/lucas/anaconda3/lib/python3.11/site-packages/airflow/example_dags/example_latest_only.py for tasks to queue
[2024-04-03T09:50:18.657+0200] {logging_mixin.py:154} INFO - [2024-04-03T09:50:18.657+0200] {dagbag.py:536} INFO - Filling up the DagBag from /home/lucas/anaconda3/lib/python3.11/site-packages/airflow/example_dags/example_latest_only.py
[2024-04-03T09:50:18.660+0200] {processor.py:839} INFO - DAG(s) dict_keys(['latest_only']) retrieved from /home/lucas/anaconda3/lib/python3.11/site-packages/airflow/example_dags/example_latest_only.py
[2024-04-03T09:50:18.669+0200] {logging_mixin.py:154} INFO - [2024-04-03T09:50:18.669+0200] {dag.py:2941} INFO - Sync 1 DAGs
[2024-04-03T09:50:18.678+0200] {logging_mixin.py:154} INFO - [2024-04-03T09:50:18.678+0200] {dag.py:3722} INFO - Setting next_dagrun for latest_only to 2024-04-03T03:50:18.678298+00:00, run_after=2024-04-03T07:50:18.678298+00:00
[2024-04-03T09:50:18.692+0200] {processor.py:179} INFO - Processing /home/lucas/anaconda3/lib/python3.11/site-packages/airflow/example_dags/example_latest_only.py took 0.040 seconds
[2024-04-03T09:51:03.970+0200] {processor.py:157} INFO - Started process (PID=22911) to work on /home/lucas/anaconda3/lib/python3.11/site-packages/airflow/example_dags/example_latest_only.py
[2024-04-03T09:51:03.973+0200] {processor.py:829} INFO - Processing file /home/lucas/anaconda3/lib/python3.11/site-packages/airflow/example_dags/example_latest_only.py for tasks to queue
[2024-04-03T09:51:03.973+0200] {logging_mixin.py:154} INFO - [2024-04-03T09:51:03.973+0200] {dagbag.py:536} INFO - Filling up the DagBag from /home/lucas/anaconda3/lib/python3.11/site-packages/airflow/example_dags/example_latest_only.py
[2024-04-03T09:51:03.976+0200] {processor.py:839} INFO - DAG(s) dict_keys(['latest_only']) retrieved from /home/lucas/anaconda3/lib/python3.11/site-packages/airflow/example_dags/example_latest_only.py
[2024-04-03T09:51:03.984+0200] {logging_mixin.py:154} INFO - [2024-04-03T09:51:03.984+0200] {dag.py:2941} INFO - Sync 1 DAGs
[2024-04-03T09:51:03.993+0200] {logging_mixin.py:154} INFO - [2024-04-03T09:51:03.992+0200] {dag.py:3722} INFO - Setting next_dagrun for latest_only to 2024-04-03T03:51:03.992880+00:00, run_after=2024-04-03T07:51:03.992880+00:00
[2024-04-03T09:51:04.005+0200] {processor.py:179} INFO - Processing /home/lucas/anaconda3/lib/python3.11/site-packages/airflow/example_dags/example_latest_only.py took 0.037 seconds
[2024-04-03T09:54:07.607+0200] {processor.py:157} INFO - Started process (PID=23778) to work on /home/lucas/anaconda3/lib/python3.11/site-packages/airflow/example_dags/example_latest_only.py
[2024-04-03T09:54:07.610+0200] {processor.py:829} INFO - Processing file /home/lucas/anaconda3/lib/python3.11/site-packages/airflow/example_dags/example_latest_only.py for tasks to queue
[2024-04-03T09:54:07.610+0200] {logging_mixin.py:154} INFO - [2024-04-03T09:54:07.610+0200] {dagbag.py:536} INFO - Filling up the DagBag from /home/lucas/anaconda3/lib/python3.11/site-packages/airflow/example_dags/example_latest_only.py
[2024-04-03T09:54:07.613+0200] {processor.py:839} INFO - DAG(s) dict_keys(['latest_only']) retrieved from /home/lucas/anaconda3/lib/python3.11/site-packages/airflow/example_dags/example_latest_only.py
[2024-04-03T09:54:07.626+0200] {logging_mixin.py:154} INFO - [2024-04-03T09:54:07.625+0200] {dag.py:2941} INFO - Sync 1 DAGs
[2024-04-03T09:54:07.635+0200] {logging_mixin.py:154} INFO - [2024-04-03T09:54:07.635+0200] {dag.py:3722} INFO - Setting next_dagrun for latest_only to 2024-04-03T03:54:07.635236+00:00, run_after=2024-04-03T07:54:07.635236+00:00
[2024-04-03T09:54:07.648+0200] {processor.py:179} INFO - Processing /home/lucas/anaconda3/lib/python3.11/site-packages/airflow/example_dags/example_latest_only.py took 0.043 seconds
[2024-04-03T09:54:49.788+0200] {processor.py:157} INFO - Started process (PID=23896) to work on /home/lucas/anaconda3/lib/python3.11/site-packages/airflow/example_dags/example_latest_only.py
[2024-04-03T09:54:49.790+0200] {processor.py:829} INFO - Processing file /home/lucas/anaconda3/lib/python3.11/site-packages/airflow/example_dags/example_latest_only.py for tasks to queue
[2024-04-03T09:54:49.791+0200] {logging_mixin.py:154} INFO - [2024-04-03T09:54:49.791+0200] {dagbag.py:536} INFO - Filling up the DagBag from /home/lucas/anaconda3/lib/python3.11/site-packages/airflow/example_dags/example_latest_only.py
[2024-04-03T09:54:49.794+0200] {processor.py:839} INFO - DAG(s) dict_keys(['latest_only']) retrieved from /home/lucas/anaconda3/lib/python3.11/site-packages/airflow/example_dags/example_latest_only.py
[2024-04-03T09:54:49.801+0200] {logging_mixin.py:154} INFO - [2024-04-03T09:54:49.801+0200] {dag.py:2941} INFO - Sync 1 DAGs
[2024-04-03T09:54:49.810+0200] {logging_mixin.py:154} INFO - [2024-04-03T09:54:49.810+0200] {dag.py:3722} INFO - Setting next_dagrun for latest_only to 2024-04-03T03:54:49.810266+00:00, run_after=2024-04-03T07:54:49.810266+00:00
[2024-04-03T09:54:49.822+0200] {processor.py:179} INFO - Processing /home/lucas/anaconda3/lib/python3.11/site-packages/airflow/example_dags/example_latest_only.py took 0.036 seconds
[2024-04-03T09:59:52.231+0200] {processor.py:157} INFO - Started process (PID=93018) to work on /home/lucas/anaconda3/lib/python3.11/site-packages/airflow/example_dags/example_latest_only.py
[2024-04-03T09:59:52.232+0200] {processor.py:829} INFO - Processing file /home/lucas/anaconda3/lib/python3.11/site-packages/airflow/example_dags/example_latest_only.py for tasks to queue
[2024-04-03T09:59:52.233+0200] {logging_mixin.py:154} INFO - [2024-04-03T09:59:52.232+0200] {dagbag.py:536} INFO - Filling up the DagBag from /home/lucas/anaconda3/lib/python3.11/site-packages/airflow/example_dags/example_latest_only.py
[2024-04-03T09:59:52.235+0200] {processor.py:839} INFO - DAG(s) dict_keys(['latest_only']) retrieved from /home/lucas/anaconda3/lib/python3.11/site-packages/airflow/example_dags/example_latest_only.py
[2024-04-03T09:59:52.240+0200] {logging_mixin.py:154} INFO - [2024-04-03T09:59:52.240+0200] {dag.py:2941} INFO - Sync 1 DAGs
[2024-04-03T09:59:52.252+0200] {logging_mixin.py:154} INFO - [2024-04-03T09:59:52.251+0200] {dag.py:3722} INFO - Setting next_dagrun for latest_only to 2024-04-03T03:59:52.251835+00:00, run_after=2024-04-03T07:59:52.251835+00:00
[2024-04-03T09:59:52.264+0200] {processor.py:179} INFO - Processing /home/lucas/anaconda3/lib/python3.11/site-packages/airflow/example_dags/example_latest_only.py took 0.034 seconds
[2024-04-03T10:01:32.155+0200] {processor.py:157} INFO - Started process (PID=93658) to work on /home/lucas/anaconda3/lib/python3.11/site-packages/airflow/example_dags/example_latest_only.py
[2024-04-03T10:01:32.157+0200] {processor.py:829} INFO - Processing file /home/lucas/anaconda3/lib/python3.11/site-packages/airflow/example_dags/example_latest_only.py for tasks to queue
[2024-04-03T10:01:32.158+0200] {logging_mixin.py:154} INFO - [2024-04-03T10:01:32.158+0200] {dagbag.py:536} INFO - Filling up the DagBag from /home/lucas/anaconda3/lib/python3.11/site-packages/airflow/example_dags/example_latest_only.py
[2024-04-03T10:01:32.161+0200] {processor.py:839} INFO - DAG(s) dict_keys(['latest_only']) retrieved from /home/lucas/anaconda3/lib/python3.11/site-packages/airflow/example_dags/example_latest_only.py
[2024-04-03T10:01:32.165+0200] {logging_mixin.py:154} INFO - [2024-04-03T10:01:32.165+0200] {dag.py:2941} INFO - Sync 1 DAGs
[2024-04-03T10:01:32.176+0200] {logging_mixin.py:154} INFO - [2024-04-03T10:01:32.176+0200] {dag.py:3722} INFO - Setting next_dagrun for latest_only to 2024-04-03T04:01:32.176544+00:00, run_after=2024-04-03T08:01:32.176544+00:00
[2024-04-03T10:01:32.188+0200] {processor.py:179} INFO - Processing /home/lucas/anaconda3/lib/python3.11/site-packages/airflow/example_dags/example_latest_only.py took 0.034 seconds
[2024-04-03T10:02:16.727+0200] {processor.py:157} INFO - Started process (PID=93934) to work on /home/lucas/anaconda3/lib/python3.11/site-packages/airflow/example_dags/example_latest_only.py
[2024-04-03T10:02:16.728+0200] {processor.py:829} INFO - Processing file /home/lucas/anaconda3/lib/python3.11/site-packages/airflow/example_dags/example_latest_only.py for tasks to queue
[2024-04-03T10:02:16.729+0200] {logging_mixin.py:154} INFO - [2024-04-03T10:02:16.728+0200] {dagbag.py:536} INFO - Filling up the DagBag from /home/lucas/anaconda3/lib/python3.11/site-packages/airflow/example_dags/example_latest_only.py
[2024-04-03T10:02:16.731+0200] {processor.py:839} INFO - DAG(s) dict_keys(['latest_only']) retrieved from /home/lucas/anaconda3/lib/python3.11/site-packages/airflow/example_dags/example_latest_only.py
[2024-04-03T10:02:16.739+0200] {logging_mixin.py:154} INFO - [2024-04-03T10:02:16.739+0200] {dag.py:2941} INFO - Sync 1 DAGs
[2024-04-03T10:02:16.748+0200] {logging_mixin.py:154} INFO - [2024-04-03T10:02:16.748+0200] {dag.py:3722} INFO - Setting next_dagrun for latest_only to 2024-04-03T04:02:16.748365+00:00, run_after=2024-04-03T08:02:16.748365+00:00
[2024-04-03T10:02:16.759+0200] {processor.py:179} INFO - Processing /home/lucas/anaconda3/lib/python3.11/site-packages/airflow/example_dags/example_latest_only.py took 0.034 seconds
[2024-04-03T10:03:07.529+0200] {processor.py:157} INFO - Started process (PID=94166) to work on /home/lucas/anaconda3/lib/python3.11/site-packages/airflow/example_dags/example_latest_only.py
[2024-04-03T10:03:07.532+0200] {processor.py:829} INFO - Processing file /home/lucas/anaconda3/lib/python3.11/site-packages/airflow/example_dags/example_latest_only.py for tasks to queue
[2024-04-03T10:03:07.533+0200] {logging_mixin.py:154} INFO - [2024-04-03T10:03:07.532+0200] {dagbag.py:536} INFO - Filling up the DagBag from /home/lucas/anaconda3/lib/python3.11/site-packages/airflow/example_dags/example_latest_only.py
[2024-04-03T10:03:07.536+0200] {processor.py:839} INFO - DAG(s) dict_keys(['latest_only']) retrieved from /home/lucas/anaconda3/lib/python3.11/site-packages/airflow/example_dags/example_latest_only.py
[2024-04-03T10:03:07.543+0200] {logging_mixin.py:154} INFO - [2024-04-03T10:03:07.543+0200] {dag.py:2941} INFO - Sync 1 DAGs
[2024-04-03T10:03:07.632+0200] {logging_mixin.py:154} INFO - [2024-04-03T10:03:07.632+0200] {dag.py:3722} INFO - Setting next_dagrun for latest_only to 2024-04-03T04:03:07.632232+00:00, run_after=2024-04-03T08:03:07.632232+00:00
[2024-04-03T10:03:07.645+0200] {processor.py:179} INFO - Processing /home/lucas/anaconda3/lib/python3.11/site-packages/airflow/example_dags/example_latest_only.py took 0.117 seconds
[2024-04-03T10:03:53.379+0200] {processor.py:157} INFO - Started process (PID=94525) to work on /home/lucas/anaconda3/lib/python3.11/site-packages/airflow/example_dags/example_latest_only.py
[2024-04-03T10:03:53.382+0200] {processor.py:829} INFO - Processing file /home/lucas/anaconda3/lib/python3.11/site-packages/airflow/example_dags/example_latest_only.py for tasks to queue
[2024-04-03T10:03:53.383+0200] {logging_mixin.py:154} INFO - [2024-04-03T10:03:53.382+0200] {dagbag.py:536} INFO - Filling up the DagBag from /home/lucas/anaconda3/lib/python3.11/site-packages/airflow/example_dags/example_latest_only.py
[2024-04-03T10:03:53.386+0200] {processor.py:839} INFO - DAG(s) dict_keys(['latest_only']) retrieved from /home/lucas/anaconda3/lib/python3.11/site-packages/airflow/example_dags/example_latest_only.py
[2024-04-03T10:03:53.393+0200] {logging_mixin.py:154} INFO - [2024-04-03T10:03:53.393+0200] {dag.py:2941} INFO - Sync 1 DAGs
[2024-04-03T10:03:53.402+0200] {logging_mixin.py:154} INFO - [2024-04-03T10:03:53.402+0200] {dag.py:3722} INFO - Setting next_dagrun for latest_only to 2024-04-03T04:03:53.402369+00:00, run_after=2024-04-03T08:03:53.402369+00:00
[2024-04-03T10:03:53.414+0200] {processor.py:179} INFO - Processing /home/lucas/anaconda3/lib/python3.11/site-packages/airflow/example_dags/example_latest_only.py took 0.036 seconds
[2024-04-03T10:04:40.864+0200] {processor.py:157} INFO - Started process (PID=94857) to work on /home/lucas/anaconda3/lib/python3.11/site-packages/airflow/example_dags/example_latest_only.py
[2024-04-03T10:04:40.867+0200] {processor.py:829} INFO - Processing file /home/lucas/anaconda3/lib/python3.11/site-packages/airflow/example_dags/example_latest_only.py for tasks to queue
[2024-04-03T10:04:40.868+0200] {logging_mixin.py:154} INFO - [2024-04-03T10:04:40.867+0200] {dagbag.py:536} INFO - Filling up the DagBag from /home/lucas/anaconda3/lib/python3.11/site-packages/airflow/example_dags/example_latest_only.py
[2024-04-03T10:04:40.871+0200] {processor.py:839} INFO - DAG(s) dict_keys(['latest_only']) retrieved from /home/lucas/anaconda3/lib/python3.11/site-packages/airflow/example_dags/example_latest_only.py
[2024-04-03T10:04:40.879+0200] {logging_mixin.py:154} INFO - [2024-04-03T10:04:40.879+0200] {dag.py:2941} INFO - Sync 1 DAGs
[2024-04-03T10:04:40.892+0200] {logging_mixin.py:154} INFO - [2024-04-03T10:04:40.891+0200] {dag.py:3722} INFO - Setting next_dagrun for latest_only to 2024-04-03T04:04:40.891715+00:00, run_after=2024-04-03T08:04:40.891715+00:00
[2024-04-03T10:04:40.904+0200] {processor.py:179} INFO - Processing /home/lucas/anaconda3/lib/python3.11/site-packages/airflow/example_dags/example_latest_only.py took 0.041 seconds
[2024-04-03T10:05:29.817+0200] {processor.py:157} INFO - Started process (PID=95363) to work on /home/lucas/anaconda3/lib/python3.11/site-packages/airflow/example_dags/example_latest_only.py
[2024-04-03T10:05:29.820+0200] {processor.py:829} INFO - Processing file /home/lucas/anaconda3/lib/python3.11/site-packages/airflow/example_dags/example_latest_only.py for tasks to queue
[2024-04-03T10:05:29.820+0200] {logging_mixin.py:154} INFO - [2024-04-03T10:05:29.820+0200] {dagbag.py:536} INFO - Filling up the DagBag from /home/lucas/anaconda3/lib/python3.11/site-packages/airflow/example_dags/example_latest_only.py
[2024-04-03T10:05:29.823+0200] {processor.py:839} INFO - DAG(s) dict_keys(['latest_only']) retrieved from /home/lucas/anaconda3/lib/python3.11/site-packages/airflow/example_dags/example_latest_only.py
[2024-04-03T10:05:29.832+0200] {logging_mixin.py:154} INFO - [2024-04-03T10:05:29.831+0200] {dag.py:2941} INFO - Sync 1 DAGs
[2024-04-03T10:05:29.841+0200] {logging_mixin.py:154} INFO - [2024-04-03T10:05:29.841+0200] {dag.py:3722} INFO - Setting next_dagrun for latest_only to 2024-04-03T04:05:29.840929+00:00, run_after=2024-04-03T08:05:29.840929+00:00
[2024-04-03T10:05:29.853+0200] {processor.py:179} INFO - Processing /home/lucas/anaconda3/lib/python3.11/site-packages/airflow/example_dags/example_latest_only.py took 0.037 seconds
[2024-04-03T10:06:15.408+0200] {processor.py:157} INFO - Started process (PID=95867) to work on /home/lucas/anaconda3/lib/python3.11/site-packages/airflow/example_dags/example_latest_only.py
[2024-04-03T10:06:15.410+0200] {processor.py:829} INFO - Processing file /home/lucas/anaconda3/lib/python3.11/site-packages/airflow/example_dags/example_latest_only.py for tasks to queue
[2024-04-03T10:06:15.411+0200] {logging_mixin.py:154} INFO - [2024-04-03T10:06:15.411+0200] {dagbag.py:536} INFO - Filling up the DagBag from /home/lucas/anaconda3/lib/python3.11/site-packages/airflow/example_dags/example_latest_only.py
[2024-04-03T10:06:15.414+0200] {processor.py:839} INFO - DAG(s) dict_keys(['latest_only']) retrieved from /home/lucas/anaconda3/lib/python3.11/site-packages/airflow/example_dags/example_latest_only.py
[2024-04-03T10:06:15.423+0200] {logging_mixin.py:154} INFO - [2024-04-03T10:06:15.423+0200] {dag.py:2941} INFO - Sync 1 DAGs
[2024-04-03T10:06:15.433+0200] {logging_mixin.py:154} INFO - [2024-04-03T10:06:15.433+0200] {dag.py:3722} INFO - Setting next_dagrun for latest_only to 2024-04-03T04:06:15.433367+00:00, run_after=2024-04-03T08:06:15.433367+00:00
[2024-04-03T10:06:15.445+0200] {processor.py:179} INFO - Processing /home/lucas/anaconda3/lib/python3.11/site-packages/airflow/example_dags/example_latest_only.py took 0.039 seconds
[2024-04-03T10:07:04.063+0200] {processor.py:157} INFO - Started process (PID=96490) to work on /home/lucas/anaconda3/lib/python3.11/site-packages/airflow/example_dags/example_latest_only.py
[2024-04-03T10:07:04.064+0200] {processor.py:829} INFO - Processing file /home/lucas/anaconda3/lib/python3.11/site-packages/airflow/example_dags/example_latest_only.py for tasks to queue
[2024-04-03T10:07:04.065+0200] {logging_mixin.py:154} INFO - [2024-04-03T10:07:04.064+0200] {dagbag.py:536} INFO - Filling up the DagBag from /home/lucas/anaconda3/lib/python3.11/site-packages/airflow/example_dags/example_latest_only.py
[2024-04-03T10:07:04.068+0200] {processor.py:839} INFO - DAG(s) dict_keys(['latest_only']) retrieved from /home/lucas/anaconda3/lib/python3.11/site-packages/airflow/example_dags/example_latest_only.py
[2024-04-03T10:07:04.072+0200] {logging_mixin.py:154} INFO - [2024-04-03T10:07:04.072+0200] {dag.py:2941} INFO - Sync 1 DAGs
[2024-04-03T10:07:04.084+0200] {logging_mixin.py:154} INFO - [2024-04-03T10:07:04.083+0200] {dag.py:3722} INFO - Setting next_dagrun for latest_only to 2024-04-03T04:07:04.083798+00:00, run_after=2024-04-03T08:07:04.083798+00:00
[2024-04-03T10:07:04.096+0200] {processor.py:179} INFO - Processing /home/lucas/anaconda3/lib/python3.11/site-packages/airflow/example_dags/example_latest_only.py took 0.036 seconds
[2024-04-03T10:07:50.981+0200] {processor.py:157} INFO - Started process (PID=96931) to work on /home/lucas/anaconda3/lib/python3.11/site-packages/airflow/example_dags/example_latest_only.py
[2024-04-03T10:07:50.984+0200] {processor.py:829} INFO - Processing file /home/lucas/anaconda3/lib/python3.11/site-packages/airflow/example_dags/example_latest_only.py for tasks to queue
[2024-04-03T10:07:50.985+0200] {logging_mixin.py:154} INFO - [2024-04-03T10:07:50.984+0200] {dagbag.py:536} INFO - Filling up the DagBag from /home/lucas/anaconda3/lib/python3.11/site-packages/airflow/example_dags/example_latest_only.py
[2024-04-03T10:07:50.988+0200] {processor.py:839} INFO - DAG(s) dict_keys(['latest_only']) retrieved from /home/lucas/anaconda3/lib/python3.11/site-packages/airflow/example_dags/example_latest_only.py
[2024-04-03T10:07:50.996+0200] {logging_mixin.py:154} INFO - [2024-04-03T10:07:50.996+0200] {dag.py:2941} INFO - Sync 1 DAGs
[2024-04-03T10:07:51.005+0200] {logging_mixin.py:154} INFO - [2024-04-03T10:07:51.005+0200] {dag.py:3722} INFO - Setting next_dagrun for latest_only to 2024-04-03T04:07:51.005428+00:00, run_after=2024-04-03T08:07:51.005428+00:00
[2024-04-03T10:07:51.017+0200] {processor.py:179} INFO - Processing /home/lucas/anaconda3/lib/python3.11/site-packages/airflow/example_dags/example_latest_only.py took 0.037 seconds
[2024-04-03T10:08:23.845+0200] {processor.py:157} INFO - Started process (PID=97365) to work on /home/lucas/anaconda3/lib/python3.11/site-packages/airflow/example_dags/example_latest_only.py
[2024-04-03T10:08:23.847+0200] {processor.py:829} INFO - Processing file /home/lucas/anaconda3/lib/python3.11/site-packages/airflow/example_dags/example_latest_only.py for tasks to queue
[2024-04-03T10:08:23.848+0200] {logging_mixin.py:154} INFO - [2024-04-03T10:08:23.848+0200] {dagbag.py:536} INFO - Filling up the DagBag from /home/lucas/anaconda3/lib/python3.11/site-packages/airflow/example_dags/example_latest_only.py
[2024-04-03T10:08:23.851+0200] {processor.py:839} INFO - DAG(s) dict_keys(['latest_only']) retrieved from /home/lucas/anaconda3/lib/python3.11/site-packages/airflow/example_dags/example_latest_only.py
[2024-04-03T10:08:23.856+0200] {logging_mixin.py:154} INFO - [2024-04-03T10:08:23.856+0200] {dag.py:2941} INFO - Sync 1 DAGs
[2024-04-03T10:08:23.868+0200] {logging_mixin.py:154} INFO - [2024-04-03T10:08:23.867+0200] {dag.py:3722} INFO - Setting next_dagrun for latest_only to 2024-04-03T04:08:23.867859+00:00, run_after=2024-04-03T08:08:23.867859+00:00
[2024-04-03T10:08:23.880+0200] {processor.py:179} INFO - Processing /home/lucas/anaconda3/lib/python3.11/site-packages/airflow/example_dags/example_latest_only.py took 0.037 seconds
[2024-04-03T10:09:10.150+0200] {processor.py:157} INFO - Started process (PID=97702) to work on /home/lucas/anaconda3/lib/python3.11/site-packages/airflow/example_dags/example_latest_only.py
[2024-04-03T10:09:10.153+0200] {processor.py:829} INFO - Processing file /home/lucas/anaconda3/lib/python3.11/site-packages/airflow/example_dags/example_latest_only.py for tasks to queue
[2024-04-03T10:09:10.153+0200] {logging_mixin.py:154} INFO - [2024-04-03T10:09:10.153+0200] {dagbag.py:536} INFO - Filling up the DagBag from /home/lucas/anaconda3/lib/python3.11/site-packages/airflow/example_dags/example_latest_only.py
[2024-04-03T10:09:10.156+0200] {processor.py:839} INFO - DAG(s) dict_keys(['latest_only']) retrieved from /home/lucas/anaconda3/lib/python3.11/site-packages/airflow/example_dags/example_latest_only.py
[2024-04-03T10:09:10.164+0200] {logging_mixin.py:154} INFO - [2024-04-03T10:09:10.164+0200] {dag.py:2941} INFO - Sync 1 DAGs
[2024-04-03T10:09:10.172+0200] {logging_mixin.py:154} INFO - [2024-04-03T10:09:10.172+0200] {dag.py:3722} INFO - Setting next_dagrun for latest_only to 2024-04-03T04:09:10.172781+00:00, run_after=2024-04-03T08:09:10.172781+00:00
[2024-04-03T10:09:10.184+0200] {processor.py:179} INFO - Processing /home/lucas/anaconda3/lib/python3.11/site-packages/airflow/example_dags/example_latest_only.py took 0.036 seconds
[2024-04-03T10:09:58.918+0200] {processor.py:157} INFO - Started process (PID=97857) to work on /home/lucas/anaconda3/lib/python3.11/site-packages/airflow/example_dags/example_latest_only.py
[2024-04-03T10:09:58.921+0200] {processor.py:829} INFO - Processing file /home/lucas/anaconda3/lib/python3.11/site-packages/airflow/example_dags/example_latest_only.py for tasks to queue
[2024-04-03T10:09:58.921+0200] {logging_mixin.py:154} INFO - [2024-04-03T10:09:58.921+0200] {dagbag.py:536} INFO - Filling up the DagBag from /home/lucas/anaconda3/lib/python3.11/site-packages/airflow/example_dags/example_latest_only.py
[2024-04-03T10:09:58.924+0200] {processor.py:839} INFO - DAG(s) dict_keys(['latest_only']) retrieved from /home/lucas/anaconda3/lib/python3.11/site-packages/airflow/example_dags/example_latest_only.py
[2024-04-03T10:09:58.933+0200] {logging_mixin.py:154} INFO - [2024-04-03T10:09:58.932+0200] {dag.py:2941} INFO - Sync 1 DAGs
[2024-04-03T10:09:59.034+0200] {logging_mixin.py:154} INFO - [2024-04-03T10:09:59.033+0200] {dag.py:3722} INFO - Setting next_dagrun for latest_only to 2024-04-03T04:09:59.033841+00:00, run_after=2024-04-03T08:09:59.033841+00:00
[2024-04-03T10:09:59.047+0200] {processor.py:179} INFO - Processing /home/lucas/anaconda3/lib/python3.11/site-packages/airflow/example_dags/example_latest_only.py took 0.131 seconds
[2024-04-03T10:10:32.972+0200] {processor.py:157} INFO - Started process (PID=98215) to work on /home/lucas/anaconda3/lib/python3.11/site-packages/airflow/example_dags/example_latest_only.py
[2024-04-03T10:10:32.973+0200] {processor.py:829} INFO - Processing file /home/lucas/anaconda3/lib/python3.11/site-packages/airflow/example_dags/example_latest_only.py for tasks to queue
[2024-04-03T10:10:32.973+0200] {logging_mixin.py:154} INFO - [2024-04-03T10:10:32.973+0200] {dagbag.py:536} INFO - Filling up the DagBag from /home/lucas/anaconda3/lib/python3.11/site-packages/airflow/example_dags/example_latest_only.py
[2024-04-03T10:10:32.977+0200] {processor.py:839} INFO - DAG(s) dict_keys(['latest_only']) retrieved from /home/lucas/anaconda3/lib/python3.11/site-packages/airflow/example_dags/example_latest_only.py
[2024-04-03T10:10:32.981+0200] {logging_mixin.py:154} INFO - [2024-04-03T10:10:32.981+0200] {dag.py:2941} INFO - Sync 1 DAGs
[2024-04-03T10:10:32.992+0200] {logging_mixin.py:154} INFO - [2024-04-03T10:10:32.992+0200] {dag.py:3722} INFO - Setting next_dagrun for latest_only to 2024-04-03T04:10:32.992160+00:00, run_after=2024-04-03T08:10:32.992160+00:00
[2024-04-03T10:10:33.005+0200] {processor.py:179} INFO - Processing /home/lucas/anaconda3/lib/python3.11/site-packages/airflow/example_dags/example_latest_only.py took 0.035 seconds
[2024-04-03T10:11:19.439+0200] {processor.py:157} INFO - Started process (PID=98506) to work on /home/lucas/anaconda3/lib/python3.11/site-packages/airflow/example_dags/example_latest_only.py
[2024-04-03T10:11:19.442+0200] {processor.py:829} INFO - Processing file /home/lucas/anaconda3/lib/python3.11/site-packages/airflow/example_dags/example_latest_only.py for tasks to queue
[2024-04-03T10:11:19.442+0200] {logging_mixin.py:154} INFO - [2024-04-03T10:11:19.442+0200] {dagbag.py:536} INFO - Filling up the DagBag from /home/lucas/anaconda3/lib/python3.11/site-packages/airflow/example_dags/example_latest_only.py
[2024-04-03T10:11:19.445+0200] {processor.py:839} INFO - DAG(s) dict_keys(['latest_only']) retrieved from /home/lucas/anaconda3/lib/python3.11/site-packages/airflow/example_dags/example_latest_only.py
[2024-04-03T10:11:19.453+0200] {logging_mixin.py:154} INFO - [2024-04-03T10:11:19.453+0200] {dag.py:2941} INFO - Sync 1 DAGs
[2024-04-03T10:11:19.462+0200] {logging_mixin.py:154} INFO - [2024-04-03T10:11:19.462+0200] {dag.py:3722} INFO - Setting next_dagrun for latest_only to 2024-04-03T04:11:19.462745+00:00, run_after=2024-04-03T08:11:19.462745+00:00
[2024-04-03T10:11:19.475+0200] {processor.py:179} INFO - Processing /home/lucas/anaconda3/lib/python3.11/site-packages/airflow/example_dags/example_latest_only.py took 0.037 seconds
[2024-04-03T10:12:07.261+0200] {processor.py:157} INFO - Started process (PID=98638) to work on /home/lucas/anaconda3/lib/python3.11/site-packages/airflow/example_dags/example_latest_only.py
[2024-04-03T10:12:07.264+0200] {processor.py:829} INFO - Processing file /home/lucas/anaconda3/lib/python3.11/site-packages/airflow/example_dags/example_latest_only.py for tasks to queue
[2024-04-03T10:12:07.265+0200] {logging_mixin.py:154} INFO - [2024-04-03T10:12:07.264+0200] {dagbag.py:536} INFO - Filling up the DagBag from /home/lucas/anaconda3/lib/python3.11/site-packages/airflow/example_dags/example_latest_only.py
[2024-04-03T10:12:07.267+0200] {processor.py:839} INFO - DAG(s) dict_keys(['latest_only']) retrieved from /home/lucas/anaconda3/lib/python3.11/site-packages/airflow/example_dags/example_latest_only.py
[2024-04-03T10:12:07.275+0200] {logging_mixin.py:154} INFO - [2024-04-03T10:12:07.275+0200] {dag.py:2941} INFO - Sync 1 DAGs
[2024-04-03T10:12:07.371+0200] {logging_mixin.py:154} INFO - [2024-04-03T10:12:07.371+0200] {dag.py:3722} INFO - Setting next_dagrun for latest_only to 2024-04-03T04:12:07.370922+00:00, run_after=2024-04-03T08:12:07.370922+00:00
[2024-04-03T10:12:07.384+0200] {processor.py:179} INFO - Processing /home/lucas/anaconda3/lib/python3.11/site-packages/airflow/example_dags/example_latest_only.py took 0.124 seconds
[2024-04-03T10:12:58.163+0200] {processor.py:157} INFO - Started process (PID=98855) to work on /home/lucas/anaconda3/lib/python3.11/site-packages/airflow/example_dags/example_latest_only.py
[2024-04-03T10:12:58.166+0200] {processor.py:829} INFO - Processing file /home/lucas/anaconda3/lib/python3.11/site-packages/airflow/example_dags/example_latest_only.py for tasks to queue
[2024-04-03T10:12:58.166+0200] {logging_mixin.py:154} INFO - [2024-04-03T10:12:58.166+0200] {dagbag.py:536} INFO - Filling up the DagBag from /home/lucas/anaconda3/lib/python3.11/site-packages/airflow/example_dags/example_latest_only.py
[2024-04-03T10:12:58.171+0200] {processor.py:839} INFO - DAG(s) dict_keys(['latest_only']) retrieved from /home/lucas/anaconda3/lib/python3.11/site-packages/airflow/example_dags/example_latest_only.py
[2024-04-03T10:12:58.179+0200] {logging_mixin.py:154} INFO - [2024-04-03T10:12:58.179+0200] {dag.py:2941} INFO - Sync 1 DAGs
[2024-04-03T10:12:58.189+0200] {logging_mixin.py:154} INFO - [2024-04-03T10:12:58.189+0200] {dag.py:3722} INFO - Setting next_dagrun for latest_only to 2024-04-03T04:12:58.189089+00:00, run_after=2024-04-03T08:12:58.189089+00:00
[2024-04-03T10:12:58.201+0200] {processor.py:179} INFO - Processing /home/lucas/anaconda3/lib/python3.11/site-packages/airflow/example_dags/example_latest_only.py took 0.040 seconds
[2024-04-03T10:13:44.317+0200] {processor.py:157} INFO - Started process (PID=99025) to work on /home/lucas/anaconda3/lib/python3.11/site-packages/airflow/example_dags/example_latest_only.py
[2024-04-03T10:13:44.318+0200] {processor.py:829} INFO - Processing file /home/lucas/anaconda3/lib/python3.11/site-packages/airflow/example_dags/example_latest_only.py for tasks to queue
[2024-04-03T10:13:44.319+0200] {logging_mixin.py:154} INFO - [2024-04-03T10:13:44.318+0200] {dagbag.py:536} INFO - Filling up the DagBag from /home/lucas/anaconda3/lib/python3.11/site-packages/airflow/example_dags/example_latest_only.py
[2024-04-03T10:13:44.321+0200] {processor.py:839} INFO - DAG(s) dict_keys(['latest_only']) retrieved from /home/lucas/anaconda3/lib/python3.11/site-packages/airflow/example_dags/example_latest_only.py
[2024-04-03T10:13:44.329+0200] {logging_mixin.py:154} INFO - [2024-04-03T10:13:44.329+0200] {dag.py:2941} INFO - Sync 1 DAGs
[2024-04-03T10:13:44.338+0200] {logging_mixin.py:154} INFO - [2024-04-03T10:13:44.338+0200] {dag.py:3722} INFO - Setting next_dagrun for latest_only to 2024-04-03T04:13:44.338415+00:00, run_after=2024-04-03T08:13:44.338415+00:00
[2024-04-03T10:13:44.349+0200] {processor.py:179} INFO - Processing /home/lucas/anaconda3/lib/python3.11/site-packages/airflow/example_dags/example_latest_only.py took 0.033 seconds
[2024-04-03T10:17:14.315+0200] {processor.py:157} INFO - Started process (PID=100158) to work on /home/lucas/anaconda3/lib/python3.11/site-packages/airflow/example_dags/example_latest_only.py
[2024-04-03T10:17:14.318+0200] {processor.py:829} INFO - Processing file /home/lucas/anaconda3/lib/python3.11/site-packages/airflow/example_dags/example_latest_only.py for tasks to queue
[2024-04-03T10:17:14.318+0200] {logging_mixin.py:154} INFO - [2024-04-03T10:17:14.318+0200] {dagbag.py:536} INFO - Filling up the DagBag from /home/lucas/anaconda3/lib/python3.11/site-packages/airflow/example_dags/example_latest_only.py
[2024-04-03T10:17:14.321+0200] {processor.py:839} INFO - DAG(s) dict_keys(['latest_only']) retrieved from /home/lucas/anaconda3/lib/python3.11/site-packages/airflow/example_dags/example_latest_only.py
[2024-04-03T10:17:14.330+0200] {logging_mixin.py:154} INFO - [2024-04-03T10:17:14.330+0200] {dag.py:2941} INFO - Sync 1 DAGs
[2024-04-03T10:17:14.340+0200] {logging_mixin.py:154} INFO - [2024-04-03T10:17:14.340+0200] {dag.py:3722} INFO - Setting next_dagrun for latest_only to 2024-04-03T04:17:14.340193+00:00, run_after=2024-04-03T08:17:14.340193+00:00
[2024-04-03T10:17:14.352+0200] {processor.py:179} INFO - Processing /home/lucas/anaconda3/lib/python3.11/site-packages/airflow/example_dags/example_latest_only.py took 0.038 seconds
[2024-04-03T10:17:59.955+0200] {processor.py:157} INFO - Started process (PID=100408) to work on /home/lucas/anaconda3/lib/python3.11/site-packages/airflow/example_dags/example_latest_only.py
[2024-04-03T10:17:59.956+0200] {processor.py:829} INFO - Processing file /home/lucas/anaconda3/lib/python3.11/site-packages/airflow/example_dags/example_latest_only.py for tasks to queue
[2024-04-03T10:17:59.956+0200] {logging_mixin.py:154} INFO - [2024-04-03T10:17:59.956+0200] {dagbag.py:536} INFO - Filling up the DagBag from /home/lucas/anaconda3/lib/python3.11/site-packages/airflow/example_dags/example_latest_only.py
[2024-04-03T10:17:59.959+0200] {processor.py:839} INFO - DAG(s) dict_keys(['latest_only']) retrieved from /home/lucas/anaconda3/lib/python3.11/site-packages/airflow/example_dags/example_latest_only.py
[2024-04-03T10:17:59.968+0200] {logging_mixin.py:154} INFO - [2024-04-03T10:17:59.968+0200] {dag.py:2941} INFO - Sync 1 DAGs
[2024-04-03T10:17:59.977+0200] {logging_mixin.py:154} INFO - [2024-04-03T10:17:59.977+0200] {dag.py:3722} INFO - Setting next_dagrun for latest_only to 2024-04-03T04:17:59.977711+00:00, run_after=2024-04-03T08:17:59.977711+00:00
[2024-04-03T10:17:59.989+0200] {processor.py:179} INFO - Processing /home/lucas/anaconda3/lib/python3.11/site-packages/airflow/example_dags/example_latest_only.py took 0.036 seconds
[2024-04-03T10:22:43.806+0200] {processor.py:157} INFO - Started process (PID=101472) to work on /home/lucas/anaconda3/lib/python3.11/site-packages/airflow/example_dags/example_latest_only.py
[2024-04-03T10:22:43.809+0200] {processor.py:829} INFO - Processing file /home/lucas/anaconda3/lib/python3.11/site-packages/airflow/example_dags/example_latest_only.py for tasks to queue
[2024-04-03T10:22:43.809+0200] {logging_mixin.py:154} INFO - [2024-04-03T10:22:43.809+0200] {dagbag.py:536} INFO - Filling up the DagBag from /home/lucas/anaconda3/lib/python3.11/site-packages/airflow/example_dags/example_latest_only.py
[2024-04-03T10:22:43.812+0200] {processor.py:839} INFO - DAG(s) dict_keys(['latest_only']) retrieved from /home/lucas/anaconda3/lib/python3.11/site-packages/airflow/example_dags/example_latest_only.py
[2024-04-03T10:22:43.822+0200] {logging_mixin.py:154} INFO - [2024-04-03T10:22:43.822+0200] {dag.py:2941} INFO - Sync 1 DAGs
[2024-04-03T10:22:43.833+0200] {logging_mixin.py:154} INFO - [2024-04-03T10:22:43.833+0200] {dag.py:3722} INFO - Setting next_dagrun for latest_only to 2024-04-03T04:22:43.833164+00:00, run_after=2024-04-03T08:22:43.833164+00:00
[2024-04-03T10:22:43.846+0200] {processor.py:179} INFO - Processing /home/lucas/anaconda3/lib/python3.11/site-packages/airflow/example_dags/example_latest_only.py took 0.041 seconds
[2024-04-03T10:23:30.309+0200] {processor.py:157} INFO - Started process (PID=101786) to work on /home/lucas/anaconda3/lib/python3.11/site-packages/airflow/example_dags/example_latest_only.py
[2024-04-03T10:23:30.310+0200] {processor.py:829} INFO - Processing file /home/lucas/anaconda3/lib/python3.11/site-packages/airflow/example_dags/example_latest_only.py for tasks to queue
[2024-04-03T10:23:30.311+0200] {logging_mixin.py:154} INFO - [2024-04-03T10:23:30.310+0200] {dagbag.py:536} INFO - Filling up the DagBag from /home/lucas/anaconda3/lib/python3.11/site-packages/airflow/example_dags/example_latest_only.py
[2024-04-03T10:23:30.314+0200] {processor.py:839} INFO - DAG(s) dict_keys(['latest_only']) retrieved from /home/lucas/anaconda3/lib/python3.11/site-packages/airflow/example_dags/example_latest_only.py
[2024-04-03T10:23:30.321+0200] {logging_mixin.py:154} INFO - [2024-04-03T10:23:30.321+0200] {dag.py:2941} INFO - Sync 1 DAGs
[2024-04-03T10:23:30.330+0200] {logging_mixin.py:154} INFO - [2024-04-03T10:23:30.330+0200] {dag.py:3722} INFO - Setting next_dagrun for latest_only to 2024-04-03T04:23:30.330545+00:00, run_after=2024-04-03T08:23:30.330545+00:00
[2024-04-03T10:23:30.342+0200] {processor.py:179} INFO - Processing /home/lucas/anaconda3/lib/python3.11/site-packages/airflow/example_dags/example_latest_only.py took 0.034 seconds
[2024-04-03T10:24:26.772+0200] {processor.py:157} INFO - Started process (PID=102394) to work on /home/lucas/anaconda3/lib/python3.11/site-packages/airflow/example_dags/example_latest_only.py
[2024-04-03T10:24:26.775+0200] {processor.py:829} INFO - Processing file /home/lucas/anaconda3/lib/python3.11/site-packages/airflow/example_dags/example_latest_only.py for tasks to queue
[2024-04-03T10:24:26.776+0200] {logging_mixin.py:154} INFO - [2024-04-03T10:24:26.775+0200] {dagbag.py:536} INFO - Filling up the DagBag from /home/lucas/anaconda3/lib/python3.11/site-packages/airflow/example_dags/example_latest_only.py
[2024-04-03T10:24:26.778+0200] {processor.py:839} INFO - DAG(s) dict_keys(['latest_only']) retrieved from /home/lucas/anaconda3/lib/python3.11/site-packages/airflow/example_dags/example_latest_only.py
[2024-04-03T10:24:26.786+0200] {logging_mixin.py:154} INFO - [2024-04-03T10:24:26.786+0200] {dag.py:2941} INFO - Sync 1 DAGs
[2024-04-03T10:24:26.874+0200] {logging_mixin.py:154} INFO - [2024-04-03T10:24:26.874+0200] {dag.py:3722} INFO - Setting next_dagrun for latest_only to 2024-04-03T04:24:26.874746+00:00, run_after=2024-04-03T08:24:26.874746+00:00
[2024-04-03T10:24:26.887+0200] {processor.py:179} INFO - Processing /home/lucas/anaconda3/lib/python3.11/site-packages/airflow/example_dags/example_latest_only.py took 0.116 seconds
