[2024-04-03T09:14:35.257+0200] {processor.py:157} INFO - Started process (PID=12721) to work on /home/lucas/anaconda3/lib/python3.11/site-packages/airflow/example_dags/example_dag_decorator.py
[2024-04-03T09:14:35.257+0200] {processor.py:829} INFO - Processing file /home/lucas/anaconda3/lib/python3.11/site-packages/airflow/example_dags/example_dag_decorator.py for tasks to queue
[2024-04-03T09:14:35.258+0200] {logging_mixin.py:154} INFO - [2024-04-03T09:14:35.258+0200] {dagbag.py:536} INFO - Filling up the DagBag from /home/lucas/anaconda3/lib/python3.11/site-packages/airflow/example_dags/example_dag_decorator.py
[2024-04-03T09:14:35.290+0200] {processor.py:839} INFO - DAG(s) dict_keys(['example_dag_decorator']) retrieved from /home/lucas/anaconda3/lib/python3.11/site-packages/airflow/example_dags/example_dag_decorator.py
[2024-04-03T09:14:35.426+0200] {logging_mixin.py:154} INFO - [2024-04-03T09:14:35.426+0200] {manager.py:499} INFO - Created Permission View: %s
[2024-04-03T09:14:35.434+0200] {logging_mixin.py:154} INFO - [2024-04-03T09:14:35.434+0200] {manager.py:499} INFO - Created Permission View: %s
[2024-04-03T09:14:35.442+0200] {logging_mixin.py:154} INFO - [2024-04-03T09:14:35.442+0200] {manager.py:499} INFO - Created Permission View: %s
[2024-04-03T09:14:35.442+0200] {logging_mixin.py:154} INFO - [2024-04-03T09:14:35.442+0200] {dag.py:2941} INFO - Sync 1 DAGs
[2024-04-03T09:14:35.450+0200] {logging_mixin.py:154} INFO - [2024-04-03T09:14:35.450+0200] {dag.py:2963} INFO - Creating ORM DAG for example_dag_decorator
[2024-04-03T09:14:35.451+0200] {logging_mixin.py:154} INFO - [2024-04-03T09:14:35.451+0200] {dag.py:3722} INFO - Setting next_dagrun for example_dag_decorator to None, run_after=None
[2024-04-03T09:14:35.463+0200] {processor.py:179} INFO - Processing /home/lucas/anaconda3/lib/python3.11/site-packages/airflow/example_dags/example_dag_decorator.py took 0.208 seconds
[2024-04-03T09:15:22.420+0200] {processor.py:157} INFO - Started process (PID=12964) to work on /home/lucas/anaconda3/lib/python3.11/site-packages/airflow/example_dags/example_dag_decorator.py
[2024-04-03T09:15:22.423+0200] {processor.py:829} INFO - Processing file /home/lucas/anaconda3/lib/python3.11/site-packages/airflow/example_dags/example_dag_decorator.py for tasks to queue
[2024-04-03T09:15:22.424+0200] {logging_mixin.py:154} INFO - [2024-04-03T09:15:22.424+0200] {dagbag.py:536} INFO - Filling up the DagBag from /home/lucas/anaconda3/lib/python3.11/site-packages/airflow/example_dags/example_dag_decorator.py
[2024-04-03T09:15:22.461+0200] {processor.py:839} INFO - DAG(s) dict_keys(['example_dag_decorator']) retrieved from /home/lucas/anaconda3/lib/python3.11/site-packages/airflow/example_dags/example_dag_decorator.py
[2024-04-03T09:15:22.513+0200] {logging_mixin.py:154} INFO - [2024-04-03T09:15:22.513+0200] {dag.py:2941} INFO - Sync 1 DAGs
[2024-04-03T09:15:22.519+0200] {logging_mixin.py:154} INFO - [2024-04-03T09:15:22.519+0200] {dag.py:3722} INFO - Setting next_dagrun for example_dag_decorator to None, run_after=None
[2024-04-03T09:15:22.534+0200] {processor.py:179} INFO - Processing /home/lucas/anaconda3/lib/python3.11/site-packages/airflow/example_dags/example_dag_decorator.py took 0.116 seconds
[2024-04-03T09:16:08.491+0200] {processor.py:157} INFO - Started process (PID=13122) to work on /home/lucas/anaconda3/lib/python3.11/site-packages/airflow/example_dags/example_dag_decorator.py
[2024-04-03T09:16:08.494+0200] {processor.py:829} INFO - Processing file /home/lucas/anaconda3/lib/python3.11/site-packages/airflow/example_dags/example_dag_decorator.py for tasks to queue
[2024-04-03T09:16:08.494+0200] {logging_mixin.py:154} INFO - [2024-04-03T09:16:08.494+0200] {dagbag.py:536} INFO - Filling up the DagBag from /home/lucas/anaconda3/lib/python3.11/site-packages/airflow/example_dags/example_dag_decorator.py
[2024-04-03T09:16:08.524+0200] {processor.py:839} INFO - DAG(s) dict_keys(['example_dag_decorator']) retrieved from /home/lucas/anaconda3/lib/python3.11/site-packages/airflow/example_dags/example_dag_decorator.py
[2024-04-03T09:16:08.566+0200] {logging_mixin.py:154} INFO - [2024-04-03T09:16:08.566+0200] {dag.py:2941} INFO - Sync 1 DAGs
[2024-04-03T09:16:08.570+0200] {logging_mixin.py:154} INFO - [2024-04-03T09:16:08.570+0200] {dag.py:3722} INFO - Setting next_dagrun for example_dag_decorator to None, run_after=None
[2024-04-03T09:16:08.582+0200] {processor.py:179} INFO - Processing /home/lucas/anaconda3/lib/python3.11/site-packages/airflow/example_dags/example_dag_decorator.py took 0.092 seconds
[2024-04-03T09:16:51.539+0200] {processor.py:157} INFO - Started process (PID=13252) to work on /home/lucas/anaconda3/lib/python3.11/site-packages/airflow/example_dags/example_dag_decorator.py
[2024-04-03T09:16:51.542+0200] {processor.py:829} INFO - Processing file /home/lucas/anaconda3/lib/python3.11/site-packages/airflow/example_dags/example_dag_decorator.py for tasks to queue
[2024-04-03T09:16:51.542+0200] {logging_mixin.py:154} INFO - [2024-04-03T09:16:51.542+0200] {dagbag.py:536} INFO - Filling up the DagBag from /home/lucas/anaconda3/lib/python3.11/site-packages/airflow/example_dags/example_dag_decorator.py
[2024-04-03T09:16:51.572+0200] {processor.py:839} INFO - DAG(s) dict_keys(['example_dag_decorator']) retrieved from /home/lucas/anaconda3/lib/python3.11/site-packages/airflow/example_dags/example_dag_decorator.py
[2024-04-03T09:16:51.580+0200] {logging_mixin.py:154} INFO - [2024-04-03T09:16:51.580+0200] {dag.py:2941} INFO - Sync 1 DAGs
[2024-04-03T09:16:51.585+0200] {logging_mixin.py:154} INFO - [2024-04-03T09:16:51.585+0200] {dag.py:3722} INFO - Setting next_dagrun for example_dag_decorator to None, run_after=None
[2024-04-03T09:16:51.596+0200] {processor.py:179} INFO - Processing /home/lucas/anaconda3/lib/python3.11/site-packages/airflow/example_dags/example_dag_decorator.py took 0.058 seconds
