[2024-04-03T09:14:18.903+0200] {processor.py:157} INFO - Started process (PID=12560) to work on /home/lucas/anaconda3/lib/python3.11/site-packages/airflow/example_dags/example_skip_dag.py
[2024-04-03T09:14:18.904+0200] {processor.py:829} INFO - Processing file /home/lucas/anaconda3/lib/python3.11/site-packages/airflow/example_dags/example_skip_dag.py for tasks to queue
[2024-04-03T09:14:18.904+0200] {logging_mixin.py:154} INFO - [2024-04-03T09:14:18.904+0200] {dagbag.py:536} INFO - Filling up the DagBag from /home/lucas/anaconda3/lib/python3.11/site-packages/airflow/example_dags/example_skip_dag.py
[2024-04-03T09:14:18.908+0200] {processor.py:839} INFO - DAG(s) dict_keys(['example_skip_dag']) retrieved from /home/lucas/anaconda3/lib/python3.11/site-packages/airflow/example_dags/example_skip_dag.py
[2024-04-03T09:14:18.966+0200] {logging_mixin.py:154} INFO - [2024-04-03T09:14:18.966+0200] {manager.py:499} INFO - Created Permission View: %s
[2024-04-03T09:14:18.973+0200] {logging_mixin.py:154} INFO - [2024-04-03T09:14:18.973+0200] {manager.py:499} INFO - Created Permission View: %s
[2024-04-03T09:14:18.978+0200] {logging_mixin.py:154} INFO - [2024-04-03T09:14:18.978+0200] {manager.py:499} INFO - Created Permission View: %s
[2024-04-03T09:14:18.979+0200] {logging_mixin.py:154} INFO - [2024-04-03T09:14:18.979+0200] {dag.py:2941} INFO - Sync 1 DAGs
[2024-04-03T09:14:18.984+0200] {logging_mixin.py:154} INFO - [2024-04-03T09:14:18.984+0200] {dag.py:2963} INFO - Creating ORM DAG for example_skip_dag
[2024-04-03T09:14:18.988+0200] {logging_mixin.py:154} INFO - [2024-04-03T09:14:18.988+0200] {dag.py:3722} INFO - Setting next_dagrun for example_skip_dag to 2024-04-02T07:14:18.988536+00:00, run_after=2024-04-03T07:14:18.988536+00:00
[2024-04-03T09:14:19.000+0200] {processor.py:179} INFO - Processing /home/lucas/anaconda3/lib/python3.11/site-packages/airflow/example_dags/example_skip_dag.py took 0.098 seconds
[2024-04-03T09:15:05.044+0200] {processor.py:157} INFO - Started process (PID=12910) to work on /home/lucas/anaconda3/lib/python3.11/site-packages/airflow/example_dags/example_skip_dag.py
[2024-04-03T09:15:05.047+0200] {processor.py:829} INFO - Processing file /home/lucas/anaconda3/lib/python3.11/site-packages/airflow/example_dags/example_skip_dag.py for tasks to queue
[2024-04-03T09:15:05.048+0200] {logging_mixin.py:154} INFO - [2024-04-03T09:15:05.048+0200] {dagbag.py:536} INFO - Filling up the DagBag from /home/lucas/anaconda3/lib/python3.11/site-packages/airflow/example_dags/example_skip_dag.py
[2024-04-03T09:15:05.052+0200] {processor.py:839} INFO - DAG(s) dict_keys(['example_skip_dag']) retrieved from /home/lucas/anaconda3/lib/python3.11/site-packages/airflow/example_dags/example_skip_dag.py
[2024-04-03T09:15:05.060+0200] {logging_mixin.py:154} INFO - [2024-04-03T09:15:05.060+0200] {dag.py:2941} INFO - Sync 1 DAGs
[2024-04-03T09:15:05.070+0200] {logging_mixin.py:154} INFO - [2024-04-03T09:15:05.070+0200] {dag.py:3722} INFO - Setting next_dagrun for example_skip_dag to 2024-04-02T07:15:05.070473+00:00, run_after=2024-04-03T07:15:05.070473+00:00
[2024-04-03T09:15:05.083+0200] {processor.py:179} INFO - Processing /home/lucas/anaconda3/lib/python3.11/site-packages/airflow/example_dags/example_skip_dag.py took 0.041 seconds
[2024-04-03T09:15:49.958+0200] {processor.py:157} INFO - Started process (PID=13022) to work on /home/lucas/anaconda3/lib/python3.11/site-packages/airflow/example_dags/example_skip_dag.py
[2024-04-03T09:15:49.961+0200] {processor.py:829} INFO - Processing file /home/lucas/anaconda3/lib/python3.11/site-packages/airflow/example_dags/example_skip_dag.py for tasks to queue
[2024-04-03T09:15:49.961+0200] {logging_mixin.py:154} INFO - [2024-04-03T09:15:49.961+0200] {dagbag.py:536} INFO - Filling up the DagBag from /home/lucas/anaconda3/lib/python3.11/site-packages/airflow/example_dags/example_skip_dag.py
[2024-04-03T09:15:49.966+0200] {processor.py:839} INFO - DAG(s) dict_keys(['example_skip_dag']) retrieved from /home/lucas/anaconda3/lib/python3.11/site-packages/airflow/example_dags/example_skip_dag.py
[2024-04-03T09:15:49.975+0200] {logging_mixin.py:154} INFO - [2024-04-03T09:15:49.975+0200] {dag.py:2941} INFO - Sync 1 DAGs
[2024-04-03T09:15:49.987+0200] {logging_mixin.py:154} INFO - [2024-04-03T09:15:49.987+0200] {dag.py:3722} INFO - Setting next_dagrun for example_skip_dag to 2024-04-02T07:15:49.987285+00:00, run_after=2024-04-03T07:15:49.987285+00:00
[2024-04-03T09:15:50.001+0200] {processor.py:179} INFO - Processing /home/lucas/anaconda3/lib/python3.11/site-packages/airflow/example_dags/example_skip_dag.py took 0.044 seconds
[2024-04-03T09:16:35.013+0200] {processor.py:157} INFO - Started process (PID=13176) to work on /home/lucas/anaconda3/lib/python3.11/site-packages/airflow/example_dags/example_skip_dag.py
[2024-04-03T09:16:35.015+0200] {processor.py:829} INFO - Processing file /home/lucas/anaconda3/lib/python3.11/site-packages/airflow/example_dags/example_skip_dag.py for tasks to queue
[2024-04-03T09:16:35.016+0200] {logging_mixin.py:154} INFO - [2024-04-03T09:16:35.016+0200] {dagbag.py:536} INFO - Filling up the DagBag from /home/lucas/anaconda3/lib/python3.11/site-packages/airflow/example_dags/example_skip_dag.py
[2024-04-03T09:16:35.019+0200] {processor.py:839} INFO - DAG(s) dict_keys(['example_skip_dag']) retrieved from /home/lucas/anaconda3/lib/python3.11/site-packages/airflow/example_dags/example_skip_dag.py
[2024-04-03T09:16:35.027+0200] {logging_mixin.py:154} INFO - [2024-04-03T09:16:35.027+0200] {dag.py:2941} INFO - Sync 1 DAGs
[2024-04-03T09:16:35.036+0200] {logging_mixin.py:154} INFO - [2024-04-03T09:16:35.036+0200] {dag.py:3722} INFO - Setting next_dagrun for example_skip_dag to 2024-04-02T07:16:35.035923+00:00, run_after=2024-04-03T07:16:35.035923+00:00
[2024-04-03T09:16:35.048+0200] {processor.py:179} INFO - Processing /home/lucas/anaconda3/lib/python3.11/site-packages/airflow/example_dags/example_skip_dag.py took 0.036 seconds
