[2024-04-03T09:13:58.222+0200] {processor.py:157} INFO - Started process (PID=12284) to work on /home/lucas/anaconda3/lib/python3.11/site-packages/airflow/example_dags/example_trigger_target_dag.py
[2024-04-03T09:13:58.223+0200] {processor.py:829} INFO - Processing file /home/lucas/anaconda3/lib/python3.11/site-packages/airflow/example_dags/example_trigger_target_dag.py for tasks to queue
[2024-04-03T09:13:58.223+0200] {logging_mixin.py:154} INFO - [2024-04-03T09:13:58.223+0200] {dagbag.py:536} INFO - Filling up the DagBag from /home/lucas/anaconda3/lib/python3.11/site-packages/airflow/example_dags/example_trigger_target_dag.py
[2024-04-03T09:13:58.227+0200] {processor.py:839} INFO - DAG(s) dict_keys(['example_trigger_target_dag']) retrieved from /home/lucas/anaconda3/lib/python3.11/site-packages/airflow/example_dags/example_trigger_target_dag.py
[2024-04-03T09:13:58.293+0200] {logging_mixin.py:154} INFO - [2024-04-03T09:13:58.293+0200] {manager.py:499} INFO - Created Permission View: %s
[2024-04-03T09:13:58.301+0200] {logging_mixin.py:154} INFO - [2024-04-03T09:13:58.301+0200] {manager.py:499} INFO - Created Permission View: %s
[2024-04-03T09:13:58.307+0200] {logging_mixin.py:154} INFO - [2024-04-03T09:13:58.307+0200] {manager.py:499} INFO - Created Permission View: %s
[2024-04-03T09:13:58.307+0200] {logging_mixin.py:154} INFO - [2024-04-03T09:13:58.307+0200] {dag.py:2941} INFO - Sync 1 DAGs
[2024-04-03T09:13:58.312+0200] {logging_mixin.py:154} INFO - [2024-04-03T09:13:58.312+0200] {dag.py:2963} INFO - Creating ORM DAG for example_trigger_target_dag
[2024-04-03T09:13:58.313+0200] {logging_mixin.py:154} INFO - [2024-04-03T09:13:58.313+0200] {dag.py:3722} INFO - Setting next_dagrun for example_trigger_target_dag to None, run_after=None
[2024-04-03T09:13:58.326+0200] {processor.py:179} INFO - Processing /home/lucas/anaconda3/lib/python3.11/site-packages/airflow/example_dags/example_trigger_target_dag.py took 0.105 seconds
[2024-04-03T09:14:46.755+0200] {processor.py:157} INFO - Started process (PID=12805) to work on /home/lucas/anaconda3/lib/python3.11/site-packages/airflow/example_dags/example_trigger_target_dag.py
[2024-04-03T09:14:46.758+0200] {processor.py:829} INFO - Processing file /home/lucas/anaconda3/lib/python3.11/site-packages/airflow/example_dags/example_trigger_target_dag.py for tasks to queue
[2024-04-03T09:14:46.759+0200] {logging_mixin.py:154} INFO - [2024-04-03T09:14:46.759+0200] {dagbag.py:536} INFO - Filling up the DagBag from /home/lucas/anaconda3/lib/python3.11/site-packages/airflow/example_dags/example_trigger_target_dag.py
[2024-04-03T09:14:46.762+0200] {processor.py:839} INFO - DAG(s) dict_keys(['example_trigger_target_dag']) retrieved from /home/lucas/anaconda3/lib/python3.11/site-packages/airflow/example_dags/example_trigger_target_dag.py
[2024-04-03T09:14:46.772+0200] {logging_mixin.py:154} INFO - [2024-04-03T09:14:46.772+0200] {dag.py:2941} INFO - Sync 1 DAGs
[2024-04-03T09:14:46.778+0200] {logging_mixin.py:154} INFO - [2024-04-03T09:14:46.777+0200] {dag.py:3722} INFO - Setting next_dagrun for example_trigger_target_dag to None, run_after=None
[2024-04-03T09:14:46.791+0200] {processor.py:179} INFO - Processing /home/lucas/anaconda3/lib/python3.11/site-packages/airflow/example_dags/example_trigger_target_dag.py took 0.037 seconds
[2024-04-03T09:15:30.706+0200] {processor.py:157} INFO - Started process (PID=12972) to work on /home/lucas/anaconda3/lib/python3.11/site-packages/airflow/example_dags/example_trigger_target_dag.py
[2024-04-03T09:15:30.707+0200] {processor.py:829} INFO - Processing file /home/lucas/anaconda3/lib/python3.11/site-packages/airflow/example_dags/example_trigger_target_dag.py for tasks to queue
[2024-04-03T09:15:30.707+0200] {logging_mixin.py:154} INFO - [2024-04-03T09:15:30.707+0200] {dagbag.py:536} INFO - Filling up the DagBag from /home/lucas/anaconda3/lib/python3.11/site-packages/airflow/example_dags/example_trigger_target_dag.py
[2024-04-03T09:15:30.711+0200] {processor.py:839} INFO - DAG(s) dict_keys(['example_trigger_target_dag']) retrieved from /home/lucas/anaconda3/lib/python3.11/site-packages/airflow/example_dags/example_trigger_target_dag.py
[2024-04-03T09:15:30.720+0200] {logging_mixin.py:154} INFO - [2024-04-03T09:15:30.720+0200] {dag.py:2941} INFO - Sync 1 DAGs
[2024-04-03T09:15:30.726+0200] {logging_mixin.py:154} INFO - [2024-04-03T09:15:30.726+0200] {dag.py:3722} INFO - Setting next_dagrun for example_trigger_target_dag to None, run_after=None
[2024-04-03T09:15:30.739+0200] {processor.py:179} INFO - Processing /home/lucas/anaconda3/lib/python3.11/site-packages/airflow/example_dags/example_trigger_target_dag.py took 0.035 seconds
[2024-04-03T09:16:14.489+0200] {processor.py:157} INFO - Started process (PID=13130) to work on /home/lucas/anaconda3/lib/python3.11/site-packages/airflow/example_dags/example_trigger_target_dag.py
[2024-04-03T09:16:14.491+0200] {processor.py:829} INFO - Processing file /home/lucas/anaconda3/lib/python3.11/site-packages/airflow/example_dags/example_trigger_target_dag.py for tasks to queue
[2024-04-03T09:16:14.492+0200] {logging_mixin.py:154} INFO - [2024-04-03T09:16:14.492+0200] {dagbag.py:536} INFO - Filling up the DagBag from /home/lucas/anaconda3/lib/python3.11/site-packages/airflow/example_dags/example_trigger_target_dag.py
[2024-04-03T09:16:14.495+0200] {processor.py:839} INFO - DAG(s) dict_keys(['example_trigger_target_dag']) retrieved from /home/lucas/anaconda3/lib/python3.11/site-packages/airflow/example_dags/example_trigger_target_dag.py
[2024-04-03T09:16:14.502+0200] {logging_mixin.py:154} INFO - [2024-04-03T09:16:14.502+0200] {dag.py:2941} INFO - Sync 1 DAGs
[2024-04-03T09:16:14.508+0200] {logging_mixin.py:154} INFO - [2024-04-03T09:16:14.508+0200] {dag.py:3722} INFO - Setting next_dagrun for example_trigger_target_dag to None, run_after=None
[2024-04-03T09:16:14.519+0200] {processor.py:179} INFO - Processing /home/lucas/anaconda3/lib/python3.11/site-packages/airflow/example_dags/example_trigger_target_dag.py took 0.032 seconds
