[2024-04-03T09:14:39.479+0200] {processor.py:157} INFO - Started process (PID=12797) to work on /home/lucas/anaconda3/lib/python3.11/site-packages/airflow/example_dags/example_branch_day_of_week_operator.py
[2024-04-03T09:14:39.480+0200] {processor.py:829} INFO - Processing file /home/lucas/anaconda3/lib/python3.11/site-packages/airflow/example_dags/example_branch_day_of_week_operator.py for tasks to queue
[2024-04-03T09:14:39.480+0200] {logging_mixin.py:154} INFO - [2024-04-03T09:14:39.480+0200] {dagbag.py:536} INFO - Filling up the DagBag from /home/lucas/anaconda3/lib/python3.11/site-packages/airflow/example_dags/example_branch_day_of_week_operator.py
[2024-04-03T09:14:39.484+0200] {processor.py:839} INFO - DAG(s) dict_keys(['example_weekday_branch_operator']) retrieved from /home/lucas/anaconda3/lib/python3.11/site-packages/airflow/example_dags/example_branch_day_of_week_operator.py
[2024-04-03T09:14:39.547+0200] {logging_mixin.py:154} INFO - [2024-04-03T09:14:39.547+0200] {manager.py:499} INFO - Created Permission View: %s
[2024-04-03T09:14:39.555+0200] {logging_mixin.py:154} INFO - [2024-04-03T09:14:39.555+0200] {manager.py:499} INFO - Created Permission View: %s
[2024-04-03T09:14:39.562+0200] {logging_mixin.py:154} INFO - [2024-04-03T09:14:39.562+0200] {manager.py:499} INFO - Created Permission View: %s
[2024-04-03T09:14:39.562+0200] {logging_mixin.py:154} INFO - [2024-04-03T09:14:39.562+0200] {dag.py:2941} INFO - Sync 1 DAGs
[2024-04-03T09:14:39.568+0200] {logging_mixin.py:154} INFO - [2024-04-03T09:14:39.568+0200] {dag.py:2963} INFO - Creating ORM DAG for example_weekday_branch_operator
[2024-04-03T09:14:39.574+0200] {logging_mixin.py:154} INFO - [2024-04-03T09:14:39.574+0200] {dag.py:3722} INFO - Setting next_dagrun for example_weekday_branch_operator to 2024-04-02T00:00:00+00:00, run_after=2024-04-03T00:00:00+00:00
[2024-04-03T09:14:39.590+0200] {processor.py:179} INFO - Processing /home/lucas/anaconda3/lib/python3.11/site-packages/airflow/example_dags/example_branch_day_of_week_operator.py took 0.112 seconds
[2024-04-03T09:15:26.694+0200] {processor.py:157} INFO - Started process (PID=12968) to work on /home/lucas/anaconda3/lib/python3.11/site-packages/airflow/example_dags/example_branch_day_of_week_operator.py
[2024-04-03T09:15:26.697+0200] {processor.py:829} INFO - Processing file /home/lucas/anaconda3/lib/python3.11/site-packages/airflow/example_dags/example_branch_day_of_week_operator.py for tasks to queue
[2024-04-03T09:15:26.697+0200] {logging_mixin.py:154} INFO - [2024-04-03T09:15:26.697+0200] {dagbag.py:536} INFO - Filling up the DagBag from /home/lucas/anaconda3/lib/python3.11/site-packages/airflow/example_dags/example_branch_day_of_week_operator.py
[2024-04-03T09:15:26.701+0200] {processor.py:839} INFO - DAG(s) dict_keys(['example_weekday_branch_operator']) retrieved from /home/lucas/anaconda3/lib/python3.11/site-packages/airflow/example_dags/example_branch_day_of_week_operator.py
[2024-04-03T09:15:26.709+0200] {logging_mixin.py:154} INFO - [2024-04-03T09:15:26.709+0200] {dag.py:2941} INFO - Sync 1 DAGs
[2024-04-03T09:15:26.719+0200] {logging_mixin.py:154} INFO - [2024-04-03T09:15:26.719+0200] {dag.py:3722} INFO - Setting next_dagrun for example_weekday_branch_operator to 2024-04-02T00:00:00+00:00, run_after=2024-04-03T00:00:00+00:00
[2024-04-03T09:15:26.734+0200] {processor.py:179} INFO - Processing /home/lucas/anaconda3/lib/python3.11/site-packages/airflow/example_dags/example_branch_day_of_week_operator.py took 0.041 seconds
[2024-04-03T09:16:11.936+0200] {processor.py:157} INFO - Started process (PID=13127) to work on /home/lucas/anaconda3/lib/python3.11/site-packages/airflow/example_dags/example_branch_day_of_week_operator.py
[2024-04-03T09:16:11.938+0200] {processor.py:829} INFO - Processing file /home/lucas/anaconda3/lib/python3.11/site-packages/airflow/example_dags/example_branch_day_of_week_operator.py for tasks to queue
[2024-04-03T09:16:11.939+0200] {logging_mixin.py:154} INFO - [2024-04-03T09:16:11.939+0200] {dagbag.py:536} INFO - Filling up the DagBag from /home/lucas/anaconda3/lib/python3.11/site-packages/airflow/example_dags/example_branch_day_of_week_operator.py
[2024-04-03T09:16:11.943+0200] {processor.py:839} INFO - DAG(s) dict_keys(['example_weekday_branch_operator']) retrieved from /home/lucas/anaconda3/lib/python3.11/site-packages/airflow/example_dags/example_branch_day_of_week_operator.py
[2024-04-03T09:16:11.951+0200] {logging_mixin.py:154} INFO - [2024-04-03T09:16:11.951+0200] {dag.py:2941} INFO - Sync 1 DAGs
[2024-04-03T09:16:11.961+0200] {logging_mixin.py:154} INFO - [2024-04-03T09:16:11.961+0200] {dag.py:3722} INFO - Setting next_dagrun for example_weekday_branch_operator to 2024-04-02T00:00:00+00:00, run_after=2024-04-03T00:00:00+00:00
[2024-04-03T09:16:11.973+0200] {processor.py:179} INFO - Processing /home/lucas/anaconda3/lib/python3.11/site-packages/airflow/example_dags/example_branch_day_of_week_operator.py took 0.039 seconds
