[2024-04-03T09:13:49.985+0200] {processor.py:157} INFO - Started process (PID=12194) to work on /home/lucas/anaconda3/lib/python3.11/site-packages/airflow/example_dags/example_short_circuit_operator.py
[2024-04-03T09:13:49.986+0200] {processor.py:829} INFO - Processing file /home/lucas/anaconda3/lib/python3.11/site-packages/airflow/example_dags/example_short_circuit_operator.py for tasks to queue
[2024-04-03T09:13:49.987+0200] {logging_mixin.py:154} INFO - [2024-04-03T09:13:49.987+0200] {dagbag.py:536} INFO - Filling up the DagBag from /home/lucas/anaconda3/lib/python3.11/site-packages/airflow/example_dags/example_short_circuit_operator.py
[2024-04-03T09:13:49.994+0200] {processor.py:839} INFO - DAG(s) dict_keys(['example_short_circuit_operator']) retrieved from /home/lucas/anaconda3/lib/python3.11/site-packages/airflow/example_dags/example_short_circuit_operator.py
[2024-04-03T09:13:50.141+0200] {logging_mixin.py:154} INFO - [2024-04-03T09:13:50.141+0200] {manager.py:499} INFO - Created Permission View: %s
[2024-04-03T09:13:50.150+0200] {logging_mixin.py:154} INFO - [2024-04-03T09:13:50.150+0200] {manager.py:499} INFO - Created Permission View: %s
[2024-04-03T09:13:50.159+0200] {logging_mixin.py:154} INFO - [2024-04-03T09:13:50.159+0200] {manager.py:499} INFO - Created Permission View: %s
[2024-04-03T09:13:50.159+0200] {logging_mixin.py:154} INFO - [2024-04-03T09:13:50.159+0200] {dag.py:2941} INFO - Sync 1 DAGs
[2024-04-03T09:13:50.164+0200] {logging_mixin.py:154} INFO - [2024-04-03T09:13:50.164+0200] {dag.py:2963} INFO - Creating ORM DAG for example_short_circuit_operator
[2024-04-03T09:13:50.168+0200] {logging_mixin.py:154} INFO - [2024-04-03T09:13:50.168+0200] {dag.py:3722} INFO - Setting next_dagrun for example_short_circuit_operator to 2024-04-02T07:13:50.168274+00:00, run_after=2024-04-03T07:13:50.168274+00:00
[2024-04-03T09:13:50.189+0200] {processor.py:179} INFO - Processing /home/lucas/anaconda3/lib/python3.11/site-packages/airflow/example_dags/example_short_circuit_operator.py took 0.206 seconds
[2024-04-03T09:14:41.929+0200] {processor.py:157} INFO - Started process (PID=12799) to work on /home/lucas/anaconda3/lib/python3.11/site-packages/airflow/example_dags/example_short_circuit_operator.py
[2024-04-03T09:14:41.932+0200] {processor.py:829} INFO - Processing file /home/lucas/anaconda3/lib/python3.11/site-packages/airflow/example_dags/example_short_circuit_operator.py for tasks to queue
[2024-04-03T09:14:41.933+0200] {logging_mixin.py:154} INFO - [2024-04-03T09:14:41.932+0200] {dagbag.py:536} INFO - Filling up the DagBag from /home/lucas/anaconda3/lib/python3.11/site-packages/airflow/example_dags/example_short_circuit_operator.py
[2024-04-03T09:14:41.937+0200] {processor.py:839} INFO - DAG(s) dict_keys(['example_short_circuit_operator']) retrieved from /home/lucas/anaconda3/lib/python3.11/site-packages/airflow/example_dags/example_short_circuit_operator.py
[2024-04-03T09:14:41.946+0200] {logging_mixin.py:154} INFO - [2024-04-03T09:14:41.946+0200] {dag.py:2941} INFO - Sync 1 DAGs
[2024-04-03T09:14:41.955+0200] {logging_mixin.py:154} INFO - [2024-04-03T09:14:41.955+0200] {dag.py:3722} INFO - Setting next_dagrun for example_short_circuit_operator to 2024-04-02T07:14:41.955332+00:00, run_after=2024-04-03T07:14:41.955332+00:00
[2024-04-03T09:14:41.967+0200] {processor.py:179} INFO - Processing /home/lucas/anaconda3/lib/python3.11/site-packages/airflow/example_dags/example_short_circuit_operator.py took 0.039 seconds
[2024-04-03T09:15:14.185+0200] {processor.py:157} INFO - Started process (PID=12947) to work on /home/lucas/anaconda3/lib/python3.11/site-packages/airflow/example_dags/example_short_circuit_operator.py
[2024-04-03T09:15:14.188+0200] {processor.py:829} INFO - Processing file /home/lucas/anaconda3/lib/python3.11/site-packages/airflow/example_dags/example_short_circuit_operator.py for tasks to queue
[2024-04-03T09:15:14.188+0200] {logging_mixin.py:154} INFO - [2024-04-03T09:15:14.188+0200] {dagbag.py:536} INFO - Filling up the DagBag from /home/lucas/anaconda3/lib/python3.11/site-packages/airflow/example_dags/example_short_circuit_operator.py
[2024-04-03T09:15:14.193+0200] {processor.py:839} INFO - DAG(s) dict_keys(['example_short_circuit_operator']) retrieved from /home/lucas/anaconda3/lib/python3.11/site-packages/airflow/example_dags/example_short_circuit_operator.py
[2024-04-03T09:15:14.201+0200] {logging_mixin.py:154} INFO - [2024-04-03T09:15:14.201+0200] {dag.py:2941} INFO - Sync 1 DAGs
[2024-04-03T09:15:14.210+0200] {logging_mixin.py:154} INFO - [2024-04-03T09:15:14.210+0200] {dag.py:3722} INFO - Setting next_dagrun for example_short_circuit_operator to 2024-04-02T07:15:14.210079+00:00, run_after=2024-04-03T07:15:14.210079+00:00
[2024-04-03T09:15:14.222+0200] {processor.py:179} INFO - Processing /home/lucas/anaconda3/lib/python3.11/site-packages/airflow/example_dags/example_short_circuit_operator.py took 0.038 seconds
[2024-04-03T09:15:59.092+0200] {processor.py:157} INFO - Started process (PID=13111) to work on /home/lucas/anaconda3/lib/python3.11/site-packages/airflow/example_dags/example_short_circuit_operator.py
[2024-04-03T09:15:59.094+0200] {processor.py:829} INFO - Processing file /home/lucas/anaconda3/lib/python3.11/site-packages/airflow/example_dags/example_short_circuit_operator.py for tasks to queue
[2024-04-03T09:15:59.095+0200] {logging_mixin.py:154} INFO - [2024-04-03T09:15:59.095+0200] {dagbag.py:536} INFO - Filling up the DagBag from /home/lucas/anaconda3/lib/python3.11/site-packages/airflow/example_dags/example_short_circuit_operator.py
[2024-04-03T09:15:59.099+0200] {processor.py:839} INFO - DAG(s) dict_keys(['example_short_circuit_operator']) retrieved from /home/lucas/anaconda3/lib/python3.11/site-packages/airflow/example_dags/example_short_circuit_operator.py
[2024-04-03T09:15:59.107+0200] {logging_mixin.py:154} INFO - [2024-04-03T09:15:59.107+0200] {dag.py:2941} INFO - Sync 1 DAGs
[2024-04-03T09:15:59.116+0200] {logging_mixin.py:154} INFO - [2024-04-03T09:15:59.115+0200] {dag.py:3722} INFO - Setting next_dagrun for example_short_circuit_operator to 2024-04-02T07:15:59.115865+00:00, run_after=2024-04-03T07:15:59.115865+00:00
[2024-04-03T09:15:59.128+0200] {processor.py:179} INFO - Processing /home/lucas/anaconda3/lib/python3.11/site-packages/airflow/example_dags/example_short_circuit_operator.py took 0.037 seconds
[2024-04-03T09:16:29.254+0200] {processor.py:157} INFO - Started process (PID=13156) to work on /home/lucas/anaconda3/lib/python3.11/site-packages/airflow/example_dags/example_short_circuit_operator.py
[2024-04-03T09:16:29.255+0200] {processor.py:829} INFO - Processing file /home/lucas/anaconda3/lib/python3.11/site-packages/airflow/example_dags/example_short_circuit_operator.py for tasks to queue
[2024-04-03T09:16:29.255+0200] {logging_mixin.py:154} INFO - [2024-04-03T09:16:29.255+0200] {dagbag.py:536} INFO - Filling up the DagBag from /home/lucas/anaconda3/lib/python3.11/site-packages/airflow/example_dags/example_short_circuit_operator.py
[2024-04-03T09:16:29.260+0200] {processor.py:839} INFO - DAG(s) dict_keys(['example_short_circuit_operator']) retrieved from /home/lucas/anaconda3/lib/python3.11/site-packages/airflow/example_dags/example_short_circuit_operator.py
[2024-04-03T09:16:29.269+0200] {logging_mixin.py:154} INFO - [2024-04-03T09:16:29.269+0200] {dag.py:2941} INFO - Sync 1 DAGs
[2024-04-03T09:16:29.278+0200] {logging_mixin.py:154} INFO - [2024-04-03T09:16:29.278+0200] {dag.py:3722} INFO - Setting next_dagrun for example_short_circuit_operator to 2024-04-02T07:16:29.278025+00:00, run_after=2024-04-03T07:16:29.278025+00:00
[2024-04-03T09:16:29.289+0200] {processor.py:179} INFO - Processing /home/lucas/anaconda3/lib/python3.11/site-packages/airflow/example_dags/example_short_circuit_operator.py took 0.036 seconds
