[2024-04-03T09:14:37.019+0200] {processor.py:157} INFO - Started process (PID=12748) to work on /home/lucas/anaconda3/lib/python3.11/site-packages/airflow/example_dags/example_branch_operator_decorator.py
[2024-04-03T09:14:37.020+0200] {processor.py:829} INFO - Processing file /home/lucas/anaconda3/lib/python3.11/site-packages/airflow/example_dags/example_branch_operator_decorator.py for tasks to queue
[2024-04-03T09:14:37.021+0200] {logging_mixin.py:154} INFO - [2024-04-03T09:14:37.021+0200] {dagbag.py:536} INFO - Filling up the DagBag from /home/lucas/anaconda3/lib/python3.11/site-packages/airflow/example_dags/example_branch_operator_decorator.py
[2024-04-03T09:14:37.027+0200] {processor.py:839} INFO - DAG(s) dict_keys(['example_branch_python_operator_decorator']) retrieved from /home/lucas/anaconda3/lib/python3.11/site-packages/airflow/example_dags/example_branch_operator_decorator.py
[2024-04-03T09:14:37.116+0200] {logging_mixin.py:154} INFO - [2024-04-03T09:14:37.115+0200] {manager.py:499} INFO - Created Permission View: %s
[2024-04-03T09:14:37.129+0200] {logging_mixin.py:154} INFO - [2024-04-03T09:14:37.129+0200] {manager.py:499} INFO - Created Permission View: %s
[2024-04-03T09:14:37.141+0200] {logging_mixin.py:154} INFO - [2024-04-03T09:14:37.141+0200] {manager.py:499} INFO - Created Permission View: %s
[2024-04-03T09:14:37.141+0200] {logging_mixin.py:154} INFO - [2024-04-03T09:14:37.141+0200] {dag.py:2941} INFO - Sync 1 DAGs
[2024-04-03T09:14:37.146+0200] {logging_mixin.py:154} INFO - [2024-04-03T09:14:37.146+0200] {dag.py:2963} INFO - Creating ORM DAG for example_branch_python_operator_decorator
[2024-04-03T09:14:37.155+0200] {logging_mixin.py:154} INFO - [2024-04-03T09:14:37.155+0200] {dag.py:3722} INFO - Setting next_dagrun for example_branch_python_operator_decorator to 2024-04-02T00:00:00+00:00, run_after=2024-04-03T00:00:00+00:00
[2024-04-03T09:14:37.175+0200] {processor.py:179} INFO - Processing /home/lucas/anaconda3/lib/python3.11/site-packages/airflow/example_dags/example_branch_operator_decorator.py took 0.160 seconds
[2024-04-03T09:15:24.448+0200] {processor.py:157} INFO - Started process (PID=12966) to work on /home/lucas/anaconda3/lib/python3.11/site-packages/airflow/example_dags/example_branch_operator_decorator.py
[2024-04-03T09:15:24.449+0200] {processor.py:829} INFO - Processing file /home/lucas/anaconda3/lib/python3.11/site-packages/airflow/example_dags/example_branch_operator_decorator.py for tasks to queue
[2024-04-03T09:15:24.450+0200] {logging_mixin.py:154} INFO - [2024-04-03T09:15:24.450+0200] {dagbag.py:536} INFO - Filling up the DagBag from /home/lucas/anaconda3/lib/python3.11/site-packages/airflow/example_dags/example_branch_operator_decorator.py
[2024-04-03T09:15:24.455+0200] {processor.py:839} INFO - DAG(s) dict_keys(['example_branch_python_operator_decorator']) retrieved from /home/lucas/anaconda3/lib/python3.11/site-packages/airflow/example_dags/example_branch_operator_decorator.py
[2024-04-03T09:15:24.463+0200] {logging_mixin.py:154} INFO - [2024-04-03T09:15:24.463+0200] {dag.py:2941} INFO - Sync 1 DAGs
[2024-04-03T09:15:24.473+0200] {logging_mixin.py:154} INFO - [2024-04-03T09:15:24.472+0200] {dag.py:3722} INFO - Setting next_dagrun for example_branch_python_operator_decorator to 2024-04-02T00:00:00+00:00, run_after=2024-04-03T00:00:00+00:00
[2024-04-03T09:15:24.484+0200] {processor.py:179} INFO - Processing /home/lucas/anaconda3/lib/python3.11/site-packages/airflow/example_dags/example_branch_operator_decorator.py took 0.037 seconds
[2024-04-03T09:16:10.488+0200] {processor.py:157} INFO - Started process (PID=13124) to work on /home/lucas/anaconda3/lib/python3.11/site-packages/airflow/example_dags/example_branch_operator_decorator.py
[2024-04-03T09:16:10.491+0200] {processor.py:829} INFO - Processing file /home/lucas/anaconda3/lib/python3.11/site-packages/airflow/example_dags/example_branch_operator_decorator.py for tasks to queue
[2024-04-03T09:16:10.492+0200] {logging_mixin.py:154} INFO - [2024-04-03T09:16:10.492+0200] {dagbag.py:536} INFO - Filling up the DagBag from /home/lucas/anaconda3/lib/python3.11/site-packages/airflow/example_dags/example_branch_operator_decorator.py
[2024-04-03T09:16:10.497+0200] {processor.py:839} INFO - DAG(s) dict_keys(['example_branch_python_operator_decorator']) retrieved from /home/lucas/anaconda3/lib/python3.11/site-packages/airflow/example_dags/example_branch_operator_decorator.py
[2024-04-03T09:16:10.506+0200] {logging_mixin.py:154} INFO - [2024-04-03T09:16:10.505+0200] {dag.py:2941} INFO - Sync 1 DAGs
[2024-04-03T09:16:10.515+0200] {logging_mixin.py:154} INFO - [2024-04-03T09:16:10.515+0200] {dag.py:3722} INFO - Setting next_dagrun for example_branch_python_operator_decorator to 2024-04-02T00:00:00+00:00, run_after=2024-04-03T00:00:00+00:00
[2024-04-03T09:16:10.527+0200] {processor.py:179} INFO - Processing /home/lucas/anaconda3/lib/python3.11/site-packages/airflow/example_dags/example_branch_operator_decorator.py took 0.040 seconds
