[2024-04-03T09:14:30.232+0200] {processor.py:157} INFO - Started process (PID=12648) to work on /home/lucas/anaconda3/lib/python3.11/site-packages/airflow/example_dags/example_branch_datetime_operator.py
[2024-04-03T09:14:30.232+0200] {processor.py:829} INFO - Processing file /home/lucas/anaconda3/lib/python3.11/site-packages/airflow/example_dags/example_branch_datetime_operator.py for tasks to queue
[2024-04-03T09:14:30.233+0200] {logging_mixin.py:154} INFO - [2024-04-03T09:14:30.233+0200] {dagbag.py:536} INFO - Filling up the DagBag from /home/lucas/anaconda3/lib/python3.11/site-packages/airflow/example_dags/example_branch_datetime_operator.py
[2024-04-03T09:14:30.240+0200] {processor.py:839} INFO - DAG(s) dict_keys(['example_branch_datetime_operator', 'example_branch_datetime_operator_2', 'example_branch_datetime_operator_3']) retrieved from /home/lucas/anaconda3/lib/python3.11/site-packages/airflow/example_dags/example_branch_datetime_operator.py
[2024-04-03T09:14:30.363+0200] {logging_mixin.py:154} INFO - [2024-04-03T09:14:30.363+0200] {manager.py:499} INFO - Created Permission View: %s
[2024-04-03T09:14:30.382+0200] {logging_mixin.py:154} INFO - [2024-04-03T09:14:30.382+0200] {manager.py:499} INFO - Created Permission View: %s
[2024-04-03T09:14:30.391+0200] {logging_mixin.py:154} INFO - [2024-04-03T09:14:30.391+0200] {manager.py:499} INFO - Created Permission View: %s
[2024-04-03T09:14:30.408+0200] {logging_mixin.py:154} INFO - [2024-04-03T09:14:30.407+0200] {manager.py:499} INFO - Created Permission View: %s
[2024-04-03T09:14:30.419+0200] {logging_mixin.py:154} INFO - [2024-04-03T09:14:30.419+0200] {manager.py:499} INFO - Created Permission View: %s
[2024-04-03T09:14:30.429+0200] {logging_mixin.py:154} INFO - [2024-04-03T09:14:30.429+0200] {manager.py:499} INFO - Created Permission View: %s
[2024-04-03T09:14:30.447+0200] {logging_mixin.py:154} INFO - [2024-04-03T09:14:30.447+0200] {manager.py:499} INFO - Created Permission View: %s
[2024-04-03T09:14:30.453+0200] {logging_mixin.py:154} INFO - [2024-04-03T09:14:30.452+0200] {manager.py:499} INFO - Created Permission View: %s
[2024-04-03T09:14:30.461+0200] {logging_mixin.py:154} INFO - [2024-04-03T09:14:30.461+0200] {manager.py:499} INFO - Created Permission View: %s
[2024-04-03T09:14:30.461+0200] {logging_mixin.py:154} INFO - [2024-04-03T09:14:30.461+0200] {dag.py:2941} INFO - Sync 3 DAGs
[2024-04-03T09:14:30.468+0200] {logging_mixin.py:154} INFO - [2024-04-03T09:14:30.468+0200] {dag.py:2963} INFO - Creating ORM DAG for example_branch_datetime_operator
[2024-04-03T09:14:30.468+0200] {logging_mixin.py:154} INFO - [2024-04-03T09:14:30.468+0200] {dag.py:2963} INFO - Creating ORM DAG for example_branch_datetime_operator_2
[2024-04-03T09:14:30.469+0200] {logging_mixin.py:154} INFO - [2024-04-03T09:14:30.469+0200] {dag.py:2963} INFO - Creating ORM DAG for example_branch_datetime_operator_3
[2024-04-03T09:14:30.477+0200] {logging_mixin.py:154} INFO - [2024-04-03T09:14:30.477+0200] {dag.py:3722} INFO - Setting next_dagrun for example_branch_datetime_operator to 2024-04-02T00:00:00+00:00, run_after=2024-04-03T00:00:00+00:00
[2024-04-03T09:14:30.478+0200] {logging_mixin.py:154} INFO - [2024-04-03T09:14:30.478+0200] {dag.py:3722} INFO - Setting next_dagrun for example_branch_datetime_operator_2 to 2024-04-02T00:00:00+00:00, run_after=2024-04-03T00:00:00+00:00
[2024-04-03T09:14:30.479+0200] {logging_mixin.py:154} INFO - [2024-04-03T09:14:30.479+0200] {dag.py:3722} INFO - Setting next_dagrun for example_branch_datetime_operator_3 to 2024-04-02T00:00:00+00:00, run_after=2024-04-03T00:00:00+00:00
[2024-04-03T09:14:30.498+0200] {processor.py:179} INFO - Processing /home/lucas/anaconda3/lib/python3.11/site-packages/airflow/example_dags/example_branch_datetime_operator.py took 0.270 seconds
[2024-04-03T09:15:18.185+0200] {processor.py:157} INFO - Started process (PID=12951) to work on /home/lucas/anaconda3/lib/python3.11/site-packages/airflow/example_dags/example_branch_datetime_operator.py
[2024-04-03T09:15:18.188+0200] {processor.py:829} INFO - Processing file /home/lucas/anaconda3/lib/python3.11/site-packages/airflow/example_dags/example_branch_datetime_operator.py for tasks to queue
[2024-04-03T09:15:18.188+0200] {logging_mixin.py:154} INFO - [2024-04-03T09:15:18.188+0200] {dagbag.py:536} INFO - Filling up the DagBag from /home/lucas/anaconda3/lib/python3.11/site-packages/airflow/example_dags/example_branch_datetime_operator.py
[2024-04-03T09:15:18.193+0200] {processor.py:839} INFO - DAG(s) dict_keys(['example_branch_datetime_operator', 'example_branch_datetime_operator_3', 'example_branch_datetime_operator_2']) retrieved from /home/lucas/anaconda3/lib/python3.11/site-packages/airflow/example_dags/example_branch_datetime_operator.py
[2024-04-03T09:15:18.204+0200] {logging_mixin.py:154} INFO - [2024-04-03T09:15:18.203+0200] {dag.py:2941} INFO - Sync 3 DAGs
[2024-04-03T09:15:18.213+0200] {logging_mixin.py:154} INFO - [2024-04-03T09:15:18.213+0200] {dag.py:3722} INFO - Setting next_dagrun for example_branch_datetime_operator to 2024-04-02T00:00:00+00:00, run_after=2024-04-03T00:00:00+00:00
[2024-04-03T09:15:18.215+0200] {logging_mixin.py:154} INFO - [2024-04-03T09:15:18.215+0200] {dag.py:3722} INFO - Setting next_dagrun for example_branch_datetime_operator_2 to 2024-04-02T00:00:00+00:00, run_after=2024-04-03T00:00:00+00:00
[2024-04-03T09:15:18.216+0200] {logging_mixin.py:154} INFO - [2024-04-03T09:15:18.216+0200] {dag.py:3722} INFO - Setting next_dagrun for example_branch_datetime_operator_3 to 2024-04-02T00:00:00+00:00, run_after=2024-04-03T00:00:00+00:00
[2024-04-03T09:15:18.227+0200] {processor.py:179} INFO - Processing /home/lucas/anaconda3/lib/python3.11/site-packages/airflow/example_dags/example_branch_datetime_operator.py took 0.044 seconds
[2024-04-03T09:16:04.059+0200] {processor.py:157} INFO - Started process (PID=13117) to work on /home/lucas/anaconda3/lib/python3.11/site-packages/airflow/example_dags/example_branch_datetime_operator.py
[2024-04-03T09:16:04.062+0200] {processor.py:829} INFO - Processing file /home/lucas/anaconda3/lib/python3.11/site-packages/airflow/example_dags/example_branch_datetime_operator.py for tasks to queue
[2024-04-03T09:16:04.062+0200] {logging_mixin.py:154} INFO - [2024-04-03T09:16:04.062+0200] {dagbag.py:536} INFO - Filling up the DagBag from /home/lucas/anaconda3/lib/python3.11/site-packages/airflow/example_dags/example_branch_datetime_operator.py
[2024-04-03T09:16:04.067+0200] {processor.py:839} INFO - DAG(s) dict_keys(['example_branch_datetime_operator_3', 'example_branch_datetime_operator_2', 'example_branch_datetime_operator']) retrieved from /home/lucas/anaconda3/lib/python3.11/site-packages/airflow/example_dags/example_branch_datetime_operator.py
[2024-04-03T09:16:04.077+0200] {logging_mixin.py:154} INFO - [2024-04-03T09:16:04.077+0200] {dag.py:2941} INFO - Sync 3 DAGs
[2024-04-03T09:16:04.087+0200] {logging_mixin.py:154} INFO - [2024-04-03T09:16:04.086+0200] {dag.py:3722} INFO - Setting next_dagrun for example_branch_datetime_operator to 2024-04-02T00:00:00+00:00, run_after=2024-04-03T00:00:00+00:00
[2024-04-03T09:16:04.089+0200] {logging_mixin.py:154} INFO - [2024-04-03T09:16:04.088+0200] {dag.py:3722} INFO - Setting next_dagrun for example_branch_datetime_operator_2 to 2024-04-02T00:00:00+00:00, run_after=2024-04-03T00:00:00+00:00
[2024-04-03T09:16:04.090+0200] {logging_mixin.py:154} INFO - [2024-04-03T09:16:04.089+0200] {dag.py:3722} INFO - Setting next_dagrun for example_branch_datetime_operator_3 to 2024-04-02T00:00:00+00:00, run_after=2024-04-03T00:00:00+00:00
[2024-04-03T09:16:04.101+0200] {processor.py:179} INFO - Processing /home/lucas/anaconda3/lib/python3.11/site-packages/airflow/example_dags/example_branch_datetime_operator.py took 0.044 seconds
[2024-04-03T09:16:47.533+0200] {processor.py:157} INFO - Started process (PID=13214) to work on /home/lucas/anaconda3/lib/python3.11/site-packages/airflow/example_dags/example_branch_datetime_operator.py
[2024-04-03T09:16:47.533+0200] {processor.py:829} INFO - Processing file /home/lucas/anaconda3/lib/python3.11/site-packages/airflow/example_dags/example_branch_datetime_operator.py for tasks to queue
[2024-04-03T09:16:47.534+0200] {logging_mixin.py:154} INFO - [2024-04-03T09:16:47.534+0200] {dagbag.py:536} INFO - Filling up the DagBag from /home/lucas/anaconda3/lib/python3.11/site-packages/airflow/example_dags/example_branch_datetime_operator.py
[2024-04-03T09:16:47.539+0200] {processor.py:839} INFO - DAG(s) dict_keys(['example_branch_datetime_operator_3', 'example_branch_datetime_operator', 'example_branch_datetime_operator_2']) retrieved from /home/lucas/anaconda3/lib/python3.11/site-packages/airflow/example_dags/example_branch_datetime_operator.py
[2024-04-03T09:16:47.550+0200] {logging_mixin.py:154} INFO - [2024-04-03T09:16:47.550+0200] {dag.py:2941} INFO - Sync 3 DAGs
[2024-04-03T09:16:47.560+0200] {logging_mixin.py:154} INFO - [2024-04-03T09:16:47.560+0200] {dag.py:3722} INFO - Setting next_dagrun for example_branch_datetime_operator to 2024-04-02T00:00:00+00:00, run_after=2024-04-03T00:00:00+00:00
[2024-04-03T09:16:47.562+0200] {logging_mixin.py:154} INFO - [2024-04-03T09:16:47.562+0200] {dag.py:3722} INFO - Setting next_dagrun for example_branch_datetime_operator_2 to 2024-04-02T00:00:00+00:00, run_after=2024-04-03T00:00:00+00:00
[2024-04-03T09:16:47.564+0200] {logging_mixin.py:154} INFO - [2024-04-03T09:16:47.564+0200] {dag.py:3722} INFO - Setting next_dagrun for example_branch_datetime_operator_3 to 2024-04-02T00:00:00+00:00, run_after=2024-04-03T00:00:00+00:00
[2024-04-03T09:16:47.575+0200] {processor.py:179} INFO - Processing /home/lucas/anaconda3/lib/python3.11/site-packages/airflow/example_dags/example_branch_datetime_operator.py took 0.044 seconds
