[2024-04-03T09:14:36.584+0200] {processor.py:157} INFO - Started process (PID=12747) to work on /home/lucas/anaconda3/lib/python3.11/site-packages/airflow/example_dags/example_kubernetes_executor.py
[2024-04-03T09:14:36.585+0200] {processor.py:829} INFO - Processing file /home/lucas/anaconda3/lib/python3.11/site-packages/airflow/example_dags/example_kubernetes_executor.py for tasks to queue
[2024-04-03T09:14:36.585+0200] {logging_mixin.py:154} INFO - [2024-04-03T09:14:36.585+0200] {dagbag.py:536} INFO - Filling up the DagBag from /home/lucas/anaconda3/lib/python3.11/site-packages/airflow/example_dags/example_kubernetes_executor.py
[2024-04-03T09:14:36.588+0200] {logging_mixin.py:154} INFO - [2024-04-03T09:14:36.588+0200] {example_kubernetes_executor.py:38} WARNING - The example_kubernetes_executor example DAG requires the kubernetes provider. Please install it with: pip install apache-airflow[cncf.kubernetes]
[2024-04-03T09:14:36.588+0200] {processor.py:841} WARNING - No viable dags retrieved from /home/lucas/anaconda3/lib/python3.11/site-packages/airflow/example_dags/example_kubernetes_executor.py
[2024-04-03T09:14:36.593+0200] {processor.py:179} INFO - Processing /home/lucas/anaconda3/lib/python3.11/site-packages/airflow/example_dags/example_kubernetes_executor.py took 0.011 seconds
[2024-04-03T09:15:23.315+0200] {processor.py:157} INFO - Started process (PID=12965) to work on /home/lucas/anaconda3/lib/python3.11/site-packages/airflow/example_dags/example_kubernetes_executor.py
[2024-04-03T09:15:23.318+0200] {processor.py:829} INFO - Processing file /home/lucas/anaconda3/lib/python3.11/site-packages/airflow/example_dags/example_kubernetes_executor.py for tasks to queue
[2024-04-03T09:15:23.319+0200] {logging_mixin.py:154} INFO - [2024-04-03T09:15:23.318+0200] {dagbag.py:536} INFO - Filling up the DagBag from /home/lucas/anaconda3/lib/python3.11/site-packages/airflow/example_dags/example_kubernetes_executor.py
[2024-04-03T09:15:23.320+0200] {logging_mixin.py:154} INFO - [2024-04-03T09:15:23.320+0200] {example_kubernetes_executor.py:38} WARNING - The example_kubernetes_executor example DAG requires the kubernetes provider. Please install it with: pip install apache-airflow[cncf.kubernetes]
[2024-04-03T09:15:23.320+0200] {processor.py:841} WARNING - No viable dags retrieved from /home/lucas/anaconda3/lib/python3.11/site-packages/airflow/example_dags/example_kubernetes_executor.py
[2024-04-03T09:15:23.325+0200] {processor.py:179} INFO - Processing /home/lucas/anaconda3/lib/python3.11/site-packages/airflow/example_dags/example_kubernetes_executor.py took 0.012 seconds
[2024-04-03T09:16:09.356+0200] {processor.py:157} INFO - Started process (PID=13123) to work on /home/lucas/anaconda3/lib/python3.11/site-packages/airflow/example_dags/example_kubernetes_executor.py
[2024-04-03T09:16:09.359+0200] {processor.py:829} INFO - Processing file /home/lucas/anaconda3/lib/python3.11/site-packages/airflow/example_dags/example_kubernetes_executor.py for tasks to queue
[2024-04-03T09:16:09.360+0200] {logging_mixin.py:154} INFO - [2024-04-03T09:16:09.360+0200] {dagbag.py:536} INFO - Filling up the DagBag from /home/lucas/anaconda3/lib/python3.11/site-packages/airflow/example_dags/example_kubernetes_executor.py
[2024-04-03T09:16:09.361+0200] {logging_mixin.py:154} INFO - [2024-04-03T09:16:09.361+0200] {example_kubernetes_executor.py:38} WARNING - The example_kubernetes_executor example DAG requires the kubernetes provider. Please install it with: pip install apache-airflow[cncf.kubernetes]
[2024-04-03T09:16:09.361+0200] {processor.py:841} WARNING - No viable dags retrieved from /home/lucas/anaconda3/lib/python3.11/site-packages/airflow/example_dags/example_kubernetes_executor.py
[2024-04-03T09:16:09.366+0200] {processor.py:179} INFO - Processing /home/lucas/anaconda3/lib/python3.11/site-packages/airflow/example_dags/example_kubernetes_executor.py took 0.011 seconds
[2024-04-03T09:16:52.386+0200] {processor.py:157} INFO - Started process (PID=13288) to work on /home/lucas/anaconda3/lib/python3.11/site-packages/airflow/example_dags/example_kubernetes_executor.py
[2024-04-03T09:16:52.389+0200] {processor.py:829} INFO - Processing file /home/lucas/anaconda3/lib/python3.11/site-packages/airflow/example_dags/example_kubernetes_executor.py for tasks to queue
[2024-04-03T09:16:52.389+0200] {logging_mixin.py:154} INFO - [2024-04-03T09:16:52.389+0200] {dagbag.py:536} INFO - Filling up the DagBag from /home/lucas/anaconda3/lib/python3.11/site-packages/airflow/example_dags/example_kubernetes_executor.py
[2024-04-03T09:16:52.391+0200] {logging_mixin.py:154} INFO - [2024-04-03T09:16:52.390+0200] {example_kubernetes_executor.py:38} WARNING - The example_kubernetes_executor example DAG requires the kubernetes provider. Please install it with: pip install apache-airflow[cncf.kubernetes]
[2024-04-03T09:16:52.391+0200] {processor.py:841} WARNING - No viable dags retrieved from /home/lucas/anaconda3/lib/python3.11/site-packages/airflow/example_dags/example_kubernetes_executor.py
[2024-04-03T09:16:52.395+0200] {processor.py:179} INFO - Processing /home/lucas/anaconda3/lib/python3.11/site-packages/airflow/example_dags/example_kubernetes_executor.py took 0.011 seconds
[2024-04-03T09:19:06.261+0200] {processor.py:157} INFO - Started process (PID=13900) to work on /home/lucas/anaconda3/lib/python3.11/site-packages/airflow/example_dags/example_kubernetes_executor.py
[2024-04-03T09:19:06.262+0200] {processor.py:829} INFO - Processing file /home/lucas/anaconda3/lib/python3.11/site-packages/airflow/example_dags/example_kubernetes_executor.py for tasks to queue
[2024-04-03T09:19:06.263+0200] {logging_mixin.py:154} INFO - [2024-04-03T09:19:06.262+0200] {dagbag.py:536} INFO - Filling up the DagBag from /home/lucas/anaconda3/lib/python3.11/site-packages/airflow/example_dags/example_kubernetes_executor.py
[2024-04-03T09:19:06.264+0200] {logging_mixin.py:154} INFO - [2024-04-03T09:19:06.264+0200] {example_kubernetes_executor.py:38} WARNING - The example_kubernetes_executor example DAG requires the kubernetes provider. Please install it with: pip install apache-airflow[cncf.kubernetes]
[2024-04-03T09:19:06.264+0200] {processor.py:841} WARNING - No viable dags retrieved from /home/lucas/anaconda3/lib/python3.11/site-packages/airflow/example_dags/example_kubernetes_executor.py
[2024-04-03T09:19:06.269+0200] {processor.py:179} INFO - Processing /home/lucas/anaconda3/lib/python3.11/site-packages/airflow/example_dags/example_kubernetes_executor.py took 0.010 seconds
[2024-04-03T09:19:49.063+0200] {processor.py:157} INFO - Started process (PID=14140) to work on /home/lucas/anaconda3/lib/python3.11/site-packages/airflow/example_dags/example_kubernetes_executor.py
[2024-04-03T09:19:49.066+0200] {processor.py:829} INFO - Processing file /home/lucas/anaconda3/lib/python3.11/site-packages/airflow/example_dags/example_kubernetes_executor.py for tasks to queue
[2024-04-03T09:19:49.066+0200] {logging_mixin.py:154} INFO - [2024-04-03T09:19:49.066+0200] {dagbag.py:536} INFO - Filling up the DagBag from /home/lucas/anaconda3/lib/python3.11/site-packages/airflow/example_dags/example_kubernetes_executor.py
[2024-04-03T09:19:49.067+0200] {logging_mixin.py:154} INFO - [2024-04-03T09:19:49.067+0200] {example_kubernetes_executor.py:38} WARNING - The example_kubernetes_executor example DAG requires the kubernetes provider. Please install it with: pip install apache-airflow[cncf.kubernetes]
[2024-04-03T09:19:49.067+0200] {processor.py:841} WARNING - No viable dags retrieved from /home/lucas/anaconda3/lib/python3.11/site-packages/airflow/example_dags/example_kubernetes_executor.py
[2024-04-03T09:19:49.072+0200] {processor.py:179} INFO - Processing /home/lucas/anaconda3/lib/python3.11/site-packages/airflow/example_dags/example_kubernetes_executor.py took 0.011 seconds
[2024-04-03T09:20:41.983+0200] {processor.py:157} INFO - Started process (PID=14387) to work on /home/lucas/anaconda3/lib/python3.11/site-packages/airflow/example_dags/example_kubernetes_executor.py
[2024-04-03T09:20:41.985+0200] {processor.py:829} INFO - Processing file /home/lucas/anaconda3/lib/python3.11/site-packages/airflow/example_dags/example_kubernetes_executor.py for tasks to queue
[2024-04-03T09:20:41.986+0200] {logging_mixin.py:154} INFO - [2024-04-03T09:20:41.986+0200] {dagbag.py:536} INFO - Filling up the DagBag from /home/lucas/anaconda3/lib/python3.11/site-packages/airflow/example_dags/example_kubernetes_executor.py
[2024-04-03T09:20:41.987+0200] {logging_mixin.py:154} INFO - [2024-04-03T09:20:41.987+0200] {example_kubernetes_executor.py:38} WARNING - The example_kubernetes_executor example DAG requires the kubernetes provider. Please install it with: pip install apache-airflow[cncf.kubernetes]
[2024-04-03T09:20:41.987+0200] {processor.py:841} WARNING - No viable dags retrieved from /home/lucas/anaconda3/lib/python3.11/site-packages/airflow/example_dags/example_kubernetes_executor.py
[2024-04-03T09:20:41.992+0200] {processor.py:179} INFO - Processing /home/lucas/anaconda3/lib/python3.11/site-packages/airflow/example_dags/example_kubernetes_executor.py took 0.011 seconds
[2024-04-03T09:21:29.206+0200] {processor.py:157} INFO - Started process (PID=14508) to work on /home/lucas/anaconda3/lib/python3.11/site-packages/airflow/example_dags/example_kubernetes_executor.py
[2024-04-03T09:21:29.209+0200] {processor.py:829} INFO - Processing file /home/lucas/anaconda3/lib/python3.11/site-packages/airflow/example_dags/example_kubernetes_executor.py for tasks to queue
[2024-04-03T09:21:29.209+0200] {logging_mixin.py:154} INFO - [2024-04-03T09:21:29.209+0200] {dagbag.py:536} INFO - Filling up the DagBag from /home/lucas/anaconda3/lib/python3.11/site-packages/airflow/example_dags/example_kubernetes_executor.py
[2024-04-03T09:21:29.211+0200] {logging_mixin.py:154} INFO - [2024-04-03T09:21:29.211+0200] {example_kubernetes_executor.py:38} WARNING - The example_kubernetes_executor example DAG requires the kubernetes provider. Please install it with: pip install apache-airflow[cncf.kubernetes]
[2024-04-03T09:21:29.211+0200] {processor.py:841} WARNING - No viable dags retrieved from /home/lucas/anaconda3/lib/python3.11/site-packages/airflow/example_dags/example_kubernetes_executor.py
[2024-04-03T09:21:29.216+0200] {processor.py:179} INFO - Processing /home/lucas/anaconda3/lib/python3.11/site-packages/airflow/example_dags/example_kubernetes_executor.py took 0.012 seconds
[2024-04-03T09:22:13.770+0200] {processor.py:157} INFO - Started process (PID=14625) to work on /home/lucas/anaconda3/lib/python3.11/site-packages/airflow/example_dags/example_kubernetes_executor.py
[2024-04-03T09:22:13.772+0200] {processor.py:829} INFO - Processing file /home/lucas/anaconda3/lib/python3.11/site-packages/airflow/example_dags/example_kubernetes_executor.py for tasks to queue
[2024-04-03T09:22:13.773+0200] {logging_mixin.py:154} INFO - [2024-04-03T09:22:13.773+0200] {dagbag.py:536} INFO - Filling up the DagBag from /home/lucas/anaconda3/lib/python3.11/site-packages/airflow/example_dags/example_kubernetes_executor.py
[2024-04-03T09:22:13.774+0200] {logging_mixin.py:154} INFO - [2024-04-03T09:22:13.774+0200] {example_kubernetes_executor.py:38} WARNING - The example_kubernetes_executor example DAG requires the kubernetes provider. Please install it with: pip install apache-airflow[cncf.kubernetes]
[2024-04-03T09:22:13.775+0200] {processor.py:841} WARNING - No viable dags retrieved from /home/lucas/anaconda3/lib/python3.11/site-packages/airflow/example_dags/example_kubernetes_executor.py
[2024-04-03T09:22:13.779+0200] {processor.py:179} INFO - Processing /home/lucas/anaconda3/lib/python3.11/site-packages/airflow/example_dags/example_kubernetes_executor.py took 0.011 seconds
[2024-04-03T09:22:59.121+0200] {processor.py:157} INFO - Started process (PID=14907) to work on /home/lucas/anaconda3/lib/python3.11/site-packages/airflow/example_dags/example_kubernetes_executor.py
[2024-04-03T09:22:59.124+0200] {processor.py:829} INFO - Processing file /home/lucas/anaconda3/lib/python3.11/site-packages/airflow/example_dags/example_kubernetes_executor.py for tasks to queue
[2024-04-03T09:22:59.124+0200] {logging_mixin.py:154} INFO - [2024-04-03T09:22:59.124+0200] {dagbag.py:536} INFO - Filling up the DagBag from /home/lucas/anaconda3/lib/python3.11/site-packages/airflow/example_dags/example_kubernetes_executor.py
[2024-04-03T09:22:59.126+0200] {logging_mixin.py:154} INFO - [2024-04-03T09:22:59.126+0200] {example_kubernetes_executor.py:38} WARNING - The example_kubernetes_executor example DAG requires the kubernetes provider. Please install it with: pip install apache-airflow[cncf.kubernetes]
[2024-04-03T09:22:59.126+0200] {processor.py:841} WARNING - No viable dags retrieved from /home/lucas/anaconda3/lib/python3.11/site-packages/airflow/example_dags/example_kubernetes_executor.py
[2024-04-03T09:22:59.131+0200] {processor.py:179} INFO - Processing /home/lucas/anaconda3/lib/python3.11/site-packages/airflow/example_dags/example_kubernetes_executor.py took 0.011 seconds
[2024-04-03T09:23:41.777+0200] {processor.py:157} INFO - Started process (PID=15234) to work on /home/lucas/anaconda3/lib/python3.11/site-packages/airflow/example_dags/example_kubernetes_executor.py
[2024-04-03T09:23:41.778+0200] {processor.py:829} INFO - Processing file /home/lucas/anaconda3/lib/python3.11/site-packages/airflow/example_dags/example_kubernetes_executor.py for tasks to queue
[2024-04-03T09:23:41.778+0200] {logging_mixin.py:154} INFO - [2024-04-03T09:23:41.778+0200] {dagbag.py:536} INFO - Filling up the DagBag from /home/lucas/anaconda3/lib/python3.11/site-packages/airflow/example_dags/example_kubernetes_executor.py
[2024-04-03T09:23:41.780+0200] {logging_mixin.py:154} INFO - [2024-04-03T09:23:41.780+0200] {example_kubernetes_executor.py:38} WARNING - The example_kubernetes_executor example DAG requires the kubernetes provider. Please install it with: pip install apache-airflow[cncf.kubernetes]
[2024-04-03T09:23:41.780+0200] {processor.py:841} WARNING - No viable dags retrieved from /home/lucas/anaconda3/lib/python3.11/site-packages/airflow/example_dags/example_kubernetes_executor.py
[2024-04-03T09:23:41.784+0200] {processor.py:179} INFO - Processing /home/lucas/anaconda3/lib/python3.11/site-packages/airflow/example_dags/example_kubernetes_executor.py took 0.009 seconds
[2024-04-03T09:24:37.188+0200] {processor.py:157} INFO - Started process (PID=15552) to work on /home/lucas/anaconda3/lib/python3.11/site-packages/airflow/example_dags/example_kubernetes_executor.py
[2024-04-03T09:24:37.191+0200] {processor.py:829} INFO - Processing file /home/lucas/anaconda3/lib/python3.11/site-packages/airflow/example_dags/example_kubernetes_executor.py for tasks to queue
[2024-04-03T09:24:37.191+0200] {logging_mixin.py:154} INFO - [2024-04-03T09:24:37.191+0200] {dagbag.py:536} INFO - Filling up the DagBag from /home/lucas/anaconda3/lib/python3.11/site-packages/airflow/example_dags/example_kubernetes_executor.py
[2024-04-03T09:24:37.193+0200] {logging_mixin.py:154} INFO - [2024-04-03T09:24:37.193+0200] {example_kubernetes_executor.py:38} WARNING - The example_kubernetes_executor example DAG requires the kubernetes provider. Please install it with: pip install apache-airflow[cncf.kubernetes]
[2024-04-03T09:24:37.193+0200] {processor.py:841} WARNING - No viable dags retrieved from /home/lucas/anaconda3/lib/python3.11/site-packages/airflow/example_dags/example_kubernetes_executor.py
[2024-04-03T09:24:37.197+0200] {processor.py:179} INFO - Processing /home/lucas/anaconda3/lib/python3.11/site-packages/airflow/example_dags/example_kubernetes_executor.py took 0.011 seconds
[2024-04-03T09:25:29.096+0200] {processor.py:157} INFO - Started process (PID=15769) to work on /home/lucas/anaconda3/lib/python3.11/site-packages/airflow/example_dags/example_kubernetes_executor.py
[2024-04-03T09:25:29.098+0200] {processor.py:829} INFO - Processing file /home/lucas/anaconda3/lib/python3.11/site-packages/airflow/example_dags/example_kubernetes_executor.py for tasks to queue
[2024-04-03T09:25:29.099+0200] {logging_mixin.py:154} INFO - [2024-04-03T09:25:29.098+0200] {dagbag.py:536} INFO - Filling up the DagBag from /home/lucas/anaconda3/lib/python3.11/site-packages/airflow/example_dags/example_kubernetes_executor.py
[2024-04-03T09:25:29.100+0200] {logging_mixin.py:154} INFO - [2024-04-03T09:25:29.100+0200] {example_kubernetes_executor.py:38} WARNING - The example_kubernetes_executor example DAG requires the kubernetes provider. Please install it with: pip install apache-airflow[cncf.kubernetes]
[2024-04-03T09:25:29.100+0200] {processor.py:841} WARNING - No viable dags retrieved from /home/lucas/anaconda3/lib/python3.11/site-packages/airflow/example_dags/example_kubernetes_executor.py
[2024-04-03T09:25:29.105+0200] {processor.py:179} INFO - Processing /home/lucas/anaconda3/lib/python3.11/site-packages/airflow/example_dags/example_kubernetes_executor.py took 0.010 seconds
[2024-04-03T09:26:13.584+0200] {processor.py:157} INFO - Started process (PID=15984) to work on /home/lucas/anaconda3/lib/python3.11/site-packages/airflow/example_dags/example_kubernetes_executor.py
[2024-04-03T09:26:13.587+0200] {processor.py:829} INFO - Processing file /home/lucas/anaconda3/lib/python3.11/site-packages/airflow/example_dags/example_kubernetes_executor.py for tasks to queue
[2024-04-03T09:26:13.587+0200] {logging_mixin.py:154} INFO - [2024-04-03T09:26:13.587+0200] {dagbag.py:536} INFO - Filling up the DagBag from /home/lucas/anaconda3/lib/python3.11/site-packages/airflow/example_dags/example_kubernetes_executor.py
[2024-04-03T09:26:13.589+0200] {logging_mixin.py:154} INFO - [2024-04-03T09:26:13.589+0200] {example_kubernetes_executor.py:38} WARNING - The example_kubernetes_executor example DAG requires the kubernetes provider. Please install it with: pip install apache-airflow[cncf.kubernetes]
[2024-04-03T09:26:13.589+0200] {processor.py:841} WARNING - No viable dags retrieved from /home/lucas/anaconda3/lib/python3.11/site-packages/airflow/example_dags/example_kubernetes_executor.py
[2024-04-03T09:26:13.594+0200] {processor.py:179} INFO - Processing /home/lucas/anaconda3/lib/python3.11/site-packages/airflow/example_dags/example_kubernetes_executor.py took 0.011 seconds
[2024-04-03T09:26:56.775+0200] {processor.py:157} INFO - Started process (PID=16116) to work on /home/lucas/anaconda3/lib/python3.11/site-packages/airflow/example_dags/example_kubernetes_executor.py
[2024-04-03T09:26:56.779+0200] {processor.py:829} INFO - Processing file /home/lucas/anaconda3/lib/python3.11/site-packages/airflow/example_dags/example_kubernetes_executor.py for tasks to queue
[2024-04-03T09:26:56.779+0200] {logging_mixin.py:154} INFO - [2024-04-03T09:26:56.779+0200] {dagbag.py:536} INFO - Filling up the DagBag from /home/lucas/anaconda3/lib/python3.11/site-packages/airflow/example_dags/example_kubernetes_executor.py
[2024-04-03T09:26:56.782+0200] {logging_mixin.py:154} INFO - [2024-04-03T09:26:56.782+0200] {example_kubernetes_executor.py:38} WARNING - The example_kubernetes_executor example DAG requires the kubernetes provider. Please install it with: pip install apache-airflow[cncf.kubernetes]
[2024-04-03T09:26:56.782+0200] {processor.py:841} WARNING - No viable dags retrieved from /home/lucas/anaconda3/lib/python3.11/site-packages/airflow/example_dags/example_kubernetes_executor.py
[2024-04-03T09:26:56.792+0200] {processor.py:179} INFO - Processing /home/lucas/anaconda3/lib/python3.11/site-packages/airflow/example_dags/example_kubernetes_executor.py took 0.019 seconds
[2024-04-03T09:27:57.101+0200] {processor.py:157} INFO - Started process (PID=16333) to work on /home/lucas/anaconda3/lib/python3.11/site-packages/airflow/example_dags/example_kubernetes_executor.py
[2024-04-03T09:27:57.105+0200] {processor.py:829} INFO - Processing file /home/lucas/anaconda3/lib/python3.11/site-packages/airflow/example_dags/example_kubernetes_executor.py for tasks to queue
[2024-04-03T09:27:57.106+0200] {logging_mixin.py:154} INFO - [2024-04-03T09:27:57.106+0200] {dagbag.py:536} INFO - Filling up the DagBag from /home/lucas/anaconda3/lib/python3.11/site-packages/airflow/example_dags/example_kubernetes_executor.py
[2024-04-03T09:27:57.110+0200] {logging_mixin.py:154} INFO - [2024-04-03T09:27:57.109+0200] {example_kubernetes_executor.py:38} WARNING - The example_kubernetes_executor example DAG requires the kubernetes provider. Please install it with: pip install apache-airflow[cncf.kubernetes]
[2024-04-03T09:27:57.110+0200] {processor.py:841} WARNING - No viable dags retrieved from /home/lucas/anaconda3/lib/python3.11/site-packages/airflow/example_dags/example_kubernetes_executor.py
[2024-04-03T09:27:57.122+0200] {processor.py:179} INFO - Processing /home/lucas/anaconda3/lib/python3.11/site-packages/airflow/example_dags/example_kubernetes_executor.py took 0.024 seconds
[2024-04-03T09:28:38.144+0200] {processor.py:157} INFO - Started process (PID=16532) to work on /home/lucas/anaconda3/lib/python3.11/site-packages/airflow/example_dags/example_kubernetes_executor.py
[2024-04-03T09:28:38.147+0200] {processor.py:829} INFO - Processing file /home/lucas/anaconda3/lib/python3.11/site-packages/airflow/example_dags/example_kubernetes_executor.py for tasks to queue
[2024-04-03T09:28:38.147+0200] {logging_mixin.py:154} INFO - [2024-04-03T09:28:38.147+0200] {dagbag.py:536} INFO - Filling up the DagBag from /home/lucas/anaconda3/lib/python3.11/site-packages/airflow/example_dags/example_kubernetes_executor.py
[2024-04-03T09:28:38.149+0200] {logging_mixin.py:154} INFO - [2024-04-03T09:28:38.149+0200] {example_kubernetes_executor.py:38} WARNING - The example_kubernetes_executor example DAG requires the kubernetes provider. Please install it with: pip install apache-airflow[cncf.kubernetes]
[2024-04-03T09:28:38.149+0200] {processor.py:841} WARNING - No viable dags retrieved from /home/lucas/anaconda3/lib/python3.11/site-packages/airflow/example_dags/example_kubernetes_executor.py
[2024-04-03T09:28:38.154+0200] {processor.py:179} INFO - Processing /home/lucas/anaconda3/lib/python3.11/site-packages/airflow/example_dags/example_kubernetes_executor.py took 0.011 seconds
[2024-04-03T09:29:36.157+0200] {processor.py:157} INFO - Started process (PID=16823) to work on /home/lucas/anaconda3/lib/python3.11/site-packages/airflow/example_dags/example_kubernetes_executor.py
[2024-04-03T09:29:36.160+0200] {processor.py:829} INFO - Processing file /home/lucas/anaconda3/lib/python3.11/site-packages/airflow/example_dags/example_kubernetes_executor.py for tasks to queue
[2024-04-03T09:29:36.160+0200] {logging_mixin.py:154} INFO - [2024-04-03T09:29:36.160+0200] {dagbag.py:536} INFO - Filling up the DagBag from /home/lucas/anaconda3/lib/python3.11/site-packages/airflow/example_dags/example_kubernetes_executor.py
[2024-04-03T09:29:36.161+0200] {logging_mixin.py:154} INFO - [2024-04-03T09:29:36.161+0200] {example_kubernetes_executor.py:38} WARNING - The example_kubernetes_executor example DAG requires the kubernetes provider. Please install it with: pip install apache-airflow[cncf.kubernetes]
[2024-04-03T09:29:36.162+0200] {processor.py:841} WARNING - No viable dags retrieved from /home/lucas/anaconda3/lib/python3.11/site-packages/airflow/example_dags/example_kubernetes_executor.py
[2024-04-03T09:29:36.166+0200] {processor.py:179} INFO - Processing /home/lucas/anaconda3/lib/python3.11/site-packages/airflow/example_dags/example_kubernetes_executor.py took 0.011 seconds
[2024-04-03T09:30:21.810+0200] {processor.py:157} INFO - Started process (PID=16890) to work on /home/lucas/anaconda3/lib/python3.11/site-packages/airflow/example_dags/example_kubernetes_executor.py
[2024-04-03T09:30:21.812+0200] {processor.py:829} INFO - Processing file /home/lucas/anaconda3/lib/python3.11/site-packages/airflow/example_dags/example_kubernetes_executor.py for tasks to queue
[2024-04-03T09:30:21.812+0200] {logging_mixin.py:154} INFO - [2024-04-03T09:30:21.812+0200] {dagbag.py:536} INFO - Filling up the DagBag from /home/lucas/anaconda3/lib/python3.11/site-packages/airflow/example_dags/example_kubernetes_executor.py
[2024-04-03T09:30:21.815+0200] {logging_mixin.py:154} INFO - [2024-04-03T09:30:21.815+0200] {example_kubernetes_executor.py:38} WARNING - The example_kubernetes_executor example DAG requires the kubernetes provider. Please install it with: pip install apache-airflow[cncf.kubernetes]
[2024-04-03T09:30:21.815+0200] {processor.py:841} WARNING - No viable dags retrieved from /home/lucas/anaconda3/lib/python3.11/site-packages/airflow/example_dags/example_kubernetes_executor.py
[2024-04-03T09:30:21.821+0200] {processor.py:179} INFO - Processing /home/lucas/anaconda3/lib/python3.11/site-packages/airflow/example_dags/example_kubernetes_executor.py took 0.013 seconds
[2024-04-03T09:31:11.765+0200] {processor.py:157} INFO - Started process (PID=17145) to work on /home/lucas/anaconda3/lib/python3.11/site-packages/airflow/example_dags/example_kubernetes_executor.py
[2024-04-03T09:31:11.768+0200] {processor.py:829} INFO - Processing file /home/lucas/anaconda3/lib/python3.11/site-packages/airflow/example_dags/example_kubernetes_executor.py for tasks to queue
[2024-04-03T09:31:11.768+0200] {logging_mixin.py:154} INFO - [2024-04-03T09:31:11.768+0200] {dagbag.py:536} INFO - Filling up the DagBag from /home/lucas/anaconda3/lib/python3.11/site-packages/airflow/example_dags/example_kubernetes_executor.py
[2024-04-03T09:31:11.770+0200] {logging_mixin.py:154} INFO - [2024-04-03T09:31:11.770+0200] {example_kubernetes_executor.py:38} WARNING - The example_kubernetes_executor example DAG requires the kubernetes provider. Please install it with: pip install apache-airflow[cncf.kubernetes]
[2024-04-03T09:31:11.770+0200] {processor.py:841} WARNING - No viable dags retrieved from /home/lucas/anaconda3/lib/python3.11/site-packages/airflow/example_dags/example_kubernetes_executor.py
[2024-04-03T09:31:11.775+0200] {processor.py:179} INFO - Processing /home/lucas/anaconda3/lib/python3.11/site-packages/airflow/example_dags/example_kubernetes_executor.py took 0.011 seconds
[2024-04-03T09:31:55.064+0200] {processor.py:157} INFO - Started process (PID=17314) to work on /home/lucas/anaconda3/lib/python3.11/site-packages/airflow/example_dags/example_kubernetes_executor.py
[2024-04-03T09:31:55.066+0200] {processor.py:829} INFO - Processing file /home/lucas/anaconda3/lib/python3.11/site-packages/airflow/example_dags/example_kubernetes_executor.py for tasks to queue
[2024-04-03T09:31:55.067+0200] {logging_mixin.py:154} INFO - [2024-04-03T09:31:55.067+0200] {dagbag.py:536} INFO - Filling up the DagBag from /home/lucas/anaconda3/lib/python3.11/site-packages/airflow/example_dags/example_kubernetes_executor.py
[2024-04-03T09:31:55.068+0200] {logging_mixin.py:154} INFO - [2024-04-03T09:31:55.068+0200] {example_kubernetes_executor.py:38} WARNING - The example_kubernetes_executor example DAG requires the kubernetes provider. Please install it with: pip install apache-airflow[cncf.kubernetes]
[2024-04-03T09:31:55.068+0200] {processor.py:841} WARNING - No viable dags retrieved from /home/lucas/anaconda3/lib/python3.11/site-packages/airflow/example_dags/example_kubernetes_executor.py
[2024-04-03T09:31:55.073+0200] {processor.py:179} INFO - Processing /home/lucas/anaconda3/lib/python3.11/site-packages/airflow/example_dags/example_kubernetes_executor.py took 0.011 seconds
[2024-04-03T09:32:52.131+0200] {processor.py:157} INFO - Started process (PID=17893) to work on /home/lucas/anaconda3/lib/python3.11/site-packages/airflow/example_dags/example_kubernetes_executor.py
[2024-04-03T09:32:52.132+0200] {processor.py:829} INFO - Processing file /home/lucas/anaconda3/lib/python3.11/site-packages/airflow/example_dags/example_kubernetes_executor.py for tasks to queue
[2024-04-03T09:32:52.132+0200] {logging_mixin.py:154} INFO - [2024-04-03T09:32:52.132+0200] {dagbag.py:536} INFO - Filling up the DagBag from /home/lucas/anaconda3/lib/python3.11/site-packages/airflow/example_dags/example_kubernetes_executor.py
[2024-04-03T09:32:52.134+0200] {logging_mixin.py:154} INFO - [2024-04-03T09:32:52.134+0200] {example_kubernetes_executor.py:38} WARNING - The example_kubernetes_executor example DAG requires the kubernetes provider. Please install it with: pip install apache-airflow[cncf.kubernetes]
[2024-04-03T09:32:52.134+0200] {processor.py:841} WARNING - No viable dags retrieved from /home/lucas/anaconda3/lib/python3.11/site-packages/airflow/example_dags/example_kubernetes_executor.py
[2024-04-03T09:32:52.139+0200] {processor.py:179} INFO - Processing /home/lucas/anaconda3/lib/python3.11/site-packages/airflow/example_dags/example_kubernetes_executor.py took 0.010 seconds
[2024-04-03T09:33:36.911+0200] {processor.py:157} INFO - Started process (PID=18167) to work on /home/lucas/anaconda3/lib/python3.11/site-packages/airflow/example_dags/example_kubernetes_executor.py
[2024-04-03T09:33:36.913+0200] {processor.py:829} INFO - Processing file /home/lucas/anaconda3/lib/python3.11/site-packages/airflow/example_dags/example_kubernetes_executor.py for tasks to queue
[2024-04-03T09:33:36.914+0200] {logging_mixin.py:154} INFO - [2024-04-03T09:33:36.914+0200] {dagbag.py:536} INFO - Filling up the DagBag from /home/lucas/anaconda3/lib/python3.11/site-packages/airflow/example_dags/example_kubernetes_executor.py
[2024-04-03T09:33:36.915+0200] {logging_mixin.py:154} INFO - [2024-04-03T09:33:36.915+0200] {example_kubernetes_executor.py:38} WARNING - The example_kubernetes_executor example DAG requires the kubernetes provider. Please install it with: pip install apache-airflow[cncf.kubernetes]
[2024-04-03T09:33:36.915+0200] {processor.py:841} WARNING - No viable dags retrieved from /home/lucas/anaconda3/lib/python3.11/site-packages/airflow/example_dags/example_kubernetes_executor.py
[2024-04-03T09:33:36.920+0200] {processor.py:179} INFO - Processing /home/lucas/anaconda3/lib/python3.11/site-packages/airflow/example_dags/example_kubernetes_executor.py took 0.011 seconds
[2024-04-03T09:34:19.191+0200] {processor.py:157} INFO - Started process (PID=18468) to work on /home/lucas/anaconda3/lib/python3.11/site-packages/airflow/example_dags/example_kubernetes_executor.py
[2024-04-03T09:34:19.194+0200] {processor.py:829} INFO - Processing file /home/lucas/anaconda3/lib/python3.11/site-packages/airflow/example_dags/example_kubernetes_executor.py for tasks to queue
[2024-04-03T09:34:19.195+0200] {logging_mixin.py:154} INFO - [2024-04-03T09:34:19.194+0200] {dagbag.py:536} INFO - Filling up the DagBag from /home/lucas/anaconda3/lib/python3.11/site-packages/airflow/example_dags/example_kubernetes_executor.py
[2024-04-03T09:34:19.196+0200] {logging_mixin.py:154} INFO - [2024-04-03T09:34:19.196+0200] {example_kubernetes_executor.py:38} WARNING - The example_kubernetes_executor example DAG requires the kubernetes provider. Please install it with: pip install apache-airflow[cncf.kubernetes]
[2024-04-03T09:34:19.196+0200] {processor.py:841} WARNING - No viable dags retrieved from /home/lucas/anaconda3/lib/python3.11/site-packages/airflow/example_dags/example_kubernetes_executor.py
[2024-04-03T09:34:19.201+0200] {processor.py:179} INFO - Processing /home/lucas/anaconda3/lib/python3.11/site-packages/airflow/example_dags/example_kubernetes_executor.py took 0.011 seconds
[2024-04-03T09:35:29.562+0200] {processor.py:157} INFO - Started process (PID=19152) to work on /home/lucas/anaconda3/lib/python3.11/site-packages/airflow/example_dags/example_kubernetes_executor.py
[2024-04-03T09:35:29.565+0200] {processor.py:829} INFO - Processing file /home/lucas/anaconda3/lib/python3.11/site-packages/airflow/example_dags/example_kubernetes_executor.py for tasks to queue
[2024-04-03T09:35:29.565+0200] {logging_mixin.py:154} INFO - [2024-04-03T09:35:29.565+0200] {dagbag.py:536} INFO - Filling up the DagBag from /home/lucas/anaconda3/lib/python3.11/site-packages/airflow/example_dags/example_kubernetes_executor.py
[2024-04-03T09:35:29.567+0200] {logging_mixin.py:154} INFO - [2024-04-03T09:35:29.567+0200] {example_kubernetes_executor.py:38} WARNING - The example_kubernetes_executor example DAG requires the kubernetes provider. Please install it with: pip install apache-airflow[cncf.kubernetes]
[2024-04-03T09:35:29.567+0200] {processor.py:841} WARNING - No viable dags retrieved from /home/lucas/anaconda3/lib/python3.11/site-packages/airflow/example_dags/example_kubernetes_executor.py
[2024-04-03T09:35:29.572+0200] {processor.py:179} INFO - Processing /home/lucas/anaconda3/lib/python3.11/site-packages/airflow/example_dags/example_kubernetes_executor.py took 0.011 seconds
[2024-04-03T09:36:15.076+0200] {processor.py:157} INFO - Started process (PID=19371) to work on /home/lucas/anaconda3/lib/python3.11/site-packages/airflow/example_dags/example_kubernetes_executor.py
[2024-04-03T09:36:15.078+0200] {processor.py:829} INFO - Processing file /home/lucas/anaconda3/lib/python3.11/site-packages/airflow/example_dags/example_kubernetes_executor.py for tasks to queue
[2024-04-03T09:36:15.079+0200] {logging_mixin.py:154} INFO - [2024-04-03T09:36:15.079+0200] {dagbag.py:536} INFO - Filling up the DagBag from /home/lucas/anaconda3/lib/python3.11/site-packages/airflow/example_dags/example_kubernetes_executor.py
[2024-04-03T09:36:15.080+0200] {logging_mixin.py:154} INFO - [2024-04-03T09:36:15.080+0200] {example_kubernetes_executor.py:38} WARNING - The example_kubernetes_executor example DAG requires the kubernetes provider. Please install it with: pip install apache-airflow[cncf.kubernetes]
[2024-04-03T09:36:15.081+0200] {processor.py:841} WARNING - No viable dags retrieved from /home/lucas/anaconda3/lib/python3.11/site-packages/airflow/example_dags/example_kubernetes_executor.py
[2024-04-03T09:36:15.086+0200] {processor.py:179} INFO - Processing /home/lucas/anaconda3/lib/python3.11/site-packages/airflow/example_dags/example_kubernetes_executor.py took 0.011 seconds
[2024-04-03T09:36:56.749+0200] {processor.py:157} INFO - Started process (PID=19533) to work on /home/lucas/anaconda3/lib/python3.11/site-packages/airflow/example_dags/example_kubernetes_executor.py
[2024-04-03T09:36:56.751+0200] {processor.py:829} INFO - Processing file /home/lucas/anaconda3/lib/python3.11/site-packages/airflow/example_dags/example_kubernetes_executor.py for tasks to queue
[2024-04-03T09:36:56.752+0200] {logging_mixin.py:154} INFO - [2024-04-03T09:36:56.752+0200] {dagbag.py:536} INFO - Filling up the DagBag from /home/lucas/anaconda3/lib/python3.11/site-packages/airflow/example_dags/example_kubernetes_executor.py
[2024-04-03T09:36:56.753+0200] {logging_mixin.py:154} INFO - [2024-04-03T09:36:56.753+0200] {example_kubernetes_executor.py:38} WARNING - The example_kubernetes_executor example DAG requires the kubernetes provider. Please install it with: pip install apache-airflow[cncf.kubernetes]
[2024-04-03T09:36:56.753+0200] {processor.py:841} WARNING - No viable dags retrieved from /home/lucas/anaconda3/lib/python3.11/site-packages/airflow/example_dags/example_kubernetes_executor.py
[2024-04-03T09:36:56.758+0200] {processor.py:179} INFO - Processing /home/lucas/anaconda3/lib/python3.11/site-packages/airflow/example_dags/example_kubernetes_executor.py took 0.011 seconds
[2024-04-03T09:37:42.874+0200] {processor.py:157} INFO - Started process (PID=19610) to work on /home/lucas/anaconda3/lib/python3.11/site-packages/airflow/example_dags/example_kubernetes_executor.py
[2024-04-03T09:37:42.875+0200] {processor.py:829} INFO - Processing file /home/lucas/anaconda3/lib/python3.11/site-packages/airflow/example_dags/example_kubernetes_executor.py for tasks to queue
[2024-04-03T09:37:42.875+0200] {logging_mixin.py:154} INFO - [2024-04-03T09:37:42.875+0200] {dagbag.py:536} INFO - Filling up the DagBag from /home/lucas/anaconda3/lib/python3.11/site-packages/airflow/example_dags/example_kubernetes_executor.py
[2024-04-03T09:37:42.876+0200] {logging_mixin.py:154} INFO - [2024-04-03T09:37:42.876+0200] {example_kubernetes_executor.py:38} WARNING - The example_kubernetes_executor example DAG requires the kubernetes provider. Please install it with: pip install apache-airflow[cncf.kubernetes]
[2024-04-03T09:37:42.876+0200] {processor.py:841} WARNING - No viable dags retrieved from /home/lucas/anaconda3/lib/python3.11/site-packages/airflow/example_dags/example_kubernetes_executor.py
[2024-04-03T09:37:42.881+0200] {processor.py:179} INFO - Processing /home/lucas/anaconda3/lib/python3.11/site-packages/airflow/example_dags/example_kubernetes_executor.py took 0.009 seconds
[2024-04-03T09:38:26.168+0200] {processor.py:157} INFO - Started process (PID=19727) to work on /home/lucas/anaconda3/lib/python3.11/site-packages/airflow/example_dags/example_kubernetes_executor.py
[2024-04-03T09:38:26.171+0200] {processor.py:829} INFO - Processing file /home/lucas/anaconda3/lib/python3.11/site-packages/airflow/example_dags/example_kubernetes_executor.py for tasks to queue
[2024-04-03T09:38:26.172+0200] {logging_mixin.py:154} INFO - [2024-04-03T09:38:26.171+0200] {dagbag.py:536} INFO - Filling up the DagBag from /home/lucas/anaconda3/lib/python3.11/site-packages/airflow/example_dags/example_kubernetes_executor.py
[2024-04-03T09:38:26.173+0200] {logging_mixin.py:154} INFO - [2024-04-03T09:38:26.173+0200] {example_kubernetes_executor.py:38} WARNING - The example_kubernetes_executor example DAG requires the kubernetes provider. Please install it with: pip install apache-airflow[cncf.kubernetes]
[2024-04-03T09:38:26.173+0200] {processor.py:841} WARNING - No viable dags retrieved from /home/lucas/anaconda3/lib/python3.11/site-packages/airflow/example_dags/example_kubernetes_executor.py
[2024-04-03T09:38:26.178+0200] {processor.py:179} INFO - Processing /home/lucas/anaconda3/lib/python3.11/site-packages/airflow/example_dags/example_kubernetes_executor.py took 0.011 seconds
[2024-04-03T09:39:12.974+0200] {processor.py:157} INFO - Started process (PID=19844) to work on /home/lucas/anaconda3/lib/python3.11/site-packages/airflow/example_dags/example_kubernetes_executor.py
[2024-04-03T09:39:12.977+0200] {processor.py:829} INFO - Processing file /home/lucas/anaconda3/lib/python3.11/site-packages/airflow/example_dags/example_kubernetes_executor.py for tasks to queue
[2024-04-03T09:39:12.978+0200] {logging_mixin.py:154} INFO - [2024-04-03T09:39:12.978+0200] {dagbag.py:536} INFO - Filling up the DagBag from /home/lucas/anaconda3/lib/python3.11/site-packages/airflow/example_dags/example_kubernetes_executor.py
[2024-04-03T09:39:12.979+0200] {logging_mixin.py:154} INFO - [2024-04-03T09:39:12.979+0200] {example_kubernetes_executor.py:38} WARNING - The example_kubernetes_executor example DAG requires the kubernetes provider. Please install it with: pip install apache-airflow[cncf.kubernetes]
[2024-04-03T09:39:12.979+0200] {processor.py:841} WARNING - No viable dags retrieved from /home/lucas/anaconda3/lib/python3.11/site-packages/airflow/example_dags/example_kubernetes_executor.py
[2024-04-03T09:39:12.984+0200] {processor.py:179} INFO - Processing /home/lucas/anaconda3/lib/python3.11/site-packages/airflow/example_dags/example_kubernetes_executor.py took 0.011 seconds
[2024-04-03T09:39:54.597+0200] {processor.py:157} INFO - Started process (PID=19961) to work on /home/lucas/anaconda3/lib/python3.11/site-packages/airflow/example_dags/example_kubernetes_executor.py
[2024-04-03T09:39:54.599+0200] {processor.py:829} INFO - Processing file /home/lucas/anaconda3/lib/python3.11/site-packages/airflow/example_dags/example_kubernetes_executor.py for tasks to queue
[2024-04-03T09:39:54.600+0200] {logging_mixin.py:154} INFO - [2024-04-03T09:39:54.600+0200] {dagbag.py:536} INFO - Filling up the DagBag from /home/lucas/anaconda3/lib/python3.11/site-packages/airflow/example_dags/example_kubernetes_executor.py
[2024-04-03T09:39:54.601+0200] {logging_mixin.py:154} INFO - [2024-04-03T09:39:54.601+0200] {example_kubernetes_executor.py:38} WARNING - The example_kubernetes_executor example DAG requires the kubernetes provider. Please install it with: pip install apache-airflow[cncf.kubernetes]
[2024-04-03T09:39:54.601+0200] {processor.py:841} WARNING - No viable dags retrieved from /home/lucas/anaconda3/lib/python3.11/site-packages/airflow/example_dags/example_kubernetes_executor.py
[2024-04-03T09:39:54.606+0200] {processor.py:179} INFO - Processing /home/lucas/anaconda3/lib/python3.11/site-packages/airflow/example_dags/example_kubernetes_executor.py took 0.011 seconds
[2024-04-03T09:40:47.467+0200] {processor.py:157} INFO - Started process (PID=20088) to work on /home/lucas/anaconda3/lib/python3.11/site-packages/airflow/example_dags/example_kubernetes_executor.py
[2024-04-03T09:40:47.468+0200] {processor.py:829} INFO - Processing file /home/lucas/anaconda3/lib/python3.11/site-packages/airflow/example_dags/example_kubernetes_executor.py for tasks to queue
[2024-04-03T09:40:47.469+0200] {logging_mixin.py:154} INFO - [2024-04-03T09:40:47.469+0200] {dagbag.py:536} INFO - Filling up the DagBag from /home/lucas/anaconda3/lib/python3.11/site-packages/airflow/example_dags/example_kubernetes_executor.py
[2024-04-03T09:40:47.470+0200] {logging_mixin.py:154} INFO - [2024-04-03T09:40:47.470+0200] {example_kubernetes_executor.py:38} WARNING - The example_kubernetes_executor example DAG requires the kubernetes provider. Please install it with: pip install apache-airflow[cncf.kubernetes]
[2024-04-03T09:40:47.470+0200] {processor.py:841} WARNING - No viable dags retrieved from /home/lucas/anaconda3/lib/python3.11/site-packages/airflow/example_dags/example_kubernetes_executor.py
[2024-04-03T09:40:47.475+0200] {processor.py:179} INFO - Processing /home/lucas/anaconda3/lib/python3.11/site-packages/airflow/example_dags/example_kubernetes_executor.py took 0.009 seconds
[2024-04-03T09:41:31.757+0200] {processor.py:157} INFO - Started process (PID=20205) to work on /home/lucas/anaconda3/lib/python3.11/site-packages/airflow/example_dags/example_kubernetes_executor.py
[2024-04-03T09:41:31.760+0200] {processor.py:829} INFO - Processing file /home/lucas/anaconda3/lib/python3.11/site-packages/airflow/example_dags/example_kubernetes_executor.py for tasks to queue
[2024-04-03T09:41:31.760+0200] {logging_mixin.py:154} INFO - [2024-04-03T09:41:31.760+0200] {dagbag.py:536} INFO - Filling up the DagBag from /home/lucas/anaconda3/lib/python3.11/site-packages/airflow/example_dags/example_kubernetes_executor.py
[2024-04-03T09:41:31.762+0200] {logging_mixin.py:154} INFO - [2024-04-03T09:41:31.762+0200] {example_kubernetes_executor.py:38} WARNING - The example_kubernetes_executor example DAG requires the kubernetes provider. Please install it with: pip install apache-airflow[cncf.kubernetes]
[2024-04-03T09:41:31.762+0200] {processor.py:841} WARNING - No viable dags retrieved from /home/lucas/anaconda3/lib/python3.11/site-packages/airflow/example_dags/example_kubernetes_executor.py
[2024-04-03T09:41:31.767+0200] {processor.py:179} INFO - Processing /home/lucas/anaconda3/lib/python3.11/site-packages/airflow/example_dags/example_kubernetes_executor.py took 0.011 seconds
[2024-04-03T09:42:14.035+0200] {processor.py:157} INFO - Started process (PID=20335) to work on /home/lucas/anaconda3/lib/python3.11/site-packages/airflow/example_dags/example_kubernetes_executor.py
[2024-04-03T09:42:14.038+0200] {processor.py:829} INFO - Processing file /home/lucas/anaconda3/lib/python3.11/site-packages/airflow/example_dags/example_kubernetes_executor.py for tasks to queue
[2024-04-03T09:42:14.039+0200] {logging_mixin.py:154} INFO - [2024-04-03T09:42:14.038+0200] {dagbag.py:536} INFO - Filling up the DagBag from /home/lucas/anaconda3/lib/python3.11/site-packages/airflow/example_dags/example_kubernetes_executor.py
[2024-04-03T09:42:14.040+0200] {logging_mixin.py:154} INFO - [2024-04-03T09:42:14.040+0200] {example_kubernetes_executor.py:38} WARNING - The example_kubernetes_executor example DAG requires the kubernetes provider. Please install it with: pip install apache-airflow[cncf.kubernetes]
[2024-04-03T09:42:14.040+0200] {processor.py:841} WARNING - No viable dags retrieved from /home/lucas/anaconda3/lib/python3.11/site-packages/airflow/example_dags/example_kubernetes_executor.py
[2024-04-03T09:42:14.045+0200] {processor.py:179} INFO - Processing /home/lucas/anaconda3/lib/python3.11/site-packages/airflow/example_dags/example_kubernetes_executor.py took 0.011 seconds
[2024-04-03T09:42:58.983+0200] {processor.py:157} INFO - Started process (PID=20534) to work on /home/lucas/anaconda3/lib/python3.11/site-packages/airflow/example_dags/example_kubernetes_executor.py
[2024-04-03T09:42:58.986+0200] {processor.py:829} INFO - Processing file /home/lucas/anaconda3/lib/python3.11/site-packages/airflow/example_dags/example_kubernetes_executor.py for tasks to queue
[2024-04-03T09:42:58.986+0200] {logging_mixin.py:154} INFO - [2024-04-03T09:42:58.986+0200] {dagbag.py:536} INFO - Filling up the DagBag from /home/lucas/anaconda3/lib/python3.11/site-packages/airflow/example_dags/example_kubernetes_executor.py
[2024-04-03T09:42:58.988+0200] {logging_mixin.py:154} INFO - [2024-04-03T09:42:58.987+0200] {example_kubernetes_executor.py:38} WARNING - The example_kubernetes_executor example DAG requires the kubernetes provider. Please install it with: pip install apache-airflow[cncf.kubernetes]
[2024-04-03T09:42:58.988+0200] {processor.py:841} WARNING - No viable dags retrieved from /home/lucas/anaconda3/lib/python3.11/site-packages/airflow/example_dags/example_kubernetes_executor.py
[2024-04-03T09:42:58.992+0200] {processor.py:179} INFO - Processing /home/lucas/anaconda3/lib/python3.11/site-packages/airflow/example_dags/example_kubernetes_executor.py took 0.011 seconds
[2024-04-03T09:43:46.697+0200] {processor.py:157} INFO - Started process (PID=20596) to work on /home/lucas/anaconda3/lib/python3.11/site-packages/airflow/example_dags/example_kubernetes_executor.py
[2024-04-03T09:43:46.698+0200] {processor.py:829} INFO - Processing file /home/lucas/anaconda3/lib/python3.11/site-packages/airflow/example_dags/example_kubernetes_executor.py for tasks to queue
[2024-04-03T09:43:46.698+0200] {logging_mixin.py:154} INFO - [2024-04-03T09:43:46.698+0200] {dagbag.py:536} INFO - Filling up the DagBag from /home/lucas/anaconda3/lib/python3.11/site-packages/airflow/example_dags/example_kubernetes_executor.py
[2024-04-03T09:43:46.699+0200] {logging_mixin.py:154} INFO - [2024-04-03T09:43:46.699+0200] {example_kubernetes_executor.py:38} WARNING - The example_kubernetes_executor example DAG requires the kubernetes provider. Please install it with: pip install apache-airflow[cncf.kubernetes]
[2024-04-03T09:43:46.700+0200] {processor.py:841} WARNING - No viable dags retrieved from /home/lucas/anaconda3/lib/python3.11/site-packages/airflow/example_dags/example_kubernetes_executor.py
[2024-04-03T09:43:46.704+0200] {processor.py:179} INFO - Processing /home/lucas/anaconda3/lib/python3.11/site-packages/airflow/example_dags/example_kubernetes_executor.py took 0.009 seconds
[2024-04-03T09:44:32.824+0200] {processor.py:157} INFO - Started process (PID=20992) to work on /home/lucas/anaconda3/lib/python3.11/site-packages/airflow/example_dags/example_kubernetes_executor.py
[2024-04-03T09:44:32.826+0200] {processor.py:829} INFO - Processing file /home/lucas/anaconda3/lib/python3.11/site-packages/airflow/example_dags/example_kubernetes_executor.py for tasks to queue
[2024-04-03T09:44:32.827+0200] {logging_mixin.py:154} INFO - [2024-04-03T09:44:32.827+0200] {dagbag.py:536} INFO - Filling up the DagBag from /home/lucas/anaconda3/lib/python3.11/site-packages/airflow/example_dags/example_kubernetes_executor.py
[2024-04-03T09:44:32.828+0200] {logging_mixin.py:154} INFO - [2024-04-03T09:44:32.828+0200] {example_kubernetes_executor.py:38} WARNING - The example_kubernetes_executor example DAG requires the kubernetes provider. Please install it with: pip install apache-airflow[cncf.kubernetes]
[2024-04-03T09:44:32.828+0200] {processor.py:841} WARNING - No viable dags retrieved from /home/lucas/anaconda3/lib/python3.11/site-packages/airflow/example_dags/example_kubernetes_executor.py
[2024-04-03T09:44:32.833+0200] {processor.py:179} INFO - Processing /home/lucas/anaconda3/lib/python3.11/site-packages/airflow/example_dags/example_kubernetes_executor.py took 0.011 seconds
[2024-04-03T09:45:14.970+0200] {processor.py:157} INFO - Started process (PID=21206) to work on /home/lucas/anaconda3/lib/python3.11/site-packages/airflow/example_dags/example_kubernetes_executor.py
[2024-04-03T09:45:14.973+0200] {processor.py:829} INFO - Processing file /home/lucas/anaconda3/lib/python3.11/site-packages/airflow/example_dags/example_kubernetes_executor.py for tasks to queue
[2024-04-03T09:45:14.974+0200] {logging_mixin.py:154} INFO - [2024-04-03T09:45:14.974+0200] {dagbag.py:536} INFO - Filling up the DagBag from /home/lucas/anaconda3/lib/python3.11/site-packages/airflow/example_dags/example_kubernetes_executor.py
[2024-04-03T09:45:14.977+0200] {logging_mixin.py:154} INFO - [2024-04-03T09:45:14.977+0200] {example_kubernetes_executor.py:38} WARNING - The example_kubernetes_executor example DAG requires the kubernetes provider. Please install it with: pip install apache-airflow[cncf.kubernetes]
[2024-04-03T09:45:14.977+0200] {processor.py:841} WARNING - No viable dags retrieved from /home/lucas/anaconda3/lib/python3.11/site-packages/airflow/example_dags/example_kubernetes_executor.py
[2024-04-03T09:45:14.984+0200] {processor.py:179} INFO - Processing /home/lucas/anaconda3/lib/python3.11/site-packages/airflow/example_dags/example_kubernetes_executor.py took 0.017 seconds
[2024-04-03T09:48:30.819+0200] {processor.py:157} INFO - Started process (PID=21967) to work on /home/lucas/anaconda3/lib/python3.11/site-packages/airflow/example_dags/example_kubernetes_executor.py
[2024-04-03T09:48:30.821+0200] {processor.py:829} INFO - Processing file /home/lucas/anaconda3/lib/python3.11/site-packages/airflow/example_dags/example_kubernetes_executor.py for tasks to queue
[2024-04-03T09:48:30.822+0200] {logging_mixin.py:154} INFO - [2024-04-03T09:48:30.822+0200] {dagbag.py:536} INFO - Filling up the DagBag from /home/lucas/anaconda3/lib/python3.11/site-packages/airflow/example_dags/example_kubernetes_executor.py
[2024-04-03T09:48:30.823+0200] {logging_mixin.py:154} INFO - [2024-04-03T09:48:30.823+0200] {example_kubernetes_executor.py:38} WARNING - The example_kubernetes_executor example DAG requires the kubernetes provider. Please install it with: pip install apache-airflow[cncf.kubernetes]
[2024-04-03T09:48:30.823+0200] {processor.py:841} WARNING - No viable dags retrieved from /home/lucas/anaconda3/lib/python3.11/site-packages/airflow/example_dags/example_kubernetes_executor.py
[2024-04-03T09:48:30.828+0200] {processor.py:179} INFO - Processing /home/lucas/anaconda3/lib/python3.11/site-packages/airflow/example_dags/example_kubernetes_executor.py took 0.011 seconds
[2024-04-03T09:49:14.842+0200] {processor.py:157} INFO - Started process (PID=22199) to work on /home/lucas/anaconda3/lib/python3.11/site-packages/airflow/example_dags/example_kubernetes_executor.py
[2024-04-03T09:49:14.845+0200] {processor.py:829} INFO - Processing file /home/lucas/anaconda3/lib/python3.11/site-packages/airflow/example_dags/example_kubernetes_executor.py for tasks to queue
[2024-04-03T09:49:14.846+0200] {logging_mixin.py:154} INFO - [2024-04-03T09:49:14.845+0200] {dagbag.py:536} INFO - Filling up the DagBag from /home/lucas/anaconda3/lib/python3.11/site-packages/airflow/example_dags/example_kubernetes_executor.py
[2024-04-03T09:49:14.847+0200] {logging_mixin.py:154} INFO - [2024-04-03T09:49:14.847+0200] {example_kubernetes_executor.py:38} WARNING - The example_kubernetes_executor example DAG requires the kubernetes provider. Please install it with: pip install apache-airflow[cncf.kubernetes]
[2024-04-03T09:49:14.847+0200] {processor.py:841} WARNING - No viable dags retrieved from /home/lucas/anaconda3/lib/python3.11/site-packages/airflow/example_dags/example_kubernetes_executor.py
[2024-04-03T09:49:14.856+0200] {processor.py:179} INFO - Processing /home/lucas/anaconda3/lib/python3.11/site-packages/airflow/example_dags/example_kubernetes_executor.py took 0.015 seconds
[2024-04-03T09:49:57.114+0200] {processor.py:157} INFO - Started process (PID=22448) to work on /home/lucas/anaconda3/lib/python3.11/site-packages/airflow/example_dags/example_kubernetes_executor.py
[2024-04-03T09:49:57.117+0200] {processor.py:829} INFO - Processing file /home/lucas/anaconda3/lib/python3.11/site-packages/airflow/example_dags/example_kubernetes_executor.py for tasks to queue
[2024-04-03T09:49:57.117+0200] {logging_mixin.py:154} INFO - [2024-04-03T09:49:57.117+0200] {dagbag.py:536} INFO - Filling up the DagBag from /home/lucas/anaconda3/lib/python3.11/site-packages/airflow/example_dags/example_kubernetes_executor.py
[2024-04-03T09:49:57.119+0200] {logging_mixin.py:154} INFO - [2024-04-03T09:49:57.119+0200] {example_kubernetes_executor.py:38} WARNING - The example_kubernetes_executor example DAG requires the kubernetes provider. Please install it with: pip install apache-airflow[cncf.kubernetes]
[2024-04-03T09:49:57.119+0200] {processor.py:841} WARNING - No viable dags retrieved from /home/lucas/anaconda3/lib/python3.11/site-packages/airflow/example_dags/example_kubernetes_executor.py
[2024-04-03T09:49:57.124+0200] {processor.py:179} INFO - Processing /home/lucas/anaconda3/lib/python3.11/site-packages/airflow/example_dags/example_kubernetes_executor.py took 0.011 seconds
[2024-04-03T09:50:55.218+0200] {processor.py:157} INFO - Started process (PID=22842) to work on /home/lucas/anaconda3/lib/python3.11/site-packages/airflow/example_dags/example_kubernetes_executor.py
[2024-04-03T09:50:55.221+0200] {processor.py:829} INFO - Processing file /home/lucas/anaconda3/lib/python3.11/site-packages/airflow/example_dags/example_kubernetes_executor.py for tasks to queue
[2024-04-03T09:50:55.222+0200] {logging_mixin.py:154} INFO - [2024-04-03T09:50:55.221+0200] {dagbag.py:536} INFO - Filling up the DagBag from /home/lucas/anaconda3/lib/python3.11/site-packages/airflow/example_dags/example_kubernetes_executor.py
[2024-04-03T09:50:55.224+0200] {logging_mixin.py:154} INFO - [2024-04-03T09:50:55.224+0200] {example_kubernetes_executor.py:38} WARNING - The example_kubernetes_executor example DAG requires the kubernetes provider. Please install it with: pip install apache-airflow[cncf.kubernetes]
[2024-04-03T09:50:55.224+0200] {processor.py:841} WARNING - No viable dags retrieved from /home/lucas/anaconda3/lib/python3.11/site-packages/airflow/example_dags/example_kubernetes_executor.py
[2024-04-03T09:50:55.231+0200] {processor.py:179} INFO - Processing /home/lucas/anaconda3/lib/python3.11/site-packages/airflow/example_dags/example_kubernetes_executor.py took 0.016 seconds
[2024-04-03T09:54:27.835+0200] {processor.py:157} INFO - Started process (PID=23810) to work on /home/lucas/anaconda3/lib/python3.11/site-packages/airflow/example_dags/example_kubernetes_executor.py
[2024-04-03T09:54:27.836+0200] {processor.py:829} INFO - Processing file /home/lucas/anaconda3/lib/python3.11/site-packages/airflow/example_dags/example_kubernetes_executor.py for tasks to queue
[2024-04-03T09:54:27.836+0200] {logging_mixin.py:154} INFO - [2024-04-03T09:54:27.836+0200] {dagbag.py:536} INFO - Filling up the DagBag from /home/lucas/anaconda3/lib/python3.11/site-packages/airflow/example_dags/example_kubernetes_executor.py
[2024-04-03T09:54:27.838+0200] {logging_mixin.py:154} INFO - [2024-04-03T09:54:27.838+0200] {example_kubernetes_executor.py:38} WARNING - The example_kubernetes_executor example DAG requires the kubernetes provider. Please install it with: pip install apache-airflow[cncf.kubernetes]
[2024-04-03T09:54:27.838+0200] {processor.py:841} WARNING - No viable dags retrieved from /home/lucas/anaconda3/lib/python3.11/site-packages/airflow/example_dags/example_kubernetes_executor.py
[2024-04-03T09:54:27.843+0200] {processor.py:179} INFO - Processing /home/lucas/anaconda3/lib/python3.11/site-packages/airflow/example_dags/example_kubernetes_executor.py took 0.009 seconds
[2024-04-03T09:55:11.546+0200] {processor.py:157} INFO - Started process (PID=24023) to work on /home/lucas/anaconda3/lib/python3.11/site-packages/airflow/example_dags/example_kubernetes_executor.py
[2024-04-03T09:55:11.549+0200] {processor.py:829} INFO - Processing file /home/lucas/anaconda3/lib/python3.11/site-packages/airflow/example_dags/example_kubernetes_executor.py for tasks to queue
[2024-04-03T09:55:11.550+0200] {logging_mixin.py:154} INFO - [2024-04-03T09:55:11.549+0200] {dagbag.py:536} INFO - Filling up the DagBag from /home/lucas/anaconda3/lib/python3.11/site-packages/airflow/example_dags/example_kubernetes_executor.py
[2024-04-03T09:55:11.551+0200] {logging_mixin.py:154} INFO - [2024-04-03T09:55:11.551+0200] {example_kubernetes_executor.py:38} WARNING - The example_kubernetes_executor example DAG requires the kubernetes provider. Please install it with: pip install apache-airflow[cncf.kubernetes]
[2024-04-03T09:55:11.551+0200] {processor.py:841} WARNING - No viable dags retrieved from /home/lucas/anaconda3/lib/python3.11/site-packages/airflow/example_dags/example_kubernetes_executor.py
[2024-04-03T09:55:11.556+0200] {processor.py:179} INFO - Processing /home/lucas/anaconda3/lib/python3.11/site-packages/airflow/example_dags/example_kubernetes_executor.py took 0.011 seconds
[2024-04-03T10:00:11.711+0200] {processor.py:157} INFO - Started process (PID=93049) to work on /home/lucas/anaconda3/lib/python3.11/site-packages/airflow/example_dags/example_kubernetes_executor.py
[2024-04-03T10:00:11.714+0200] {processor.py:829} INFO - Processing file /home/lucas/anaconda3/lib/python3.11/site-packages/airflow/example_dags/example_kubernetes_executor.py for tasks to queue
[2024-04-03T10:00:11.715+0200] {logging_mixin.py:154} INFO - [2024-04-03T10:00:11.714+0200] {dagbag.py:536} INFO - Filling up the DagBag from /home/lucas/anaconda3/lib/python3.11/site-packages/airflow/example_dags/example_kubernetes_executor.py
[2024-04-03T10:00:11.721+0200] {processor.py:839} INFO - DAG(s) dict_keys(['example_kubernetes_executor']) retrieved from /home/lucas/anaconda3/lib/python3.11/site-packages/airflow/example_dags/example_kubernetes_executor.py
[2024-04-03T10:00:11.733+0200] {logging_mixin.py:154} INFO - [2024-04-03T10:00:11.733+0200] {dag.py:2941} INFO - Sync 1 DAGs
[2024-04-03T10:00:11.738+0200] {logging_mixin.py:154} INFO - [2024-04-03T10:00:11.738+0200] {dag.py:3722} INFO - Setting next_dagrun for example_kubernetes_executor to None, run_after=None
[2024-04-03T10:00:11.750+0200] {processor.py:179} INFO - Processing /home/lucas/anaconda3/lib/python3.11/site-packages/airflow/example_dags/example_kubernetes_executor.py took 0.040 seconds
[2024-04-03T10:01:52.291+0200] {processor.py:157} INFO - Started process (PID=93827) to work on /home/lucas/anaconda3/lib/python3.11/site-packages/airflow/example_dags/example_kubernetes_executor.py
[2024-04-03T10:01:52.292+0200] {processor.py:829} INFO - Processing file /home/lucas/anaconda3/lib/python3.11/site-packages/airflow/example_dags/example_kubernetes_executor.py for tasks to queue
[2024-04-03T10:01:52.293+0200] {logging_mixin.py:154} INFO - [2024-04-03T10:01:52.292+0200] {dagbag.py:536} INFO - Filling up the DagBag from /home/lucas/anaconda3/lib/python3.11/site-packages/airflow/example_dags/example_kubernetes_executor.py
[2024-04-03T10:01:52.299+0200] {processor.py:839} INFO - DAG(s) dict_keys(['example_kubernetes_executor']) retrieved from /home/lucas/anaconda3/lib/python3.11/site-packages/airflow/example_dags/example_kubernetes_executor.py
[2024-04-03T10:01:52.320+0200] {logging_mixin.py:154} INFO - [2024-04-03T10:01:52.320+0200] {dag.py:2941} INFO - Sync 1 DAGs
[2024-04-03T10:01:52.325+0200] {logging_mixin.py:154} INFO - [2024-04-03T10:01:52.325+0200] {dag.py:3722} INFO - Setting next_dagrun for example_kubernetes_executor to None, run_after=None
[2024-04-03T10:01:52.336+0200] {processor.py:179} INFO - Processing /home/lucas/anaconda3/lib/python3.11/site-packages/airflow/example_dags/example_kubernetes_executor.py took 0.046 seconds
[2024-04-03T10:02:40.141+0200] {processor.py:157} INFO - Started process (PID=94002) to work on /home/lucas/anaconda3/lib/python3.11/site-packages/airflow/example_dags/example_kubernetes_executor.py
[2024-04-03T10:02:40.144+0200] {processor.py:829} INFO - Processing file /home/lucas/anaconda3/lib/python3.11/site-packages/airflow/example_dags/example_kubernetes_executor.py for tasks to queue
[2024-04-03T10:02:40.145+0200] {logging_mixin.py:154} INFO - [2024-04-03T10:02:40.144+0200] {dagbag.py:536} INFO - Filling up the DagBag from /home/lucas/anaconda3/lib/python3.11/site-packages/airflow/example_dags/example_kubernetes_executor.py
[2024-04-03T10:02:40.151+0200] {processor.py:839} INFO - DAG(s) dict_keys(['example_kubernetes_executor']) retrieved from /home/lucas/anaconda3/lib/python3.11/site-packages/airflow/example_dags/example_kubernetes_executor.py
[2024-04-03T10:02:40.163+0200] {logging_mixin.py:154} INFO - [2024-04-03T10:02:40.163+0200] {dag.py:2941} INFO - Sync 1 DAGs
[2024-04-03T10:02:40.169+0200] {logging_mixin.py:154} INFO - [2024-04-03T10:02:40.169+0200] {dag.py:3722} INFO - Setting next_dagrun for example_kubernetes_executor to None, run_after=None
[2024-04-03T10:02:40.260+0200] {processor.py:179} INFO - Processing /home/lucas/anaconda3/lib/python3.11/site-packages/airflow/example_dags/example_kubernetes_executor.py took 0.120 seconds
[2024-04-03T10:03:35.009+0200] {processor.py:157} INFO - Started process (PID=94324) to work on /home/lucas/anaconda3/lib/python3.11/site-packages/airflow/example_dags/example_kubernetes_executor.py
[2024-04-03T10:03:35.012+0200] {processor.py:829} INFO - Processing file /home/lucas/anaconda3/lib/python3.11/site-packages/airflow/example_dags/example_kubernetes_executor.py for tasks to queue
[2024-04-03T10:03:35.012+0200] {logging_mixin.py:154} INFO - [2024-04-03T10:03:35.012+0200] {dagbag.py:536} INFO - Filling up the DagBag from /home/lucas/anaconda3/lib/python3.11/site-packages/airflow/example_dags/example_kubernetes_executor.py
[2024-04-03T10:03:35.114+0200] {processor.py:839} INFO - DAG(s) dict_keys(['example_kubernetes_executor']) retrieved from /home/lucas/anaconda3/lib/python3.11/site-packages/airflow/example_dags/example_kubernetes_executor.py
[2024-04-03T10:03:35.124+0200] {logging_mixin.py:154} INFO - [2024-04-03T10:03:35.124+0200] {dag.py:2941} INFO - Sync 1 DAGs
[2024-04-03T10:03:35.129+0200] {logging_mixin.py:154} INFO - [2024-04-03T10:03:35.129+0200] {dag.py:3722} INFO - Setting next_dagrun for example_kubernetes_executor to None, run_after=None
[2024-04-03T10:03:35.143+0200] {processor.py:179} INFO - Processing /home/lucas/anaconda3/lib/python3.11/site-packages/airflow/example_dags/example_kubernetes_executor.py took 0.136 seconds
[2024-04-03T10:04:24.615+0200] {processor.py:157} INFO - Started process (PID=94632) to work on /home/lucas/anaconda3/lib/python3.11/site-packages/airflow/example_dags/example_kubernetes_executor.py
[2024-04-03T10:04:24.616+0200] {processor.py:829} INFO - Processing file /home/lucas/anaconda3/lib/python3.11/site-packages/airflow/example_dags/example_kubernetes_executor.py for tasks to queue
[2024-04-03T10:04:24.617+0200] {logging_mixin.py:154} INFO - [2024-04-03T10:04:24.617+0200] {dagbag.py:536} INFO - Filling up the DagBag from /home/lucas/anaconda3/lib/python3.11/site-packages/airflow/example_dags/example_kubernetes_executor.py
[2024-04-03T10:04:24.623+0200] {processor.py:839} INFO - DAG(s) dict_keys(['example_kubernetes_executor']) retrieved from /home/lucas/anaconda3/lib/python3.11/site-packages/airflow/example_dags/example_kubernetes_executor.py
[2024-04-03T10:04:24.637+0200] {logging_mixin.py:154} INFO - [2024-04-03T10:04:24.637+0200] {dag.py:2941} INFO - Sync 1 DAGs
[2024-04-03T10:04:24.643+0200] {logging_mixin.py:154} INFO - [2024-04-03T10:04:24.643+0200] {dag.py:3722} INFO - Setting next_dagrun for example_kubernetes_executor to None, run_after=None
[2024-04-03T10:04:24.656+0200] {processor.py:179} INFO - Processing /home/lucas/anaconda3/lib/python3.11/site-packages/airflow/example_dags/example_kubernetes_executor.py took 0.043 seconds
[2024-04-03T10:05:12.589+0200] {processor.py:157} INFO - Started process (PID=95152) to work on /home/lucas/anaconda3/lib/python3.11/site-packages/airflow/example_dags/example_kubernetes_executor.py
[2024-04-03T10:05:12.591+0200] {processor.py:829} INFO - Processing file /home/lucas/anaconda3/lib/python3.11/site-packages/airflow/example_dags/example_kubernetes_executor.py for tasks to queue
[2024-04-03T10:05:12.592+0200] {logging_mixin.py:154} INFO - [2024-04-03T10:05:12.592+0200] {dagbag.py:536} INFO - Filling up the DagBag from /home/lucas/anaconda3/lib/python3.11/site-packages/airflow/example_dags/example_kubernetes_executor.py
[2024-04-03T10:05:12.597+0200] {processor.py:839} INFO - DAG(s) dict_keys(['example_kubernetes_executor']) retrieved from /home/lucas/anaconda3/lib/python3.11/site-packages/airflow/example_dags/example_kubernetes_executor.py
[2024-04-03T10:05:12.611+0200] {logging_mixin.py:154} INFO - [2024-04-03T10:05:12.611+0200] {dag.py:2941} INFO - Sync 1 DAGs
[2024-04-03T10:05:12.616+0200] {logging_mixin.py:154} INFO - [2024-04-03T10:05:12.616+0200] {dag.py:3722} INFO - Setting next_dagrun for example_kubernetes_executor to None, run_after=None
[2024-04-03T10:05:12.628+0200] {processor.py:179} INFO - Processing /home/lucas/anaconda3/lib/python3.11/site-packages/airflow/example_dags/example_kubernetes_executor.py took 0.041 seconds
[2024-04-03T10:05:59.239+0200] {processor.py:157} INFO - Started process (PID=95640) to work on /home/lucas/anaconda3/lib/python3.11/site-packages/airflow/example_dags/example_kubernetes_executor.py
[2024-04-03T10:05:59.239+0200] {processor.py:829} INFO - Processing file /home/lucas/anaconda3/lib/python3.11/site-packages/airflow/example_dags/example_kubernetes_executor.py for tasks to queue
[2024-04-03T10:05:59.240+0200] {logging_mixin.py:154} INFO - [2024-04-03T10:05:59.240+0200] {dagbag.py:536} INFO - Filling up the DagBag from /home/lucas/anaconda3/lib/python3.11/site-packages/airflow/example_dags/example_kubernetes_executor.py
[2024-04-03T10:05:59.249+0200] {processor.py:839} INFO - DAG(s) dict_keys(['example_kubernetes_executor']) retrieved from /home/lucas/anaconda3/lib/python3.11/site-packages/airflow/example_dags/example_kubernetes_executor.py
[2024-04-03T10:05:59.263+0200] {logging_mixin.py:154} INFO - [2024-04-03T10:05:59.263+0200] {dag.py:2941} INFO - Sync 1 DAGs
[2024-04-03T10:05:59.268+0200] {logging_mixin.py:154} INFO - [2024-04-03T10:05:59.268+0200] {dag.py:3722} INFO - Setting next_dagrun for example_kubernetes_executor to None, run_after=None
[2024-04-03T10:05:59.279+0200] {processor.py:179} INFO - Processing /home/lucas/anaconda3/lib/python3.11/site-packages/airflow/example_dags/example_kubernetes_executor.py took 0.042 seconds
[2024-04-03T10:07:24.550+0200] {processor.py:157} INFO - Started process (PID=96679) to work on /home/lucas/anaconda3/lib/python3.11/site-packages/airflow/example_dags/example_kubernetes_executor.py
[2024-04-03T10:07:24.553+0200] {processor.py:829} INFO - Processing file /home/lucas/anaconda3/lib/python3.11/site-packages/airflow/example_dags/example_kubernetes_executor.py for tasks to queue
[2024-04-03T10:07:24.554+0200] {logging_mixin.py:154} INFO - [2024-04-03T10:07:24.553+0200] {dagbag.py:536} INFO - Filling up the DagBag from /home/lucas/anaconda3/lib/python3.11/site-packages/airflow/example_dags/example_kubernetes_executor.py
[2024-04-03T10:07:24.560+0200] {processor.py:839} INFO - DAG(s) dict_keys(['example_kubernetes_executor']) retrieved from /home/lucas/anaconda3/lib/python3.11/site-packages/airflow/example_dags/example_kubernetes_executor.py
[2024-04-03T10:07:24.573+0200] {logging_mixin.py:154} INFO - [2024-04-03T10:07:24.573+0200] {dag.py:2941} INFO - Sync 1 DAGs
[2024-04-03T10:07:24.578+0200] {logging_mixin.py:154} INFO - [2024-04-03T10:07:24.578+0200] {dag.py:3722} INFO - Setting next_dagrun for example_kubernetes_executor to None, run_after=None
[2024-04-03T10:07:24.589+0200] {processor.py:179} INFO - Processing /home/lucas/anaconda3/lib/python3.11/site-packages/airflow/example_dags/example_kubernetes_executor.py took 0.040 seconds
[2024-04-03T10:08:44.375+0200] {processor.py:157} INFO - Started process (PID=97552) to work on /home/lucas/anaconda3/lib/python3.11/site-packages/airflow/example_dags/example_kubernetes_executor.py
[2024-04-03T10:08:44.378+0200] {processor.py:829} INFO - Processing file /home/lucas/anaconda3/lib/python3.11/site-packages/airflow/example_dags/example_kubernetes_executor.py for tasks to queue
[2024-04-03T10:08:44.378+0200] {logging_mixin.py:154} INFO - [2024-04-03T10:08:44.378+0200] {dagbag.py:536} INFO - Filling up the DagBag from /home/lucas/anaconda3/lib/python3.11/site-packages/airflow/example_dags/example_kubernetes_executor.py
[2024-04-03T10:08:44.384+0200] {processor.py:839} INFO - DAG(s) dict_keys(['example_kubernetes_executor']) retrieved from /home/lucas/anaconda3/lib/python3.11/site-packages/airflow/example_dags/example_kubernetes_executor.py
[2024-04-03T10:08:44.397+0200] {logging_mixin.py:154} INFO - [2024-04-03T10:08:44.396+0200] {dag.py:2941} INFO - Sync 1 DAGs
[2024-04-03T10:08:44.402+0200] {logging_mixin.py:154} INFO - [2024-04-03T10:08:44.402+0200] {dag.py:3722} INFO - Setting next_dagrun for example_kubernetes_executor to None, run_after=None
[2024-04-03T10:08:44.414+0200] {processor.py:179} INFO - Processing /home/lucas/anaconda3/lib/python3.11/site-packages/airflow/example_dags/example_kubernetes_executor.py took 0.041 seconds
[2024-04-03T10:09:35.724+0200] {processor.py:157} INFO - Started process (PID=97782) to work on /home/lucas/anaconda3/lib/python3.11/site-packages/airflow/example_dags/example_kubernetes_executor.py
[2024-04-03T10:09:35.727+0200] {processor.py:829} INFO - Processing file /home/lucas/anaconda3/lib/python3.11/site-packages/airflow/example_dags/example_kubernetes_executor.py for tasks to queue
[2024-04-03T10:09:35.728+0200] {logging_mixin.py:154} INFO - [2024-04-03T10:09:35.727+0200] {dagbag.py:536} INFO - Filling up the DagBag from /home/lucas/anaconda3/lib/python3.11/site-packages/airflow/example_dags/example_kubernetes_executor.py
[2024-04-03T10:09:35.733+0200] {processor.py:839} INFO - DAG(s) dict_keys(['example_kubernetes_executor']) retrieved from /home/lucas/anaconda3/lib/python3.11/site-packages/airflow/example_dags/example_kubernetes_executor.py
[2024-04-03T10:09:35.746+0200] {logging_mixin.py:154} INFO - [2024-04-03T10:09:35.746+0200] {dag.py:2941} INFO - Sync 1 DAGs
[2024-04-03T10:09:35.751+0200] {logging_mixin.py:154} INFO - [2024-04-03T10:09:35.751+0200] {dag.py:3722} INFO - Setting next_dagrun for example_kubernetes_executor to None, run_after=None
[2024-04-03T10:09:35.848+0200] {processor.py:179} INFO - Processing /home/lucas/anaconda3/lib/python3.11/site-packages/airflow/example_dags/example_kubernetes_executor.py took 0.125 seconds
[2024-04-03T10:10:53.779+0200] {processor.py:157} INFO - Started process (PID=98368) to work on /home/lucas/anaconda3/lib/python3.11/site-packages/airflow/example_dags/example_kubernetes_executor.py
[2024-04-03T10:10:53.782+0200] {processor.py:829} INFO - Processing file /home/lucas/anaconda3/lib/python3.11/site-packages/airflow/example_dags/example_kubernetes_executor.py for tasks to queue
[2024-04-03T10:10:53.783+0200] {logging_mixin.py:154} INFO - [2024-04-03T10:10:53.782+0200] {dagbag.py:536} INFO - Filling up the DagBag from /home/lucas/anaconda3/lib/python3.11/site-packages/airflow/example_dags/example_kubernetes_executor.py
[2024-04-03T10:10:53.789+0200] {processor.py:839} INFO - DAG(s) dict_keys(['example_kubernetes_executor']) retrieved from /home/lucas/anaconda3/lib/python3.11/site-packages/airflow/example_dags/example_kubernetes_executor.py
[2024-04-03T10:10:53.801+0200] {logging_mixin.py:154} INFO - [2024-04-03T10:10:53.800+0200] {dag.py:2941} INFO - Sync 1 DAGs
[2024-04-03T10:10:53.806+0200] {logging_mixin.py:154} INFO - [2024-04-03T10:10:53.806+0200] {dag.py:3722} INFO - Setting next_dagrun for example_kubernetes_executor to None, run_after=None
[2024-04-03T10:10:53.817+0200] {processor.py:179} INFO - Processing /home/lucas/anaconda3/lib/python3.11/site-packages/airflow/example_dags/example_kubernetes_executor.py took 0.039 seconds
[2024-04-03T10:11:44.883+0200] {processor.py:157} INFO - Started process (PID=98598) to work on /home/lucas/anaconda3/lib/python3.11/site-packages/airflow/example_dags/example_kubernetes_executor.py
[2024-04-03T10:11:44.883+0200] {processor.py:829} INFO - Processing file /home/lucas/anaconda3/lib/python3.11/site-packages/airflow/example_dags/example_kubernetes_executor.py for tasks to queue
[2024-04-03T10:11:44.884+0200] {logging_mixin.py:154} INFO - [2024-04-03T10:11:44.883+0200] {dagbag.py:536} INFO - Filling up the DagBag from /home/lucas/anaconda3/lib/python3.11/site-packages/airflow/example_dags/example_kubernetes_executor.py
[2024-04-03T10:11:44.890+0200] {processor.py:839} INFO - DAG(s) dict_keys(['example_kubernetes_executor']) retrieved from /home/lucas/anaconda3/lib/python3.11/site-packages/airflow/example_dags/example_kubernetes_executor.py
[2024-04-03T10:11:44.905+0200] {logging_mixin.py:154} INFO - [2024-04-03T10:11:44.905+0200] {dag.py:2941} INFO - Sync 1 DAGs
[2024-04-03T10:11:44.912+0200] {logging_mixin.py:154} INFO - [2024-04-03T10:11:44.911+0200] {dag.py:3722} INFO - Setting next_dagrun for example_kubernetes_executor to None, run_after=None
[2024-04-03T10:11:45.021+0200] {processor.py:179} INFO - Processing /home/lucas/anaconda3/lib/python3.11/site-packages/airflow/example_dags/example_kubernetes_executor.py took 0.139 seconds
[2024-04-03T10:12:39.787+0200] {processor.py:157} INFO - Started process (PID=98818) to work on /home/lucas/anaconda3/lib/python3.11/site-packages/airflow/example_dags/example_kubernetes_executor.py
[2024-04-03T10:12:39.790+0200] {processor.py:829} INFO - Processing file /home/lucas/anaconda3/lib/python3.11/site-packages/airflow/example_dags/example_kubernetes_executor.py for tasks to queue
[2024-04-03T10:12:39.791+0200] {logging_mixin.py:154} INFO - [2024-04-03T10:12:39.791+0200] {dagbag.py:536} INFO - Filling up the DagBag from /home/lucas/anaconda3/lib/python3.11/site-packages/airflow/example_dags/example_kubernetes_executor.py
[2024-04-03T10:12:39.880+0200] {processor.py:839} INFO - DAG(s) dict_keys(['example_kubernetes_executor']) retrieved from /home/lucas/anaconda3/lib/python3.11/site-packages/airflow/example_dags/example_kubernetes_executor.py
[2024-04-03T10:12:39.890+0200] {logging_mixin.py:154} INFO - [2024-04-03T10:12:39.890+0200] {dag.py:2941} INFO - Sync 1 DAGs
[2024-04-03T10:12:39.895+0200] {logging_mixin.py:154} INFO - [2024-04-03T10:12:39.895+0200] {dag.py:3722} INFO - Setting next_dagrun for example_kubernetes_executor to None, run_after=None
[2024-04-03T10:12:39.909+0200] {processor.py:179} INFO - Processing /home/lucas/anaconda3/lib/python3.11/site-packages/airflow/example_dags/example_kubernetes_executor.py took 0.123 seconds
[2024-04-03T10:13:26.800+0200] {processor.py:157} INFO - Started process (PID=98993) to work on /home/lucas/anaconda3/lib/python3.11/site-packages/airflow/example_dags/example_kubernetes_executor.py
[2024-04-03T10:13:26.803+0200] {processor.py:829} INFO - Processing file /home/lucas/anaconda3/lib/python3.11/site-packages/airflow/example_dags/example_kubernetes_executor.py for tasks to queue
[2024-04-03T10:13:26.803+0200] {logging_mixin.py:154} INFO - [2024-04-03T10:13:26.803+0200] {dagbag.py:536} INFO - Filling up the DagBag from /home/lucas/anaconda3/lib/python3.11/site-packages/airflow/example_dags/example_kubernetes_executor.py
[2024-04-03T10:13:26.809+0200] {processor.py:839} INFO - DAG(s) dict_keys(['example_kubernetes_executor']) retrieved from /home/lucas/anaconda3/lib/python3.11/site-packages/airflow/example_dags/example_kubernetes_executor.py
[2024-04-03T10:13:26.822+0200] {logging_mixin.py:154} INFO - [2024-04-03T10:13:26.822+0200] {dag.py:2941} INFO - Sync 1 DAGs
[2024-04-03T10:13:26.827+0200] {logging_mixin.py:154} INFO - [2024-04-03T10:13:26.827+0200] {dag.py:3722} INFO - Setting next_dagrun for example_kubernetes_executor to None, run_after=None
[2024-04-03T10:13:26.839+0200] {processor.py:179} INFO - Processing /home/lucas/anaconda3/lib/python3.11/site-packages/airflow/example_dags/example_kubernetes_executor.py took 0.040 seconds
[2024-04-03T10:14:14.529+0200] {processor.py:157} INFO - Started process (PID=99125) to work on /home/lucas/anaconda3/lib/python3.11/site-packages/airflow/example_dags/example_kubernetes_executor.py
[2024-04-03T10:14:14.530+0200] {processor.py:829} INFO - Processing file /home/lucas/anaconda3/lib/python3.11/site-packages/airflow/example_dags/example_kubernetes_executor.py for tasks to queue
[2024-04-03T10:14:14.530+0200] {logging_mixin.py:154} INFO - [2024-04-03T10:14:14.530+0200] {dagbag.py:536} INFO - Filling up the DagBag from /home/lucas/anaconda3/lib/python3.11/site-packages/airflow/example_dags/example_kubernetes_executor.py
[2024-04-03T10:14:14.536+0200] {processor.py:839} INFO - DAG(s) dict_keys(['example_kubernetes_executor']) retrieved from /home/lucas/anaconda3/lib/python3.11/site-packages/airflow/example_dags/example_kubernetes_executor.py
[2024-04-03T10:14:14.548+0200] {logging_mixin.py:154} INFO - [2024-04-03T10:14:14.548+0200] {dag.py:2941} INFO - Sync 1 DAGs
[2024-04-03T10:14:14.553+0200] {logging_mixin.py:154} INFO - [2024-04-03T10:14:14.553+0200] {dag.py:3722} INFO - Setting next_dagrun for example_kubernetes_executor to None, run_after=None
[2024-04-03T10:14:14.566+0200] {processor.py:179} INFO - Processing /home/lucas/anaconda3/lib/python3.11/site-packages/airflow/example_dags/example_kubernetes_executor.py took 0.039 seconds
[2024-04-03T10:17:34.310+0200] {processor.py:157} INFO - Started process (PID=100274) to work on /home/lucas/anaconda3/lib/python3.11/site-packages/airflow/example_dags/example_kubernetes_executor.py
[2024-04-03T10:17:34.313+0200] {processor.py:829} INFO - Processing file /home/lucas/anaconda3/lib/python3.11/site-packages/airflow/example_dags/example_kubernetes_executor.py for tasks to queue
[2024-04-03T10:17:34.313+0200] {logging_mixin.py:154} INFO - [2024-04-03T10:17:34.313+0200] {dagbag.py:536} INFO - Filling up the DagBag from /home/lucas/anaconda3/lib/python3.11/site-packages/airflow/example_dags/example_kubernetes_executor.py
[2024-04-03T10:17:34.319+0200] {processor.py:839} INFO - DAG(s) dict_keys(['example_kubernetes_executor']) retrieved from /home/lucas/anaconda3/lib/python3.11/site-packages/airflow/example_dags/example_kubernetes_executor.py
[2024-04-03T10:17:34.333+0200] {logging_mixin.py:154} INFO - [2024-04-03T10:17:34.333+0200] {dag.py:2941} INFO - Sync 1 DAGs
[2024-04-03T10:17:34.339+0200] {logging_mixin.py:154} INFO - [2024-04-03T10:17:34.338+0200] {dag.py:3722} INFO - Setting next_dagrun for example_kubernetes_executor to None, run_after=None
[2024-04-03T10:17:34.352+0200] {processor.py:179} INFO - Processing /home/lucas/anaconda3/lib/python3.11/site-packages/airflow/example_dags/example_kubernetes_executor.py took 0.044 seconds
[2024-04-03T10:18:23.490+0200] {processor.py:157} INFO - Started process (PID=100479) to work on /home/lucas/anaconda3/lib/python3.11/site-packages/airflow/example_dags/example_kubernetes_executor.py
[2024-04-03T10:18:23.492+0200] {processor.py:829} INFO - Processing file /home/lucas/anaconda3/lib/python3.11/site-packages/airflow/example_dags/example_kubernetes_executor.py for tasks to queue
[2024-04-03T10:18:23.493+0200] {logging_mixin.py:154} INFO - [2024-04-03T10:18:23.493+0200] {dagbag.py:536} INFO - Filling up the DagBag from /home/lucas/anaconda3/lib/python3.11/site-packages/airflow/example_dags/example_kubernetes_executor.py
[2024-04-03T10:18:23.498+0200] {processor.py:839} INFO - DAG(s) dict_keys(['example_kubernetes_executor']) retrieved from /home/lucas/anaconda3/lib/python3.11/site-packages/airflow/example_dags/example_kubernetes_executor.py
[2024-04-03T10:18:23.511+0200] {logging_mixin.py:154} INFO - [2024-04-03T10:18:23.511+0200] {dag.py:2941} INFO - Sync 1 DAGs
[2024-04-03T10:18:23.597+0200] {logging_mixin.py:154} INFO - [2024-04-03T10:18:23.597+0200] {dag.py:3722} INFO - Setting next_dagrun for example_kubernetes_executor to None, run_after=None
[2024-04-03T10:18:23.611+0200] {processor.py:179} INFO - Processing /home/lucas/anaconda3/lib/python3.11/site-packages/airflow/example_dags/example_kubernetes_executor.py took 0.123 seconds
[2024-04-03T10:23:03.614+0200] {processor.py:157} INFO - Started process (PID=101685) to work on /home/lucas/anaconda3/lib/python3.11/site-packages/airflow/example_dags/example_kubernetes_executor.py
[2024-04-03T10:23:03.616+0200] {processor.py:829} INFO - Processing file /home/lucas/anaconda3/lib/python3.11/site-packages/airflow/example_dags/example_kubernetes_executor.py for tasks to queue
[2024-04-03T10:23:03.617+0200] {logging_mixin.py:154} INFO - [2024-04-03T10:23:03.617+0200] {dagbag.py:536} INFO - Filling up the DagBag from /home/lucas/anaconda3/lib/python3.11/site-packages/airflow/example_dags/example_kubernetes_executor.py
[2024-04-03T10:23:03.623+0200] {processor.py:839} INFO - DAG(s) dict_keys(['example_kubernetes_executor']) retrieved from /home/lucas/anaconda3/lib/python3.11/site-packages/airflow/example_dags/example_kubernetes_executor.py
[2024-04-03T10:23:03.636+0200] {logging_mixin.py:154} INFO - [2024-04-03T10:23:03.636+0200] {dag.py:2941} INFO - Sync 1 DAGs
[2024-04-03T10:23:03.641+0200] {logging_mixin.py:154} INFO - [2024-04-03T10:23:03.641+0200] {dag.py:3722} INFO - Setting next_dagrun for example_kubernetes_executor to None, run_after=None
[2024-04-03T10:23:03.654+0200] {processor.py:179} INFO - Processing /home/lucas/anaconda3/lib/python3.11/site-packages/airflow/example_dags/example_kubernetes_executor.py took 0.042 seconds
[2024-04-03T10:24:04.808+0200] {processor.py:157} INFO - Started process (PID=102246) to work on /home/lucas/anaconda3/lib/python3.11/site-packages/airflow/example_dags/example_kubernetes_executor.py
[2024-04-03T10:24:04.811+0200] {processor.py:829} INFO - Processing file /home/lucas/anaconda3/lib/python3.11/site-packages/airflow/example_dags/example_kubernetes_executor.py for tasks to queue
[2024-04-03T10:24:04.811+0200] {logging_mixin.py:154} INFO - [2024-04-03T10:24:04.811+0200] {dagbag.py:536} INFO - Filling up the DagBag from /home/lucas/anaconda3/lib/python3.11/site-packages/airflow/example_dags/example_kubernetes_executor.py
[2024-04-03T10:24:04.818+0200] {processor.py:839} INFO - DAG(s) dict_keys(['example_kubernetes_executor']) retrieved from /home/lucas/anaconda3/lib/python3.11/site-packages/airflow/example_dags/example_kubernetes_executor.py
[2024-04-03T10:24:04.833+0200] {logging_mixin.py:154} INFO - [2024-04-03T10:24:04.833+0200] {dag.py:2941} INFO - Sync 1 DAGs
[2024-04-03T10:24:04.839+0200] {logging_mixin.py:154} INFO - [2024-04-03T10:24:04.839+0200] {dag.py:3722} INFO - Setting next_dagrun for example_kubernetes_executor to None, run_after=None
[2024-04-03T10:24:04.935+0200] {processor.py:179} INFO - Processing /home/lucas/anaconda3/lib/python3.11/site-packages/airflow/example_dags/example_kubernetes_executor.py took 0.129 seconds
[2024-04-03T10:24:51.275+0200] {processor.py:157} INFO - Started process (PID=102550) to work on /home/lucas/anaconda3/lib/python3.11/site-packages/airflow/example_dags/example_kubernetes_executor.py
[2024-04-03T10:24:51.276+0200] {processor.py:829} INFO - Processing file /home/lucas/anaconda3/lib/python3.11/site-packages/airflow/example_dags/example_kubernetes_executor.py for tasks to queue
[2024-04-03T10:24:51.276+0200] {logging_mixin.py:154} INFO - [2024-04-03T10:24:51.276+0200] {dagbag.py:536} INFO - Filling up the DagBag from /home/lucas/anaconda3/lib/python3.11/site-packages/airflow/example_dags/example_kubernetes_executor.py
[2024-04-03T10:24:51.282+0200] {processor.py:839} INFO - DAG(s) dict_keys(['example_kubernetes_executor']) retrieved from /home/lucas/anaconda3/lib/python3.11/site-packages/airflow/example_dags/example_kubernetes_executor.py
[2024-04-03T10:24:51.395+0200] {logging_mixin.py:154} INFO - [2024-04-03T10:24:51.395+0200] {dag.py:2941} INFO - Sync 1 DAGs
[2024-04-03T10:24:51.400+0200] {logging_mixin.py:154} INFO - [2024-04-03T10:24:51.400+0200] {dag.py:3722} INFO - Setting next_dagrun for example_kubernetes_executor to None, run_after=None
[2024-04-03T10:24:51.413+0200] {processor.py:179} INFO - Processing /home/lucas/anaconda3/lib/python3.11/site-packages/airflow/example_dags/example_kubernetes_executor.py took 0.140 seconds
