[2024-04-03T09:14:27.780+0200] {processor.py:157} INFO - Started process (PID=12645) to work on /home/lucas/anaconda3/lib/python3.11/site-packages/airflow/example_dags/example_dynamic_task_mapping.py
[2024-04-03T09:14:27.781+0200] {processor.py:829} INFO - Processing file /home/lucas/anaconda3/lib/python3.11/site-packages/airflow/example_dags/example_dynamic_task_mapping.py for tasks to queue
[2024-04-03T09:14:27.781+0200] {logging_mixin.py:154} INFO - [2024-04-03T09:14:27.781+0200] {dagbag.py:536} INFO - Filling up the DagBag from /home/lucas/anaconda3/lib/python3.11/site-packages/airflow/example_dags/example_dynamic_task_mapping.py
[2024-04-03T09:14:27.785+0200] {processor.py:839} INFO - DAG(s) dict_keys(['example_dynamic_task_mapping']) retrieved from /home/lucas/anaconda3/lib/python3.11/site-packages/airflow/example_dags/example_dynamic_task_mapping.py
[2024-04-03T09:14:27.840+0200] {logging_mixin.py:154} INFO - [2024-04-03T09:14:27.840+0200] {manager.py:499} INFO - Created Permission View: %s
[2024-04-03T09:14:27.848+0200] {logging_mixin.py:154} INFO - [2024-04-03T09:14:27.847+0200] {manager.py:499} INFO - Created Permission View: %s
[2024-04-03T09:14:27.854+0200] {logging_mixin.py:154} INFO - [2024-04-03T09:14:27.853+0200] {manager.py:499} INFO - Created Permission View: %s
[2024-04-03T09:14:27.854+0200] {logging_mixin.py:154} INFO - [2024-04-03T09:14:27.854+0200] {dag.py:2941} INFO - Sync 1 DAGs
[2024-04-03T09:14:27.859+0200] {logging_mixin.py:154} INFO - [2024-04-03T09:14:27.859+0200] {dag.py:2963} INFO - Creating ORM DAG for example_dynamic_task_mapping
[2024-04-03T09:14:27.864+0200] {logging_mixin.py:154} INFO - [2024-04-03T09:14:27.863+0200] {dag.py:3722} INFO - Setting next_dagrun for example_dynamic_task_mapping to 2022-03-04T00:00:00+00:00, run_after=2022-03-05T00:00:00+00:00
[2024-04-03T09:14:27.875+0200] {processor.py:179} INFO - Processing /home/lucas/anaconda3/lib/python3.11/site-packages/airflow/example_dags/example_dynamic_task_mapping.py took 0.097 seconds
[2024-04-03T09:15:13.054+0200] {processor.py:157} INFO - Started process (PID=12946) to work on /home/lucas/anaconda3/lib/python3.11/site-packages/airflow/example_dags/example_dynamic_task_mapping.py
[2024-04-03T09:15:13.056+0200] {processor.py:829} INFO - Processing file /home/lucas/anaconda3/lib/python3.11/site-packages/airflow/example_dags/example_dynamic_task_mapping.py for tasks to queue
[2024-04-03T09:15:13.057+0200] {logging_mixin.py:154} INFO - [2024-04-03T09:15:13.057+0200] {dagbag.py:536} INFO - Filling up the DagBag from /home/lucas/anaconda3/lib/python3.11/site-packages/airflow/example_dags/example_dynamic_task_mapping.py
[2024-04-03T09:15:13.061+0200] {processor.py:839} INFO - DAG(s) dict_keys(['example_dynamic_task_mapping']) retrieved from /home/lucas/anaconda3/lib/python3.11/site-packages/airflow/example_dags/example_dynamic_task_mapping.py
[2024-04-03T09:15:13.068+0200] {logging_mixin.py:154} INFO - [2024-04-03T09:15:13.067+0200] {dag.py:2941} INFO - Sync 1 DAGs
[2024-04-03T09:15:13.076+0200] {logging_mixin.py:154} INFO - [2024-04-03T09:15:13.076+0200] {dag.py:3722} INFO - Setting next_dagrun for example_dynamic_task_mapping to 2022-03-04T00:00:00+00:00, run_after=2022-03-05T00:00:00+00:00
[2024-04-03T09:15:13.088+0200] {processor.py:179} INFO - Processing /home/lucas/anaconda3/lib/python3.11/site-packages/airflow/example_dags/example_dynamic_task_mapping.py took 0.035 seconds
[2024-04-03T09:15:58.664+0200] {processor.py:157} INFO - Started process (PID=13110) to work on /home/lucas/anaconda3/lib/python3.11/site-packages/airflow/example_dags/example_dynamic_task_mapping.py
[2024-04-03T09:15:58.667+0200] {processor.py:829} INFO - Processing file /home/lucas/anaconda3/lib/python3.11/site-packages/airflow/example_dags/example_dynamic_task_mapping.py for tasks to queue
[2024-04-03T09:15:58.667+0200] {logging_mixin.py:154} INFO - [2024-04-03T09:15:58.667+0200] {dagbag.py:536} INFO - Filling up the DagBag from /home/lucas/anaconda3/lib/python3.11/site-packages/airflow/example_dags/example_dynamic_task_mapping.py
[2024-04-03T09:15:58.671+0200] {processor.py:839} INFO - DAG(s) dict_keys(['example_dynamic_task_mapping']) retrieved from /home/lucas/anaconda3/lib/python3.11/site-packages/airflow/example_dags/example_dynamic_task_mapping.py
[2024-04-03T09:15:58.678+0200] {logging_mixin.py:154} INFO - [2024-04-03T09:15:58.678+0200] {dag.py:2941} INFO - Sync 1 DAGs
[2024-04-03T09:15:58.687+0200] {logging_mixin.py:154} INFO - [2024-04-03T09:15:58.687+0200] {dag.py:3722} INFO - Setting next_dagrun for example_dynamic_task_mapping to 2022-03-04T00:00:00+00:00, run_after=2022-03-05T00:00:00+00:00
[2024-04-03T09:15:58.698+0200] {processor.py:179} INFO - Processing /home/lucas/anaconda3/lib/python3.11/site-packages/airflow/example_dags/example_dynamic_task_mapping.py took 0.035 seconds
[2024-04-03T09:16:42.261+0200] {processor.py:157} INFO - Started process (PID=13199) to work on /home/lucas/anaconda3/lib/python3.11/site-packages/airflow/example_dags/example_dynamic_task_mapping.py
[2024-04-03T09:16:42.263+0200] {processor.py:829} INFO - Processing file /home/lucas/anaconda3/lib/python3.11/site-packages/airflow/example_dags/example_dynamic_task_mapping.py for tasks to queue
[2024-04-03T09:16:42.264+0200] {logging_mixin.py:154} INFO - [2024-04-03T09:16:42.264+0200] {dagbag.py:536} INFO - Filling up the DagBag from /home/lucas/anaconda3/lib/python3.11/site-packages/airflow/example_dags/example_dynamic_task_mapping.py
[2024-04-03T09:16:42.268+0200] {processor.py:839} INFO - DAG(s) dict_keys(['example_dynamic_task_mapping']) retrieved from /home/lucas/anaconda3/lib/python3.11/site-packages/airflow/example_dags/example_dynamic_task_mapping.py
[2024-04-03T09:16:42.275+0200] {logging_mixin.py:154} INFO - [2024-04-03T09:16:42.275+0200] {dag.py:2941} INFO - Sync 1 DAGs
[2024-04-03T09:16:42.284+0200] {logging_mixin.py:154} INFO - [2024-04-03T09:16:42.284+0200] {dag.py:3722} INFO - Setting next_dagrun for example_dynamic_task_mapping to 2022-03-04T00:00:00+00:00, run_after=2022-03-05T00:00:00+00:00
[2024-04-03T09:16:42.295+0200] {processor.py:179} INFO - Processing /home/lucas/anaconda3/lib/python3.11/site-packages/airflow/example_dags/example_dynamic_task_mapping.py took 0.036 seconds
[2024-04-03T09:18:57.757+0200] {processor.py:157} INFO - Started process (PID=13813) to work on /home/lucas/anaconda3/lib/python3.11/site-packages/airflow/example_dags/example_dynamic_task_mapping.py
[2024-04-03T09:18:57.760+0200] {processor.py:829} INFO - Processing file /home/lucas/anaconda3/lib/python3.11/site-packages/airflow/example_dags/example_dynamic_task_mapping.py for tasks to queue
[2024-04-03T09:18:57.760+0200] {logging_mixin.py:154} INFO - [2024-04-03T09:18:57.760+0200] {dagbag.py:536} INFO - Filling up the DagBag from /home/lucas/anaconda3/lib/python3.11/site-packages/airflow/example_dags/example_dynamic_task_mapping.py
[2024-04-03T09:18:57.764+0200] {processor.py:839} INFO - DAG(s) dict_keys(['example_dynamic_task_mapping']) retrieved from /home/lucas/anaconda3/lib/python3.11/site-packages/airflow/example_dags/example_dynamic_task_mapping.py
[2024-04-03T09:18:57.774+0200] {logging_mixin.py:154} INFO - [2024-04-03T09:18:57.774+0200] {dag.py:2941} INFO - Sync 1 DAGs
[2024-04-03T09:18:57.784+0200] {logging_mixin.py:154} INFO - [2024-04-03T09:18:57.784+0200] {dag.py:3722} INFO - Setting next_dagrun for example_dynamic_task_mapping to 2022-03-04T00:00:00+00:00, run_after=2022-03-05T00:00:00+00:00
[2024-04-03T09:18:57.797+0200] {processor.py:179} INFO - Processing /home/lucas/anaconda3/lib/python3.11/site-packages/airflow/example_dags/example_dynamic_task_mapping.py took 0.041 seconds
[2024-04-03T09:19:41.479+0200] {processor.py:157} INFO - Started process (PID=14108) to work on /home/lucas/anaconda3/lib/python3.11/site-packages/airflow/example_dags/example_dynamic_task_mapping.py
[2024-04-03T09:19:41.479+0200] {processor.py:829} INFO - Processing file /home/lucas/anaconda3/lib/python3.11/site-packages/airflow/example_dags/example_dynamic_task_mapping.py for tasks to queue
[2024-04-03T09:19:41.480+0200] {logging_mixin.py:154} INFO - [2024-04-03T09:19:41.480+0200] {dagbag.py:536} INFO - Filling up the DagBag from /home/lucas/anaconda3/lib/python3.11/site-packages/airflow/example_dags/example_dynamic_task_mapping.py
[2024-04-03T09:19:41.484+0200] {processor.py:839} INFO - DAG(s) dict_keys(['example_dynamic_task_mapping']) retrieved from /home/lucas/anaconda3/lib/python3.11/site-packages/airflow/example_dags/example_dynamic_task_mapping.py
[2024-04-03T09:19:41.491+0200] {logging_mixin.py:154} INFO - [2024-04-03T09:19:41.490+0200] {dag.py:2941} INFO - Sync 1 DAGs
[2024-04-03T09:19:41.499+0200] {logging_mixin.py:154} INFO - [2024-04-03T09:19:41.499+0200] {dag.py:3722} INFO - Setting next_dagrun for example_dynamic_task_mapping to 2022-03-04T00:00:00+00:00, run_after=2022-03-05T00:00:00+00:00
[2024-04-03T09:19:41.510+0200] {processor.py:179} INFO - Processing /home/lucas/anaconda3/lib/python3.11/site-packages/airflow/example_dags/example_dynamic_task_mapping.py took 0.033 seconds
[2024-04-03T09:20:24.938+0200] {processor.py:157} INFO - Started process (PID=14296) to work on /home/lucas/anaconda3/lib/python3.11/site-packages/airflow/example_dags/example_dynamic_task_mapping.py
[2024-04-03T09:20:24.941+0200] {processor.py:829} INFO - Processing file /home/lucas/anaconda3/lib/python3.11/site-packages/airflow/example_dags/example_dynamic_task_mapping.py for tasks to queue
[2024-04-03T09:20:24.941+0200] {logging_mixin.py:154} INFO - [2024-04-03T09:20:24.941+0200] {dagbag.py:536} INFO - Filling up the DagBag from /home/lucas/anaconda3/lib/python3.11/site-packages/airflow/example_dags/example_dynamic_task_mapping.py
[2024-04-03T09:20:24.945+0200] {processor.py:839} INFO - DAG(s) dict_keys(['example_dynamic_task_mapping']) retrieved from /home/lucas/anaconda3/lib/python3.11/site-packages/airflow/example_dags/example_dynamic_task_mapping.py
[2024-04-03T09:20:24.953+0200] {logging_mixin.py:154} INFO - [2024-04-03T09:20:24.952+0200] {dag.py:2941} INFO - Sync 1 DAGs
[2024-04-03T09:20:24.961+0200] {logging_mixin.py:154} INFO - [2024-04-03T09:20:24.961+0200] {dag.py:3722} INFO - Setting next_dagrun for example_dynamic_task_mapping to 2022-03-04T00:00:00+00:00, run_after=2022-03-05T00:00:00+00:00
[2024-04-03T09:20:24.977+0200] {processor.py:179} INFO - Processing /home/lucas/anaconda3/lib/python3.11/site-packages/airflow/example_dags/example_dynamic_task_mapping.py took 0.041 seconds
[2024-04-03T09:21:08.950+0200] {processor.py:157} INFO - Started process (PID=14423) to work on /home/lucas/anaconda3/lib/python3.11/site-packages/airflow/example_dags/example_dynamic_task_mapping.py
[2024-04-03T09:21:08.953+0200] {processor.py:829} INFO - Processing file /home/lucas/anaconda3/lib/python3.11/site-packages/airflow/example_dags/example_dynamic_task_mapping.py for tasks to queue
[2024-04-03T09:21:08.953+0200] {logging_mixin.py:154} INFO - [2024-04-03T09:21:08.953+0200] {dagbag.py:536} INFO - Filling up the DagBag from /home/lucas/anaconda3/lib/python3.11/site-packages/airflow/example_dags/example_dynamic_task_mapping.py
[2024-04-03T09:21:08.957+0200] {processor.py:839} INFO - DAG(s) dict_keys(['example_dynamic_task_mapping']) retrieved from /home/lucas/anaconda3/lib/python3.11/site-packages/airflow/example_dags/example_dynamic_task_mapping.py
[2024-04-03T09:21:08.964+0200] {logging_mixin.py:154} INFO - [2024-04-03T09:21:08.964+0200] {dag.py:2941} INFO - Sync 1 DAGs
[2024-04-03T09:21:08.975+0200] {logging_mixin.py:154} INFO - [2024-04-03T09:21:08.975+0200] {dag.py:3722} INFO - Setting next_dagrun for example_dynamic_task_mapping to 2022-03-04T00:00:00+00:00, run_after=2022-03-05T00:00:00+00:00
[2024-04-03T09:21:08.987+0200] {processor.py:179} INFO - Processing /home/lucas/anaconda3/lib/python3.11/site-packages/airflow/example_dags/example_dynamic_task_mapping.py took 0.038 seconds
[2024-04-03T09:21:57.520+0200] {processor.py:157} INFO - Started process (PID=14588) to work on /home/lucas/anaconda3/lib/python3.11/site-packages/airflow/example_dags/example_dynamic_task_mapping.py
[2024-04-03T09:21:57.522+0200] {processor.py:829} INFO - Processing file /home/lucas/anaconda3/lib/python3.11/site-packages/airflow/example_dags/example_dynamic_task_mapping.py for tasks to queue
[2024-04-03T09:21:57.523+0200] {logging_mixin.py:154} INFO - [2024-04-03T09:21:57.523+0200] {dagbag.py:536} INFO - Filling up the DagBag from /home/lucas/anaconda3/lib/python3.11/site-packages/airflow/example_dags/example_dynamic_task_mapping.py
[2024-04-03T09:21:57.527+0200] {processor.py:839} INFO - DAG(s) dict_keys(['example_dynamic_task_mapping']) retrieved from /home/lucas/anaconda3/lib/python3.11/site-packages/airflow/example_dags/example_dynamic_task_mapping.py
[2024-04-03T09:21:57.534+0200] {logging_mixin.py:154} INFO - [2024-04-03T09:21:57.534+0200] {dag.py:2941} INFO - Sync 1 DAGs
[2024-04-03T09:21:57.542+0200] {logging_mixin.py:154} INFO - [2024-04-03T09:21:57.542+0200] {dag.py:3722} INFO - Setting next_dagrun for example_dynamic_task_mapping to 2022-03-04T00:00:00+00:00, run_after=2022-03-05T00:00:00+00:00
[2024-04-03T09:21:57.553+0200] {processor.py:179} INFO - Processing /home/lucas/anaconda3/lib/python3.11/site-packages/airflow/example_dags/example_dynamic_task_mapping.py took 0.035 seconds
[2024-04-03T09:22:41.119+0200] {processor.py:157} INFO - Started process (PID=14845) to work on /home/lucas/anaconda3/lib/python3.11/site-packages/airflow/example_dags/example_dynamic_task_mapping.py
[2024-04-03T09:22:41.122+0200] {processor.py:829} INFO - Processing file /home/lucas/anaconda3/lib/python3.11/site-packages/airflow/example_dags/example_dynamic_task_mapping.py for tasks to queue
[2024-04-03T09:22:41.122+0200] {logging_mixin.py:154} INFO - [2024-04-03T09:22:41.122+0200] {dagbag.py:536} INFO - Filling up the DagBag from /home/lucas/anaconda3/lib/python3.11/site-packages/airflow/example_dags/example_dynamic_task_mapping.py
[2024-04-03T09:22:41.126+0200] {processor.py:839} INFO - DAG(s) dict_keys(['example_dynamic_task_mapping']) retrieved from /home/lucas/anaconda3/lib/python3.11/site-packages/airflow/example_dags/example_dynamic_task_mapping.py
[2024-04-03T09:22:41.133+0200] {logging_mixin.py:154} INFO - [2024-04-03T09:22:41.133+0200] {dag.py:2941} INFO - Sync 1 DAGs
[2024-04-03T09:22:41.141+0200] {logging_mixin.py:154} INFO - [2024-04-03T09:22:41.141+0200] {dag.py:3722} INFO - Setting next_dagrun for example_dynamic_task_mapping to 2022-03-04T00:00:00+00:00, run_after=2022-03-05T00:00:00+00:00
[2024-04-03T09:22:41.153+0200] {processor.py:179} INFO - Processing /home/lucas/anaconda3/lib/python3.11/site-packages/airflow/example_dags/example_dynamic_task_mapping.py took 0.036 seconds
[2024-04-03T09:23:26.102+0200] {processor.py:157} INFO - Started process (PID=15051) to work on /home/lucas/anaconda3/lib/python3.11/site-packages/airflow/example_dags/example_dynamic_task_mapping.py
[2024-04-03T09:23:26.104+0200] {processor.py:829} INFO - Processing file /home/lucas/anaconda3/lib/python3.11/site-packages/airflow/example_dags/example_dynamic_task_mapping.py for tasks to queue
[2024-04-03T09:23:26.105+0200] {logging_mixin.py:154} INFO - [2024-04-03T09:23:26.105+0200] {dagbag.py:536} INFO - Filling up the DagBag from /home/lucas/anaconda3/lib/python3.11/site-packages/airflow/example_dags/example_dynamic_task_mapping.py
[2024-04-03T09:23:26.108+0200] {processor.py:839} INFO - DAG(s) dict_keys(['example_dynamic_task_mapping']) retrieved from /home/lucas/anaconda3/lib/python3.11/site-packages/airflow/example_dags/example_dynamic_task_mapping.py
[2024-04-03T09:23:26.115+0200] {logging_mixin.py:154} INFO - [2024-04-03T09:23:26.115+0200] {dag.py:2941} INFO - Sync 1 DAGs
[2024-04-03T09:23:26.124+0200] {logging_mixin.py:154} INFO - [2024-04-03T09:23:26.124+0200] {dag.py:3722} INFO - Setting next_dagrun for example_dynamic_task_mapping to 2022-03-04T00:00:00+00:00, run_after=2022-03-05T00:00:00+00:00
[2024-04-03T09:23:26.136+0200] {processor.py:179} INFO - Processing /home/lucas/anaconda3/lib/python3.11/site-packages/airflow/example_dags/example_dynamic_task_mapping.py took 0.036 seconds
[2024-04-03T09:24:17.831+0200] {processor.py:157} INFO - Started process (PID=15397) to work on /home/lucas/anaconda3/lib/python3.11/site-packages/airflow/example_dags/example_dynamic_task_mapping.py
[2024-04-03T09:24:17.834+0200] {processor.py:829} INFO - Processing file /home/lucas/anaconda3/lib/python3.11/site-packages/airflow/example_dags/example_dynamic_task_mapping.py for tasks to queue
[2024-04-03T09:24:17.834+0200] {logging_mixin.py:154} INFO - [2024-04-03T09:24:17.834+0200] {dagbag.py:536} INFO - Filling up the DagBag from /home/lucas/anaconda3/lib/python3.11/site-packages/airflow/example_dags/example_dynamic_task_mapping.py
[2024-04-03T09:24:17.838+0200] {processor.py:839} INFO - DAG(s) dict_keys(['example_dynamic_task_mapping']) retrieved from /home/lucas/anaconda3/lib/python3.11/site-packages/airflow/example_dags/example_dynamic_task_mapping.py
[2024-04-03T09:24:17.845+0200] {logging_mixin.py:154} INFO - [2024-04-03T09:24:17.845+0200] {dag.py:2941} INFO - Sync 1 DAGs
[2024-04-03T09:24:17.854+0200] {logging_mixin.py:154} INFO - [2024-04-03T09:24:17.854+0200] {dag.py:3722} INFO - Setting next_dagrun for example_dynamic_task_mapping to 2022-03-04T00:00:00+00:00, run_after=2022-03-05T00:00:00+00:00
[2024-04-03T09:24:17.949+0200] {processor.py:179} INFO - Processing /home/lucas/anaconda3/lib/python3.11/site-packages/airflow/example_dags/example_dynamic_task_mapping.py took 0.120 seconds
[2024-04-03T09:24:58.850+0200] {processor.py:157} INFO - Started process (PID=15616) to work on /home/lucas/anaconda3/lib/python3.11/site-packages/airflow/example_dags/example_dynamic_task_mapping.py
[2024-04-03T09:24:58.853+0200] {processor.py:829} INFO - Processing file /home/lucas/anaconda3/lib/python3.11/site-packages/airflow/example_dags/example_dynamic_task_mapping.py for tasks to queue
[2024-04-03T09:24:58.854+0200] {logging_mixin.py:154} INFO - [2024-04-03T09:24:58.854+0200] {dagbag.py:536} INFO - Filling up the DagBag from /home/lucas/anaconda3/lib/python3.11/site-packages/airflow/example_dags/example_dynamic_task_mapping.py
[2024-04-03T09:24:58.858+0200] {processor.py:839} INFO - DAG(s) dict_keys(['example_dynamic_task_mapping']) retrieved from /home/lucas/anaconda3/lib/python3.11/site-packages/airflow/example_dags/example_dynamic_task_mapping.py
[2024-04-03T09:24:58.866+0200] {logging_mixin.py:154} INFO - [2024-04-03T09:24:58.866+0200] {dag.py:2941} INFO - Sync 1 DAGs
[2024-04-03T09:24:58.877+0200] {logging_mixin.py:154} INFO - [2024-04-03T09:24:58.877+0200] {dag.py:3722} INFO - Setting next_dagrun for example_dynamic_task_mapping to 2022-03-04T00:00:00+00:00, run_after=2022-03-05T00:00:00+00:00
[2024-04-03T09:24:58.891+0200] {processor.py:179} INFO - Processing /home/lucas/anaconda3/lib/python3.11/site-packages/airflow/example_dags/example_dynamic_task_mapping.py took 0.043 seconds
[2024-04-03T09:25:40.972+0200] {processor.py:157} INFO - Started process (PID=15850) to work on /home/lucas/anaconda3/lib/python3.11/site-packages/airflow/example_dags/example_dynamic_task_mapping.py
[2024-04-03T09:25:40.973+0200] {processor.py:829} INFO - Processing file /home/lucas/anaconda3/lib/python3.11/site-packages/airflow/example_dags/example_dynamic_task_mapping.py for tasks to queue
[2024-04-03T09:25:40.973+0200] {logging_mixin.py:154} INFO - [2024-04-03T09:25:40.973+0200] {dagbag.py:536} INFO - Filling up the DagBag from /home/lucas/anaconda3/lib/python3.11/site-packages/airflow/example_dags/example_dynamic_task_mapping.py
[2024-04-03T09:25:40.978+0200] {processor.py:839} INFO - DAG(s) dict_keys(['example_dynamic_task_mapping']) retrieved from /home/lucas/anaconda3/lib/python3.11/site-packages/airflow/example_dags/example_dynamic_task_mapping.py
[2024-04-03T09:25:40.986+0200] {logging_mixin.py:154} INFO - [2024-04-03T09:25:40.986+0200] {dag.py:2941} INFO - Sync 1 DAGs
[2024-04-03T09:25:40.996+0200] {logging_mixin.py:154} INFO - [2024-04-03T09:25:40.996+0200] {dag.py:3722} INFO - Setting next_dagrun for example_dynamic_task_mapping to 2022-03-04T00:00:00+00:00, run_after=2022-03-05T00:00:00+00:00
[2024-04-03T09:25:41.009+0200] {processor.py:179} INFO - Processing /home/lucas/anaconda3/lib/python3.11/site-packages/airflow/example_dags/example_dynamic_task_mapping.py took 0.038 seconds
[2024-04-03T09:26:27.735+0200] {processor.py:157} INFO - Started process (PID=16036) to work on /home/lucas/anaconda3/lib/python3.11/site-packages/airflow/example_dags/example_dynamic_task_mapping.py
[2024-04-03T09:26:27.738+0200] {processor.py:829} INFO - Processing file /home/lucas/anaconda3/lib/python3.11/site-packages/airflow/example_dags/example_dynamic_task_mapping.py for tasks to queue
[2024-04-03T09:26:27.739+0200] {logging_mixin.py:154} INFO - [2024-04-03T09:26:27.738+0200] {dagbag.py:536} INFO - Filling up the DagBag from /home/lucas/anaconda3/lib/python3.11/site-packages/airflow/example_dags/example_dynamic_task_mapping.py
[2024-04-03T09:26:27.744+0200] {processor.py:839} INFO - DAG(s) dict_keys(['example_dynamic_task_mapping']) retrieved from /home/lucas/anaconda3/lib/python3.11/site-packages/airflow/example_dags/example_dynamic_task_mapping.py
[2024-04-03T09:26:27.751+0200] {logging_mixin.py:154} INFO - [2024-04-03T09:26:27.751+0200] {dag.py:2941} INFO - Sync 1 DAGs
[2024-04-03T09:26:27.761+0200] {logging_mixin.py:154} INFO - [2024-04-03T09:26:27.760+0200] {dag.py:3722} INFO - Setting next_dagrun for example_dynamic_task_mapping to 2022-03-04T00:00:00+00:00, run_after=2022-03-05T00:00:00+00:00
[2024-04-03T09:26:27.773+0200] {processor.py:179} INFO - Processing /home/lucas/anaconda3/lib/python3.11/site-packages/airflow/example_dags/example_dynamic_task_mapping.py took 0.040 seconds
[2024-04-03T09:27:09.914+0200] {processor.py:157} INFO - Started process (PID=16148) to work on /home/lucas/anaconda3/lib/python3.11/site-packages/airflow/example_dags/example_dynamic_task_mapping.py
[2024-04-03T09:27:09.916+0200] {processor.py:829} INFO - Processing file /home/lucas/anaconda3/lib/python3.11/site-packages/airflow/example_dags/example_dynamic_task_mapping.py for tasks to queue
[2024-04-03T09:27:09.917+0200] {logging_mixin.py:154} INFO - [2024-04-03T09:27:09.917+0200] {dagbag.py:536} INFO - Filling up the DagBag from /home/lucas/anaconda3/lib/python3.11/site-packages/airflow/example_dags/example_dynamic_task_mapping.py
[2024-04-03T09:27:09.921+0200] {processor.py:839} INFO - DAG(s) dict_keys(['example_dynamic_task_mapping']) retrieved from /home/lucas/anaconda3/lib/python3.11/site-packages/airflow/example_dags/example_dynamic_task_mapping.py
[2024-04-03T09:27:09.928+0200] {logging_mixin.py:154} INFO - [2024-04-03T09:27:09.928+0200] {dag.py:2941} INFO - Sync 1 DAGs
[2024-04-03T09:27:09.937+0200] {logging_mixin.py:154} INFO - [2024-04-03T09:27:09.937+0200] {dag.py:3722} INFO - Setting next_dagrun for example_dynamic_task_mapping to 2022-03-04T00:00:00+00:00, run_after=2022-03-05T00:00:00+00:00
[2024-04-03T09:27:09.950+0200] {processor.py:179} INFO - Processing /home/lucas/anaconda3/lib/python3.11/site-packages/airflow/example_dags/example_dynamic_task_mapping.py took 0.037 seconds
[2024-04-03T09:27:54.830+0200] {processor.py:157} INFO - Started process (PID=16329) to work on /home/lucas/anaconda3/lib/python3.11/site-packages/airflow/example_dags/example_dynamic_task_mapping.py
[2024-04-03T09:27:54.833+0200] {processor.py:829} INFO - Processing file /home/lucas/anaconda3/lib/python3.11/site-packages/airflow/example_dags/example_dynamic_task_mapping.py for tasks to queue
[2024-04-03T09:27:54.834+0200] {logging_mixin.py:154} INFO - [2024-04-03T09:27:54.833+0200] {dagbag.py:536} INFO - Filling up the DagBag from /home/lucas/anaconda3/lib/python3.11/site-packages/airflow/example_dags/example_dynamic_task_mapping.py
[2024-04-03T09:27:54.838+0200] {processor.py:839} INFO - DAG(s) dict_keys(['example_dynamic_task_mapping']) retrieved from /home/lucas/anaconda3/lib/python3.11/site-packages/airflow/example_dags/example_dynamic_task_mapping.py
[2024-04-03T09:27:54.848+0200] {logging_mixin.py:154} INFO - [2024-04-03T09:27:54.848+0200] {dag.py:2941} INFO - Sync 1 DAGs
[2024-04-03T09:27:54.858+0200] {logging_mixin.py:154} INFO - [2024-04-03T09:27:54.858+0200] {dag.py:3722} INFO - Setting next_dagrun for example_dynamic_task_mapping to 2022-03-04T00:00:00+00:00, run_after=2022-03-05T00:00:00+00:00
[2024-04-03T09:27:54.872+0200] {processor.py:179} INFO - Processing /home/lucas/anaconda3/lib/python3.11/site-packages/airflow/example_dags/example_dynamic_task_mapping.py took 0.043 seconds
[2024-04-03T09:28:35.889+0200] {processor.py:157} INFO - Started process (PID=16530) to work on /home/lucas/anaconda3/lib/python3.11/site-packages/airflow/example_dags/example_dynamic_task_mapping.py
[2024-04-03T09:28:35.890+0200] {processor.py:829} INFO - Processing file /home/lucas/anaconda3/lib/python3.11/site-packages/airflow/example_dags/example_dynamic_task_mapping.py for tasks to queue
[2024-04-03T09:28:35.890+0200] {logging_mixin.py:154} INFO - [2024-04-03T09:28:35.890+0200] {dagbag.py:536} INFO - Filling up the DagBag from /home/lucas/anaconda3/lib/python3.11/site-packages/airflow/example_dags/example_dynamic_task_mapping.py
[2024-04-03T09:28:35.894+0200] {processor.py:839} INFO - DAG(s) dict_keys(['example_dynamic_task_mapping']) retrieved from /home/lucas/anaconda3/lib/python3.11/site-packages/airflow/example_dags/example_dynamic_task_mapping.py
[2024-04-03T09:28:35.901+0200] {logging_mixin.py:154} INFO - [2024-04-03T09:28:35.901+0200] {dag.py:2941} INFO - Sync 1 DAGs
[2024-04-03T09:28:35.910+0200] {logging_mixin.py:154} INFO - [2024-04-03T09:28:35.910+0200] {dag.py:3722} INFO - Setting next_dagrun for example_dynamic_task_mapping to 2022-03-04T00:00:00+00:00, run_after=2022-03-05T00:00:00+00:00
[2024-04-03T09:28:35.921+0200] {processor.py:179} INFO - Processing /home/lucas/anaconda3/lib/python3.11/site-packages/airflow/example_dags/example_dynamic_task_mapping.py took 0.033 seconds
[2024-04-03T09:29:18.046+0200] {processor.py:157} INFO - Started process (PID=16728) to work on /home/lucas/anaconda3/lib/python3.11/site-packages/airflow/example_dags/example_dynamic_task_mapping.py
[2024-04-03T09:29:18.046+0200] {processor.py:829} INFO - Processing file /home/lucas/anaconda3/lib/python3.11/site-packages/airflow/example_dags/example_dynamic_task_mapping.py for tasks to queue
[2024-04-03T09:29:18.047+0200] {logging_mixin.py:154} INFO - [2024-04-03T09:29:18.047+0200] {dagbag.py:536} INFO - Filling up the DagBag from /home/lucas/anaconda3/lib/python3.11/site-packages/airflow/example_dags/example_dynamic_task_mapping.py
[2024-04-03T09:29:18.052+0200] {processor.py:839} INFO - DAG(s) dict_keys(['example_dynamic_task_mapping']) retrieved from /home/lucas/anaconda3/lib/python3.11/site-packages/airflow/example_dags/example_dynamic_task_mapping.py
[2024-04-03T09:29:18.064+0200] {logging_mixin.py:154} INFO - [2024-04-03T09:29:18.064+0200] {dag.py:2941} INFO - Sync 1 DAGs
[2024-04-03T09:29:18.081+0200] {logging_mixin.py:154} INFO - [2024-04-03T09:29:18.081+0200] {dag.py:3722} INFO - Setting next_dagrun for example_dynamic_task_mapping to 2022-03-04T00:00:00+00:00, run_after=2022-03-05T00:00:00+00:00
[2024-04-03T09:29:18.097+0200] {processor.py:179} INFO - Processing /home/lucas/anaconda3/lib/python3.11/site-packages/airflow/example_dags/example_dynamic_task_mapping.py took 0.054 seconds
[2024-04-03T09:30:02.278+0200] {processor.py:157} INFO - Started process (PID=16869) to work on /home/lucas/anaconda3/lib/python3.11/site-packages/airflow/example_dags/example_dynamic_task_mapping.py
[2024-04-03T09:30:02.281+0200] {processor.py:829} INFO - Processing file /home/lucas/anaconda3/lib/python3.11/site-packages/airflow/example_dags/example_dynamic_task_mapping.py for tasks to queue
[2024-04-03T09:30:02.281+0200] {logging_mixin.py:154} INFO - [2024-04-03T09:30:02.281+0200] {dagbag.py:536} INFO - Filling up the DagBag from /home/lucas/anaconda3/lib/python3.11/site-packages/airflow/example_dags/example_dynamic_task_mapping.py
[2024-04-03T09:30:02.285+0200] {processor.py:839} INFO - DAG(s) dict_keys(['example_dynamic_task_mapping']) retrieved from /home/lucas/anaconda3/lib/python3.11/site-packages/airflow/example_dags/example_dynamic_task_mapping.py
[2024-04-03T09:30:02.292+0200] {logging_mixin.py:154} INFO - [2024-04-03T09:30:02.292+0200] {dag.py:2941} INFO - Sync 1 DAGs
[2024-04-03T09:30:02.301+0200] {logging_mixin.py:154} INFO - [2024-04-03T09:30:02.300+0200] {dag.py:3722} INFO - Setting next_dagrun for example_dynamic_task_mapping to 2022-03-04T00:00:00+00:00, run_after=2022-03-05T00:00:00+00:00
[2024-04-03T09:30:02.312+0200] {processor.py:179} INFO - Processing /home/lucas/anaconda3/lib/python3.11/site-packages/airflow/example_dags/example_dynamic_task_mapping.py took 0.036 seconds
[2024-04-03T09:30:51.235+0200] {processor.py:157} INFO - Started process (PID=17121) to work on /home/lucas/anaconda3/lib/python3.11/site-packages/airflow/example_dags/example_dynamic_task_mapping.py
[2024-04-03T09:30:51.237+0200] {processor.py:829} INFO - Processing file /home/lucas/anaconda3/lib/python3.11/site-packages/airflow/example_dags/example_dynamic_task_mapping.py for tasks to queue
[2024-04-03T09:30:51.238+0200] {logging_mixin.py:154} INFO - [2024-04-03T09:30:51.238+0200] {dagbag.py:536} INFO - Filling up the DagBag from /home/lucas/anaconda3/lib/python3.11/site-packages/airflow/example_dags/example_dynamic_task_mapping.py
[2024-04-03T09:30:51.242+0200] {processor.py:839} INFO - DAG(s) dict_keys(['example_dynamic_task_mapping']) retrieved from /home/lucas/anaconda3/lib/python3.11/site-packages/airflow/example_dags/example_dynamic_task_mapping.py
[2024-04-03T09:30:51.250+0200] {logging_mixin.py:154} INFO - [2024-04-03T09:30:51.250+0200] {dag.py:2941} INFO - Sync 1 DAGs
[2024-04-03T09:30:51.259+0200] {logging_mixin.py:154} INFO - [2024-04-03T09:30:51.259+0200] {dag.py:3722} INFO - Setting next_dagrun for example_dynamic_task_mapping to 2022-03-04T00:00:00+00:00, run_after=2022-03-05T00:00:00+00:00
[2024-04-03T09:30:51.271+0200] {processor.py:179} INFO - Processing /home/lucas/anaconda3/lib/python3.11/site-packages/airflow/example_dags/example_dynamic_task_mapping.py took 0.038 seconds
[2024-04-03T09:31:36.533+0200] {processor.py:157} INFO - Started process (PID=17273) to work on /home/lucas/anaconda3/lib/python3.11/site-packages/airflow/example_dags/example_dynamic_task_mapping.py
[2024-04-03T09:31:36.535+0200] {processor.py:829} INFO - Processing file /home/lucas/anaconda3/lib/python3.11/site-packages/airflow/example_dags/example_dynamic_task_mapping.py for tasks to queue
[2024-04-03T09:31:36.536+0200] {logging_mixin.py:154} INFO - [2024-04-03T09:31:36.536+0200] {dagbag.py:536} INFO - Filling up the DagBag from /home/lucas/anaconda3/lib/python3.11/site-packages/airflow/example_dags/example_dynamic_task_mapping.py
[2024-04-03T09:31:36.540+0200] {processor.py:839} INFO - DAG(s) dict_keys(['example_dynamic_task_mapping']) retrieved from /home/lucas/anaconda3/lib/python3.11/site-packages/airflow/example_dags/example_dynamic_task_mapping.py
[2024-04-03T09:31:36.548+0200] {logging_mixin.py:154} INFO - [2024-04-03T09:31:36.548+0200] {dag.py:2941} INFO - Sync 1 DAGs
[2024-04-03T09:31:36.558+0200] {logging_mixin.py:154} INFO - [2024-04-03T09:31:36.558+0200] {dag.py:3722} INFO - Setting next_dagrun for example_dynamic_task_mapping to 2022-03-04T00:00:00+00:00, run_after=2022-03-05T00:00:00+00:00
[2024-04-03T09:31:36.572+0200] {processor.py:179} INFO - Processing /home/lucas/anaconda3/lib/python3.11/site-packages/airflow/example_dags/example_dynamic_task_mapping.py took 0.041 seconds
[2024-04-03T09:32:44.458+0200] {processor.py:157} INFO - Started process (PID=17871) to work on /home/lucas/anaconda3/lib/python3.11/site-packages/airflow/example_dags/example_dynamic_task_mapping.py
[2024-04-03T09:32:44.461+0200] {processor.py:829} INFO - Processing file /home/lucas/anaconda3/lib/python3.11/site-packages/airflow/example_dags/example_dynamic_task_mapping.py for tasks to queue
[2024-04-03T09:32:44.461+0200] {logging_mixin.py:154} INFO - [2024-04-03T09:32:44.461+0200] {dagbag.py:536} INFO - Filling up the DagBag from /home/lucas/anaconda3/lib/python3.11/site-packages/airflow/example_dags/example_dynamic_task_mapping.py
[2024-04-03T09:32:44.465+0200] {processor.py:839} INFO - DAG(s) dict_keys(['example_dynamic_task_mapping']) retrieved from /home/lucas/anaconda3/lib/python3.11/site-packages/airflow/example_dags/example_dynamic_task_mapping.py
[2024-04-03T09:32:44.473+0200] {logging_mixin.py:154} INFO - [2024-04-03T09:32:44.473+0200] {dag.py:2941} INFO - Sync 1 DAGs
[2024-04-03T09:32:44.482+0200] {logging_mixin.py:154} INFO - [2024-04-03T09:32:44.482+0200] {dag.py:3722} INFO - Setting next_dagrun for example_dynamic_task_mapping to 2022-03-04T00:00:00+00:00, run_after=2022-03-05T00:00:00+00:00
[2024-04-03T09:32:44.494+0200] {processor.py:179} INFO - Processing /home/lucas/anaconda3/lib/python3.11/site-packages/airflow/example_dags/example_dynamic_task_mapping.py took 0.038 seconds
[2024-04-03T09:33:28.389+0200] {processor.py:157} INFO - Started process (PID=18158) to work on /home/lucas/anaconda3/lib/python3.11/site-packages/airflow/example_dags/example_dynamic_task_mapping.py
[2024-04-03T09:33:28.392+0200] {processor.py:829} INFO - Processing file /home/lucas/anaconda3/lib/python3.11/site-packages/airflow/example_dags/example_dynamic_task_mapping.py for tasks to queue
[2024-04-03T09:33:28.392+0200] {logging_mixin.py:154} INFO - [2024-04-03T09:33:28.392+0200] {dagbag.py:536} INFO - Filling up the DagBag from /home/lucas/anaconda3/lib/python3.11/site-packages/airflow/example_dags/example_dynamic_task_mapping.py
[2024-04-03T09:33:28.396+0200] {processor.py:839} INFO - DAG(s) dict_keys(['example_dynamic_task_mapping']) retrieved from /home/lucas/anaconda3/lib/python3.11/site-packages/airflow/example_dags/example_dynamic_task_mapping.py
[2024-04-03T09:33:28.403+0200] {logging_mixin.py:154} INFO - [2024-04-03T09:33:28.403+0200] {dag.py:2941} INFO - Sync 1 DAGs
[2024-04-03T09:33:28.412+0200] {logging_mixin.py:154} INFO - [2024-04-03T09:33:28.412+0200] {dag.py:3722} INFO - Setting next_dagrun for example_dynamic_task_mapping to 2022-03-04T00:00:00+00:00, run_after=2022-03-05T00:00:00+00:00
[2024-04-03T09:33:28.423+0200] {processor.py:179} INFO - Processing /home/lucas/anaconda3/lib/python3.11/site-packages/airflow/example_dags/example_dynamic_task_mapping.py took 0.036 seconds
[2024-04-03T09:34:11.801+0200] {processor.py:157} INFO - Started process (PID=18389) to work on /home/lucas/anaconda3/lib/python3.11/site-packages/airflow/example_dags/example_dynamic_task_mapping.py
[2024-04-03T09:34:11.804+0200] {processor.py:829} INFO - Processing file /home/lucas/anaconda3/lib/python3.11/site-packages/airflow/example_dags/example_dynamic_task_mapping.py for tasks to queue
[2024-04-03T09:34:11.804+0200] {logging_mixin.py:154} INFO - [2024-04-03T09:34:11.804+0200] {dagbag.py:536} INFO - Filling up the DagBag from /home/lucas/anaconda3/lib/python3.11/site-packages/airflow/example_dags/example_dynamic_task_mapping.py
[2024-04-03T09:34:11.809+0200] {processor.py:839} INFO - DAG(s) dict_keys(['example_dynamic_task_mapping']) retrieved from /home/lucas/anaconda3/lib/python3.11/site-packages/airflow/example_dags/example_dynamic_task_mapping.py
[2024-04-03T09:34:11.818+0200] {logging_mixin.py:154} INFO - [2024-04-03T09:34:11.818+0200] {dag.py:2941} INFO - Sync 1 DAGs
[2024-04-03T09:34:11.829+0200] {logging_mixin.py:154} INFO - [2024-04-03T09:34:11.829+0200] {dag.py:3722} INFO - Setting next_dagrun for example_dynamic_task_mapping to 2022-03-04T00:00:00+00:00, run_after=2022-03-05T00:00:00+00:00
[2024-04-03T09:34:11.841+0200] {processor.py:179} INFO - Processing /home/lucas/anaconda3/lib/python3.11/site-packages/airflow/example_dags/example_dynamic_task_mapping.py took 0.041 seconds
[2024-04-03T09:35:22.679+0200] {processor.py:157} INFO - Started process (PID=19130) to work on /home/lucas/anaconda3/lib/python3.11/site-packages/airflow/example_dags/example_dynamic_task_mapping.py
[2024-04-03T09:35:22.682+0200] {processor.py:829} INFO - Processing file /home/lucas/anaconda3/lib/python3.11/site-packages/airflow/example_dags/example_dynamic_task_mapping.py for tasks to queue
[2024-04-03T09:35:22.682+0200] {logging_mixin.py:154} INFO - [2024-04-03T09:35:22.682+0200] {dagbag.py:536} INFO - Filling up the DagBag from /home/lucas/anaconda3/lib/python3.11/site-packages/airflow/example_dags/example_dynamic_task_mapping.py
[2024-04-03T09:35:22.686+0200] {processor.py:839} INFO - DAG(s) dict_keys(['example_dynamic_task_mapping']) retrieved from /home/lucas/anaconda3/lib/python3.11/site-packages/airflow/example_dags/example_dynamic_task_mapping.py
[2024-04-03T09:35:22.694+0200] {logging_mixin.py:154} INFO - [2024-04-03T09:35:22.694+0200] {dag.py:2941} INFO - Sync 1 DAGs
[2024-04-03T09:35:22.704+0200] {logging_mixin.py:154} INFO - [2024-04-03T09:35:22.703+0200] {dag.py:3722} INFO - Setting next_dagrun for example_dynamic_task_mapping to 2022-03-04T00:00:00+00:00, run_after=2022-03-05T00:00:00+00:00
[2024-04-03T09:35:22.722+0200] {processor.py:179} INFO - Processing /home/lucas/anaconda3/lib/python3.11/site-packages/airflow/example_dags/example_dynamic_task_mapping.py took 0.044 seconds
[2024-04-03T09:36:06.571+0200] {processor.py:157} INFO - Started process (PID=19349) to work on /home/lucas/anaconda3/lib/python3.11/site-packages/airflow/example_dags/example_dynamic_task_mapping.py
[2024-04-03T09:36:06.574+0200] {processor.py:829} INFO - Processing file /home/lucas/anaconda3/lib/python3.11/site-packages/airflow/example_dags/example_dynamic_task_mapping.py for tasks to queue
[2024-04-03T09:36:06.575+0200] {logging_mixin.py:154} INFO - [2024-04-03T09:36:06.574+0200] {dagbag.py:536} INFO - Filling up the DagBag from /home/lucas/anaconda3/lib/python3.11/site-packages/airflow/example_dags/example_dynamic_task_mapping.py
[2024-04-03T09:36:06.579+0200] {processor.py:839} INFO - DAG(s) dict_keys(['example_dynamic_task_mapping']) retrieved from /home/lucas/anaconda3/lib/python3.11/site-packages/airflow/example_dags/example_dynamic_task_mapping.py
[2024-04-03T09:36:06.587+0200] {logging_mixin.py:154} INFO - [2024-04-03T09:36:06.587+0200] {dag.py:2941} INFO - Sync 1 DAGs
[2024-04-03T09:36:06.596+0200] {logging_mixin.py:154} INFO - [2024-04-03T09:36:06.596+0200] {dag.py:3722} INFO - Setting next_dagrun for example_dynamic_task_mapping to 2022-03-04T00:00:00+00:00, run_after=2022-03-05T00:00:00+00:00
[2024-04-03T09:36:06.608+0200] {processor.py:179} INFO - Processing /home/lucas/anaconda3/lib/python3.11/site-packages/airflow/example_dags/example_dynamic_task_mapping.py took 0.038 seconds
[2024-04-03T09:36:49.599+0200] {processor.py:157} INFO - Started process (PID=19464) to work on /home/lucas/anaconda3/lib/python3.11/site-packages/airflow/example_dags/example_dynamic_task_mapping.py
[2024-04-03T09:36:49.602+0200] {processor.py:829} INFO - Processing file /home/lucas/anaconda3/lib/python3.11/site-packages/airflow/example_dags/example_dynamic_task_mapping.py for tasks to queue
[2024-04-03T09:36:49.602+0200] {logging_mixin.py:154} INFO - [2024-04-03T09:36:49.602+0200] {dagbag.py:536} INFO - Filling up the DagBag from /home/lucas/anaconda3/lib/python3.11/site-packages/airflow/example_dags/example_dynamic_task_mapping.py
[2024-04-03T09:36:49.606+0200] {processor.py:839} INFO - DAG(s) dict_keys(['example_dynamic_task_mapping']) retrieved from /home/lucas/anaconda3/lib/python3.11/site-packages/airflow/example_dags/example_dynamic_task_mapping.py
[2024-04-03T09:36:49.614+0200] {logging_mixin.py:154} INFO - [2024-04-03T09:36:49.614+0200] {dag.py:2941} INFO - Sync 1 DAGs
[2024-04-03T09:36:49.633+0200] {logging_mixin.py:154} INFO - [2024-04-03T09:36:49.633+0200] {dag.py:3722} INFO - Setting next_dagrun for example_dynamic_task_mapping to 2022-03-04T00:00:00+00:00, run_after=2022-03-05T00:00:00+00:00
[2024-04-03T09:36:49.644+0200] {processor.py:179} INFO - Processing /home/lucas/anaconda3/lib/python3.11/site-packages/airflow/example_dags/example_dynamic_task_mapping.py took 0.047 seconds
[2024-04-03T09:37:34.889+0200] {processor.py:157} INFO - Started process (PID=19601) to work on /home/lucas/anaconda3/lib/python3.11/site-packages/airflow/example_dags/example_dynamic_task_mapping.py
[2024-04-03T09:37:34.892+0200] {processor.py:829} INFO - Processing file /home/lucas/anaconda3/lib/python3.11/site-packages/airflow/example_dags/example_dynamic_task_mapping.py for tasks to queue
[2024-04-03T09:37:34.893+0200] {logging_mixin.py:154} INFO - [2024-04-03T09:37:34.892+0200] {dagbag.py:536} INFO - Filling up the DagBag from /home/lucas/anaconda3/lib/python3.11/site-packages/airflow/example_dags/example_dynamic_task_mapping.py
[2024-04-03T09:37:34.897+0200] {processor.py:839} INFO - DAG(s) dict_keys(['example_dynamic_task_mapping']) retrieved from /home/lucas/anaconda3/lib/python3.11/site-packages/airflow/example_dags/example_dynamic_task_mapping.py
[2024-04-03T09:37:34.904+0200] {logging_mixin.py:154} INFO - [2024-04-03T09:37:34.904+0200] {dag.py:2941} INFO - Sync 1 DAGs
[2024-04-03T09:37:34.916+0200] {logging_mixin.py:154} INFO - [2024-04-03T09:37:34.916+0200] {dag.py:3722} INFO - Setting next_dagrun for example_dynamic_task_mapping to 2022-03-04T00:00:00+00:00, run_after=2022-03-05T00:00:00+00:00
[2024-04-03T09:37:34.927+0200] {processor.py:179} INFO - Processing /home/lucas/anaconda3/lib/python3.11/site-packages/airflow/example_dags/example_dynamic_task_mapping.py took 0.039 seconds
[2024-04-03T09:38:18.781+0200] {processor.py:157} INFO - Started process (PID=19719) to work on /home/lucas/anaconda3/lib/python3.11/site-packages/airflow/example_dags/example_dynamic_task_mapping.py
[2024-04-03T09:38:18.784+0200] {processor.py:829} INFO - Processing file /home/lucas/anaconda3/lib/python3.11/site-packages/airflow/example_dags/example_dynamic_task_mapping.py for tasks to queue
[2024-04-03T09:38:18.785+0200] {logging_mixin.py:154} INFO - [2024-04-03T09:38:18.784+0200] {dagbag.py:536} INFO - Filling up the DagBag from /home/lucas/anaconda3/lib/python3.11/site-packages/airflow/example_dags/example_dynamic_task_mapping.py
[2024-04-03T09:38:18.788+0200] {processor.py:839} INFO - DAG(s) dict_keys(['example_dynamic_task_mapping']) retrieved from /home/lucas/anaconda3/lib/python3.11/site-packages/airflow/example_dags/example_dynamic_task_mapping.py
[2024-04-03T09:38:18.795+0200] {logging_mixin.py:154} INFO - [2024-04-03T09:38:18.795+0200] {dag.py:2941} INFO - Sync 1 DAGs
[2024-04-03T09:38:18.804+0200] {logging_mixin.py:154} INFO - [2024-04-03T09:38:18.804+0200] {dag.py:3722} INFO - Setting next_dagrun for example_dynamic_task_mapping to 2022-03-04T00:00:00+00:00, run_after=2022-03-05T00:00:00+00:00
[2024-04-03T09:38:18.816+0200] {processor.py:179} INFO - Processing /home/lucas/anaconda3/lib/python3.11/site-packages/airflow/example_dags/example_dynamic_task_mapping.py took 0.036 seconds
[2024-04-03T09:39:04.962+0200] {processor.py:157} INFO - Started process (PID=19836) to work on /home/lucas/anaconda3/lib/python3.11/site-packages/airflow/example_dags/example_dynamic_task_mapping.py
[2024-04-03T09:39:04.965+0200] {processor.py:829} INFO - Processing file /home/lucas/anaconda3/lib/python3.11/site-packages/airflow/example_dags/example_dynamic_task_mapping.py for tasks to queue
[2024-04-03T09:39:04.965+0200] {logging_mixin.py:154} INFO - [2024-04-03T09:39:04.965+0200] {dagbag.py:536} INFO - Filling up the DagBag from /home/lucas/anaconda3/lib/python3.11/site-packages/airflow/example_dags/example_dynamic_task_mapping.py
[2024-04-03T09:39:04.969+0200] {processor.py:839} INFO - DAG(s) dict_keys(['example_dynamic_task_mapping']) retrieved from /home/lucas/anaconda3/lib/python3.11/site-packages/airflow/example_dags/example_dynamic_task_mapping.py
[2024-04-03T09:39:04.976+0200] {logging_mixin.py:154} INFO - [2024-04-03T09:39:04.976+0200] {dag.py:2941} INFO - Sync 1 DAGs
[2024-04-03T09:39:04.984+0200] {logging_mixin.py:154} INFO - [2024-04-03T09:39:04.984+0200] {dag.py:3722} INFO - Setting next_dagrun for example_dynamic_task_mapping to 2022-03-04T00:00:00+00:00, run_after=2022-03-05T00:00:00+00:00
[2024-04-03T09:39:04.996+0200] {processor.py:179} INFO - Processing /home/lucas/anaconda3/lib/python3.11/site-packages/airflow/example_dags/example_dynamic_task_mapping.py took 0.035 seconds
[2024-04-03T09:39:48.123+0200] {processor.py:157} INFO - Started process (PID=19893) to work on /home/lucas/anaconda3/lib/python3.11/site-packages/airflow/example_dags/example_dynamic_task_mapping.py
[2024-04-03T09:39:48.125+0200] {processor.py:829} INFO - Processing file /home/lucas/anaconda3/lib/python3.11/site-packages/airflow/example_dags/example_dynamic_task_mapping.py for tasks to queue
[2024-04-03T09:39:48.126+0200] {logging_mixin.py:154} INFO - [2024-04-03T09:39:48.126+0200] {dagbag.py:536} INFO - Filling up the DagBag from /home/lucas/anaconda3/lib/python3.11/site-packages/airflow/example_dags/example_dynamic_task_mapping.py
[2024-04-03T09:39:48.130+0200] {processor.py:839} INFO - DAG(s) dict_keys(['example_dynamic_task_mapping']) retrieved from /home/lucas/anaconda3/lib/python3.11/site-packages/airflow/example_dags/example_dynamic_task_mapping.py
[2024-04-03T09:39:48.137+0200] {logging_mixin.py:154} INFO - [2024-04-03T09:39:48.136+0200] {dag.py:2941} INFO - Sync 1 DAGs
[2024-04-03T09:39:48.145+0200] {logging_mixin.py:154} INFO - [2024-04-03T09:39:48.145+0200] {dag.py:3722} INFO - Setting next_dagrun for example_dynamic_task_mapping to 2022-03-04T00:00:00+00:00, run_after=2022-03-05T00:00:00+00:00
[2024-04-03T09:39:48.157+0200] {processor.py:179} INFO - Processing /home/lucas/anaconda3/lib/python3.11/site-packages/airflow/example_dags/example_dynamic_task_mapping.py took 0.036 seconds
[2024-04-03T09:40:30.340+0200] {processor.py:157} INFO - Started process (PID=20070) to work on /home/lucas/anaconda3/lib/python3.11/site-packages/airflow/example_dags/example_dynamic_task_mapping.py
[2024-04-03T09:40:30.343+0200] {processor.py:829} INFO - Processing file /home/lucas/anaconda3/lib/python3.11/site-packages/airflow/example_dags/example_dynamic_task_mapping.py for tasks to queue
[2024-04-03T09:40:30.343+0200] {logging_mixin.py:154} INFO - [2024-04-03T09:40:30.343+0200] {dagbag.py:536} INFO - Filling up the DagBag from /home/lucas/anaconda3/lib/python3.11/site-packages/airflow/example_dags/example_dynamic_task_mapping.py
[2024-04-03T09:40:30.347+0200] {processor.py:839} INFO - DAG(s) dict_keys(['example_dynamic_task_mapping']) retrieved from /home/lucas/anaconda3/lib/python3.11/site-packages/airflow/example_dags/example_dynamic_task_mapping.py
[2024-04-03T09:40:30.354+0200] {logging_mixin.py:154} INFO - [2024-04-03T09:40:30.354+0200] {dag.py:2941} INFO - Sync 1 DAGs
[2024-04-03T09:40:30.363+0200] {logging_mixin.py:154} INFO - [2024-04-03T09:40:30.363+0200] {dag.py:3722} INFO - Setting next_dagrun for example_dynamic_task_mapping to 2022-03-04T00:00:00+00:00, run_after=2022-03-05T00:00:00+00:00
[2024-04-03T09:40:30.375+0200] {processor.py:179} INFO - Processing /home/lucas/anaconda3/lib/python3.11/site-packages/airflow/example_dags/example_dynamic_task_mapping.py took 0.036 seconds
[2024-04-03T09:41:16.818+0200] {processor.py:157} INFO - Started process (PID=20188) to work on /home/lucas/anaconda3/lib/python3.11/site-packages/airflow/example_dags/example_dynamic_task_mapping.py
[2024-04-03T09:41:16.821+0200] {processor.py:829} INFO - Processing file /home/lucas/anaconda3/lib/python3.11/site-packages/airflow/example_dags/example_dynamic_task_mapping.py for tasks to queue
[2024-04-03T09:41:16.821+0200] {logging_mixin.py:154} INFO - [2024-04-03T09:41:16.821+0200] {dagbag.py:536} INFO - Filling up the DagBag from /home/lucas/anaconda3/lib/python3.11/site-packages/airflow/example_dags/example_dynamic_task_mapping.py
[2024-04-03T09:41:16.825+0200] {processor.py:839} INFO - DAG(s) dict_keys(['example_dynamic_task_mapping']) retrieved from /home/lucas/anaconda3/lib/python3.11/site-packages/airflow/example_dags/example_dynamic_task_mapping.py
[2024-04-03T09:41:16.832+0200] {logging_mixin.py:154} INFO - [2024-04-03T09:41:16.832+0200] {dag.py:2941} INFO - Sync 1 DAGs
[2024-04-03T09:41:16.841+0200] {logging_mixin.py:154} INFO - [2024-04-03T09:41:16.841+0200] {dag.py:3722} INFO - Setting next_dagrun for example_dynamic_task_mapping to 2022-03-04T00:00:00+00:00, run_after=2022-03-05T00:00:00+00:00
[2024-04-03T09:41:16.852+0200] {processor.py:179} INFO - Processing /home/lucas/anaconda3/lib/python3.11/site-packages/airflow/example_dags/example_dynamic_task_mapping.py took 0.036 seconds
[2024-04-03T09:41:59.167+0200] {processor.py:157} INFO - Started process (PID=20307) to work on /home/lucas/anaconda3/lib/python3.11/site-packages/airflow/example_dags/example_dynamic_task_mapping.py
[2024-04-03T09:41:59.168+0200] {processor.py:829} INFO - Processing file /home/lucas/anaconda3/lib/python3.11/site-packages/airflow/example_dags/example_dynamic_task_mapping.py for tasks to queue
[2024-04-03T09:41:59.169+0200] {logging_mixin.py:154} INFO - [2024-04-03T09:41:59.168+0200] {dagbag.py:536} INFO - Filling up the DagBag from /home/lucas/anaconda3/lib/python3.11/site-packages/airflow/example_dags/example_dynamic_task_mapping.py
[2024-04-03T09:41:59.172+0200] {processor.py:839} INFO - DAG(s) dict_keys(['example_dynamic_task_mapping']) retrieved from /home/lucas/anaconda3/lib/python3.11/site-packages/airflow/example_dags/example_dynamic_task_mapping.py
[2024-04-03T09:41:59.180+0200] {logging_mixin.py:154} INFO - [2024-04-03T09:41:59.180+0200] {dag.py:2941} INFO - Sync 1 DAGs
[2024-04-03T09:41:59.188+0200] {logging_mixin.py:154} INFO - [2024-04-03T09:41:59.188+0200] {dag.py:3722} INFO - Setting next_dagrun for example_dynamic_task_mapping to 2022-03-04T00:00:00+00:00, run_after=2022-03-05T00:00:00+00:00
[2024-04-03T09:41:59.200+0200] {processor.py:179} INFO - Processing /home/lucas/anaconda3/lib/python3.11/site-packages/airflow/example_dags/example_dynamic_task_mapping.py took 0.034 seconds
[2024-04-03T09:42:44.411+0200] {processor.py:157} INFO - Started process (PID=20458) to work on /home/lucas/anaconda3/lib/python3.11/site-packages/airflow/example_dags/example_dynamic_task_mapping.py
[2024-04-03T09:42:44.414+0200] {processor.py:829} INFO - Processing file /home/lucas/anaconda3/lib/python3.11/site-packages/airflow/example_dags/example_dynamic_task_mapping.py for tasks to queue
[2024-04-03T09:42:44.414+0200] {logging_mixin.py:154} INFO - [2024-04-03T09:42:44.414+0200] {dagbag.py:536} INFO - Filling up the DagBag from /home/lucas/anaconda3/lib/python3.11/site-packages/airflow/example_dags/example_dynamic_task_mapping.py
[2024-04-03T09:42:44.418+0200] {processor.py:839} INFO - DAG(s) dict_keys(['example_dynamic_task_mapping']) retrieved from /home/lucas/anaconda3/lib/python3.11/site-packages/airflow/example_dags/example_dynamic_task_mapping.py
[2024-04-03T09:42:44.425+0200] {logging_mixin.py:154} INFO - [2024-04-03T09:42:44.425+0200] {dag.py:2941} INFO - Sync 1 DAGs
[2024-04-03T09:42:44.434+0200] {logging_mixin.py:154} INFO - [2024-04-03T09:42:44.434+0200] {dag.py:3722} INFO - Setting next_dagrun for example_dynamic_task_mapping to 2022-03-04T00:00:00+00:00, run_after=2022-03-05T00:00:00+00:00
[2024-04-03T09:42:44.446+0200] {processor.py:179} INFO - Processing /home/lucas/anaconda3/lib/python3.11/site-packages/airflow/example_dags/example_dynamic_task_mapping.py took 0.036 seconds
[2024-04-03T09:43:33.557+0200] {processor.py:157} INFO - Started process (PID=20581) to work on /home/lucas/anaconda3/lib/python3.11/site-packages/airflow/example_dags/example_dynamic_task_mapping.py
[2024-04-03T09:43:33.558+0200] {processor.py:829} INFO - Processing file /home/lucas/anaconda3/lib/python3.11/site-packages/airflow/example_dags/example_dynamic_task_mapping.py for tasks to queue
[2024-04-03T09:43:33.558+0200] {logging_mixin.py:154} INFO - [2024-04-03T09:43:33.558+0200] {dagbag.py:536} INFO - Filling up the DagBag from /home/lucas/anaconda3/lib/python3.11/site-packages/airflow/example_dags/example_dynamic_task_mapping.py
[2024-04-03T09:43:33.562+0200] {processor.py:839} INFO - DAG(s) dict_keys(['example_dynamic_task_mapping']) retrieved from /home/lucas/anaconda3/lib/python3.11/site-packages/airflow/example_dags/example_dynamic_task_mapping.py
[2024-04-03T09:43:33.569+0200] {logging_mixin.py:154} INFO - [2024-04-03T09:43:33.569+0200] {dag.py:2941} INFO - Sync 1 DAGs
[2024-04-03T09:43:33.578+0200] {logging_mixin.py:154} INFO - [2024-04-03T09:43:33.578+0200] {dag.py:3722} INFO - Setting next_dagrun for example_dynamic_task_mapping to 2022-03-04T00:00:00+00:00, run_after=2022-03-05T00:00:00+00:00
[2024-04-03T09:43:33.589+0200] {processor.py:179} INFO - Processing /home/lucas/anaconda3/lib/python3.11/site-packages/airflow/example_dags/example_dynamic_task_mapping.py took 0.034 seconds
[2024-04-03T09:44:19.717+0200] {processor.py:157} INFO - Started process (PID=20959) to work on /home/lucas/anaconda3/lib/python3.11/site-packages/airflow/example_dags/example_dynamic_task_mapping.py
[2024-04-03T09:44:19.720+0200] {processor.py:829} INFO - Processing file /home/lucas/anaconda3/lib/python3.11/site-packages/airflow/example_dags/example_dynamic_task_mapping.py for tasks to queue
[2024-04-03T09:44:19.720+0200] {logging_mixin.py:154} INFO - [2024-04-03T09:44:19.720+0200] {dagbag.py:536} INFO - Filling up the DagBag from /home/lucas/anaconda3/lib/python3.11/site-packages/airflow/example_dags/example_dynamic_task_mapping.py
[2024-04-03T09:44:19.724+0200] {processor.py:839} INFO - DAG(s) dict_keys(['example_dynamic_task_mapping']) retrieved from /home/lucas/anaconda3/lib/python3.11/site-packages/airflow/example_dags/example_dynamic_task_mapping.py
[2024-04-03T09:44:19.732+0200] {logging_mixin.py:154} INFO - [2024-04-03T09:44:19.732+0200] {dag.py:2941} INFO - Sync 1 DAGs
[2024-04-03T09:44:19.741+0200] {logging_mixin.py:154} INFO - [2024-04-03T09:44:19.741+0200] {dag.py:3722} INFO - Setting next_dagrun for example_dynamic_task_mapping to 2022-03-04T00:00:00+00:00, run_after=2022-03-05T00:00:00+00:00
[2024-04-03T09:44:19.752+0200] {processor.py:179} INFO - Processing /home/lucas/anaconda3/lib/python3.11/site-packages/airflow/example_dags/example_dynamic_task_mapping.py took 0.037 seconds
[2024-04-03T09:45:01.829+0200] {processor.py:157} INFO - Started process (PID=21190) to work on /home/lucas/anaconda3/lib/python3.11/site-packages/airflow/example_dags/example_dynamic_task_mapping.py
[2024-04-03T09:45:01.832+0200] {processor.py:829} INFO - Processing file /home/lucas/anaconda3/lib/python3.11/site-packages/airflow/example_dags/example_dynamic_task_mapping.py for tasks to queue
[2024-04-03T09:45:01.832+0200] {logging_mixin.py:154} INFO - [2024-04-03T09:45:01.832+0200] {dagbag.py:536} INFO - Filling up the DagBag from /home/lucas/anaconda3/lib/python3.11/site-packages/airflow/example_dags/example_dynamic_task_mapping.py
[2024-04-03T09:45:01.836+0200] {processor.py:839} INFO - DAG(s) dict_keys(['example_dynamic_task_mapping']) retrieved from /home/lucas/anaconda3/lib/python3.11/site-packages/airflow/example_dags/example_dynamic_task_mapping.py
[2024-04-03T09:45:01.844+0200] {logging_mixin.py:154} INFO - [2024-04-03T09:45:01.844+0200] {dag.py:2941} INFO - Sync 1 DAGs
[2024-04-03T09:45:01.853+0200] {logging_mixin.py:154} INFO - [2024-04-03T09:45:01.852+0200] {dag.py:3722} INFO - Setting next_dagrun for example_dynamic_task_mapping to 2022-03-04T00:00:00+00:00, run_after=2022-03-05T00:00:00+00:00
[2024-04-03T09:45:01.864+0200] {processor.py:179} INFO - Processing /home/lucas/anaconda3/lib/python3.11/site-packages/airflow/example_dags/example_dynamic_task_mapping.py took 0.036 seconds
[2024-04-03T09:48:22.318+0200] {processor.py:157} INFO - Started process (PID=21959) to work on /home/lucas/anaconda3/lib/python3.11/site-packages/airflow/example_dags/example_dynamic_task_mapping.py
[2024-04-03T09:48:22.321+0200] {processor.py:829} INFO - Processing file /home/lucas/anaconda3/lib/python3.11/site-packages/airflow/example_dags/example_dynamic_task_mapping.py for tasks to queue
[2024-04-03T09:48:22.321+0200] {logging_mixin.py:154} INFO - [2024-04-03T09:48:22.321+0200] {dagbag.py:536} INFO - Filling up the DagBag from /home/lucas/anaconda3/lib/python3.11/site-packages/airflow/example_dags/example_dynamic_task_mapping.py
[2024-04-03T09:48:22.326+0200] {processor.py:839} INFO - DAG(s) dict_keys(['example_dynamic_task_mapping']) retrieved from /home/lucas/anaconda3/lib/python3.11/site-packages/airflow/example_dags/example_dynamic_task_mapping.py
[2024-04-03T09:48:22.335+0200] {logging_mixin.py:154} INFO - [2024-04-03T09:48:22.335+0200] {dag.py:2941} INFO - Sync 1 DAGs
[2024-04-03T09:48:22.346+0200] {logging_mixin.py:154} INFO - [2024-04-03T09:48:22.346+0200] {dag.py:3722} INFO - Setting next_dagrun for example_dynamic_task_mapping to 2022-03-04T00:00:00+00:00, run_after=2022-03-05T00:00:00+00:00
[2024-04-03T09:48:22.358+0200] {processor.py:179} INFO - Processing /home/lucas/anaconda3/lib/python3.11/site-packages/airflow/example_dags/example_dynamic_task_mapping.py took 0.042 seconds
[2024-04-03T09:49:07.055+0200] {processor.py:157} INFO - Started process (PID=22179) to work on /home/lucas/anaconda3/lib/python3.11/site-packages/airflow/example_dags/example_dynamic_task_mapping.py
[2024-04-03T09:49:07.058+0200] {processor.py:829} INFO - Processing file /home/lucas/anaconda3/lib/python3.11/site-packages/airflow/example_dags/example_dynamic_task_mapping.py for tasks to queue
[2024-04-03T09:49:07.059+0200] {logging_mixin.py:154} INFO - [2024-04-03T09:49:07.058+0200] {dagbag.py:536} INFO - Filling up the DagBag from /home/lucas/anaconda3/lib/python3.11/site-packages/airflow/example_dags/example_dynamic_task_mapping.py
[2024-04-03T09:49:07.063+0200] {processor.py:839} INFO - DAG(s) dict_keys(['example_dynamic_task_mapping']) retrieved from /home/lucas/anaconda3/lib/python3.11/site-packages/airflow/example_dags/example_dynamic_task_mapping.py
[2024-04-03T09:49:07.072+0200] {logging_mixin.py:154} INFO - [2024-04-03T09:49:07.072+0200] {dag.py:2941} INFO - Sync 1 DAGs
[2024-04-03T09:49:07.092+0200] {logging_mixin.py:154} INFO - [2024-04-03T09:49:07.091+0200] {dag.py:3722} INFO - Setting next_dagrun for example_dynamic_task_mapping to 2022-03-04T00:00:00+00:00, run_after=2022-03-05T00:00:00+00:00
[2024-04-03T09:49:07.108+0200] {processor.py:179} INFO - Processing /home/lucas/anaconda3/lib/python3.11/site-packages/airflow/example_dags/example_dynamic_task_mapping.py took 0.054 seconds
[2024-04-03T09:49:50.650+0200] {processor.py:157} INFO - Started process (PID=22367) to work on /home/lucas/anaconda3/lib/python3.11/site-packages/airflow/example_dags/example_dynamic_task_mapping.py
[2024-04-03T09:49:50.653+0200] {processor.py:829} INFO - Processing file /home/lucas/anaconda3/lib/python3.11/site-packages/airflow/example_dags/example_dynamic_task_mapping.py for tasks to queue
[2024-04-03T09:49:50.653+0200] {logging_mixin.py:154} INFO - [2024-04-03T09:49:50.653+0200] {dagbag.py:536} INFO - Filling up the DagBag from /home/lucas/anaconda3/lib/python3.11/site-packages/airflow/example_dags/example_dynamic_task_mapping.py
[2024-04-03T09:49:50.658+0200] {processor.py:839} INFO - DAG(s) dict_keys(['example_dynamic_task_mapping']) retrieved from /home/lucas/anaconda3/lib/python3.11/site-packages/airflow/example_dags/example_dynamic_task_mapping.py
[2024-04-03T09:49:50.665+0200] {logging_mixin.py:154} INFO - [2024-04-03T09:49:50.665+0200] {dag.py:2941} INFO - Sync 1 DAGs
[2024-04-03T09:49:50.675+0200] {logging_mixin.py:154} INFO - [2024-04-03T09:49:50.674+0200] {dag.py:3722} INFO - Setting next_dagrun for example_dynamic_task_mapping to 2022-03-04T00:00:00+00:00, run_after=2022-03-05T00:00:00+00:00
[2024-04-03T09:49:50.686+0200] {processor.py:179} INFO - Processing /home/lucas/anaconda3/lib/python3.11/site-packages/airflow/example_dags/example_dynamic_task_mapping.py took 0.038 seconds
[2024-04-03T09:50:34.671+0200] {processor.py:157} INFO - Started process (PID=22576) to work on /home/lucas/anaconda3/lib/python3.11/site-packages/airflow/example_dags/example_dynamic_task_mapping.py
[2024-04-03T09:50:34.674+0200] {processor.py:829} INFO - Processing file /home/lucas/anaconda3/lib/python3.11/site-packages/airflow/example_dags/example_dynamic_task_mapping.py for tasks to queue
[2024-04-03T09:50:34.674+0200] {logging_mixin.py:154} INFO - [2024-04-03T09:50:34.674+0200] {dagbag.py:536} INFO - Filling up the DagBag from /home/lucas/anaconda3/lib/python3.11/site-packages/airflow/example_dags/example_dynamic_task_mapping.py
[2024-04-03T09:50:34.678+0200] {processor.py:839} INFO - DAG(s) dict_keys(['example_dynamic_task_mapping']) retrieved from /home/lucas/anaconda3/lib/python3.11/site-packages/airflow/example_dags/example_dynamic_task_mapping.py
[2024-04-03T09:50:34.686+0200] {logging_mixin.py:154} INFO - [2024-04-03T09:50:34.686+0200] {dag.py:2941} INFO - Sync 1 DAGs
[2024-04-03T09:50:34.696+0200] {logging_mixin.py:154} INFO - [2024-04-03T09:50:34.696+0200] {dag.py:3722} INFO - Setting next_dagrun for example_dynamic_task_mapping to 2022-03-04T00:00:00+00:00, run_after=2022-03-05T00:00:00+00:00
[2024-04-03T09:50:34.708+0200] {processor.py:179} INFO - Processing /home/lucas/anaconda3/lib/python3.11/site-packages/airflow/example_dags/example_dynamic_task_mapping.py took 0.038 seconds
[2024-04-03T09:54:20.124+0200] {processor.py:157} INFO - Started process (PID=23801) to work on /home/lucas/anaconda3/lib/python3.11/site-packages/airflow/example_dags/example_dynamic_task_mapping.py
[2024-04-03T09:54:20.127+0200] {processor.py:829} INFO - Processing file /home/lucas/anaconda3/lib/python3.11/site-packages/airflow/example_dags/example_dynamic_task_mapping.py for tasks to queue
[2024-04-03T09:54:20.128+0200] {logging_mixin.py:154} INFO - [2024-04-03T09:54:20.127+0200] {dagbag.py:536} INFO - Filling up the DagBag from /home/lucas/anaconda3/lib/python3.11/site-packages/airflow/example_dags/example_dynamic_task_mapping.py
[2024-04-03T09:54:20.131+0200] {processor.py:839} INFO - DAG(s) dict_keys(['example_dynamic_task_mapping']) retrieved from /home/lucas/anaconda3/lib/python3.11/site-packages/airflow/example_dags/example_dynamic_task_mapping.py
[2024-04-03T09:54:20.141+0200] {logging_mixin.py:154} INFO - [2024-04-03T09:54:20.141+0200] {dag.py:2941} INFO - Sync 1 DAGs
[2024-04-03T09:54:20.151+0200] {logging_mixin.py:154} INFO - [2024-04-03T09:54:20.151+0200] {dag.py:3722} INFO - Setting next_dagrun for example_dynamic_task_mapping to 2022-03-04T00:00:00+00:00, run_after=2022-03-05T00:00:00+00:00
[2024-04-03T09:54:20.163+0200] {processor.py:179} INFO - Processing /home/lucas/anaconda3/lib/python3.11/site-packages/airflow/example_dags/example_dynamic_task_mapping.py took 0.040 seconds
[2024-04-03T09:55:03.087+0200] {processor.py:157} INFO - Started process (PID=23942) to work on /home/lucas/anaconda3/lib/python3.11/site-packages/airflow/example_dags/example_dynamic_task_mapping.py
[2024-04-03T09:55:03.088+0200] {processor.py:829} INFO - Processing file /home/lucas/anaconda3/lib/python3.11/site-packages/airflow/example_dags/example_dynamic_task_mapping.py for tasks to queue
[2024-04-03T09:55:03.088+0200] {logging_mixin.py:154} INFO - [2024-04-03T09:55:03.088+0200] {dagbag.py:536} INFO - Filling up the DagBag from /home/lucas/anaconda3/lib/python3.11/site-packages/airflow/example_dags/example_dynamic_task_mapping.py
[2024-04-03T09:55:03.092+0200] {processor.py:839} INFO - DAG(s) dict_keys(['example_dynamic_task_mapping']) retrieved from /home/lucas/anaconda3/lib/python3.11/site-packages/airflow/example_dags/example_dynamic_task_mapping.py
[2024-04-03T09:55:03.099+0200] {logging_mixin.py:154} INFO - [2024-04-03T09:55:03.099+0200] {dag.py:2941} INFO - Sync 1 DAGs
[2024-04-03T09:55:03.108+0200] {logging_mixin.py:154} INFO - [2024-04-03T09:55:03.108+0200] {dag.py:3722} INFO - Setting next_dagrun for example_dynamic_task_mapping to 2022-03-04T00:00:00+00:00, run_after=2022-03-05T00:00:00+00:00
[2024-04-03T09:55:03.120+0200] {processor.py:179} INFO - Processing /home/lucas/anaconda3/lib/python3.11/site-packages/airflow/example_dags/example_dynamic_task_mapping.py took 0.034 seconds
[2024-04-03T10:00:03.101+0200] {processor.py:157} INFO - Started process (PID=93040) to work on /home/lucas/anaconda3/lib/python3.11/site-packages/airflow/example_dags/example_dynamic_task_mapping.py
[2024-04-03T10:00:03.104+0200] {processor.py:829} INFO - Processing file /home/lucas/anaconda3/lib/python3.11/site-packages/airflow/example_dags/example_dynamic_task_mapping.py for tasks to queue
[2024-04-03T10:00:03.105+0200] {logging_mixin.py:154} INFO - [2024-04-03T10:00:03.104+0200] {dagbag.py:536} INFO - Filling up the DagBag from /home/lucas/anaconda3/lib/python3.11/site-packages/airflow/example_dags/example_dynamic_task_mapping.py
[2024-04-03T10:00:03.109+0200] {processor.py:839} INFO - DAG(s) dict_keys(['example_dynamic_task_mapping']) retrieved from /home/lucas/anaconda3/lib/python3.11/site-packages/airflow/example_dags/example_dynamic_task_mapping.py
[2024-04-03T10:00:03.119+0200] {logging_mixin.py:154} INFO - [2024-04-03T10:00:03.119+0200] {dag.py:2941} INFO - Sync 1 DAGs
[2024-04-03T10:00:03.128+0200] {logging_mixin.py:154} INFO - [2024-04-03T10:00:03.128+0200] {dag.py:3722} INFO - Setting next_dagrun for example_dynamic_task_mapping to 2022-03-04T00:00:00+00:00, run_after=2022-03-05T00:00:00+00:00
[2024-04-03T10:00:03.141+0200] {processor.py:179} INFO - Processing /home/lucas/anaconda3/lib/python3.11/site-packages/airflow/example_dags/example_dynamic_task_mapping.py took 0.041 seconds
[2024-04-03T10:01:43.687+0200] {processor.py:157} INFO - Started process (PID=93801) to work on /home/lucas/anaconda3/lib/python3.11/site-packages/airflow/example_dags/example_dynamic_task_mapping.py
[2024-04-03T10:01:43.690+0200] {processor.py:829} INFO - Processing file /home/lucas/anaconda3/lib/python3.11/site-packages/airflow/example_dags/example_dynamic_task_mapping.py for tasks to queue
[2024-04-03T10:01:43.690+0200] {logging_mixin.py:154} INFO - [2024-04-03T10:01:43.690+0200] {dagbag.py:536} INFO - Filling up the DagBag from /home/lucas/anaconda3/lib/python3.11/site-packages/airflow/example_dags/example_dynamic_task_mapping.py
[2024-04-03T10:01:43.694+0200] {processor.py:839} INFO - DAG(s) dict_keys(['example_dynamic_task_mapping']) retrieved from /home/lucas/anaconda3/lib/python3.11/site-packages/airflow/example_dags/example_dynamic_task_mapping.py
[2024-04-03T10:01:43.704+0200] {logging_mixin.py:154} INFO - [2024-04-03T10:01:43.704+0200] {dag.py:2941} INFO - Sync 1 DAGs
[2024-04-03T10:01:43.713+0200] {logging_mixin.py:154} INFO - [2024-04-03T10:01:43.713+0200] {dag.py:3722} INFO - Setting next_dagrun for example_dynamic_task_mapping to 2022-03-04T00:00:00+00:00, run_after=2022-03-05T00:00:00+00:00
[2024-04-03T10:01:43.725+0200] {processor.py:179} INFO - Processing /home/lucas/anaconda3/lib/python3.11/site-packages/airflow/example_dags/example_dynamic_task_mapping.py took 0.039 seconds
[2024-04-03T10:02:32.032+0200] {processor.py:157} INFO - Started process (PID=93994) to work on /home/lucas/anaconda3/lib/python3.11/site-packages/airflow/example_dags/example_dynamic_task_mapping.py
[2024-04-03T10:02:32.035+0200] {processor.py:829} INFO - Processing file /home/lucas/anaconda3/lib/python3.11/site-packages/airflow/example_dags/example_dynamic_task_mapping.py for tasks to queue
[2024-04-03T10:02:32.035+0200] {logging_mixin.py:154} INFO - [2024-04-03T10:02:32.035+0200] {dagbag.py:536} INFO - Filling up the DagBag from /home/lucas/anaconda3/lib/python3.11/site-packages/airflow/example_dags/example_dynamic_task_mapping.py
[2024-04-03T10:02:32.040+0200] {processor.py:839} INFO - DAG(s) dict_keys(['example_dynamic_task_mapping']) retrieved from /home/lucas/anaconda3/lib/python3.11/site-packages/airflow/example_dags/example_dynamic_task_mapping.py
[2024-04-03T10:02:32.047+0200] {logging_mixin.py:154} INFO - [2024-04-03T10:02:32.047+0200] {dag.py:2941} INFO - Sync 1 DAGs
[2024-04-03T10:02:32.056+0200] {logging_mixin.py:154} INFO - [2024-04-03T10:02:32.056+0200] {dag.py:3722} INFO - Setting next_dagrun for example_dynamic_task_mapping to 2022-03-04T00:00:00+00:00, run_after=2022-03-05T00:00:00+00:00
[2024-04-03T10:02:32.068+0200] {processor.py:179} INFO - Processing /home/lucas/anaconda3/lib/python3.11/site-packages/airflow/example_dags/example_dynamic_task_mapping.py took 0.038 seconds
[2024-04-03T10:03:19.228+0200] {processor.py:157} INFO - Started process (PID=94248) to work on /home/lucas/anaconda3/lib/python3.11/site-packages/airflow/example_dags/example_dynamic_task_mapping.py
[2024-04-03T10:03:19.231+0200] {processor.py:829} INFO - Processing file /home/lucas/anaconda3/lib/python3.11/site-packages/airflow/example_dags/example_dynamic_task_mapping.py for tasks to queue
[2024-04-03T10:03:19.231+0200] {logging_mixin.py:154} INFO - [2024-04-03T10:03:19.231+0200] {dagbag.py:536} INFO - Filling up the DagBag from /home/lucas/anaconda3/lib/python3.11/site-packages/airflow/example_dags/example_dynamic_task_mapping.py
[2024-04-03T10:03:19.235+0200] {processor.py:839} INFO - DAG(s) dict_keys(['example_dynamic_task_mapping']) retrieved from /home/lucas/anaconda3/lib/python3.11/site-packages/airflow/example_dags/example_dynamic_task_mapping.py
[2024-04-03T10:03:19.242+0200] {logging_mixin.py:154} INFO - [2024-04-03T10:03:19.242+0200] {dag.py:2941} INFO - Sync 1 DAGs
[2024-04-03T10:03:19.331+0200] {logging_mixin.py:154} INFO - [2024-04-03T10:03:19.330+0200] {dag.py:3722} INFO - Setting next_dagrun for example_dynamic_task_mapping to 2022-03-04T00:00:00+00:00, run_after=2022-03-05T00:00:00+00:00
[2024-04-03T10:03:19.343+0200] {processor.py:179} INFO - Processing /home/lucas/anaconda3/lib/python3.11/site-packages/airflow/example_dags/example_dynamic_task_mapping.py took 0.117 seconds
[2024-04-03T10:04:12.463+0200] {processor.py:157} INFO - Started process (PID=94554) to work on /home/lucas/anaconda3/lib/python3.11/site-packages/airflow/example_dags/example_dynamic_task_mapping.py
[2024-04-03T10:04:12.465+0200] {processor.py:829} INFO - Processing file /home/lucas/anaconda3/lib/python3.11/site-packages/airflow/example_dags/example_dynamic_task_mapping.py for tasks to queue
[2024-04-03T10:04:12.466+0200] {logging_mixin.py:154} INFO - [2024-04-03T10:04:12.466+0200] {dagbag.py:536} INFO - Filling up the DagBag from /home/lucas/anaconda3/lib/python3.11/site-packages/airflow/example_dags/example_dynamic_task_mapping.py
[2024-04-03T10:04:12.470+0200] {processor.py:839} INFO - DAG(s) dict_keys(['example_dynamic_task_mapping']) retrieved from /home/lucas/anaconda3/lib/python3.11/site-packages/airflow/example_dags/example_dynamic_task_mapping.py
[2024-04-03T10:04:12.477+0200] {logging_mixin.py:154} INFO - [2024-04-03T10:04:12.477+0200] {dag.py:2941} INFO - Sync 1 DAGs
[2024-04-03T10:04:12.486+0200] {logging_mixin.py:154} INFO - [2024-04-03T10:04:12.486+0200] {dag.py:3722} INFO - Setting next_dagrun for example_dynamic_task_mapping to 2022-03-04T00:00:00+00:00, run_after=2022-03-05T00:00:00+00:00
[2024-04-03T10:04:12.498+0200] {processor.py:179} INFO - Processing /home/lucas/anaconda3/lib/python3.11/site-packages/airflow/example_dags/example_dynamic_task_mapping.py took 0.037 seconds
[2024-04-03T10:04:59.010+0200] {processor.py:157} INFO - Started process (PID=95122) to work on /home/lucas/anaconda3/lib/python3.11/site-packages/airflow/example_dags/example_dynamic_task_mapping.py
[2024-04-03T10:04:59.013+0200] {processor.py:829} INFO - Processing file /home/lucas/anaconda3/lib/python3.11/site-packages/airflow/example_dags/example_dynamic_task_mapping.py for tasks to queue
[2024-04-03T10:04:59.013+0200] {logging_mixin.py:154} INFO - [2024-04-03T10:04:59.013+0200] {dagbag.py:536} INFO - Filling up the DagBag from /home/lucas/anaconda3/lib/python3.11/site-packages/airflow/example_dags/example_dynamic_task_mapping.py
[2024-04-03T10:04:59.017+0200] {processor.py:839} INFO - DAG(s) dict_keys(['example_dynamic_task_mapping']) retrieved from /home/lucas/anaconda3/lib/python3.11/site-packages/airflow/example_dags/example_dynamic_task_mapping.py
[2024-04-03T10:04:59.024+0200] {logging_mixin.py:154} INFO - [2024-04-03T10:04:59.024+0200] {dag.py:2941} INFO - Sync 1 DAGs
[2024-04-03T10:04:59.033+0200] {logging_mixin.py:154} INFO - [2024-04-03T10:04:59.033+0200] {dag.py:3722} INFO - Setting next_dagrun for example_dynamic_task_mapping to 2022-03-04T00:00:00+00:00, run_after=2022-03-05T00:00:00+00:00
[2024-04-03T10:04:59.045+0200] {processor.py:179} INFO - Processing /home/lucas/anaconda3/lib/python3.11/site-packages/airflow/example_dags/example_dynamic_task_mapping.py took 0.037 seconds
[2024-04-03T10:05:45.633+0200] {processor.py:157} INFO - Started process (PID=95546) to work on /home/lucas/anaconda3/lib/python3.11/site-packages/airflow/example_dags/example_dynamic_task_mapping.py
[2024-04-03T10:05:45.634+0200] {processor.py:829} INFO - Processing file /home/lucas/anaconda3/lib/python3.11/site-packages/airflow/example_dags/example_dynamic_task_mapping.py for tasks to queue
[2024-04-03T10:05:45.635+0200] {logging_mixin.py:154} INFO - [2024-04-03T10:05:45.634+0200] {dagbag.py:536} INFO - Filling up the DagBag from /home/lucas/anaconda3/lib/python3.11/site-packages/airflow/example_dags/example_dynamic_task_mapping.py
[2024-04-03T10:05:45.640+0200] {processor.py:839} INFO - DAG(s) dict_keys(['example_dynamic_task_mapping']) retrieved from /home/lucas/anaconda3/lib/python3.11/site-packages/airflow/example_dags/example_dynamic_task_mapping.py
[2024-04-03T10:05:45.649+0200] {logging_mixin.py:154} INFO - [2024-04-03T10:05:45.649+0200] {dag.py:2941} INFO - Sync 1 DAGs
[2024-04-03T10:05:45.664+0200] {logging_mixin.py:154} INFO - [2024-04-03T10:05:45.663+0200] {dag.py:3722} INFO - Setting next_dagrun for example_dynamic_task_mapping to 2022-03-04T00:00:00+00:00, run_after=2022-03-05T00:00:00+00:00
[2024-04-03T10:05:45.676+0200] {processor.py:179} INFO - Processing /home/lucas/anaconda3/lib/python3.11/site-packages/airflow/example_dags/example_dynamic_task_mapping.py took 0.045 seconds
[2024-04-03T10:06:31.210+0200] {processor.py:157} INFO - Started process (PID=96076) to work on /home/lucas/anaconda3/lib/python3.11/site-packages/airflow/example_dags/example_dynamic_task_mapping.py
[2024-04-03T10:06:31.212+0200] {processor.py:829} INFO - Processing file /home/lucas/anaconda3/lib/python3.11/site-packages/airflow/example_dags/example_dynamic_task_mapping.py for tasks to queue
[2024-04-03T10:06:31.213+0200] {logging_mixin.py:154} INFO - [2024-04-03T10:06:31.213+0200] {dagbag.py:536} INFO - Filling up the DagBag from /home/lucas/anaconda3/lib/python3.11/site-packages/airflow/example_dags/example_dynamic_task_mapping.py
[2024-04-03T10:06:31.217+0200] {processor.py:839} INFO - DAG(s) dict_keys(['example_dynamic_task_mapping']) retrieved from /home/lucas/anaconda3/lib/python3.11/site-packages/airflow/example_dags/example_dynamic_task_mapping.py
[2024-04-03T10:06:31.224+0200] {logging_mixin.py:154} INFO - [2024-04-03T10:06:31.224+0200] {dag.py:2941} INFO - Sync 1 DAGs
[2024-04-03T10:06:31.233+0200] {logging_mixin.py:154} INFO - [2024-04-03T10:06:31.233+0200] {dag.py:3722} INFO - Setting next_dagrun for example_dynamic_task_mapping to 2022-03-04T00:00:00+00:00, run_after=2022-03-05T00:00:00+00:00
[2024-04-03T10:06:31.244+0200] {processor.py:179} INFO - Processing /home/lucas/anaconda3/lib/python3.11/site-packages/airflow/example_dags/example_dynamic_task_mapping.py took 0.036 seconds
[2024-04-03T10:07:16.089+0200] {processor.py:157} INFO - Started process (PID=96668) to work on /home/lucas/anaconda3/lib/python3.11/site-packages/airflow/example_dags/example_dynamic_task_mapping.py
[2024-04-03T10:07:16.092+0200] {processor.py:829} INFO - Processing file /home/lucas/anaconda3/lib/python3.11/site-packages/airflow/example_dags/example_dynamic_task_mapping.py for tasks to queue
[2024-04-03T10:07:16.092+0200] {logging_mixin.py:154} INFO - [2024-04-03T10:07:16.092+0200] {dagbag.py:536} INFO - Filling up the DagBag from /home/lucas/anaconda3/lib/python3.11/site-packages/airflow/example_dags/example_dynamic_task_mapping.py
[2024-04-03T10:07:16.096+0200] {processor.py:839} INFO - DAG(s) dict_keys(['example_dynamic_task_mapping']) retrieved from /home/lucas/anaconda3/lib/python3.11/site-packages/airflow/example_dags/example_dynamic_task_mapping.py
[2024-04-03T10:07:16.105+0200] {logging_mixin.py:154} INFO - [2024-04-03T10:07:16.105+0200] {dag.py:2941} INFO - Sync 1 DAGs
[2024-04-03T10:07:16.113+0200] {logging_mixin.py:154} INFO - [2024-04-03T10:07:16.113+0200] {dag.py:3722} INFO - Setting next_dagrun for example_dynamic_task_mapping to 2022-03-04T00:00:00+00:00, run_after=2022-03-05T00:00:00+00:00
[2024-04-03T10:07:16.124+0200] {processor.py:179} INFO - Processing /home/lucas/anaconda3/lib/python3.11/site-packages/airflow/example_dags/example_dynamic_task_mapping.py took 0.037 seconds
[2024-04-03T10:08:36.369+0200] {processor.py:157} INFO - Started process (PID=97484) to work on /home/lucas/anaconda3/lib/python3.11/site-packages/airflow/example_dags/example_dynamic_task_mapping.py
[2024-04-03T10:08:36.372+0200] {processor.py:829} INFO - Processing file /home/lucas/anaconda3/lib/python3.11/site-packages/airflow/example_dags/example_dynamic_task_mapping.py for tasks to queue
[2024-04-03T10:08:36.372+0200] {logging_mixin.py:154} INFO - [2024-04-03T10:08:36.372+0200] {dagbag.py:536} INFO - Filling up the DagBag from /home/lucas/anaconda3/lib/python3.11/site-packages/airflow/example_dags/example_dynamic_task_mapping.py
[2024-04-03T10:08:36.377+0200] {processor.py:839} INFO - DAG(s) dict_keys(['example_dynamic_task_mapping']) retrieved from /home/lucas/anaconda3/lib/python3.11/site-packages/airflow/example_dags/example_dynamic_task_mapping.py
[2024-04-03T10:08:36.386+0200] {logging_mixin.py:154} INFO - [2024-04-03T10:08:36.386+0200] {dag.py:2941} INFO - Sync 1 DAGs
[2024-04-03T10:08:36.396+0200] {logging_mixin.py:154} INFO - [2024-04-03T10:08:36.395+0200] {dag.py:3722} INFO - Setting next_dagrun for example_dynamic_task_mapping to 2022-03-04T00:00:00+00:00, run_after=2022-03-05T00:00:00+00:00
[2024-04-03T10:08:36.414+0200] {processor.py:179} INFO - Processing /home/lucas/anaconda3/lib/python3.11/site-packages/airflow/example_dags/example_dynamic_task_mapping.py took 0.047 seconds
[2024-04-03T10:09:27.875+0200] {processor.py:157} INFO - Started process (PID=97759) to work on /home/lucas/anaconda3/lib/python3.11/site-packages/airflow/example_dags/example_dynamic_task_mapping.py
[2024-04-03T10:09:27.878+0200] {processor.py:829} INFO - Processing file /home/lucas/anaconda3/lib/python3.11/site-packages/airflow/example_dags/example_dynamic_task_mapping.py for tasks to queue
[2024-04-03T10:09:27.878+0200] {logging_mixin.py:154} INFO - [2024-04-03T10:09:27.878+0200] {dagbag.py:536} INFO - Filling up the DagBag from /home/lucas/anaconda3/lib/python3.11/site-packages/airflow/example_dags/example_dynamic_task_mapping.py
[2024-04-03T10:09:27.882+0200] {processor.py:839} INFO - DAG(s) dict_keys(['example_dynamic_task_mapping']) retrieved from /home/lucas/anaconda3/lib/python3.11/site-packages/airflow/example_dags/example_dynamic_task_mapping.py
[2024-04-03T10:09:27.890+0200] {logging_mixin.py:154} INFO - [2024-04-03T10:09:27.889+0200] {dag.py:2941} INFO - Sync 1 DAGs
[2024-04-03T10:09:27.899+0200] {logging_mixin.py:154} INFO - [2024-04-03T10:09:27.899+0200] {dag.py:3722} INFO - Setting next_dagrun for example_dynamic_task_mapping to 2022-03-04T00:00:00+00:00, run_after=2022-03-05T00:00:00+00:00
[2024-04-03T10:09:27.911+0200] {processor.py:179} INFO - Processing /home/lucas/anaconda3/lib/python3.11/site-packages/airflow/example_dags/example_dynamic_task_mapping.py took 0.037 seconds
[2024-04-03T10:10:45.847+0200] {processor.py:157} INFO - Started process (PID=98358) to work on /home/lucas/anaconda3/lib/python3.11/site-packages/airflow/example_dags/example_dynamic_task_mapping.py
[2024-04-03T10:10:45.850+0200] {processor.py:829} INFO - Processing file /home/lucas/anaconda3/lib/python3.11/site-packages/airflow/example_dags/example_dynamic_task_mapping.py for tasks to queue
[2024-04-03T10:10:45.850+0200] {logging_mixin.py:154} INFO - [2024-04-03T10:10:45.850+0200] {dagbag.py:536} INFO - Filling up the DagBag from /home/lucas/anaconda3/lib/python3.11/site-packages/airflow/example_dags/example_dynamic_task_mapping.py
[2024-04-03T10:10:45.854+0200] {processor.py:839} INFO - DAG(s) dict_keys(['example_dynamic_task_mapping']) retrieved from /home/lucas/anaconda3/lib/python3.11/site-packages/airflow/example_dags/example_dynamic_task_mapping.py
[2024-04-03T10:10:45.862+0200] {logging_mixin.py:154} INFO - [2024-04-03T10:10:45.862+0200] {dag.py:2941} INFO - Sync 1 DAGs
[2024-04-03T10:10:45.871+0200] {logging_mixin.py:154} INFO - [2024-04-03T10:10:45.871+0200] {dag.py:3722} INFO - Setting next_dagrun for example_dynamic_task_mapping to 2022-03-04T00:00:00+00:00, run_after=2022-03-05T00:00:00+00:00
[2024-04-03T10:10:45.882+0200] {processor.py:179} INFO - Processing /home/lucas/anaconda3/lib/python3.11/site-packages/airflow/example_dags/example_dynamic_task_mapping.py took 0.037 seconds
[2024-04-03T10:11:36.167+0200] {processor.py:157} INFO - Started process (PID=98562) to work on /home/lucas/anaconda3/lib/python3.11/site-packages/airflow/example_dags/example_dynamic_task_mapping.py
[2024-04-03T10:11:36.170+0200] {processor.py:829} INFO - Processing file /home/lucas/anaconda3/lib/python3.11/site-packages/airflow/example_dags/example_dynamic_task_mapping.py for tasks to queue
[2024-04-03T10:11:36.170+0200] {logging_mixin.py:154} INFO - [2024-04-03T10:11:36.170+0200] {dagbag.py:536} INFO - Filling up the DagBag from /home/lucas/anaconda3/lib/python3.11/site-packages/airflow/example_dags/example_dynamic_task_mapping.py
[2024-04-03T10:11:36.174+0200] {processor.py:839} INFO - DAG(s) dict_keys(['example_dynamic_task_mapping']) retrieved from /home/lucas/anaconda3/lib/python3.11/site-packages/airflow/example_dags/example_dynamic_task_mapping.py
[2024-04-03T10:11:36.183+0200] {logging_mixin.py:154} INFO - [2024-04-03T10:11:36.182+0200] {dag.py:2941} INFO - Sync 1 DAGs
[2024-04-03T10:11:36.192+0200] {logging_mixin.py:154} INFO - [2024-04-03T10:11:36.192+0200] {dag.py:3722} INFO - Setting next_dagrun for example_dynamic_task_mapping to 2022-03-04T00:00:00+00:00, run_after=2022-03-05T00:00:00+00:00
[2024-04-03T10:11:36.204+0200] {processor.py:179} INFO - Processing /home/lucas/anaconda3/lib/python3.11/site-packages/airflow/example_dags/example_dynamic_task_mapping.py took 0.038 seconds
[2024-04-03T10:12:24.085+0200] {processor.py:157} INFO - Started process (PID=98753) to work on /home/lucas/anaconda3/lib/python3.11/site-packages/airflow/example_dags/example_dynamic_task_mapping.py
[2024-04-03T10:12:24.088+0200] {processor.py:829} INFO - Processing file /home/lucas/anaconda3/lib/python3.11/site-packages/airflow/example_dags/example_dynamic_task_mapping.py for tasks to queue
[2024-04-03T10:12:24.088+0200] {logging_mixin.py:154} INFO - [2024-04-03T10:12:24.088+0200] {dagbag.py:536} INFO - Filling up the DagBag from /home/lucas/anaconda3/lib/python3.11/site-packages/airflow/example_dags/example_dynamic_task_mapping.py
[2024-04-03T10:12:24.092+0200] {processor.py:839} INFO - DAG(s) dict_keys(['example_dynamic_task_mapping']) retrieved from /home/lucas/anaconda3/lib/python3.11/site-packages/airflow/example_dags/example_dynamic_task_mapping.py
[2024-04-03T10:12:24.099+0200] {logging_mixin.py:154} INFO - [2024-04-03T10:12:24.099+0200] {dag.py:2941} INFO - Sync 1 DAGs
[2024-04-03T10:12:24.210+0200] {logging_mixin.py:154} INFO - [2024-04-03T10:12:24.210+0200] {dag.py:3722} INFO - Setting next_dagrun for example_dynamic_task_mapping to 2022-03-04T00:00:00+00:00, run_after=2022-03-05T00:00:00+00:00
[2024-04-03T10:12:24.220+0200] {processor.py:179} INFO - Processing /home/lucas/anaconda3/lib/python3.11/site-packages/airflow/example_dags/example_dynamic_task_mapping.py took 0.137 seconds
[2024-04-03T10:13:14.887+0200] {processor.py:157} INFO - Started process (PID=98920) to work on /home/lucas/anaconda3/lib/python3.11/site-packages/airflow/example_dags/example_dynamic_task_mapping.py
[2024-04-03T10:13:14.890+0200] {processor.py:829} INFO - Processing file /home/lucas/anaconda3/lib/python3.11/site-packages/airflow/example_dags/example_dynamic_task_mapping.py for tasks to queue
[2024-04-03T10:13:14.891+0200] {logging_mixin.py:154} INFO - [2024-04-03T10:13:14.891+0200] {dagbag.py:536} INFO - Filling up the DagBag from /home/lucas/anaconda3/lib/python3.11/site-packages/airflow/example_dags/example_dynamic_task_mapping.py
[2024-04-03T10:13:14.897+0200] {processor.py:839} INFO - DAG(s) dict_keys(['example_dynamic_task_mapping']) retrieved from /home/lucas/anaconda3/lib/python3.11/site-packages/airflow/example_dags/example_dynamic_task_mapping.py
[2024-04-03T10:13:14.907+0200] {logging_mixin.py:154} INFO - [2024-04-03T10:13:14.907+0200] {dag.py:2941} INFO - Sync 1 DAGs
[2024-04-03T10:13:14.925+0200] {logging_mixin.py:154} INFO - [2024-04-03T10:13:14.925+0200] {dag.py:3722} INFO - Setting next_dagrun for example_dynamic_task_mapping to 2022-03-04T00:00:00+00:00, run_after=2022-03-05T00:00:00+00:00
[2024-04-03T10:13:14.939+0200] {processor.py:179} INFO - Processing /home/lucas/anaconda3/lib/python3.11/site-packages/airflow/example_dags/example_dynamic_task_mapping.py took 0.053 seconds
[2024-04-03T10:14:02.517+0200] {processor.py:157} INFO - Started process (PID=99067) to work on /home/lucas/anaconda3/lib/python3.11/site-packages/airflow/example_dags/example_dynamic_task_mapping.py
[2024-04-03T10:14:02.520+0200] {processor.py:829} INFO - Processing file /home/lucas/anaconda3/lib/python3.11/site-packages/airflow/example_dags/example_dynamic_task_mapping.py for tasks to queue
[2024-04-03T10:14:02.520+0200] {logging_mixin.py:154} INFO - [2024-04-03T10:14:02.520+0200] {dagbag.py:536} INFO - Filling up the DagBag from /home/lucas/anaconda3/lib/python3.11/site-packages/airflow/example_dags/example_dynamic_task_mapping.py
[2024-04-03T10:14:02.524+0200] {processor.py:839} INFO - DAG(s) dict_keys(['example_dynamic_task_mapping']) retrieved from /home/lucas/anaconda3/lib/python3.11/site-packages/airflow/example_dags/example_dynamic_task_mapping.py
[2024-04-03T10:14:02.531+0200] {logging_mixin.py:154} INFO - [2024-04-03T10:14:02.531+0200] {dag.py:2941} INFO - Sync 1 DAGs
[2024-04-03T10:14:02.540+0200] {logging_mixin.py:154} INFO - [2024-04-03T10:14:02.540+0200] {dag.py:3722} INFO - Setting next_dagrun for example_dynamic_task_mapping to 2022-03-04T00:00:00+00:00, run_after=2022-03-05T00:00:00+00:00
[2024-04-03T10:14:02.551+0200] {processor.py:179} INFO - Processing /home/lucas/anaconda3/lib/python3.11/site-packages/airflow/example_dags/example_dynamic_task_mapping.py took 0.036 seconds
