[2024-04-03T09:14:38.251+0200] {processor.py:157} INFO - Started process (PID=12784) to work on /home/lucas/anaconda3/lib/python3.11/site-packages/airflow/example_dags/example_branch_labels.py
[2024-04-03T09:14:38.252+0200] {processor.py:829} INFO - Processing file /home/lucas/anaconda3/lib/python3.11/site-packages/airflow/example_dags/example_branch_labels.py for tasks to queue
[2024-04-03T09:14:38.252+0200] {logging_mixin.py:154} INFO - [2024-04-03T09:14:38.252+0200] {dagbag.py:536} INFO - Filling up the DagBag from /home/lucas/anaconda3/lib/python3.11/site-packages/airflow/example_dags/example_branch_labels.py
[2024-04-03T09:14:38.257+0200] {processor.py:839} INFO - DAG(s) dict_keys(['example_branch_labels']) retrieved from /home/lucas/anaconda3/lib/python3.11/site-packages/airflow/example_dags/example_branch_labels.py
[2024-04-03T09:14:38.318+0200] {logging_mixin.py:154} INFO - [2024-04-03T09:14:38.318+0200] {manager.py:499} INFO - Created Permission View: %s
[2024-04-03T09:14:38.327+0200] {logging_mixin.py:154} INFO - [2024-04-03T09:14:38.327+0200] {manager.py:499} INFO - Created Permission View: %s
[2024-04-03T09:14:38.333+0200] {logging_mixin.py:154} INFO - [2024-04-03T09:14:38.333+0200] {manager.py:499} INFO - Created Permission View: %s
[2024-04-03T09:14:38.333+0200] {logging_mixin.py:154} INFO - [2024-04-03T09:14:38.333+0200] {dag.py:2941} INFO - Sync 1 DAGs
[2024-04-03T09:14:38.342+0200] {logging_mixin.py:154} INFO - [2024-04-03T09:14:38.341+0200] {dag.py:2963} INFO - Creating ORM DAG for example_branch_labels
[2024-04-03T09:14:38.347+0200] {logging_mixin.py:154} INFO - [2024-04-03T09:14:38.347+0200] {dag.py:3722} INFO - Setting next_dagrun for example_branch_labels to 2024-04-02T00:00:00+00:00, run_after=2024-04-03T00:00:00+00:00
[2024-04-03T09:14:38.360+0200] {processor.py:179} INFO - Processing /home/lucas/anaconda3/lib/python3.11/site-packages/airflow/example_dags/example_branch_labels.py took 0.111 seconds
[2024-04-03T09:15:25.571+0200] {processor.py:157} INFO - Started process (PID=12967) to work on /home/lucas/anaconda3/lib/python3.11/site-packages/airflow/example_dags/example_branch_labels.py
[2024-04-03T09:15:25.572+0200] {processor.py:829} INFO - Processing file /home/lucas/anaconda3/lib/python3.11/site-packages/airflow/example_dags/example_branch_labels.py for tasks to queue
[2024-04-03T09:15:25.573+0200] {logging_mixin.py:154} INFO - [2024-04-03T09:15:25.573+0200] {dagbag.py:536} INFO - Filling up the DagBag from /home/lucas/anaconda3/lib/python3.11/site-packages/airflow/example_dags/example_branch_labels.py
[2024-04-03T09:15:25.576+0200] {processor.py:839} INFO - DAG(s) dict_keys(['example_branch_labels']) retrieved from /home/lucas/anaconda3/lib/python3.11/site-packages/airflow/example_dags/example_branch_labels.py
[2024-04-03T09:15:25.585+0200] {logging_mixin.py:154} INFO - [2024-04-03T09:15:25.585+0200] {dag.py:2941} INFO - Sync 1 DAGs
[2024-04-03T09:15:25.594+0200] {logging_mixin.py:154} INFO - [2024-04-03T09:15:25.594+0200] {dag.py:3722} INFO - Setting next_dagrun for example_branch_labels to 2024-04-02T00:00:00+00:00, run_after=2024-04-03T00:00:00+00:00
[2024-04-03T09:15:25.606+0200] {processor.py:179} INFO - Processing /home/lucas/anaconda3/lib/python3.11/site-packages/airflow/example_dags/example_branch_labels.py took 0.036 seconds
[2024-04-03T09:16:11.612+0200] {processor.py:157} INFO - Started process (PID=13125) to work on /home/lucas/anaconda3/lib/python3.11/site-packages/airflow/example_dags/example_branch_labels.py
[2024-04-03T09:16:11.615+0200] {processor.py:829} INFO - Processing file /home/lucas/anaconda3/lib/python3.11/site-packages/airflow/example_dags/example_branch_labels.py for tasks to queue
[2024-04-03T09:16:11.615+0200] {logging_mixin.py:154} INFO - [2024-04-03T09:16:11.615+0200] {dagbag.py:536} INFO - Filling up the DagBag from /home/lucas/anaconda3/lib/python3.11/site-packages/airflow/example_dags/example_branch_labels.py
[2024-04-03T09:16:11.619+0200] {processor.py:839} INFO - DAG(s) dict_keys(['example_branch_labels']) retrieved from /home/lucas/anaconda3/lib/python3.11/site-packages/airflow/example_dags/example_branch_labels.py
[2024-04-03T09:16:11.627+0200] {logging_mixin.py:154} INFO - [2024-04-03T09:16:11.627+0200] {dag.py:2941} INFO - Sync 1 DAGs
[2024-04-03T09:16:11.637+0200] {logging_mixin.py:154} INFO - [2024-04-03T09:16:11.637+0200] {dag.py:3722} INFO - Setting next_dagrun for example_branch_labels to 2024-04-02T00:00:00+00:00, run_after=2024-04-03T00:00:00+00:00
[2024-04-03T09:16:11.649+0200] {processor.py:179} INFO - Processing /home/lucas/anaconda3/lib/python3.11/site-packages/airflow/example_dags/example_branch_labels.py took 0.039 seconds
[2024-04-03T09:19:06.885+0200] {processor.py:157} INFO - Started process (PID=13902) to work on /home/lucas/anaconda3/lib/python3.11/site-packages/airflow/example_dags/example_branch_labels.py
[2024-04-03T09:19:06.888+0200] {processor.py:829} INFO - Processing file /home/lucas/anaconda3/lib/python3.11/site-packages/airflow/example_dags/example_branch_labels.py for tasks to queue
[2024-04-03T09:19:06.889+0200] {logging_mixin.py:154} INFO - [2024-04-03T09:19:06.888+0200] {dagbag.py:536} INFO - Filling up the DagBag from /home/lucas/anaconda3/lib/python3.11/site-packages/airflow/example_dags/example_branch_labels.py
[2024-04-03T09:19:06.892+0200] {processor.py:839} INFO - DAG(s) dict_keys(['example_branch_labels']) retrieved from /home/lucas/anaconda3/lib/python3.11/site-packages/airflow/example_dags/example_branch_labels.py
[2024-04-03T09:19:06.901+0200] {logging_mixin.py:154} INFO - [2024-04-03T09:19:06.901+0200] {dag.py:2941} INFO - Sync 1 DAGs
[2024-04-03T09:19:06.910+0200] {logging_mixin.py:154} INFO - [2024-04-03T09:19:06.910+0200] {dag.py:3722} INFO - Setting next_dagrun for example_branch_labels to 2024-04-02T00:00:00+00:00, run_after=2024-04-03T00:00:00+00:00
[2024-04-03T09:19:06.923+0200] {processor.py:179} INFO - Processing /home/lucas/anaconda3/lib/python3.11/site-packages/airflow/example_dags/example_branch_labels.py took 0.039 seconds
[2024-04-03T09:20:01.530+0200] {processor.py:157} INFO - Started process (PID=14202) to work on /home/lucas/anaconda3/lib/python3.11/site-packages/airflow/example_dags/example_branch_labels.py
[2024-04-03T09:20:01.533+0200] {processor.py:829} INFO - Processing file /home/lucas/anaconda3/lib/python3.11/site-packages/airflow/example_dags/example_branch_labels.py for tasks to queue
[2024-04-03T09:20:01.533+0200] {logging_mixin.py:154} INFO - [2024-04-03T09:20:01.533+0200] {dagbag.py:536} INFO - Filling up the DagBag from /home/lucas/anaconda3/lib/python3.11/site-packages/airflow/example_dags/example_branch_labels.py
[2024-04-03T09:20:01.537+0200] {processor.py:839} INFO - DAG(s) dict_keys(['example_branch_labels']) retrieved from /home/lucas/anaconda3/lib/python3.11/site-packages/airflow/example_dags/example_branch_labels.py
[2024-04-03T09:20:01.545+0200] {logging_mixin.py:154} INFO - [2024-04-03T09:20:01.545+0200] {dag.py:2941} INFO - Sync 1 DAGs
[2024-04-03T09:20:01.555+0200] {logging_mixin.py:154} INFO - [2024-04-03T09:20:01.555+0200] {dag.py:3722} INFO - Setting next_dagrun for example_branch_labels to 2024-04-02T00:00:00+00:00, run_after=2024-04-03T00:00:00+00:00
[2024-04-03T09:20:01.567+0200] {processor.py:179} INFO - Processing /home/lucas/anaconda3/lib/python3.11/site-packages/airflow/example_dags/example_branch_labels.py took 0.038 seconds
[2024-04-03T09:20:55.628+0200] {processor.py:157} INFO - Started process (PID=14400) to work on /home/lucas/anaconda3/lib/python3.11/site-packages/airflow/example_dags/example_branch_labels.py
[2024-04-03T09:20:55.631+0200] {processor.py:829} INFO - Processing file /home/lucas/anaconda3/lib/python3.11/site-packages/airflow/example_dags/example_branch_labels.py for tasks to queue
[2024-04-03T09:20:55.631+0200] {logging_mixin.py:154} INFO - [2024-04-03T09:20:55.631+0200] {dagbag.py:536} INFO - Filling up the DagBag from /home/lucas/anaconda3/lib/python3.11/site-packages/airflow/example_dags/example_branch_labels.py
[2024-04-03T09:20:55.635+0200] {processor.py:839} INFO - DAG(s) dict_keys(['example_branch_labels']) retrieved from /home/lucas/anaconda3/lib/python3.11/site-packages/airflow/example_dags/example_branch_labels.py
[2024-04-03T09:20:55.643+0200] {logging_mixin.py:154} INFO - [2024-04-03T09:20:55.643+0200] {dag.py:2941} INFO - Sync 1 DAGs
[2024-04-03T09:20:55.652+0200] {logging_mixin.py:154} INFO - [2024-04-03T09:20:55.652+0200] {dag.py:3722} INFO - Setting next_dagrun for example_branch_labels to 2024-04-02T00:00:00+00:00, run_after=2024-04-03T00:00:00+00:00
[2024-04-03T09:20:55.664+0200] {processor.py:179} INFO - Processing /home/lucas/anaconda3/lib/python3.11/site-packages/airflow/example_dags/example_branch_labels.py took 0.038 seconds
[2024-04-03T09:21:44.643+0200] {processor.py:157} INFO - Started process (PID=14565) to work on /home/lucas/anaconda3/lib/python3.11/site-packages/airflow/example_dags/example_branch_labels.py
[2024-04-03T09:21:44.645+0200] {processor.py:829} INFO - Processing file /home/lucas/anaconda3/lib/python3.11/site-packages/airflow/example_dags/example_branch_labels.py for tasks to queue
[2024-04-03T09:21:44.646+0200] {logging_mixin.py:154} INFO - [2024-04-03T09:21:44.646+0200] {dagbag.py:536} INFO - Filling up the DagBag from /home/lucas/anaconda3/lib/python3.11/site-packages/airflow/example_dags/example_branch_labels.py
[2024-04-03T09:21:44.649+0200] {processor.py:839} INFO - DAG(s) dict_keys(['example_branch_labels']) retrieved from /home/lucas/anaconda3/lib/python3.11/site-packages/airflow/example_dags/example_branch_labels.py
[2024-04-03T09:21:44.658+0200] {logging_mixin.py:154} INFO - [2024-04-03T09:21:44.658+0200] {dag.py:2941} INFO - Sync 1 DAGs
[2024-04-03T09:21:44.668+0200] {logging_mixin.py:154} INFO - [2024-04-03T09:21:44.668+0200] {dag.py:3722} INFO - Setting next_dagrun for example_branch_labels to 2024-04-02T00:00:00+00:00, run_after=2024-04-03T00:00:00+00:00
[2024-04-03T09:21:44.679+0200] {processor.py:179} INFO - Processing /home/lucas/anaconda3/lib/python3.11/site-packages/airflow/example_dags/example_branch_labels.py took 0.038 seconds
[2024-04-03T09:22:27.770+0200] {processor.py:157} INFO - Started process (PID=14706) to work on /home/lucas/anaconda3/lib/python3.11/site-packages/airflow/example_dags/example_branch_labels.py
[2024-04-03T09:22:27.771+0200] {processor.py:829} INFO - Processing file /home/lucas/anaconda3/lib/python3.11/site-packages/airflow/example_dags/example_branch_labels.py for tasks to queue
[2024-04-03T09:22:27.772+0200] {logging_mixin.py:154} INFO - [2024-04-03T09:22:27.772+0200] {dagbag.py:536} INFO - Filling up the DagBag from /home/lucas/anaconda3/lib/python3.11/site-packages/airflow/example_dags/example_branch_labels.py
[2024-04-03T09:22:27.775+0200] {processor.py:839} INFO - DAG(s) dict_keys(['example_branch_labels']) retrieved from /home/lucas/anaconda3/lib/python3.11/site-packages/airflow/example_dags/example_branch_labels.py
[2024-04-03T09:22:27.784+0200] {logging_mixin.py:154} INFO - [2024-04-03T09:22:27.784+0200] {dag.py:2941} INFO - Sync 1 DAGs
[2024-04-03T09:22:27.793+0200] {logging_mixin.py:154} INFO - [2024-04-03T09:22:27.793+0200] {dag.py:3722} INFO - Setting next_dagrun for example_branch_labels to 2024-04-02T00:00:00+00:00, run_after=2024-04-03T00:00:00+00:00
[2024-04-03T09:22:27.804+0200] {processor.py:179} INFO - Processing /home/lucas/anaconda3/lib/python3.11/site-packages/airflow/example_dags/example_branch_labels.py took 0.035 seconds
[2024-04-03T09:23:14.269+0200] {processor.py:157} INFO - Started process (PID=14972) to work on /home/lucas/anaconda3/lib/python3.11/site-packages/airflow/example_dags/example_branch_labels.py
[2024-04-03T09:23:14.270+0200] {processor.py:829} INFO - Processing file /home/lucas/anaconda3/lib/python3.11/site-packages/airflow/example_dags/example_branch_labels.py for tasks to queue
[2024-04-03T09:23:14.270+0200] {logging_mixin.py:154} INFO - [2024-04-03T09:23:14.270+0200] {dagbag.py:536} INFO - Filling up the DagBag from /home/lucas/anaconda3/lib/python3.11/site-packages/airflow/example_dags/example_branch_labels.py
[2024-04-03T09:23:14.274+0200] {processor.py:839} INFO - DAG(s) dict_keys(['example_branch_labels']) retrieved from /home/lucas/anaconda3/lib/python3.11/site-packages/airflow/example_dags/example_branch_labels.py
[2024-04-03T09:23:14.283+0200] {logging_mixin.py:154} INFO - [2024-04-03T09:23:14.282+0200] {dag.py:2941} INFO - Sync 1 DAGs
[2024-04-03T09:23:14.292+0200] {logging_mixin.py:154} INFO - [2024-04-03T09:23:14.292+0200] {dag.py:3722} INFO - Setting next_dagrun for example_branch_labels to 2024-04-02T00:00:00+00:00, run_after=2024-04-03T00:00:00+00:00
[2024-04-03T09:23:14.303+0200] {processor.py:179} INFO - Processing /home/lucas/anaconda3/lib/python3.11/site-packages/airflow/example_dags/example_branch_labels.py took 0.035 seconds
[2024-04-03T09:24:09.320+0200] {processor.py:157} INFO - Started process (PID=15356) to work on /home/lucas/anaconda3/lib/python3.11/site-packages/airflow/example_dags/example_branch_labels.py
[2024-04-03T09:24:09.321+0200] {processor.py:829} INFO - Processing file /home/lucas/anaconda3/lib/python3.11/site-packages/airflow/example_dags/example_branch_labels.py for tasks to queue
[2024-04-03T09:24:09.321+0200] {logging_mixin.py:154} INFO - [2024-04-03T09:24:09.321+0200] {dagbag.py:536} INFO - Filling up the DagBag from /home/lucas/anaconda3/lib/python3.11/site-packages/airflow/example_dags/example_branch_labels.py
[2024-04-03T09:24:09.325+0200] {processor.py:839} INFO - DAG(s) dict_keys(['example_branch_labels']) retrieved from /home/lucas/anaconda3/lib/python3.11/site-packages/airflow/example_dags/example_branch_labels.py
[2024-04-03T09:24:09.333+0200] {logging_mixin.py:154} INFO - [2024-04-03T09:24:09.333+0200] {dag.py:2941} INFO - Sync 1 DAGs
[2024-04-03T09:24:09.344+0200] {logging_mixin.py:154} INFO - [2024-04-03T09:24:09.343+0200] {dag.py:3722} INFO - Setting next_dagrun for example_branch_labels to 2024-04-02T00:00:00+00:00, run_after=2024-04-03T00:00:00+00:00
[2024-04-03T09:24:09.355+0200] {processor.py:179} INFO - Processing /home/lucas/anaconda3/lib/python3.11/site-packages/airflow/example_dags/example_branch_labels.py took 0.037 seconds
[2024-04-03T09:24:50.327+0200] {processor.py:157} INFO - Started process (PID=15600) to work on /home/lucas/anaconda3/lib/python3.11/site-packages/airflow/example_dags/example_branch_labels.py
[2024-04-03T09:24:50.328+0200] {processor.py:829} INFO - Processing file /home/lucas/anaconda3/lib/python3.11/site-packages/airflow/example_dags/example_branch_labels.py for tasks to queue
[2024-04-03T09:24:50.328+0200] {logging_mixin.py:154} INFO - [2024-04-03T09:24:50.328+0200] {dagbag.py:536} INFO - Filling up the DagBag from /home/lucas/anaconda3/lib/python3.11/site-packages/airflow/example_dags/example_branch_labels.py
[2024-04-03T09:24:50.332+0200] {processor.py:839} INFO - DAG(s) dict_keys(['example_branch_labels']) retrieved from /home/lucas/anaconda3/lib/python3.11/site-packages/airflow/example_dags/example_branch_labels.py
[2024-04-03T09:24:50.341+0200] {logging_mixin.py:154} INFO - [2024-04-03T09:24:50.341+0200] {dag.py:2941} INFO - Sync 1 DAGs
[2024-04-03T09:24:50.351+0200] {logging_mixin.py:154} INFO - [2024-04-03T09:24:50.351+0200] {dag.py:3722} INFO - Setting next_dagrun for example_branch_labels to 2024-04-02T00:00:00+00:00, run_after=2024-04-03T00:00:00+00:00
[2024-04-03T09:24:50.363+0200] {processor.py:179} INFO - Processing /home/lucas/anaconda3/lib/python3.11/site-packages/airflow/example_dags/example_branch_labels.py took 0.037 seconds
[2024-04-03T09:25:44.220+0200] {processor.py:157} INFO - Started process (PID=15870) to work on /home/lucas/anaconda3/lib/python3.11/site-packages/airflow/example_dags/example_branch_labels.py
[2024-04-03T09:25:44.223+0200] {processor.py:829} INFO - Processing file /home/lucas/anaconda3/lib/python3.11/site-packages/airflow/example_dags/example_branch_labels.py for tasks to queue
[2024-04-03T09:25:44.223+0200] {logging_mixin.py:154} INFO - [2024-04-03T09:25:44.223+0200] {dagbag.py:536} INFO - Filling up the DagBag from /home/lucas/anaconda3/lib/python3.11/site-packages/airflow/example_dags/example_branch_labels.py
[2024-04-03T09:25:44.227+0200] {processor.py:839} INFO - DAG(s) dict_keys(['example_branch_labels']) retrieved from /home/lucas/anaconda3/lib/python3.11/site-packages/airflow/example_dags/example_branch_labels.py
[2024-04-03T09:25:44.235+0200] {logging_mixin.py:154} INFO - [2024-04-03T09:25:44.235+0200] {dag.py:2941} INFO - Sync 1 DAGs
[2024-04-03T09:25:44.245+0200] {logging_mixin.py:154} INFO - [2024-04-03T09:25:44.245+0200] {dag.py:3722} INFO - Setting next_dagrun for example_branch_labels to 2024-04-02T00:00:00+00:00, run_after=2024-04-03T00:00:00+00:00
[2024-04-03T09:25:44.256+0200] {processor.py:179} INFO - Processing /home/lucas/anaconda3/lib/python3.11/site-packages/airflow/example_dags/example_branch_labels.py took 0.038 seconds
[2024-04-03T09:26:31.603+0200] {processor.py:157} INFO - Started process (PID=16077) to work on /home/lucas/anaconda3/lib/python3.11/site-packages/airflow/example_dags/example_branch_labels.py
[2024-04-03T09:26:31.606+0200] {processor.py:829} INFO - Processing file /home/lucas/anaconda3/lib/python3.11/site-packages/airflow/example_dags/example_branch_labels.py for tasks to queue
[2024-04-03T09:26:31.606+0200] {logging_mixin.py:154} INFO - [2024-04-03T09:26:31.606+0200] {dagbag.py:536} INFO - Filling up the DagBag from /home/lucas/anaconda3/lib/python3.11/site-packages/airflow/example_dags/example_branch_labels.py
[2024-04-03T09:26:31.610+0200] {processor.py:839} INFO - DAG(s) dict_keys(['example_branch_labels']) retrieved from /home/lucas/anaconda3/lib/python3.11/site-packages/airflow/example_dags/example_branch_labels.py
[2024-04-03T09:26:31.618+0200] {logging_mixin.py:154} INFO - [2024-04-03T09:26:31.618+0200] {dag.py:2941} INFO - Sync 1 DAGs
[2024-04-03T09:26:31.627+0200] {logging_mixin.py:154} INFO - [2024-04-03T09:26:31.627+0200] {dag.py:3722} INFO - Setting next_dagrun for example_branch_labels to 2024-04-02T00:00:00+00:00, run_after=2024-04-03T00:00:00+00:00
[2024-04-03T09:26:31.640+0200] {processor.py:179} INFO - Processing /home/lucas/anaconda3/lib/python3.11/site-packages/airflow/example_dags/example_branch_labels.py took 0.038 seconds
[2024-04-03T09:27:25.317+0200] {processor.py:157} INFO - Started process (PID=16182) to work on /home/lucas/anaconda3/lib/python3.11/site-packages/airflow/example_dags/example_branch_labels.py
[2024-04-03T09:27:25.320+0200] {processor.py:829} INFO - Processing file /home/lucas/anaconda3/lib/python3.11/site-packages/airflow/example_dags/example_branch_labels.py for tasks to queue
[2024-04-03T09:27:25.321+0200] {logging_mixin.py:154} INFO - [2024-04-03T09:27:25.320+0200] {dagbag.py:536} INFO - Filling up the DagBag from /home/lucas/anaconda3/lib/python3.11/site-packages/airflow/example_dags/example_branch_labels.py
[2024-04-03T09:27:25.325+0200] {processor.py:839} INFO - DAG(s) dict_keys(['example_branch_labels']) retrieved from /home/lucas/anaconda3/lib/python3.11/site-packages/airflow/example_dags/example_branch_labels.py
[2024-04-03T09:27:25.334+0200] {logging_mixin.py:154} INFO - [2024-04-03T09:27:25.334+0200] {dag.py:2941} INFO - Sync 1 DAGs
[2024-04-03T09:27:25.345+0200] {logging_mixin.py:154} INFO - [2024-04-03T09:27:25.344+0200] {dag.py:3722} INFO - Setting next_dagrun for example_branch_labels to 2024-04-02T00:00:00+00:00, run_after=2024-04-03T00:00:00+00:00
[2024-04-03T09:27:25.357+0200] {processor.py:179} INFO - Processing /home/lucas/anaconda3/lib/python3.11/site-packages/airflow/example_dags/example_branch_labels.py took 0.041 seconds
[2024-04-03T09:28:13.964+0200] {processor.py:157} INFO - Started process (PID=16359) to work on /home/lucas/anaconda3/lib/python3.11/site-packages/airflow/example_dags/example_branch_labels.py
[2024-04-03T09:28:13.966+0200] {processor.py:829} INFO - Processing file /home/lucas/anaconda3/lib/python3.11/site-packages/airflow/example_dags/example_branch_labels.py for tasks to queue
[2024-04-03T09:28:13.967+0200] {logging_mixin.py:154} INFO - [2024-04-03T09:28:13.967+0200] {dagbag.py:536} INFO - Filling up the DagBag from /home/lucas/anaconda3/lib/python3.11/site-packages/airflow/example_dags/example_branch_labels.py
[2024-04-03T09:28:13.971+0200] {processor.py:839} INFO - DAG(s) dict_keys(['example_branch_labels']) retrieved from /home/lucas/anaconda3/lib/python3.11/site-packages/airflow/example_dags/example_branch_labels.py
[2024-04-03T09:28:13.981+0200] {logging_mixin.py:154} INFO - [2024-04-03T09:28:13.981+0200] {dag.py:2941} INFO - Sync 1 DAGs
[2024-04-03T09:28:13.992+0200] {logging_mixin.py:154} INFO - [2024-04-03T09:28:13.992+0200] {dag.py:3722} INFO - Setting next_dagrun for example_branch_labels to 2024-04-02T00:00:00+00:00, run_after=2024-04-03T00:00:00+00:00
[2024-04-03T09:28:14.006+0200] {processor.py:179} INFO - Processing /home/lucas/anaconda3/lib/python3.11/site-packages/airflow/example_dags/example_branch_labels.py took 0.045 seconds
[2024-04-03T09:29:05.783+0200] {processor.py:157} INFO - Started process (PID=16688) to work on /home/lucas/anaconda3/lib/python3.11/site-packages/airflow/example_dags/example_branch_labels.py
[2024-04-03T09:29:05.786+0200] {processor.py:829} INFO - Processing file /home/lucas/anaconda3/lib/python3.11/site-packages/airflow/example_dags/example_branch_labels.py for tasks to queue
[2024-04-03T09:29:05.786+0200] {logging_mixin.py:154} INFO - [2024-04-03T09:29:05.786+0200] {dagbag.py:536} INFO - Filling up the DagBag from /home/lucas/anaconda3/lib/python3.11/site-packages/airflow/example_dags/example_branch_labels.py
[2024-04-03T09:29:05.790+0200] {processor.py:839} INFO - DAG(s) dict_keys(['example_branch_labels']) retrieved from /home/lucas/anaconda3/lib/python3.11/site-packages/airflow/example_dags/example_branch_labels.py
[2024-04-03T09:29:05.799+0200] {logging_mixin.py:154} INFO - [2024-04-03T09:29:05.799+0200] {dag.py:2941} INFO - Sync 1 DAGs
[2024-04-03T09:29:05.809+0200] {logging_mixin.py:154} INFO - [2024-04-03T09:29:05.809+0200] {dag.py:3722} INFO - Setting next_dagrun for example_branch_labels to 2024-04-02T00:00:00+00:00, run_after=2024-04-03T00:00:00+00:00
[2024-04-03T09:29:05.822+0200] {processor.py:179} INFO - Processing /home/lucas/anaconda3/lib/python3.11/site-packages/airflow/example_dags/example_branch_labels.py took 0.040 seconds
[2024-04-03T09:29:52.770+0200] {processor.py:157} INFO - Started process (PID=16846) to work on /home/lucas/anaconda3/lib/python3.11/site-packages/airflow/example_dags/example_branch_labels.py
[2024-04-03T09:29:52.773+0200] {processor.py:829} INFO - Processing file /home/lucas/anaconda3/lib/python3.11/site-packages/airflow/example_dags/example_branch_labels.py for tasks to queue
[2024-04-03T09:29:52.773+0200] {logging_mixin.py:154} INFO - [2024-04-03T09:29:52.773+0200] {dagbag.py:536} INFO - Filling up the DagBag from /home/lucas/anaconda3/lib/python3.11/site-packages/airflow/example_dags/example_branch_labels.py
[2024-04-03T09:29:52.777+0200] {processor.py:839} INFO - DAG(s) dict_keys(['example_branch_labels']) retrieved from /home/lucas/anaconda3/lib/python3.11/site-packages/airflow/example_dags/example_branch_labels.py
[2024-04-03T09:29:52.785+0200] {logging_mixin.py:154} INFO - [2024-04-03T09:29:52.785+0200] {dag.py:2941} INFO - Sync 1 DAGs
[2024-04-03T09:29:52.795+0200] {logging_mixin.py:154} INFO - [2024-04-03T09:29:52.794+0200] {dag.py:3722} INFO - Setting next_dagrun for example_branch_labels to 2024-04-02T00:00:00+00:00, run_after=2024-04-03T00:00:00+00:00
[2024-04-03T09:29:52.807+0200] {processor.py:179} INFO - Processing /home/lucas/anaconda3/lib/python3.11/site-packages/airflow/example_dags/example_branch_labels.py took 0.039 seconds
[2024-04-03T09:30:37.922+0200] {processor.py:157} INFO - Started process (PID=17098) to work on /home/lucas/anaconda3/lib/python3.11/site-packages/airflow/example_dags/example_branch_labels.py
[2024-04-03T09:30:37.925+0200] {processor.py:829} INFO - Processing file /home/lucas/anaconda3/lib/python3.11/site-packages/airflow/example_dags/example_branch_labels.py for tasks to queue
[2024-04-03T09:30:37.925+0200] {logging_mixin.py:154} INFO - [2024-04-03T09:30:37.925+0200] {dagbag.py:536} INFO - Filling up the DagBag from /home/lucas/anaconda3/lib/python3.11/site-packages/airflow/example_dags/example_branch_labels.py
[2024-04-03T09:30:37.929+0200] {processor.py:839} INFO - DAG(s) dict_keys(['example_branch_labels']) retrieved from /home/lucas/anaconda3/lib/python3.11/site-packages/airflow/example_dags/example_branch_labels.py
[2024-04-03T09:30:37.938+0200] {logging_mixin.py:154} INFO - [2024-04-03T09:30:37.938+0200] {dag.py:2941} INFO - Sync 1 DAGs
[2024-04-03T09:30:37.948+0200] {logging_mixin.py:154} INFO - [2024-04-03T09:30:37.948+0200] {dag.py:3722} INFO - Setting next_dagrun for example_branch_labels to 2024-04-02T00:00:00+00:00, run_after=2024-04-03T00:00:00+00:00
[2024-04-03T09:30:37.960+0200] {processor.py:179} INFO - Processing /home/lucas/anaconda3/lib/python3.11/site-packages/airflow/example_dags/example_branch_labels.py took 0.039 seconds
[2024-04-03T09:31:26.405+0200] {processor.py:157} INFO - Started process (PID=17177) to work on /home/lucas/anaconda3/lib/python3.11/site-packages/airflow/example_dags/example_branch_labels.py
[2024-04-03T09:31:26.407+0200] {processor.py:829} INFO - Processing file /home/lucas/anaconda3/lib/python3.11/site-packages/airflow/example_dags/example_branch_labels.py for tasks to queue
[2024-04-03T09:31:26.407+0200] {logging_mixin.py:154} INFO - [2024-04-03T09:31:26.407+0200] {dagbag.py:536} INFO - Filling up the DagBag from /home/lucas/anaconda3/lib/python3.11/site-packages/airflow/example_dags/example_branch_labels.py
[2024-04-03T09:31:26.411+0200] {processor.py:839} INFO - DAG(s) dict_keys(['example_branch_labels']) retrieved from /home/lucas/anaconda3/lib/python3.11/site-packages/airflow/example_dags/example_branch_labels.py
[2024-04-03T09:31:26.419+0200] {logging_mixin.py:154} INFO - [2024-04-03T09:31:26.419+0200] {dag.py:2941} INFO - Sync 1 DAGs
[2024-04-03T09:31:26.428+0200] {logging_mixin.py:154} INFO - [2024-04-03T09:31:26.428+0200] {dag.py:3722} INFO - Setting next_dagrun for example_branch_labels to 2024-04-02T00:00:00+00:00, run_after=2024-04-03T00:00:00+00:00
[2024-04-03T09:31:26.439+0200] {processor.py:179} INFO - Processing /home/lucas/anaconda3/lib/python3.11/site-packages/airflow/example_dags/example_branch_labels.py took 0.035 seconds
[2024-04-03T09:32:53.596+0200] {processor.py:157} INFO - Started process (PID=17895) to work on /home/lucas/anaconda3/lib/python3.11/site-packages/airflow/example_dags/example_branch_labels.py
[2024-04-03T09:32:53.599+0200] {processor.py:829} INFO - Processing file /home/lucas/anaconda3/lib/python3.11/site-packages/airflow/example_dags/example_branch_labels.py for tasks to queue
[2024-04-03T09:32:53.600+0200] {logging_mixin.py:154} INFO - [2024-04-03T09:32:53.599+0200] {dagbag.py:536} INFO - Filling up the DagBag from /home/lucas/anaconda3/lib/python3.11/site-packages/airflow/example_dags/example_branch_labels.py
[2024-04-03T09:32:53.604+0200] {processor.py:839} INFO - DAG(s) dict_keys(['example_branch_labels']) retrieved from /home/lucas/anaconda3/lib/python3.11/site-packages/airflow/example_dags/example_branch_labels.py
[2024-04-03T09:32:53.614+0200] {logging_mixin.py:154} INFO - [2024-04-03T09:32:53.614+0200] {dag.py:2941} INFO - Sync 1 DAGs
[2024-04-03T09:32:53.625+0200] {logging_mixin.py:154} INFO - [2024-04-03T09:32:53.625+0200] {dag.py:3722} INFO - Setting next_dagrun for example_branch_labels to 2024-04-02T00:00:00+00:00, run_after=2024-04-03T00:00:00+00:00
[2024-04-03T09:32:53.638+0200] {processor.py:179} INFO - Processing /home/lucas/anaconda3/lib/python3.11/site-packages/airflow/example_dags/example_branch_labels.py took 0.043 seconds
[2024-04-03T09:33:38.660+0200] {processor.py:157} INFO - Started process (PID=18181) to work on /home/lucas/anaconda3/lib/python3.11/site-packages/airflow/example_dags/example_branch_labels.py
[2024-04-03T09:33:38.661+0200] {processor.py:829} INFO - Processing file /home/lucas/anaconda3/lib/python3.11/site-packages/airflow/example_dags/example_branch_labels.py for tasks to queue
[2024-04-03T09:33:38.662+0200] {logging_mixin.py:154} INFO - [2024-04-03T09:33:38.662+0200] {dagbag.py:536} INFO - Filling up the DagBag from /home/lucas/anaconda3/lib/python3.11/site-packages/airflow/example_dags/example_branch_labels.py
[2024-04-03T09:33:38.665+0200] {processor.py:839} INFO - DAG(s) dict_keys(['example_branch_labels']) retrieved from /home/lucas/anaconda3/lib/python3.11/site-packages/airflow/example_dags/example_branch_labels.py
[2024-04-03T09:33:38.674+0200] {logging_mixin.py:154} INFO - [2024-04-03T09:33:38.674+0200] {dag.py:2941} INFO - Sync 1 DAGs
[2024-04-03T09:33:38.684+0200] {logging_mixin.py:154} INFO - [2024-04-03T09:33:38.684+0200] {dag.py:3722} INFO - Setting next_dagrun for example_branch_labels to 2024-04-02T00:00:00+00:00, run_after=2024-04-03T00:00:00+00:00
[2024-04-03T09:33:38.695+0200] {processor.py:179} INFO - Processing /home/lucas/anaconda3/lib/python3.11/site-packages/airflow/example_dags/example_branch_labels.py took 0.036 seconds
[2024-04-03T09:34:20.953+0200] {processor.py:157} INFO - Started process (PID=18495) to work on /home/lucas/anaconda3/lib/python3.11/site-packages/airflow/example_dags/example_branch_labels.py
[2024-04-03T09:34:20.954+0200] {processor.py:829} INFO - Processing file /home/lucas/anaconda3/lib/python3.11/site-packages/airflow/example_dags/example_branch_labels.py for tasks to queue
[2024-04-03T09:34:20.954+0200] {logging_mixin.py:154} INFO - [2024-04-03T09:34:20.954+0200] {dagbag.py:536} INFO - Filling up the DagBag from /home/lucas/anaconda3/lib/python3.11/site-packages/airflow/example_dags/example_branch_labels.py
[2024-04-03T09:34:20.958+0200] {processor.py:839} INFO - DAG(s) dict_keys(['example_branch_labels']) retrieved from /home/lucas/anaconda3/lib/python3.11/site-packages/airflow/example_dags/example_branch_labels.py
[2024-04-03T09:34:20.970+0200] {logging_mixin.py:154} INFO - [2024-04-03T09:34:20.970+0200] {dag.py:2941} INFO - Sync 1 DAGs
[2024-04-03T09:34:20.981+0200] {logging_mixin.py:154} INFO - [2024-04-03T09:34:20.981+0200] {dag.py:3722} INFO - Setting next_dagrun for example_branch_labels to 2024-04-02T00:00:00+00:00, run_after=2024-04-03T00:00:00+00:00
[2024-04-03T09:34:20.993+0200] {processor.py:179} INFO - Processing /home/lucas/anaconda3/lib/python3.11/site-packages/airflow/example_dags/example_branch_labels.py took 0.042 seconds
[2024-04-03T09:35:31.818+0200] {processor.py:157} INFO - Started process (PID=19154) to work on /home/lucas/anaconda3/lib/python3.11/site-packages/airflow/example_dags/example_branch_labels.py
[2024-04-03T09:35:31.819+0200] {processor.py:829} INFO - Processing file /home/lucas/anaconda3/lib/python3.11/site-packages/airflow/example_dags/example_branch_labels.py for tasks to queue
[2024-04-03T09:35:31.819+0200] {logging_mixin.py:154} INFO - [2024-04-03T09:35:31.819+0200] {dagbag.py:536} INFO - Filling up the DagBag from /home/lucas/anaconda3/lib/python3.11/site-packages/airflow/example_dags/example_branch_labels.py
[2024-04-03T09:35:31.823+0200] {processor.py:839} INFO - DAG(s) dict_keys(['example_branch_labels']) retrieved from /home/lucas/anaconda3/lib/python3.11/site-packages/airflow/example_dags/example_branch_labels.py
[2024-04-03T09:35:31.833+0200] {logging_mixin.py:154} INFO - [2024-04-03T09:35:31.833+0200] {dag.py:2941} INFO - Sync 1 DAGs
[2024-04-03T09:35:31.843+0200] {logging_mixin.py:154} INFO - [2024-04-03T09:35:31.843+0200] {dag.py:3722} INFO - Setting next_dagrun for example_branch_labels to 2024-04-02T00:00:00+00:00, run_after=2024-04-03T00:00:00+00:00
[2024-04-03T09:35:31.854+0200] {processor.py:179} INFO - Processing /home/lucas/anaconda3/lib/python3.11/site-packages/airflow/example_dags/example_branch_labels.py took 0.038 seconds
[2024-04-03T09:36:16.835+0200] {processor.py:157} INFO - Started process (PID=19380) to work on /home/lucas/anaconda3/lib/python3.11/site-packages/airflow/example_dags/example_branch_labels.py
[2024-04-03T09:36:16.836+0200] {processor.py:829} INFO - Processing file /home/lucas/anaconda3/lib/python3.11/site-packages/airflow/example_dags/example_branch_labels.py for tasks to queue
[2024-04-03T09:36:16.837+0200] {logging_mixin.py:154} INFO - [2024-04-03T09:36:16.837+0200] {dagbag.py:536} INFO - Filling up the DagBag from /home/lucas/anaconda3/lib/python3.11/site-packages/airflow/example_dags/example_branch_labels.py
[2024-04-03T09:36:16.841+0200] {processor.py:839} INFO - DAG(s) dict_keys(['example_branch_labels']) retrieved from /home/lucas/anaconda3/lib/python3.11/site-packages/airflow/example_dags/example_branch_labels.py
[2024-04-03T09:36:16.850+0200] {logging_mixin.py:154} INFO - [2024-04-03T09:36:16.850+0200] {dag.py:2941} INFO - Sync 1 DAGs
[2024-04-03T09:36:16.860+0200] {logging_mixin.py:154} INFO - [2024-04-03T09:36:16.860+0200] {dag.py:3722} INFO - Setting next_dagrun for example_branch_labels to 2024-04-02T00:00:00+00:00, run_after=2024-04-03T00:00:00+00:00
[2024-04-03T09:36:16.873+0200] {processor.py:179} INFO - Processing /home/lucas/anaconda3/lib/python3.11/site-packages/airflow/example_dags/example_branch_labels.py took 0.039 seconds
[2024-04-03T09:36:59.003+0200] {processor.py:157} INFO - Started process (PID=19535) to work on /home/lucas/anaconda3/lib/python3.11/site-packages/airflow/example_dags/example_branch_labels.py
[2024-04-03T09:36:59.006+0200] {processor.py:829} INFO - Processing file /home/lucas/anaconda3/lib/python3.11/site-packages/airflow/example_dags/example_branch_labels.py for tasks to queue
[2024-04-03T09:36:59.006+0200] {logging_mixin.py:154} INFO - [2024-04-03T09:36:59.006+0200] {dagbag.py:536} INFO - Filling up the DagBag from /home/lucas/anaconda3/lib/python3.11/site-packages/airflow/example_dags/example_branch_labels.py
[2024-04-03T09:36:59.010+0200] {processor.py:839} INFO - DAG(s) dict_keys(['example_branch_labels']) retrieved from /home/lucas/anaconda3/lib/python3.11/site-packages/airflow/example_dags/example_branch_labels.py
[2024-04-03T09:36:59.019+0200] {logging_mixin.py:154} INFO - [2024-04-03T09:36:59.019+0200] {dag.py:2941} INFO - Sync 1 DAGs
[2024-04-03T09:36:59.028+0200] {logging_mixin.py:154} INFO - [2024-04-03T09:36:59.028+0200] {dag.py:3722} INFO - Setting next_dagrun for example_branch_labels to 2024-04-02T00:00:00+00:00, run_after=2024-04-03T00:00:00+00:00
[2024-04-03T09:36:59.039+0200] {processor.py:179} INFO - Processing /home/lucas/anaconda3/lib/python3.11/site-packages/airflow/example_dags/example_branch_labels.py took 0.037 seconds
[2024-04-03T09:37:58.265+0200] {processor.py:157} INFO - Started process (PID=19686) to work on /home/lucas/anaconda3/lib/python3.11/site-packages/airflow/example_dags/example_branch_labels.py
[2024-04-03T09:37:58.268+0200] {processor.py:829} INFO - Processing file /home/lucas/anaconda3/lib/python3.11/site-packages/airflow/example_dags/example_branch_labels.py for tasks to queue
[2024-04-03T09:37:58.268+0200] {logging_mixin.py:154} INFO - [2024-04-03T09:37:58.268+0200] {dagbag.py:536} INFO - Filling up the DagBag from /home/lucas/anaconda3/lib/python3.11/site-packages/airflow/example_dags/example_branch_labels.py
[2024-04-03T09:37:58.272+0200] {processor.py:839} INFO - DAG(s) dict_keys(['example_branch_labels']) retrieved from /home/lucas/anaconda3/lib/python3.11/site-packages/airflow/example_dags/example_branch_labels.py
[2024-04-03T09:37:58.281+0200] {logging_mixin.py:154} INFO - [2024-04-03T09:37:58.281+0200] {dag.py:2941} INFO - Sync 1 DAGs
[2024-04-03T09:37:58.290+0200] {logging_mixin.py:154} INFO - [2024-04-03T09:37:58.290+0200] {dag.py:3722} INFO - Setting next_dagrun for example_branch_labels to 2024-04-02T00:00:00+00:00, run_after=2024-04-03T00:00:00+00:00
[2024-04-03T09:37:58.303+0200] {processor.py:179} INFO - Processing /home/lucas/anaconda3/lib/python3.11/site-packages/airflow/example_dags/example_branch_labels.py took 0.039 seconds
[2024-04-03T09:38:42.499+0200] {processor.py:157} INFO - Started process (PID=19743) to work on /home/lucas/anaconda3/lib/python3.11/site-packages/airflow/example_dags/example_branch_labels.py
[2024-04-03T09:38:42.502+0200] {processor.py:829} INFO - Processing file /home/lucas/anaconda3/lib/python3.11/site-packages/airflow/example_dags/example_branch_labels.py for tasks to queue
[2024-04-03T09:38:42.502+0200] {logging_mixin.py:154} INFO - [2024-04-03T09:38:42.502+0200] {dagbag.py:536} INFO - Filling up the DagBag from /home/lucas/anaconda3/lib/python3.11/site-packages/airflow/example_dags/example_branch_labels.py
[2024-04-03T09:38:42.506+0200] {processor.py:839} INFO - DAG(s) dict_keys(['example_branch_labels']) retrieved from /home/lucas/anaconda3/lib/python3.11/site-packages/airflow/example_dags/example_branch_labels.py
[2024-04-03T09:38:42.514+0200] {logging_mixin.py:154} INFO - [2024-04-03T09:38:42.514+0200] {dag.py:2941} INFO - Sync 1 DAGs
[2024-04-03T09:38:42.524+0200] {logging_mixin.py:154} INFO - [2024-04-03T09:38:42.523+0200] {dag.py:3722} INFO - Setting next_dagrun for example_branch_labels to 2024-04-02T00:00:00+00:00, run_after=2024-04-03T00:00:00+00:00
[2024-04-03T09:38:42.536+0200] {processor.py:179} INFO - Processing /home/lucas/anaconda3/lib/python3.11/site-packages/airflow/example_dags/example_branch_labels.py took 0.038 seconds
[2024-04-03T09:39:30.477+0200] {processor.py:157} INFO - Started process (PID=19864) to work on /home/lucas/anaconda3/lib/python3.11/site-packages/airflow/example_dags/example_branch_labels.py
[2024-04-03T09:39:30.480+0200] {processor.py:829} INFO - Processing file /home/lucas/anaconda3/lib/python3.11/site-packages/airflow/example_dags/example_branch_labels.py for tasks to queue
[2024-04-03T09:39:30.480+0200] {logging_mixin.py:154} INFO - [2024-04-03T09:39:30.480+0200] {dagbag.py:536} INFO - Filling up the DagBag from /home/lucas/anaconda3/lib/python3.11/site-packages/airflow/example_dags/example_branch_labels.py
[2024-04-03T09:39:30.484+0200] {processor.py:839} INFO - DAG(s) dict_keys(['example_branch_labels']) retrieved from /home/lucas/anaconda3/lib/python3.11/site-packages/airflow/example_dags/example_branch_labels.py
[2024-04-03T09:39:30.492+0200] {logging_mixin.py:154} INFO - [2024-04-03T09:39:30.492+0200] {dag.py:2941} INFO - Sync 1 DAGs
[2024-04-03T09:39:30.502+0200] {logging_mixin.py:154} INFO - [2024-04-03T09:39:30.502+0200] {dag.py:3722} INFO - Setting next_dagrun for example_branch_labels to 2024-04-02T00:00:00+00:00, run_after=2024-04-03T00:00:00+00:00
[2024-04-03T09:39:30.513+0200] {processor.py:179} INFO - Processing /home/lucas/anaconda3/lib/python3.11/site-packages/airflow/example_dags/example_branch_labels.py took 0.038 seconds
[2024-04-03T09:40:18.853+0200] {processor.py:157} INFO - Started process (PID=20048) to work on /home/lucas/anaconda3/lib/python3.11/site-packages/airflow/example_dags/example_branch_labels.py
[2024-04-03T09:40:18.855+0200] {processor.py:829} INFO - Processing file /home/lucas/anaconda3/lib/python3.11/site-packages/airflow/example_dags/example_branch_labels.py for tasks to queue
[2024-04-03T09:40:18.856+0200] {logging_mixin.py:154} INFO - [2024-04-03T09:40:18.856+0200] {dagbag.py:536} INFO - Filling up the DagBag from /home/lucas/anaconda3/lib/python3.11/site-packages/airflow/example_dags/example_branch_labels.py
[2024-04-03T09:40:18.859+0200] {processor.py:839} INFO - DAG(s) dict_keys(['example_branch_labels']) retrieved from /home/lucas/anaconda3/lib/python3.11/site-packages/airflow/example_dags/example_branch_labels.py
[2024-04-03T09:40:18.868+0200] {logging_mixin.py:154} INFO - [2024-04-03T09:40:18.868+0200] {dag.py:2941} INFO - Sync 1 DAGs
[2024-04-03T09:40:18.877+0200] {logging_mixin.py:154} INFO - [2024-04-03T09:40:18.877+0200] {dag.py:3722} INFO - Setting next_dagrun for example_branch_labels to 2024-04-02T00:00:00+00:00, run_after=2024-04-03T00:00:00+00:00
[2024-04-03T09:40:18.889+0200] {processor.py:179} INFO - Processing /home/lucas/anaconda3/lib/python3.11/site-packages/airflow/example_dags/example_branch_labels.py took 0.037 seconds
[2024-04-03T09:41:04.346+0200] {processor.py:157} INFO - Started process (PID=20166) to work on /home/lucas/anaconda3/lib/python3.11/site-packages/airflow/example_dags/example_branch_labels.py
[2024-04-03T09:41:04.347+0200] {processor.py:829} INFO - Processing file /home/lucas/anaconda3/lib/python3.11/site-packages/airflow/example_dags/example_branch_labels.py for tasks to queue
[2024-04-03T09:41:04.348+0200] {logging_mixin.py:154} INFO - [2024-04-03T09:41:04.348+0200] {dagbag.py:536} INFO - Filling up the DagBag from /home/lucas/anaconda3/lib/python3.11/site-packages/airflow/example_dags/example_branch_labels.py
[2024-04-03T09:41:04.352+0200] {processor.py:839} INFO - DAG(s) dict_keys(['example_branch_labels']) retrieved from /home/lucas/anaconda3/lib/python3.11/site-packages/airflow/example_dags/example_branch_labels.py
[2024-04-03T09:41:04.360+0200] {logging_mixin.py:154} INFO - [2024-04-03T09:41:04.360+0200] {dag.py:2941} INFO - Sync 1 DAGs
[2024-04-03T09:41:04.370+0200] {logging_mixin.py:154} INFO - [2024-04-03T09:41:04.369+0200] {dag.py:3722} INFO - Setting next_dagrun for example_branch_labels to 2024-04-02T00:00:00+00:00, run_after=2024-04-03T00:00:00+00:00
[2024-04-03T09:41:04.381+0200] {processor.py:179} INFO - Processing /home/lucas/anaconda3/lib/python3.11/site-packages/airflow/example_dags/example_branch_labels.py took 0.036 seconds
[2024-04-03T09:42:02.546+0200] {processor.py:157} INFO - Started process (PID=20310) to work on /home/lucas/anaconda3/lib/python3.11/site-packages/airflow/example_dags/example_branch_labels.py
[2024-04-03T09:42:02.548+0200] {processor.py:829} INFO - Processing file /home/lucas/anaconda3/lib/python3.11/site-packages/airflow/example_dags/example_branch_labels.py for tasks to queue
[2024-04-03T09:42:02.549+0200] {logging_mixin.py:154} INFO - [2024-04-03T09:42:02.549+0200] {dagbag.py:536} INFO - Filling up the DagBag from /home/lucas/anaconda3/lib/python3.11/site-packages/airflow/example_dags/example_branch_labels.py
[2024-04-03T09:42:02.552+0200] {processor.py:839} INFO - DAG(s) dict_keys(['example_branch_labels']) retrieved from /home/lucas/anaconda3/lib/python3.11/site-packages/airflow/example_dags/example_branch_labels.py
[2024-04-03T09:42:02.561+0200] {logging_mixin.py:154} INFO - [2024-04-03T09:42:02.561+0200] {dag.py:2941} INFO - Sync 1 DAGs
[2024-04-03T09:42:02.570+0200] {logging_mixin.py:154} INFO - [2024-04-03T09:42:02.570+0200] {dag.py:3722} INFO - Setting next_dagrun for example_branch_labels to 2024-04-02T00:00:00+00:00, run_after=2024-04-03T00:00:00+00:00
[2024-04-03T09:42:02.582+0200] {processor.py:179} INFO - Processing /home/lucas/anaconda3/lib/python3.11/site-packages/airflow/example_dags/example_branch_labels.py took 0.038 seconds
[2024-04-03T09:43:00.735+0200] {processor.py:157} INFO - Started process (PID=20536) to work on /home/lucas/anaconda3/lib/python3.11/site-packages/airflow/example_dags/example_branch_labels.py
[2024-04-03T09:43:00.738+0200] {processor.py:829} INFO - Processing file /home/lucas/anaconda3/lib/python3.11/site-packages/airflow/example_dags/example_branch_labels.py for tasks to queue
[2024-04-03T09:43:00.739+0200] {logging_mixin.py:154} INFO - [2024-04-03T09:43:00.738+0200] {dagbag.py:536} INFO - Filling up the DagBag from /home/lucas/anaconda3/lib/python3.11/site-packages/airflow/example_dags/example_branch_labels.py
[2024-04-03T09:43:00.742+0200] {processor.py:839} INFO - DAG(s) dict_keys(['example_branch_labels']) retrieved from /home/lucas/anaconda3/lib/python3.11/site-packages/airflow/example_dags/example_branch_labels.py
[2024-04-03T09:43:00.751+0200] {logging_mixin.py:154} INFO - [2024-04-03T09:43:00.751+0200] {dag.py:2941} INFO - Sync 1 DAGs
[2024-04-03T09:43:00.760+0200] {logging_mixin.py:154} INFO - [2024-04-03T09:43:00.760+0200] {dag.py:3722} INFO - Setting next_dagrun for example_branch_labels to 2024-04-02T00:00:00+00:00, run_after=2024-04-03T00:00:00+00:00
[2024-04-03T09:43:00.772+0200] {processor.py:179} INFO - Processing /home/lucas/anaconda3/lib/python3.11/site-packages/airflow/example_dags/example_branch_labels.py took 0.038 seconds
[2024-04-03T09:43:48.951+0200] {processor.py:157} INFO - Started process (PID=20598) to work on /home/lucas/anaconda3/lib/python3.11/site-packages/airflow/example_dags/example_branch_labels.py
[2024-04-03T09:43:48.954+0200] {processor.py:829} INFO - Processing file /home/lucas/anaconda3/lib/python3.11/site-packages/airflow/example_dags/example_branch_labels.py for tasks to queue
[2024-04-03T09:43:48.954+0200] {logging_mixin.py:154} INFO - [2024-04-03T09:43:48.954+0200] {dagbag.py:536} INFO - Filling up the DagBag from /home/lucas/anaconda3/lib/python3.11/site-packages/airflow/example_dags/example_branch_labels.py
[2024-04-03T09:43:48.958+0200] {processor.py:839} INFO - DAG(s) dict_keys(['example_branch_labels']) retrieved from /home/lucas/anaconda3/lib/python3.11/site-packages/airflow/example_dags/example_branch_labels.py
[2024-04-03T09:43:48.967+0200] {logging_mixin.py:154} INFO - [2024-04-03T09:43:48.967+0200] {dag.py:2941} INFO - Sync 1 DAGs
[2024-04-03T09:43:48.976+0200] {logging_mixin.py:154} INFO - [2024-04-03T09:43:48.976+0200] {dag.py:3722} INFO - Setting next_dagrun for example_branch_labels to 2024-04-02T00:00:00+00:00, run_after=2024-04-03T00:00:00+00:00
[2024-04-03T09:43:48.987+0200] {processor.py:179} INFO - Processing /home/lucas/anaconda3/lib/python3.11/site-packages/airflow/example_dags/example_branch_labels.py took 0.037 seconds
[2024-04-03T09:44:35.079+0200] {processor.py:157} INFO - Started process (PID=20994) to work on /home/lucas/anaconda3/lib/python3.11/site-packages/airflow/example_dags/example_branch_labels.py
[2024-04-03T09:44:35.081+0200] {processor.py:829} INFO - Processing file /home/lucas/anaconda3/lib/python3.11/site-packages/airflow/example_dags/example_branch_labels.py for tasks to queue
[2024-04-03T09:44:35.082+0200] {logging_mixin.py:154} INFO - [2024-04-03T09:44:35.082+0200] {dagbag.py:536} INFO - Filling up the DagBag from /home/lucas/anaconda3/lib/python3.11/site-packages/airflow/example_dags/example_branch_labels.py
[2024-04-03T09:44:35.086+0200] {processor.py:839} INFO - DAG(s) dict_keys(['example_branch_labels']) retrieved from /home/lucas/anaconda3/lib/python3.11/site-packages/airflow/example_dags/example_branch_labels.py
[2024-04-03T09:44:35.094+0200] {logging_mixin.py:154} INFO - [2024-04-03T09:44:35.094+0200] {dag.py:2941} INFO - Sync 1 DAGs
[2024-04-03T09:44:35.104+0200] {logging_mixin.py:154} INFO - [2024-04-03T09:44:35.104+0200] {dag.py:3722} INFO - Setting next_dagrun for example_branch_labels to 2024-04-02T00:00:00+00:00, run_after=2024-04-03T00:00:00+00:00
[2024-04-03T09:44:35.117+0200] {processor.py:179} INFO - Processing /home/lucas/anaconda3/lib/python3.11/site-packages/airflow/example_dags/example_branch_labels.py took 0.040 seconds
[2024-04-03T09:45:27.346+0200] {processor.py:157} INFO - Started process (PID=21219) to work on /home/lucas/anaconda3/lib/python3.11/site-packages/airflow/example_dags/example_branch_labels.py
[2024-04-03T09:45:27.347+0200] {processor.py:829} INFO - Processing file /home/lucas/anaconda3/lib/python3.11/site-packages/airflow/example_dags/example_branch_labels.py for tasks to queue
[2024-04-03T09:45:27.347+0200] {logging_mixin.py:154} INFO - [2024-04-03T09:45:27.347+0200] {dagbag.py:536} INFO - Filling up the DagBag from /home/lucas/anaconda3/lib/python3.11/site-packages/airflow/example_dags/example_branch_labels.py
[2024-04-03T09:45:27.351+0200] {processor.py:839} INFO - DAG(s) dict_keys(['example_branch_labels']) retrieved from /home/lucas/anaconda3/lib/python3.11/site-packages/airflow/example_dags/example_branch_labels.py
[2024-04-03T09:45:27.360+0200] {logging_mixin.py:154} INFO - [2024-04-03T09:45:27.360+0200] {dag.py:2941} INFO - Sync 1 DAGs
[2024-04-03T09:45:27.370+0200] {logging_mixin.py:154} INFO - [2024-04-03T09:45:27.370+0200] {dag.py:3722} INFO - Setting next_dagrun for example_branch_labels to 2024-04-02T00:00:00+00:00, run_after=2024-04-03T00:00:00+00:00
[2024-04-03T09:45:27.381+0200] {processor.py:179} INFO - Processing /home/lucas/anaconda3/lib/python3.11/site-packages/airflow/example_dags/example_branch_labels.py took 0.037 seconds
[2024-04-03T09:48:31.448+0200] {processor.py:157} INFO - Started process (PID=21969) to work on /home/lucas/anaconda3/lib/python3.11/site-packages/airflow/example_dags/example_branch_labels.py
[2024-04-03T09:48:31.450+0200] {processor.py:829} INFO - Processing file /home/lucas/anaconda3/lib/python3.11/site-packages/airflow/example_dags/example_branch_labels.py for tasks to queue
[2024-04-03T09:48:31.451+0200] {logging_mixin.py:154} INFO - [2024-04-03T09:48:31.451+0200] {dagbag.py:536} INFO - Filling up the DagBag from /home/lucas/anaconda3/lib/python3.11/site-packages/airflow/example_dags/example_branch_labels.py
[2024-04-03T09:48:31.454+0200] {processor.py:839} INFO - DAG(s) dict_keys(['example_branch_labels']) retrieved from /home/lucas/anaconda3/lib/python3.11/site-packages/airflow/example_dags/example_branch_labels.py
[2024-04-03T09:48:31.464+0200] {logging_mixin.py:154} INFO - [2024-04-03T09:48:31.464+0200] {dag.py:2941} INFO - Sync 1 DAGs
[2024-04-03T09:48:31.473+0200] {logging_mixin.py:154} INFO - [2024-04-03T09:48:31.473+0200] {dag.py:3722} INFO - Setting next_dagrun for example_branch_labels to 2024-04-02T00:00:00+00:00, run_after=2024-04-03T00:00:00+00:00
[2024-04-03T09:48:31.485+0200] {processor.py:179} INFO - Processing /home/lucas/anaconda3/lib/python3.11/site-packages/airflow/example_dags/example_branch_labels.py took 0.039 seconds
[2024-04-03T09:49:29.114+0200] {processor.py:157} INFO - Started process (PID=22330) to work on /home/lucas/anaconda3/lib/python3.11/site-packages/airflow/example_dags/example_branch_labels.py
[2024-04-03T09:49:29.117+0200] {processor.py:829} INFO - Processing file /home/lucas/anaconda3/lib/python3.11/site-packages/airflow/example_dags/example_branch_labels.py for tasks to queue
[2024-04-03T09:49:29.117+0200] {logging_mixin.py:154} INFO - [2024-04-03T09:49:29.117+0200] {dagbag.py:536} INFO - Filling up the DagBag from /home/lucas/anaconda3/lib/python3.11/site-packages/airflow/example_dags/example_branch_labels.py
[2024-04-03T09:49:29.122+0200] {processor.py:839} INFO - DAG(s) dict_keys(['example_branch_labels']) retrieved from /home/lucas/anaconda3/lib/python3.11/site-packages/airflow/example_dags/example_branch_labels.py
[2024-04-03T09:49:29.134+0200] {logging_mixin.py:154} INFO - [2024-04-03T09:49:29.134+0200] {dag.py:2941} INFO - Sync 1 DAGs
[2024-04-03T09:49:29.145+0200] {logging_mixin.py:154} INFO - [2024-04-03T09:49:29.145+0200] {dag.py:3722} INFO - Setting next_dagrun for example_branch_labels to 2024-04-02T00:00:00+00:00, run_after=2024-04-03T00:00:00+00:00
[2024-04-03T09:49:29.157+0200] {processor.py:179} INFO - Processing /home/lucas/anaconda3/lib/python3.11/site-packages/airflow/example_dags/example_branch_labels.py took 0.045 seconds
[2024-04-03T09:50:21.538+0200] {processor.py:157} INFO - Started process (PID=22493) to work on /home/lucas/anaconda3/lib/python3.11/site-packages/airflow/example_dags/example_branch_labels.py
[2024-04-03T09:50:21.541+0200] {processor.py:829} INFO - Processing file /home/lucas/anaconda3/lib/python3.11/site-packages/airflow/example_dags/example_branch_labels.py for tasks to queue
[2024-04-03T09:50:21.541+0200] {logging_mixin.py:154} INFO - [2024-04-03T09:50:21.541+0200] {dagbag.py:536} INFO - Filling up the DagBag from /home/lucas/anaconda3/lib/python3.11/site-packages/airflow/example_dags/example_branch_labels.py
[2024-04-03T09:50:21.545+0200] {processor.py:839} INFO - DAG(s) dict_keys(['example_branch_labels']) retrieved from /home/lucas/anaconda3/lib/python3.11/site-packages/airflow/example_dags/example_branch_labels.py
[2024-04-03T09:50:21.553+0200] {logging_mixin.py:154} INFO - [2024-04-03T09:50:21.553+0200] {dag.py:2941} INFO - Sync 1 DAGs
[2024-04-03T09:50:21.563+0200] {logging_mixin.py:154} INFO - [2024-04-03T09:50:21.563+0200] {dag.py:3722} INFO - Setting next_dagrun for example_branch_labels to 2024-04-02T00:00:00+00:00, run_after=2024-04-03T00:00:00+00:00
[2024-04-03T09:50:21.576+0200] {processor.py:179} INFO - Processing /home/lucas/anaconda3/lib/python3.11/site-packages/airflow/example_dags/example_branch_labels.py took 0.039 seconds
[2024-04-03T09:51:09.172+0200] {processor.py:157} INFO - Started process (PID=22917) to work on /home/lucas/anaconda3/lib/python3.11/site-packages/airflow/example_dags/example_branch_labels.py
[2024-04-03T09:51:09.174+0200] {processor.py:829} INFO - Processing file /home/lucas/anaconda3/lib/python3.11/site-packages/airflow/example_dags/example_branch_labels.py for tasks to queue
[2024-04-03T09:51:09.175+0200] {logging_mixin.py:154} INFO - [2024-04-03T09:51:09.175+0200] {dagbag.py:536} INFO - Filling up the DagBag from /home/lucas/anaconda3/lib/python3.11/site-packages/airflow/example_dags/example_branch_labels.py
[2024-04-03T09:51:09.179+0200] {processor.py:839} INFO - DAG(s) dict_keys(['example_branch_labels']) retrieved from /home/lucas/anaconda3/lib/python3.11/site-packages/airflow/example_dags/example_branch_labels.py
[2024-04-03T09:51:09.187+0200] {logging_mixin.py:154} INFO - [2024-04-03T09:51:09.187+0200] {dag.py:2941} INFO - Sync 1 DAGs
[2024-04-03T09:51:09.197+0200] {logging_mixin.py:154} INFO - [2024-04-03T09:51:09.197+0200] {dag.py:3722} INFO - Setting next_dagrun for example_branch_labels to 2024-04-02T00:00:00+00:00, run_after=2024-04-03T00:00:00+00:00
[2024-04-03T09:51:09.210+0200] {processor.py:179} INFO - Processing /home/lucas/anaconda3/lib/python3.11/site-packages/airflow/example_dags/example_branch_labels.py took 0.040 seconds
[2024-04-03T09:54:29.263+0200] {processor.py:157} INFO - Started process (PID=23812) to work on /home/lucas/anaconda3/lib/python3.11/site-packages/airflow/example_dags/example_branch_labels.py
[2024-04-03T09:54:29.266+0200] {processor.py:829} INFO - Processing file /home/lucas/anaconda3/lib/python3.11/site-packages/airflow/example_dags/example_branch_labels.py for tasks to queue
[2024-04-03T09:54:29.266+0200] {logging_mixin.py:154} INFO - [2024-04-03T09:54:29.266+0200] {dagbag.py:536} INFO - Filling up the DagBag from /home/lucas/anaconda3/lib/python3.11/site-packages/airflow/example_dags/example_branch_labels.py
[2024-04-03T09:54:29.270+0200] {processor.py:839} INFO - DAG(s) dict_keys(['example_branch_labels']) retrieved from /home/lucas/anaconda3/lib/python3.11/site-packages/airflow/example_dags/example_branch_labels.py
[2024-04-03T09:54:29.279+0200] {logging_mixin.py:154} INFO - [2024-04-03T09:54:29.279+0200] {dag.py:2941} INFO - Sync 1 DAGs
[2024-04-03T09:54:29.289+0200] {logging_mixin.py:154} INFO - [2024-04-03T09:54:29.289+0200] {dag.py:3722} INFO - Setting next_dagrun for example_branch_labels to 2024-04-02T00:00:00+00:00, run_after=2024-04-03T00:00:00+00:00
[2024-04-03T09:54:29.301+0200] {processor.py:179} INFO - Processing /home/lucas/anaconda3/lib/python3.11/site-packages/airflow/example_dags/example_branch_labels.py took 0.039 seconds
[2024-04-03T10:00:12.980+0200] {processor.py:157} INFO - Started process (PID=93057) to work on /home/lucas/anaconda3/lib/python3.11/site-packages/airflow/example_dags/example_branch_labels.py
[2024-04-03T10:00:12.983+0200] {processor.py:829} INFO - Processing file /home/lucas/anaconda3/lib/python3.11/site-packages/airflow/example_dags/example_branch_labels.py for tasks to queue
[2024-04-03T10:00:12.983+0200] {logging_mixin.py:154} INFO - [2024-04-03T10:00:12.983+0200] {dagbag.py:536} INFO - Filling up the DagBag from /home/lucas/anaconda3/lib/python3.11/site-packages/airflow/example_dags/example_branch_labels.py
[2024-04-03T10:00:12.987+0200] {processor.py:839} INFO - DAG(s) dict_keys(['example_branch_labels']) retrieved from /home/lucas/anaconda3/lib/python3.11/site-packages/airflow/example_dags/example_branch_labels.py
[2024-04-03T10:00:12.999+0200] {logging_mixin.py:154} INFO - [2024-04-03T10:00:12.999+0200] {dag.py:2941} INFO - Sync 1 DAGs
[2024-04-03T10:00:13.011+0200] {logging_mixin.py:154} INFO - [2024-04-03T10:00:13.011+0200] {dag.py:3722} INFO - Setting next_dagrun for example_branch_labels to 2024-04-02T00:00:00+00:00, run_after=2024-04-03T00:00:00+00:00
[2024-04-03T10:00:13.024+0200] {processor.py:179} INFO - Processing /home/lucas/anaconda3/lib/python3.11/site-packages/airflow/example_dags/example_branch_labels.py took 0.046 seconds
[2024-04-03T10:01:53.950+0200] {processor.py:157} INFO - Started process (PID=93829) to work on /home/lucas/anaconda3/lib/python3.11/site-packages/airflow/example_dags/example_branch_labels.py
[2024-04-03T10:01:53.953+0200] {processor.py:829} INFO - Processing file /home/lucas/anaconda3/lib/python3.11/site-packages/airflow/example_dags/example_branch_labels.py for tasks to queue
[2024-04-03T10:01:53.954+0200] {logging_mixin.py:154} INFO - [2024-04-03T10:01:53.953+0200] {dagbag.py:536} INFO - Filling up the DagBag from /home/lucas/anaconda3/lib/python3.11/site-packages/airflow/example_dags/example_branch_labels.py
[2024-04-03T10:01:53.958+0200] {processor.py:839} INFO - DAG(s) dict_keys(['example_branch_labels']) retrieved from /home/lucas/anaconda3/lib/python3.11/site-packages/airflow/example_dags/example_branch_labels.py
[2024-04-03T10:01:53.967+0200] {logging_mixin.py:154} INFO - [2024-04-03T10:01:53.967+0200] {dag.py:2941} INFO - Sync 1 DAGs
[2024-04-03T10:01:53.978+0200] {logging_mixin.py:154} INFO - [2024-04-03T10:01:53.978+0200] {dag.py:3722} INFO - Setting next_dagrun for example_branch_labels to 2024-04-02T00:00:00+00:00, run_after=2024-04-03T00:00:00+00:00
[2024-04-03T10:01:53.991+0200] {processor.py:179} INFO - Processing /home/lucas/anaconda3/lib/python3.11/site-packages/airflow/example_dags/example_branch_labels.py took 0.043 seconds
[2024-04-03T10:02:42.490+0200] {processor.py:157} INFO - Started process (PID=94004) to work on /home/lucas/anaconda3/lib/python3.11/site-packages/airflow/example_dags/example_branch_labels.py
[2024-04-03T10:02:42.493+0200] {processor.py:829} INFO - Processing file /home/lucas/anaconda3/lib/python3.11/site-packages/airflow/example_dags/example_branch_labels.py for tasks to queue
[2024-04-03T10:02:42.494+0200] {logging_mixin.py:154} INFO - [2024-04-03T10:02:42.494+0200] {dagbag.py:536} INFO - Filling up the DagBag from /home/lucas/anaconda3/lib/python3.11/site-packages/airflow/example_dags/example_branch_labels.py
[2024-04-03T10:02:42.498+0200] {processor.py:839} INFO - DAG(s) dict_keys(['example_branch_labels']) retrieved from /home/lucas/anaconda3/lib/python3.11/site-packages/airflow/example_dags/example_branch_labels.py
[2024-04-03T10:02:42.508+0200] {logging_mixin.py:154} INFO - [2024-04-03T10:02:42.508+0200] {dag.py:2941} INFO - Sync 1 DAGs
[2024-04-03T10:02:42.518+0200] {logging_mixin.py:154} INFO - [2024-04-03T10:02:42.518+0200] {dag.py:3722} INFO - Setting next_dagrun for example_branch_labels to 2024-04-02T00:00:00+00:00, run_after=2024-04-03T00:00:00+00:00
[2024-04-03T10:02:42.530+0200] {processor.py:179} INFO - Processing /home/lucas/anaconda3/lib/python3.11/site-packages/airflow/example_dags/example_branch_labels.py took 0.042 seconds
[2024-04-03T10:03:36.555+0200] {processor.py:157} INFO - Started process (PID=94351) to work on /home/lucas/anaconda3/lib/python3.11/site-packages/airflow/example_dags/example_branch_labels.py
[2024-04-03T10:03:36.556+0200] {processor.py:829} INFO - Processing file /home/lucas/anaconda3/lib/python3.11/site-packages/airflow/example_dags/example_branch_labels.py for tasks to queue
[2024-04-03T10:03:36.557+0200] {logging_mixin.py:154} INFO - [2024-04-03T10:03:36.557+0200] {dagbag.py:536} INFO - Filling up the DagBag from /home/lucas/anaconda3/lib/python3.11/site-packages/airflow/example_dags/example_branch_labels.py
[2024-04-03T10:03:36.563+0200] {processor.py:839} INFO - DAG(s) dict_keys(['example_branch_labels']) retrieved from /home/lucas/anaconda3/lib/python3.11/site-packages/airflow/example_dags/example_branch_labels.py
[2024-04-03T10:03:36.667+0200] {logging_mixin.py:154} INFO - [2024-04-03T10:03:36.666+0200] {dag.py:2941} INFO - Sync 1 DAGs
[2024-04-03T10:03:36.675+0200] {logging_mixin.py:154} INFO - [2024-04-03T10:03:36.675+0200] {dag.py:3722} INFO - Setting next_dagrun for example_branch_labels to 2024-04-02T00:00:00+00:00, run_after=2024-04-03T00:00:00+00:00
[2024-04-03T10:03:36.688+0200] {processor.py:179} INFO - Processing /home/lucas/anaconda3/lib/python3.11/site-packages/airflow/example_dags/example_branch_labels.py took 0.134 seconds
[2024-04-03T10:04:26.869+0200] {processor.py:157} INFO - Started process (PID=94694) to work on /home/lucas/anaconda3/lib/python3.11/site-packages/airflow/example_dags/example_branch_labels.py
[2024-04-03T10:04:26.871+0200] {processor.py:829} INFO - Processing file /home/lucas/anaconda3/lib/python3.11/site-packages/airflow/example_dags/example_branch_labels.py for tasks to queue
[2024-04-03T10:04:26.872+0200] {logging_mixin.py:154} INFO - [2024-04-03T10:04:26.872+0200] {dagbag.py:536} INFO - Filling up the DagBag from /home/lucas/anaconda3/lib/python3.11/site-packages/airflow/example_dags/example_branch_labels.py
[2024-04-03T10:04:26.876+0200] {processor.py:839} INFO - DAG(s) dict_keys(['example_branch_labels']) retrieved from /home/lucas/anaconda3/lib/python3.11/site-packages/airflow/example_dags/example_branch_labels.py
[2024-04-03T10:04:26.886+0200] {logging_mixin.py:154} INFO - [2024-04-03T10:04:26.886+0200] {dag.py:2941} INFO - Sync 1 DAGs
[2024-04-03T10:04:26.897+0200] {logging_mixin.py:154} INFO - [2024-04-03T10:04:26.897+0200] {dag.py:3722} INFO - Setting next_dagrun for example_branch_labels to 2024-04-02T00:00:00+00:00, run_after=2024-04-03T00:00:00+00:00
[2024-04-03T10:04:26.911+0200] {processor.py:179} INFO - Processing /home/lucas/anaconda3/lib/python3.11/site-packages/airflow/example_dags/example_branch_labels.py took 0.044 seconds
[2024-04-03T10:05:14.418+0200] {processor.py:157} INFO - Started process (PID=95220) to work on /home/lucas/anaconda3/lib/python3.11/site-packages/airflow/example_dags/example_branch_labels.py
[2024-04-03T10:05:14.421+0200] {processor.py:829} INFO - Processing file /home/lucas/anaconda3/lib/python3.11/site-packages/airflow/example_dags/example_branch_labels.py for tasks to queue
[2024-04-03T10:05:14.421+0200] {logging_mixin.py:154} INFO - [2024-04-03T10:05:14.421+0200] {dagbag.py:536} INFO - Filling up the DagBag from /home/lucas/anaconda3/lib/python3.11/site-packages/airflow/example_dags/example_branch_labels.py
[2024-04-03T10:05:14.425+0200] {processor.py:839} INFO - DAG(s) dict_keys(['example_branch_labels']) retrieved from /home/lucas/anaconda3/lib/python3.11/site-packages/airflow/example_dags/example_branch_labels.py
[2024-04-03T10:05:14.434+0200] {logging_mixin.py:154} INFO - [2024-04-03T10:05:14.433+0200] {dag.py:2941} INFO - Sync 1 DAGs
[2024-04-03T10:05:14.443+0200] {logging_mixin.py:154} INFO - [2024-04-03T10:05:14.443+0200] {dag.py:3722} INFO - Setting next_dagrun for example_branch_labels to 2024-04-02T00:00:00+00:00, run_after=2024-04-03T00:00:00+00:00
[2024-04-03T10:05:14.454+0200] {processor.py:179} INFO - Processing /home/lucas/anaconda3/lib/python3.11/site-packages/airflow/example_dags/example_branch_labels.py took 0.037 seconds
[2024-04-03T10:06:00.546+0200] {processor.py:157} INFO - Started process (PID=95642) to work on /home/lucas/anaconda3/lib/python3.11/site-packages/airflow/example_dags/example_branch_labels.py
[2024-04-03T10:06:00.549+0200] {processor.py:829} INFO - Processing file /home/lucas/anaconda3/lib/python3.11/site-packages/airflow/example_dags/example_branch_labels.py for tasks to queue
[2024-04-03T10:06:00.550+0200] {logging_mixin.py:154} INFO - [2024-04-03T10:06:00.549+0200] {dagbag.py:536} INFO - Filling up the DagBag from /home/lucas/anaconda3/lib/python3.11/site-packages/airflow/example_dags/example_branch_labels.py
[2024-04-03T10:06:00.554+0200] {processor.py:839} INFO - DAG(s) dict_keys(['example_branch_labels']) retrieved from /home/lucas/anaconda3/lib/python3.11/site-packages/airflow/example_dags/example_branch_labels.py
[2024-04-03T10:06:00.564+0200] {logging_mixin.py:154} INFO - [2024-04-03T10:06:00.564+0200] {dag.py:2941} INFO - Sync 1 DAGs
[2024-04-03T10:06:00.575+0200] {logging_mixin.py:154} INFO - [2024-04-03T10:06:00.575+0200] {dag.py:3722} INFO - Setting next_dagrun for example_branch_labels to 2024-04-02T00:00:00+00:00, run_after=2024-04-03T00:00:00+00:00
[2024-04-03T10:06:00.586+0200] {processor.py:179} INFO - Processing /home/lucas/anaconda3/lib/python3.11/site-packages/airflow/example_dags/example_branch_labels.py took 0.041 seconds
[2024-04-03T10:07:26.354+0200] {processor.py:157} INFO - Started process (PID=96681) to work on /home/lucas/anaconda3/lib/python3.11/site-packages/airflow/example_dags/example_branch_labels.py
[2024-04-03T10:07:26.357+0200] {processor.py:829} INFO - Processing file /home/lucas/anaconda3/lib/python3.11/site-packages/airflow/example_dags/example_branch_labels.py for tasks to queue
[2024-04-03T10:07:26.357+0200] {logging_mixin.py:154} INFO - [2024-04-03T10:07:26.357+0200] {dagbag.py:536} INFO - Filling up the DagBag from /home/lucas/anaconda3/lib/python3.11/site-packages/airflow/example_dags/example_branch_labels.py
[2024-04-03T10:07:26.361+0200] {processor.py:839} INFO - DAG(s) dict_keys(['example_branch_labels']) retrieved from /home/lucas/anaconda3/lib/python3.11/site-packages/airflow/example_dags/example_branch_labels.py
[2024-04-03T10:07:26.370+0200] {logging_mixin.py:154} INFO - [2024-04-03T10:07:26.370+0200] {dag.py:2941} INFO - Sync 1 DAGs
[2024-04-03T10:07:26.379+0200] {logging_mixin.py:154} INFO - [2024-04-03T10:07:26.379+0200] {dag.py:3722} INFO - Setting next_dagrun for example_branch_labels to 2024-04-02T00:00:00+00:00, run_after=2024-04-03T00:00:00+00:00
[2024-04-03T10:07:26.391+0200] {processor.py:179} INFO - Processing /home/lucas/anaconda3/lib/python3.11/site-packages/airflow/example_dags/example_branch_labels.py took 0.039 seconds
[2024-04-03T10:08:46.631+0200] {processor.py:157} INFO - Started process (PID=97614) to work on /home/lucas/anaconda3/lib/python3.11/site-packages/airflow/example_dags/example_branch_labels.py
[2024-04-03T10:08:46.633+0200] {processor.py:829} INFO - Processing file /home/lucas/anaconda3/lib/python3.11/site-packages/airflow/example_dags/example_branch_labels.py for tasks to queue
[2024-04-03T10:08:46.634+0200] {logging_mixin.py:154} INFO - [2024-04-03T10:08:46.634+0200] {dagbag.py:536} INFO - Filling up the DagBag from /home/lucas/anaconda3/lib/python3.11/site-packages/airflow/example_dags/example_branch_labels.py
[2024-04-03T10:08:46.637+0200] {processor.py:839} INFO - DAG(s) dict_keys(['example_branch_labels']) retrieved from /home/lucas/anaconda3/lib/python3.11/site-packages/airflow/example_dags/example_branch_labels.py
[2024-04-03T10:08:46.646+0200] {logging_mixin.py:154} INFO - [2024-04-03T10:08:46.646+0200] {dag.py:2941} INFO - Sync 1 DAGs
[2024-04-03T10:08:46.656+0200] {logging_mixin.py:154} INFO - [2024-04-03T10:08:46.656+0200] {dag.py:3722} INFO - Setting next_dagrun for example_branch_labels to 2024-04-02T00:00:00+00:00, run_after=2024-04-03T00:00:00+00:00
[2024-04-03T10:08:46.667+0200] {processor.py:179} INFO - Processing /home/lucas/anaconda3/lib/python3.11/site-packages/airflow/example_dags/example_branch_labels.py took 0.038 seconds
[2024-04-03T10:09:38.082+0200] {processor.py:157} INFO - Started process (PID=97790) to work on /home/lucas/anaconda3/lib/python3.11/site-packages/airflow/example_dags/example_branch_labels.py
[2024-04-03T10:09:38.083+0200] {processor.py:829} INFO - Processing file /home/lucas/anaconda3/lib/python3.11/site-packages/airflow/example_dags/example_branch_labels.py for tasks to queue
[2024-04-03T10:09:38.083+0200] {logging_mixin.py:154} INFO - [2024-04-03T10:09:38.083+0200] {dagbag.py:536} INFO - Filling up the DagBag from /home/lucas/anaconda3/lib/python3.11/site-packages/airflow/example_dags/example_branch_labels.py
[2024-04-03T10:09:38.087+0200] {processor.py:839} INFO - DAG(s) dict_keys(['example_branch_labels']) retrieved from /home/lucas/anaconda3/lib/python3.11/site-packages/airflow/example_dags/example_branch_labels.py
[2024-04-03T10:09:38.095+0200] {logging_mixin.py:154} INFO - [2024-04-03T10:09:38.095+0200] {dag.py:2941} INFO - Sync 1 DAGs
[2024-04-03T10:09:38.105+0200] {logging_mixin.py:154} INFO - [2024-04-03T10:09:38.105+0200] {dag.py:3722} INFO - Setting next_dagrun for example_branch_labels to 2024-04-02T00:00:00+00:00, run_after=2024-04-03T00:00:00+00:00
[2024-04-03T10:09:38.116+0200] {processor.py:179} INFO - Processing /home/lucas/anaconda3/lib/python3.11/site-packages/airflow/example_dags/example_branch_labels.py took 0.036 seconds
[2024-04-03T10:10:56.038+0200] {processor.py:157} INFO - Started process (PID=98379) to work on /home/lucas/anaconda3/lib/python3.11/site-packages/airflow/example_dags/example_branch_labels.py
[2024-04-03T10:10:56.041+0200] {processor.py:829} INFO - Processing file /home/lucas/anaconda3/lib/python3.11/site-packages/airflow/example_dags/example_branch_labels.py for tasks to queue
[2024-04-03T10:10:56.041+0200] {logging_mixin.py:154} INFO - [2024-04-03T10:10:56.041+0200] {dagbag.py:536} INFO - Filling up the DagBag from /home/lucas/anaconda3/lib/python3.11/site-packages/airflow/example_dags/example_branch_labels.py
[2024-04-03T10:10:56.045+0200] {processor.py:839} INFO - DAG(s) dict_keys(['example_branch_labels']) retrieved from /home/lucas/anaconda3/lib/python3.11/site-packages/airflow/example_dags/example_branch_labels.py
[2024-04-03T10:10:56.056+0200] {logging_mixin.py:154} INFO - [2024-04-03T10:10:56.056+0200] {dag.py:2941} INFO - Sync 1 DAGs
[2024-04-03T10:10:56.067+0200] {logging_mixin.py:154} INFO - [2024-04-03T10:10:56.067+0200] {dag.py:3722} INFO - Setting next_dagrun for example_branch_labels to 2024-04-02T00:00:00+00:00, run_after=2024-04-03T00:00:00+00:00
[2024-04-03T10:10:56.079+0200] {processor.py:179} INFO - Processing /home/lucas/anaconda3/lib/python3.11/site-packages/airflow/example_dags/example_branch_labels.py took 0.043 seconds
[2024-04-03T10:11:46.432+0200] {processor.py:157} INFO - Started process (PID=98608) to work on /home/lucas/anaconda3/lib/python3.11/site-packages/airflow/example_dags/example_branch_labels.py
[2024-04-03T10:11:46.435+0200] {processor.py:829} INFO - Processing file /home/lucas/anaconda3/lib/python3.11/site-packages/airflow/example_dags/example_branch_labels.py for tasks to queue
[2024-04-03T10:11:46.435+0200] {logging_mixin.py:154} INFO - [2024-04-03T10:11:46.435+0200] {dagbag.py:536} INFO - Filling up the DagBag from /home/lucas/anaconda3/lib/python3.11/site-packages/airflow/example_dags/example_branch_labels.py
[2024-04-03T10:11:46.439+0200] {processor.py:839} INFO - DAG(s) dict_keys(['example_branch_labels']) retrieved from /home/lucas/anaconda3/lib/python3.11/site-packages/airflow/example_dags/example_branch_labels.py
[2024-04-03T10:11:46.447+0200] {logging_mixin.py:154} INFO - [2024-04-03T10:11:46.447+0200] {dag.py:2941} INFO - Sync 1 DAGs
[2024-04-03T10:11:46.457+0200] {logging_mixin.py:154} INFO - [2024-04-03T10:11:46.457+0200] {dag.py:3722} INFO - Setting next_dagrun for example_branch_labels to 2024-04-02T00:00:00+00:00, run_after=2024-04-03T00:00:00+00:00
[2024-04-03T10:11:46.469+0200] {processor.py:179} INFO - Processing /home/lucas/anaconda3/lib/python3.11/site-packages/airflow/example_dags/example_branch_labels.py took 0.039 seconds
[2024-04-03T10:12:42.236+0200] {processor.py:157} INFO - Started process (PID=98822) to work on /home/lucas/anaconda3/lib/python3.11/site-packages/airflow/example_dags/example_branch_labels.py
[2024-04-03T10:12:42.239+0200] {processor.py:829} INFO - Processing file /home/lucas/anaconda3/lib/python3.11/site-packages/airflow/example_dags/example_branch_labels.py for tasks to queue
[2024-04-03T10:12:42.240+0200] {logging_mixin.py:154} INFO - [2024-04-03T10:12:42.239+0200] {dagbag.py:536} INFO - Filling up the DagBag from /home/lucas/anaconda3/lib/python3.11/site-packages/airflow/example_dags/example_branch_labels.py
[2024-04-03T10:12:42.243+0200] {processor.py:839} INFO - DAG(s) dict_keys(['example_branch_labels']) retrieved from /home/lucas/anaconda3/lib/python3.11/site-packages/airflow/example_dags/example_branch_labels.py
[2024-04-03T10:12:42.332+0200] {logging_mixin.py:154} INFO - [2024-04-03T10:12:42.332+0200] {dag.py:2941} INFO - Sync 1 DAGs
[2024-04-03T10:12:42.340+0200] {logging_mixin.py:154} INFO - [2024-04-03T10:12:42.340+0200] {dag.py:3722} INFO - Setting next_dagrun for example_branch_labels to 2024-04-02T00:00:00+00:00, run_after=2024-04-03T00:00:00+00:00
[2024-04-03T10:12:42.353+0200] {processor.py:179} INFO - Processing /home/lucas/anaconda3/lib/python3.11/site-packages/airflow/example_dags/example_branch_labels.py took 0.118 seconds
[2024-04-03T10:13:28.961+0200] {processor.py:157} INFO - Started process (PID=98996) to work on /home/lucas/anaconda3/lib/python3.11/site-packages/airflow/example_dags/example_branch_labels.py
[2024-04-03T10:13:28.962+0200] {processor.py:829} INFO - Processing file /home/lucas/anaconda3/lib/python3.11/site-packages/airflow/example_dags/example_branch_labels.py for tasks to queue
[2024-04-03T10:13:28.963+0200] {logging_mixin.py:154} INFO - [2024-04-03T10:13:28.963+0200] {dagbag.py:536} INFO - Filling up the DagBag from /home/lucas/anaconda3/lib/python3.11/site-packages/airflow/example_dags/example_branch_labels.py
[2024-04-03T10:13:28.967+0200] {processor.py:839} INFO - DAG(s) dict_keys(['example_branch_labels']) retrieved from /home/lucas/anaconda3/lib/python3.11/site-packages/airflow/example_dags/example_branch_labels.py
[2024-04-03T10:13:28.976+0200] {logging_mixin.py:154} INFO - [2024-04-03T10:13:28.976+0200] {dag.py:2941} INFO - Sync 1 DAGs
[2024-04-03T10:13:28.986+0200] {logging_mixin.py:154} INFO - [2024-04-03T10:13:28.986+0200] {dag.py:3722} INFO - Setting next_dagrun for example_branch_labels to 2024-04-02T00:00:00+00:00, run_after=2024-04-03T00:00:00+00:00
[2024-04-03T10:13:28.998+0200] {processor.py:179} INFO - Processing /home/lucas/anaconda3/lib/python3.11/site-packages/airflow/example_dags/example_branch_labels.py took 0.038 seconds
[2024-04-03T10:14:15.393+0200] {processor.py:157} INFO - Started process (PID=99162) to work on /home/lucas/anaconda3/lib/python3.11/site-packages/airflow/example_dags/example_branch_labels.py
[2024-04-03T10:14:15.394+0200] {processor.py:829} INFO - Processing file /home/lucas/anaconda3/lib/python3.11/site-packages/airflow/example_dags/example_branch_labels.py for tasks to queue
[2024-04-03T10:14:15.394+0200] {logging_mixin.py:154} INFO - [2024-04-03T10:14:15.394+0200] {dagbag.py:536} INFO - Filling up the DagBag from /home/lucas/anaconda3/lib/python3.11/site-packages/airflow/example_dags/example_branch_labels.py
[2024-04-03T10:14:15.398+0200] {processor.py:839} INFO - DAG(s) dict_keys(['example_branch_labels']) retrieved from /home/lucas/anaconda3/lib/python3.11/site-packages/airflow/example_dags/example_branch_labels.py
[2024-04-03T10:14:15.406+0200] {logging_mixin.py:154} INFO - [2024-04-03T10:14:15.406+0200] {dag.py:2941} INFO - Sync 1 DAGs
[2024-04-03T10:14:15.416+0200] {logging_mixin.py:154} INFO - [2024-04-03T10:14:15.416+0200] {dag.py:3722} INFO - Setting next_dagrun for example_branch_labels to 2024-04-02T00:00:00+00:00, run_after=2024-04-03T00:00:00+00:00
[2024-04-03T10:14:15.428+0200] {processor.py:179} INFO - Processing /home/lucas/anaconda3/lib/python3.11/site-packages/airflow/example_dags/example_branch_labels.py took 0.037 seconds
