[2024-04-03T09:14:30.647+0200] {processor.py:157} INFO - Started process (PID=12649) to work on /home/lucas/anaconda3/lib/python3.11/site-packages/airflow/example_dags/example_branch_operator.py
[2024-04-03T09:14:30.648+0200] {processor.py:829} INFO - Processing file /home/lucas/anaconda3/lib/python3.11/site-packages/airflow/example_dags/example_branch_operator.py for tasks to queue
[2024-04-03T09:14:30.648+0200] {logging_mixin.py:154} INFO - [2024-04-03T09:14:30.648+0200] {dagbag.py:536} INFO - Filling up the DagBag from /home/lucas/anaconda3/lib/python3.11/site-packages/airflow/example_dags/example_branch_operator.py
[2024-04-03T09:14:30.654+0200] {processor.py:839} INFO - DAG(s) dict_keys(['example_branch_operator']) retrieved from /home/lucas/anaconda3/lib/python3.11/site-packages/airflow/example_dags/example_branch_operator.py
[2024-04-03T09:14:30.737+0200] {logging_mixin.py:154} INFO - [2024-04-03T09:14:30.737+0200] {manager.py:499} INFO - Created Permission View: %s
[2024-04-03T09:14:30.748+0200] {logging_mixin.py:154} INFO - [2024-04-03T09:14:30.748+0200] {manager.py:499} INFO - Created Permission View: %s
[2024-04-03T09:14:30.754+0200] {logging_mixin.py:154} INFO - [2024-04-03T09:14:30.754+0200] {manager.py:499} INFO - Created Permission View: %s
[2024-04-03T09:14:30.754+0200] {logging_mixin.py:154} INFO - [2024-04-03T09:14:30.754+0200] {dag.py:2941} INFO - Sync 1 DAGs
[2024-04-03T09:14:30.763+0200] {logging_mixin.py:154} INFO - [2024-04-03T09:14:30.763+0200] {dag.py:2963} INFO - Creating ORM DAG for example_branch_operator
[2024-04-03T09:14:30.768+0200] {logging_mixin.py:154} INFO - [2024-04-03T09:14:30.768+0200] {dag.py:3722} INFO - Setting next_dagrun for example_branch_operator to 2024-04-02T00:00:00+00:00, run_after=2024-04-03T00:00:00+00:00
[2024-04-03T09:14:30.783+0200] {processor.py:179} INFO - Processing /home/lucas/anaconda3/lib/python3.11/site-packages/airflow/example_dags/example_branch_operator.py took 0.138 seconds
[2024-04-03T09:15:19.317+0200] {processor.py:157} INFO - Started process (PID=12955) to work on /home/lucas/anaconda3/lib/python3.11/site-packages/airflow/example_dags/example_branch_operator.py
[2024-04-03T09:15:19.320+0200] {processor.py:829} INFO - Processing file /home/lucas/anaconda3/lib/python3.11/site-packages/airflow/example_dags/example_branch_operator.py for tasks to queue
[2024-04-03T09:15:19.320+0200] {logging_mixin.py:154} INFO - [2024-04-03T09:15:19.320+0200] {dagbag.py:536} INFO - Filling up the DagBag from /home/lucas/anaconda3/lib/python3.11/site-packages/airflow/example_dags/example_branch_operator.py
[2024-04-03T09:15:19.325+0200] {processor.py:839} INFO - DAG(s) dict_keys(['example_branch_operator']) retrieved from /home/lucas/anaconda3/lib/python3.11/site-packages/airflow/example_dags/example_branch_operator.py
[2024-04-03T09:15:19.337+0200] {logging_mixin.py:154} INFO - [2024-04-03T09:15:19.337+0200] {dag.py:2941} INFO - Sync 1 DAGs
[2024-04-03T09:15:19.350+0200] {logging_mixin.py:154} INFO - [2024-04-03T09:15:19.349+0200] {dag.py:3722} INFO - Setting next_dagrun for example_branch_operator to 2024-04-02T00:00:00+00:00, run_after=2024-04-03T00:00:00+00:00
[2024-04-03T09:15:19.365+0200] {processor.py:179} INFO - Processing /home/lucas/anaconda3/lib/python3.11/site-packages/airflow/example_dags/example_branch_operator.py took 0.049 seconds
[2024-04-03T09:16:04.226+0200] {processor.py:157} INFO - Started process (PID=13118) to work on /home/lucas/anaconda3/lib/python3.11/site-packages/airflow/example_dags/example_branch_operator.py
[2024-04-03T09:16:04.229+0200] {processor.py:829} INFO - Processing file /home/lucas/anaconda3/lib/python3.11/site-packages/airflow/example_dags/example_branch_operator.py for tasks to queue
[2024-04-03T09:16:04.229+0200] {logging_mixin.py:154} INFO - [2024-04-03T09:16:04.229+0200] {dagbag.py:536} INFO - Filling up the DagBag from /home/lucas/anaconda3/lib/python3.11/site-packages/airflow/example_dags/example_branch_operator.py
[2024-04-03T09:16:04.234+0200] {processor.py:839} INFO - DAG(s) dict_keys(['example_branch_operator']) retrieved from /home/lucas/anaconda3/lib/python3.11/site-packages/airflow/example_dags/example_branch_operator.py
[2024-04-03T09:16:04.243+0200] {logging_mixin.py:154} INFO - [2024-04-03T09:16:04.242+0200] {dag.py:2941} INFO - Sync 1 DAGs
[2024-04-03T09:16:04.252+0200] {logging_mixin.py:154} INFO - [2024-04-03T09:16:04.252+0200] {dag.py:3722} INFO - Setting next_dagrun for example_branch_operator to 2024-04-02T00:00:00+00:00, run_after=2024-04-03T00:00:00+00:00
[2024-04-03T09:16:04.265+0200] {processor.py:179} INFO - Processing /home/lucas/anaconda3/lib/python3.11/site-packages/airflow/example_dags/example_branch_operator.py took 0.040 seconds
[2024-04-03T09:16:48.656+0200] {processor.py:157} INFO - Started process (PID=13216) to work on /home/lucas/anaconda3/lib/python3.11/site-packages/airflow/example_dags/example_branch_operator.py
[2024-04-03T09:16:48.659+0200] {processor.py:829} INFO - Processing file /home/lucas/anaconda3/lib/python3.11/site-packages/airflow/example_dags/example_branch_operator.py for tasks to queue
[2024-04-03T09:16:48.659+0200] {logging_mixin.py:154} INFO - [2024-04-03T09:16:48.659+0200] {dagbag.py:536} INFO - Filling up the DagBag from /home/lucas/anaconda3/lib/python3.11/site-packages/airflow/example_dags/example_branch_operator.py
[2024-04-03T09:16:48.664+0200] {processor.py:839} INFO - DAG(s) dict_keys(['example_branch_operator']) retrieved from /home/lucas/anaconda3/lib/python3.11/site-packages/airflow/example_dags/example_branch_operator.py
[2024-04-03T09:16:48.672+0200] {logging_mixin.py:154} INFO - [2024-04-03T09:16:48.672+0200] {dag.py:2941} INFO - Sync 1 DAGs
[2024-04-03T09:16:48.682+0200] {logging_mixin.py:154} INFO - [2024-04-03T09:16:48.682+0200] {dag.py:3722} INFO - Setting next_dagrun for example_branch_operator to 2024-04-02T00:00:00+00:00, run_after=2024-04-03T00:00:00+00:00
[2024-04-03T09:16:48.695+0200] {processor.py:179} INFO - Processing /home/lucas/anaconda3/lib/python3.11/site-packages/airflow/example_dags/example_branch_operator.py took 0.040 seconds
[2024-04-03T09:19:01.127+0200] {processor.py:157} INFO - Started process (PID=13847) to work on /home/lucas/anaconda3/lib/python3.11/site-packages/airflow/example_dags/example_branch_operator.py
[2024-04-03T09:19:01.128+0200] {processor.py:829} INFO - Processing file /home/lucas/anaconda3/lib/python3.11/site-packages/airflow/example_dags/example_branch_operator.py for tasks to queue
[2024-04-03T09:19:01.128+0200] {logging_mixin.py:154} INFO - [2024-04-03T09:19:01.128+0200] {dagbag.py:536} INFO - Filling up the DagBag from /home/lucas/anaconda3/lib/python3.11/site-packages/airflow/example_dags/example_branch_operator.py
[2024-04-03T09:19:01.133+0200] {processor.py:839} INFO - DAG(s) dict_keys(['example_branch_operator']) retrieved from /home/lucas/anaconda3/lib/python3.11/site-packages/airflow/example_dags/example_branch_operator.py
[2024-04-03T09:19:01.147+0200] {logging_mixin.py:154} INFO - [2024-04-03T09:19:01.147+0200] {dag.py:2941} INFO - Sync 1 DAGs
[2024-04-03T09:19:01.157+0200] {logging_mixin.py:154} INFO - [2024-04-03T09:19:01.157+0200] {dag.py:3722} INFO - Setting next_dagrun for example_branch_operator to 2024-04-02T00:00:00+00:00, run_after=2024-04-03T00:00:00+00:00
[2024-04-03T09:19:01.169+0200] {processor.py:179} INFO - Processing /home/lucas/anaconda3/lib/python3.11/site-packages/airflow/example_dags/example_branch_operator.py took 0.044 seconds
[2024-04-03T09:19:43.930+0200] {processor.py:157} INFO - Started process (PID=14125) to work on /home/lucas/anaconda3/lib/python3.11/site-packages/airflow/example_dags/example_branch_operator.py
[2024-04-03T09:19:43.933+0200] {processor.py:829} INFO - Processing file /home/lucas/anaconda3/lib/python3.11/site-packages/airflow/example_dags/example_branch_operator.py for tasks to queue
[2024-04-03T09:19:43.933+0200] {logging_mixin.py:154} INFO - [2024-04-03T09:19:43.933+0200] {dagbag.py:536} INFO - Filling up the DagBag from /home/lucas/anaconda3/lib/python3.11/site-packages/airflow/example_dags/example_branch_operator.py
[2024-04-03T09:19:43.938+0200] {processor.py:839} INFO - DAG(s) dict_keys(['example_branch_operator']) retrieved from /home/lucas/anaconda3/lib/python3.11/site-packages/airflow/example_dags/example_branch_operator.py
[2024-04-03T09:19:43.946+0200] {logging_mixin.py:154} INFO - [2024-04-03T09:19:43.946+0200] {dag.py:2941} INFO - Sync 1 DAGs
[2024-04-03T09:19:43.955+0200] {logging_mixin.py:154} INFO - [2024-04-03T09:19:43.955+0200] {dag.py:3722} INFO - Setting next_dagrun for example_branch_operator to 2024-04-02T00:00:00+00:00, run_after=2024-04-03T00:00:00+00:00
[2024-04-03T09:19:43.967+0200] {processor.py:179} INFO - Processing /home/lucas/anaconda3/lib/python3.11/site-packages/airflow/example_dags/example_branch_operator.py took 0.039 seconds
[2024-04-03T09:20:26.857+0200] {processor.py:157} INFO - Started process (PID=14301) to work on /home/lucas/anaconda3/lib/python3.11/site-packages/airflow/example_dags/example_branch_operator.py
[2024-04-03T09:20:26.860+0200] {processor.py:829} INFO - Processing file /home/lucas/anaconda3/lib/python3.11/site-packages/airflow/example_dags/example_branch_operator.py for tasks to queue
[2024-04-03T09:20:26.861+0200] {logging_mixin.py:154} INFO - [2024-04-03T09:20:26.860+0200] {dagbag.py:536} INFO - Filling up the DagBag from /home/lucas/anaconda3/lib/python3.11/site-packages/airflow/example_dags/example_branch_operator.py
[2024-04-03T09:20:26.865+0200] {processor.py:839} INFO - DAG(s) dict_keys(['example_branch_operator']) retrieved from /home/lucas/anaconda3/lib/python3.11/site-packages/airflow/example_dags/example_branch_operator.py
[2024-04-03T09:20:26.874+0200] {logging_mixin.py:154} INFO - [2024-04-03T09:20:26.874+0200] {dag.py:2941} INFO - Sync 1 DAGs
[2024-04-03T09:20:26.883+0200] {logging_mixin.py:154} INFO - [2024-04-03T09:20:26.883+0200] {dag.py:3722} INFO - Setting next_dagrun for example_branch_operator to 2024-04-02T00:00:00+00:00, run_after=2024-04-03T00:00:00+00:00
[2024-04-03T09:20:26.898+0200] {processor.py:179} INFO - Processing /home/lucas/anaconda3/lib/python3.11/site-packages/airflow/example_dags/example_branch_operator.py took 0.042 seconds
[2024-04-03T09:21:12.144+0200] {processor.py:157} INFO - Started process (PID=14427) to work on /home/lucas/anaconda3/lib/python3.11/site-packages/airflow/example_dags/example_branch_operator.py
[2024-04-03T09:21:12.147+0200] {processor.py:829} INFO - Processing file /home/lucas/anaconda3/lib/python3.11/site-packages/airflow/example_dags/example_branch_operator.py for tasks to queue
[2024-04-03T09:21:12.147+0200] {logging_mixin.py:154} INFO - [2024-04-03T09:21:12.147+0200] {dagbag.py:536} INFO - Filling up the DagBag from /home/lucas/anaconda3/lib/python3.11/site-packages/airflow/example_dags/example_branch_operator.py
[2024-04-03T09:21:12.152+0200] {processor.py:839} INFO - DAG(s) dict_keys(['example_branch_operator']) retrieved from /home/lucas/anaconda3/lib/python3.11/site-packages/airflow/example_dags/example_branch_operator.py
[2024-04-03T09:21:12.161+0200] {logging_mixin.py:154} INFO - [2024-04-03T09:21:12.161+0200] {dag.py:2941} INFO - Sync 1 DAGs
[2024-04-03T09:21:12.171+0200] {logging_mixin.py:154} INFO - [2024-04-03T09:21:12.171+0200] {dag.py:3722} INFO - Setting next_dagrun for example_branch_operator to 2024-04-02T00:00:00+00:00, run_after=2024-04-03T00:00:00+00:00
[2024-04-03T09:21:12.183+0200] {processor.py:179} INFO - Processing /home/lucas/anaconda3/lib/python3.11/site-packages/airflow/example_dags/example_branch_operator.py took 0.040 seconds
[2024-04-03T09:22:00.702+0200] {processor.py:157} INFO - Started process (PID=14592) to work on /home/lucas/anaconda3/lib/python3.11/site-packages/airflow/example_dags/example_branch_operator.py
[2024-04-03T09:22:00.705+0200] {processor.py:829} INFO - Processing file /home/lucas/anaconda3/lib/python3.11/site-packages/airflow/example_dags/example_branch_operator.py for tasks to queue
[2024-04-03T09:22:00.705+0200] {logging_mixin.py:154} INFO - [2024-04-03T09:22:00.705+0200] {dagbag.py:536} INFO - Filling up the DagBag from /home/lucas/anaconda3/lib/python3.11/site-packages/airflow/example_dags/example_branch_operator.py
[2024-04-03T09:22:00.709+0200] {processor.py:839} INFO - DAG(s) dict_keys(['example_branch_operator']) retrieved from /home/lucas/anaconda3/lib/python3.11/site-packages/airflow/example_dags/example_branch_operator.py
[2024-04-03T09:22:00.718+0200] {logging_mixin.py:154} INFO - [2024-04-03T09:22:00.718+0200] {dag.py:2941} INFO - Sync 1 DAGs
[2024-04-03T09:22:00.727+0200] {logging_mixin.py:154} INFO - [2024-04-03T09:22:00.727+0200] {dag.py:3722} INFO - Setting next_dagrun for example_branch_operator to 2024-04-02T00:00:00+00:00, run_after=2024-04-03T00:00:00+00:00
[2024-04-03T09:22:00.739+0200] {processor.py:179} INFO - Processing /home/lucas/anaconda3/lib/python3.11/site-packages/airflow/example_dags/example_branch_operator.py took 0.039 seconds
[2024-04-03T09:22:54.622+0200] {processor.py:157} INFO - Started process (PID=14898) to work on /home/lucas/anaconda3/lib/python3.11/site-packages/airflow/example_dags/example_branch_operator.py
[2024-04-03T09:22:54.625+0200] {processor.py:829} INFO - Processing file /home/lucas/anaconda3/lib/python3.11/site-packages/airflow/example_dags/example_branch_operator.py for tasks to queue
[2024-04-03T09:22:54.626+0200] {logging_mixin.py:154} INFO - [2024-04-03T09:22:54.625+0200] {dagbag.py:536} INFO - Filling up the DagBag from /home/lucas/anaconda3/lib/python3.11/site-packages/airflow/example_dags/example_branch_operator.py
[2024-04-03T09:22:54.631+0200] {processor.py:839} INFO - DAG(s) dict_keys(['example_branch_operator']) retrieved from /home/lucas/anaconda3/lib/python3.11/site-packages/airflow/example_dags/example_branch_operator.py
[2024-04-03T09:22:54.640+0200] {logging_mixin.py:154} INFO - [2024-04-03T09:22:54.640+0200] {dag.py:2941} INFO - Sync 1 DAGs
[2024-04-03T09:22:54.651+0200] {logging_mixin.py:154} INFO - [2024-04-03T09:22:54.651+0200] {dag.py:3722} INFO - Setting next_dagrun for example_branch_operator to 2024-04-02T00:00:00+00:00, run_after=2024-04-03T00:00:00+00:00
[2024-04-03T09:22:54.665+0200] {processor.py:179} INFO - Processing /home/lucas/anaconda3/lib/python3.11/site-packages/airflow/example_dags/example_branch_operator.py took 0.044 seconds
[2024-04-03T09:23:36.775+0200] {processor.py:157} INFO - Started process (PID=15215) to work on /home/lucas/anaconda3/lib/python3.11/site-packages/airflow/example_dags/example_branch_operator.py
[2024-04-03T09:23:36.778+0200] {processor.py:829} INFO - Processing file /home/lucas/anaconda3/lib/python3.11/site-packages/airflow/example_dags/example_branch_operator.py for tasks to queue
[2024-04-03T09:23:36.778+0200] {logging_mixin.py:154} INFO - [2024-04-03T09:23:36.778+0200] {dagbag.py:536} INFO - Filling up the DagBag from /home/lucas/anaconda3/lib/python3.11/site-packages/airflow/example_dags/example_branch_operator.py
[2024-04-03T09:23:36.783+0200] {processor.py:839} INFO - DAG(s) dict_keys(['example_branch_operator']) retrieved from /home/lucas/anaconda3/lib/python3.11/site-packages/airflow/example_dags/example_branch_operator.py
[2024-04-03T09:23:36.791+0200] {logging_mixin.py:154} INFO - [2024-04-03T09:23:36.791+0200] {dag.py:2941} INFO - Sync 1 DAGs
[2024-04-03T09:23:36.801+0200] {logging_mixin.py:154} INFO - [2024-04-03T09:23:36.800+0200] {dag.py:3722} INFO - Setting next_dagrun for example_branch_operator to 2024-04-02T00:00:00+00:00, run_after=2024-04-03T00:00:00+00:00
[2024-04-03T09:23:36.814+0200] {processor.py:179} INFO - Processing /home/lucas/anaconda3/lib/python3.11/site-packages/airflow/example_dags/example_branch_operator.py took 0.040 seconds
[2024-04-03T09:24:20.032+0200] {processor.py:157} INFO - Started process (PID=15415) to work on /home/lucas/anaconda3/lib/python3.11/site-packages/airflow/example_dags/example_branch_operator.py
[2024-04-03T09:24:20.034+0200] {processor.py:829} INFO - Processing file /home/lucas/anaconda3/lib/python3.11/site-packages/airflow/example_dags/example_branch_operator.py for tasks to queue
[2024-04-03T09:24:20.035+0200] {logging_mixin.py:154} INFO - [2024-04-03T09:24:20.035+0200] {dagbag.py:536} INFO - Filling up the DagBag from /home/lucas/anaconda3/lib/python3.11/site-packages/airflow/example_dags/example_branch_operator.py
[2024-04-03T09:24:20.039+0200] {processor.py:839} INFO - DAG(s) dict_keys(['example_branch_operator']) retrieved from /home/lucas/anaconda3/lib/python3.11/site-packages/airflow/example_dags/example_branch_operator.py
[2024-04-03T09:24:20.048+0200] {logging_mixin.py:154} INFO - [2024-04-03T09:24:20.048+0200] {dag.py:2941} INFO - Sync 1 DAGs
[2024-04-03T09:24:20.059+0200] {logging_mixin.py:154} INFO - [2024-04-03T09:24:20.059+0200] {dag.py:3722} INFO - Setting next_dagrun for example_branch_operator to 2024-04-02T00:00:00+00:00, run_after=2024-04-03T00:00:00+00:00
[2024-04-03T09:24:20.071+0200] {processor.py:179} INFO - Processing /home/lucas/anaconda3/lib/python3.11/site-packages/airflow/example_dags/example_branch_operator.py took 0.041 seconds
[2024-04-03T09:25:00.605+0200] {processor.py:157} INFO - Started process (PID=15623) to work on /home/lucas/anaconda3/lib/python3.11/site-packages/airflow/example_dags/example_branch_operator.py
[2024-04-03T09:25:00.606+0200] {processor.py:829} INFO - Processing file /home/lucas/anaconda3/lib/python3.11/site-packages/airflow/example_dags/example_branch_operator.py for tasks to queue
[2024-04-03T09:25:00.606+0200] {logging_mixin.py:154} INFO - [2024-04-03T09:25:00.606+0200] {dagbag.py:536} INFO - Filling up the DagBag from /home/lucas/anaconda3/lib/python3.11/site-packages/airflow/example_dags/example_branch_operator.py
[2024-04-03T09:25:00.613+0200] {processor.py:839} INFO - DAG(s) dict_keys(['example_branch_operator']) retrieved from /home/lucas/anaconda3/lib/python3.11/site-packages/airflow/example_dags/example_branch_operator.py
[2024-04-03T09:25:00.625+0200] {logging_mixin.py:154} INFO - [2024-04-03T09:25:00.625+0200] {dag.py:2941} INFO - Sync 1 DAGs
[2024-04-03T09:25:00.638+0200] {logging_mixin.py:154} INFO - [2024-04-03T09:25:00.638+0200] {dag.py:3722} INFO - Setting next_dagrun for example_branch_operator to 2024-04-02T00:00:00+00:00, run_after=2024-04-03T00:00:00+00:00
[2024-04-03T09:25:00.661+0200] {processor.py:179} INFO - Processing /home/lucas/anaconda3/lib/python3.11/site-packages/airflow/example_dags/example_branch_operator.py took 0.059 seconds
[2024-04-03T09:25:43.915+0200] {processor.py:157} INFO - Started process (PID=15869) to work on /home/lucas/anaconda3/lib/python3.11/site-packages/airflow/example_dags/example_branch_operator.py
[2024-04-03T09:25:43.918+0200] {processor.py:829} INFO - Processing file /home/lucas/anaconda3/lib/python3.11/site-packages/airflow/example_dags/example_branch_operator.py for tasks to queue
[2024-04-03T09:25:43.919+0200] {logging_mixin.py:154} INFO - [2024-04-03T09:25:43.919+0200] {dagbag.py:536} INFO - Filling up the DagBag from /home/lucas/anaconda3/lib/python3.11/site-packages/airflow/example_dags/example_branch_operator.py
[2024-04-03T09:25:43.923+0200] {processor.py:839} INFO - DAG(s) dict_keys(['example_branch_operator']) retrieved from /home/lucas/anaconda3/lib/python3.11/site-packages/airflow/example_dags/example_branch_operator.py
[2024-04-03T09:25:43.932+0200] {logging_mixin.py:154} INFO - [2024-04-03T09:25:43.932+0200] {dag.py:2941} INFO - Sync 1 DAGs
[2024-04-03T09:25:43.942+0200] {logging_mixin.py:154} INFO - [2024-04-03T09:25:43.942+0200] {dag.py:3722} INFO - Setting next_dagrun for example_branch_operator to 2024-04-02T00:00:00+00:00, run_after=2024-04-03T00:00:00+00:00
[2024-04-03T09:25:43.954+0200] {processor.py:179} INFO - Processing /home/lucas/anaconda3/lib/python3.11/site-packages/airflow/example_dags/example_branch_operator.py took 0.040 seconds
[2024-04-03T09:26:30.684+0200] {processor.py:157} INFO - Started process (PID=16076) to work on /home/lucas/anaconda3/lib/python3.11/site-packages/airflow/example_dags/example_branch_operator.py
[2024-04-03T09:26:30.685+0200] {processor.py:829} INFO - Processing file /home/lucas/anaconda3/lib/python3.11/site-packages/airflow/example_dags/example_branch_operator.py for tasks to queue
[2024-04-03T09:26:30.685+0200] {logging_mixin.py:154} INFO - [2024-04-03T09:26:30.685+0200] {dagbag.py:536} INFO - Filling up the DagBag from /home/lucas/anaconda3/lib/python3.11/site-packages/airflow/example_dags/example_branch_operator.py
[2024-04-03T09:26:30.689+0200] {processor.py:839} INFO - DAG(s) dict_keys(['example_branch_operator']) retrieved from /home/lucas/anaconda3/lib/python3.11/site-packages/airflow/example_dags/example_branch_operator.py
[2024-04-03T09:26:30.698+0200] {logging_mixin.py:154} INFO - [2024-04-03T09:26:30.698+0200] {dag.py:2941} INFO - Sync 1 DAGs
[2024-04-03T09:26:30.708+0200] {logging_mixin.py:154} INFO - [2024-04-03T09:26:30.708+0200] {dag.py:3722} INFO - Setting next_dagrun for example_branch_operator to 2024-04-02T00:00:00+00:00, run_after=2024-04-03T00:00:00+00:00
[2024-04-03T09:26:30.719+0200] {processor.py:179} INFO - Processing /home/lucas/anaconda3/lib/python3.11/site-packages/airflow/example_dags/example_branch_operator.py took 0.037 seconds
[2024-04-03T09:27:24.185+0200] {processor.py:157} INFO - Started process (PID=16180) to work on /home/lucas/anaconda3/lib/python3.11/site-packages/airflow/example_dags/example_branch_operator.py
[2024-04-03T09:27:24.186+0200] {processor.py:829} INFO - Processing file /home/lucas/anaconda3/lib/python3.11/site-packages/airflow/example_dags/example_branch_operator.py for tasks to queue
[2024-04-03T09:27:24.186+0200] {logging_mixin.py:154} INFO - [2024-04-03T09:27:24.186+0200] {dagbag.py:536} INFO - Filling up the DagBag from /home/lucas/anaconda3/lib/python3.11/site-packages/airflow/example_dags/example_branch_operator.py
[2024-04-03T09:27:24.192+0200] {processor.py:839} INFO - DAG(s) dict_keys(['example_branch_operator']) retrieved from /home/lucas/anaconda3/lib/python3.11/site-packages/airflow/example_dags/example_branch_operator.py
[2024-04-03T09:27:24.202+0200] {logging_mixin.py:154} INFO - [2024-04-03T09:27:24.202+0200] {dag.py:2941} INFO - Sync 1 DAGs
[2024-04-03T09:27:24.213+0200] {logging_mixin.py:154} INFO - [2024-04-03T09:27:24.213+0200] {dag.py:3722} INFO - Setting next_dagrun for example_branch_operator to 2024-04-02T00:00:00+00:00, run_after=2024-04-03T00:00:00+00:00
[2024-04-03T09:27:24.226+0200] {processor.py:179} INFO - Processing /home/lucas/anaconda3/lib/python3.11/site-packages/airflow/example_dags/example_branch_operator.py took 0.044 seconds
[2024-04-03T09:28:12.837+0200] {processor.py:157} INFO - Started process (PID=16358) to work on /home/lucas/anaconda3/lib/python3.11/site-packages/airflow/example_dags/example_branch_operator.py
[2024-04-03T09:28:12.840+0200] {processor.py:829} INFO - Processing file /home/lucas/anaconda3/lib/python3.11/site-packages/airflow/example_dags/example_branch_operator.py for tasks to queue
[2024-04-03T09:28:12.840+0200] {logging_mixin.py:154} INFO - [2024-04-03T09:28:12.840+0200] {dagbag.py:536} INFO - Filling up the DagBag from /home/lucas/anaconda3/lib/python3.11/site-packages/airflow/example_dags/example_branch_operator.py
[2024-04-03T09:28:12.846+0200] {processor.py:839} INFO - DAG(s) dict_keys(['example_branch_operator']) retrieved from /home/lucas/anaconda3/lib/python3.11/site-packages/airflow/example_dags/example_branch_operator.py
[2024-04-03T09:28:12.858+0200] {logging_mixin.py:154} INFO - [2024-04-03T09:28:12.857+0200] {dag.py:2941} INFO - Sync 1 DAGs
[2024-04-03T09:28:12.869+0200] {logging_mixin.py:154} INFO - [2024-04-03T09:28:12.869+0200] {dag.py:3722} INFO - Setting next_dagrun for example_branch_operator to 2024-04-02T00:00:00+00:00, run_after=2024-04-03T00:00:00+00:00
[2024-04-03T09:28:12.884+0200] {processor.py:179} INFO - Processing /home/lucas/anaconda3/lib/python3.11/site-packages/airflow/example_dags/example_branch_operator.py took 0.048 seconds
[2024-04-03T09:29:04.660+0200] {processor.py:157} INFO - Started process (PID=16684) to work on /home/lucas/anaconda3/lib/python3.11/site-packages/airflow/example_dags/example_branch_operator.py
[2024-04-03T09:29:04.663+0200] {processor.py:829} INFO - Processing file /home/lucas/anaconda3/lib/python3.11/site-packages/airflow/example_dags/example_branch_operator.py for tasks to queue
[2024-04-03T09:29:04.663+0200] {logging_mixin.py:154} INFO - [2024-04-03T09:29:04.663+0200] {dagbag.py:536} INFO - Filling up the DagBag from /home/lucas/anaconda3/lib/python3.11/site-packages/airflow/example_dags/example_branch_operator.py
[2024-04-03T09:29:04.671+0200] {processor.py:839} INFO - DAG(s) dict_keys(['example_branch_operator']) retrieved from /home/lucas/anaconda3/lib/python3.11/site-packages/airflow/example_dags/example_branch_operator.py
[2024-04-03T09:29:04.681+0200] {logging_mixin.py:154} INFO - [2024-04-03T09:29:04.681+0200] {dag.py:2941} INFO - Sync 1 DAGs
[2024-04-03T09:29:04.692+0200] {logging_mixin.py:154} INFO - [2024-04-03T09:29:04.692+0200] {dag.py:3722} INFO - Setting next_dagrun for example_branch_operator to 2024-04-02T00:00:00+00:00, run_after=2024-04-03T00:00:00+00:00
[2024-04-03T09:29:04.706+0200] {processor.py:179} INFO - Processing /home/lucas/anaconda3/lib/python3.11/site-packages/airflow/example_dags/example_branch_operator.py took 0.047 seconds
[2024-04-03T09:29:52.140+0200] {processor.py:157} INFO - Started process (PID=16845) to work on /home/lucas/anaconda3/lib/python3.11/site-packages/airflow/example_dags/example_branch_operator.py
[2024-04-03T09:29:52.142+0200] {processor.py:829} INFO - Processing file /home/lucas/anaconda3/lib/python3.11/site-packages/airflow/example_dags/example_branch_operator.py for tasks to queue
[2024-04-03T09:29:52.143+0200] {logging_mixin.py:154} INFO - [2024-04-03T09:29:52.143+0200] {dagbag.py:536} INFO - Filling up the DagBag from /home/lucas/anaconda3/lib/python3.11/site-packages/airflow/example_dags/example_branch_operator.py
[2024-04-03T09:29:52.147+0200] {processor.py:839} INFO - DAG(s) dict_keys(['example_branch_operator']) retrieved from /home/lucas/anaconda3/lib/python3.11/site-packages/airflow/example_dags/example_branch_operator.py
[2024-04-03T09:29:52.156+0200] {logging_mixin.py:154} INFO - [2024-04-03T09:29:52.156+0200] {dag.py:2941} INFO - Sync 1 DAGs
[2024-04-03T09:29:52.166+0200] {logging_mixin.py:154} INFO - [2024-04-03T09:29:52.166+0200] {dag.py:3722} INFO - Setting next_dagrun for example_branch_operator to 2024-04-02T00:00:00+00:00, run_after=2024-04-03T00:00:00+00:00
[2024-04-03T09:29:52.179+0200] {processor.py:179} INFO - Processing /home/lucas/anaconda3/lib/python3.11/site-packages/airflow/example_dags/example_branch_operator.py took 0.040 seconds
[2024-04-03T09:30:36.797+0200] {processor.py:157} INFO - Started process (PID=17097) to work on /home/lucas/anaconda3/lib/python3.11/site-packages/airflow/example_dags/example_branch_operator.py
[2024-04-03T09:30:36.800+0200] {processor.py:829} INFO - Processing file /home/lucas/anaconda3/lib/python3.11/site-packages/airflow/example_dags/example_branch_operator.py for tasks to queue
[2024-04-03T09:30:36.801+0200] {logging_mixin.py:154} INFO - [2024-04-03T09:30:36.800+0200] {dagbag.py:536} INFO - Filling up the DagBag from /home/lucas/anaconda3/lib/python3.11/site-packages/airflow/example_dags/example_branch_operator.py
[2024-04-03T09:30:36.805+0200] {processor.py:839} INFO - DAG(s) dict_keys(['example_branch_operator']) retrieved from /home/lucas/anaconda3/lib/python3.11/site-packages/airflow/example_dags/example_branch_operator.py
[2024-04-03T09:30:36.814+0200] {logging_mixin.py:154} INFO - [2024-04-03T09:30:36.814+0200] {dag.py:2941} INFO - Sync 1 DAGs
[2024-04-03T09:30:36.824+0200] {logging_mixin.py:154} INFO - [2024-04-03T09:30:36.824+0200] {dag.py:3722} INFO - Setting next_dagrun for example_branch_operator to 2024-04-02T00:00:00+00:00, run_after=2024-04-03T00:00:00+00:00
[2024-04-03T09:30:36.836+0200] {processor.py:179} INFO - Processing /home/lucas/anaconda3/lib/python3.11/site-packages/airflow/example_dags/example_branch_operator.py took 0.040 seconds
[2024-04-03T09:31:25.281+0200] {processor.py:157} INFO - Started process (PID=17163) to work on /home/lucas/anaconda3/lib/python3.11/site-packages/airflow/example_dags/example_branch_operator.py
[2024-04-03T09:31:25.281+0200] {processor.py:829} INFO - Processing file /home/lucas/anaconda3/lib/python3.11/site-packages/airflow/example_dags/example_branch_operator.py for tasks to queue
[2024-04-03T09:31:25.281+0200] {logging_mixin.py:154} INFO - [2024-04-03T09:31:25.281+0200] {dagbag.py:536} INFO - Filling up the DagBag from /home/lucas/anaconda3/lib/python3.11/site-packages/airflow/example_dags/example_branch_operator.py
[2024-04-03T09:31:25.286+0200] {processor.py:839} INFO - DAG(s) dict_keys(['example_branch_operator']) retrieved from /home/lucas/anaconda3/lib/python3.11/site-packages/airflow/example_dags/example_branch_operator.py
[2024-04-03T09:31:25.295+0200] {logging_mixin.py:154} INFO - [2024-04-03T09:31:25.295+0200] {dag.py:2941} INFO - Sync 1 DAGs
[2024-04-03T09:31:25.305+0200] {logging_mixin.py:154} INFO - [2024-04-03T09:31:25.304+0200] {dag.py:3722} INFO - Setting next_dagrun for example_branch_operator to 2024-04-02T00:00:00+00:00, run_after=2024-04-03T00:00:00+00:00
[2024-04-03T09:31:25.317+0200] {processor.py:179} INFO - Processing /home/lucas/anaconda3/lib/python3.11/site-packages/airflow/example_dags/example_branch_operator.py took 0.038 seconds
[2024-04-03T09:32:47.336+0200] {processor.py:157} INFO - Started process (PID=17882) to work on /home/lucas/anaconda3/lib/python3.11/site-packages/airflow/example_dags/example_branch_operator.py
[2024-04-03T09:32:47.338+0200] {processor.py:829} INFO - Processing file /home/lucas/anaconda3/lib/python3.11/site-packages/airflow/example_dags/example_branch_operator.py for tasks to queue
[2024-04-03T09:32:47.339+0200] {logging_mixin.py:154} INFO - [2024-04-03T09:32:47.339+0200] {dagbag.py:536} INFO - Filling up the DagBag from /home/lucas/anaconda3/lib/python3.11/site-packages/airflow/example_dags/example_branch_operator.py
[2024-04-03T09:32:47.344+0200] {processor.py:839} INFO - DAG(s) dict_keys(['example_branch_operator']) retrieved from /home/lucas/anaconda3/lib/python3.11/site-packages/airflow/example_dags/example_branch_operator.py
[2024-04-03T09:32:47.354+0200] {logging_mixin.py:154} INFO - [2024-04-03T09:32:47.354+0200] {dag.py:2941} INFO - Sync 1 DAGs
[2024-04-03T09:32:47.365+0200] {logging_mixin.py:154} INFO - [2024-04-03T09:32:47.365+0200] {dag.py:3722} INFO - Setting next_dagrun for example_branch_operator to 2024-04-02T00:00:00+00:00, run_after=2024-04-03T00:00:00+00:00
[2024-04-03T09:32:47.377+0200] {processor.py:179} INFO - Processing /home/lucas/anaconda3/lib/python3.11/site-packages/airflow/example_dags/example_branch_operator.py took 0.043 seconds
[2024-04-03T09:33:31.778+0200] {processor.py:157} INFO - Started process (PID=18162) to work on /home/lucas/anaconda3/lib/python3.11/site-packages/airflow/example_dags/example_branch_operator.py
[2024-04-03T09:33:31.781+0200] {processor.py:829} INFO - Processing file /home/lucas/anaconda3/lib/python3.11/site-packages/airflow/example_dags/example_branch_operator.py for tasks to queue
[2024-04-03T09:33:31.782+0200] {logging_mixin.py:154} INFO - [2024-04-03T09:33:31.781+0200] {dagbag.py:536} INFO - Filling up the DagBag from /home/lucas/anaconda3/lib/python3.11/site-packages/airflow/example_dags/example_branch_operator.py
[2024-04-03T09:33:31.787+0200] {processor.py:839} INFO - DAG(s) dict_keys(['example_branch_operator']) retrieved from /home/lucas/anaconda3/lib/python3.11/site-packages/airflow/example_dags/example_branch_operator.py
[2024-04-03T09:33:31.796+0200] {logging_mixin.py:154} INFO - [2024-04-03T09:33:31.796+0200] {dag.py:2941} INFO - Sync 1 DAGs
[2024-04-03T09:33:31.806+0200] {logging_mixin.py:154} INFO - [2024-04-03T09:33:31.806+0200] {dag.py:3722} INFO - Setting next_dagrun for example_branch_operator to 2024-04-02T00:00:00+00:00, run_after=2024-04-03T00:00:00+00:00
[2024-04-03T09:33:31.820+0200] {processor.py:179} INFO - Processing /home/lucas/anaconda3/lib/python3.11/site-packages/airflow/example_dags/example_branch_operator.py took 0.044 seconds
[2024-04-03T09:34:14.016+0200] {processor.py:157} INFO - Started process (PID=18462) to work on /home/lucas/anaconda3/lib/python3.11/site-packages/airflow/example_dags/example_branch_operator.py
[2024-04-03T09:34:14.018+0200] {processor.py:829} INFO - Processing file /home/lucas/anaconda3/lib/python3.11/site-packages/airflow/example_dags/example_branch_operator.py for tasks to queue
[2024-04-03T09:34:14.019+0200] {logging_mixin.py:154} INFO - [2024-04-03T09:34:14.019+0200] {dagbag.py:536} INFO - Filling up the DagBag from /home/lucas/anaconda3/lib/python3.11/site-packages/airflow/example_dags/example_branch_operator.py
[2024-04-03T09:34:14.024+0200] {processor.py:839} INFO - DAG(s) dict_keys(['example_branch_operator']) retrieved from /home/lucas/anaconda3/lib/python3.11/site-packages/airflow/example_dags/example_branch_operator.py
[2024-04-03T09:34:14.033+0200] {logging_mixin.py:154} INFO - [2024-04-03T09:34:14.033+0200] {dag.py:2941} INFO - Sync 1 DAGs
[2024-04-03T09:34:14.043+0200] {logging_mixin.py:154} INFO - [2024-04-03T09:34:14.042+0200] {dag.py:3722} INFO - Setting next_dagrun for example_branch_operator to 2024-04-02T00:00:00+00:00, run_after=2024-04-03T00:00:00+00:00
[2024-04-03T09:34:14.055+0200] {processor.py:179} INFO - Processing /home/lucas/anaconda3/lib/python3.11/site-packages/airflow/example_dags/example_branch_operator.py took 0.041 seconds
[2024-04-03T09:35:25.562+0200] {processor.py:157} INFO - Started process (PID=19140) to work on /home/lucas/anaconda3/lib/python3.11/site-packages/airflow/example_dags/example_branch_operator.py
[2024-04-03T09:35:25.565+0200] {processor.py:829} INFO - Processing file /home/lucas/anaconda3/lib/python3.11/site-packages/airflow/example_dags/example_branch_operator.py for tasks to queue
[2024-04-03T09:35:25.565+0200] {logging_mixin.py:154} INFO - [2024-04-03T09:35:25.565+0200] {dagbag.py:536} INFO - Filling up the DagBag from /home/lucas/anaconda3/lib/python3.11/site-packages/airflow/example_dags/example_branch_operator.py
[2024-04-03T09:35:25.572+0200] {processor.py:839} INFO - DAG(s) dict_keys(['example_branch_operator']) retrieved from /home/lucas/anaconda3/lib/python3.11/site-packages/airflow/example_dags/example_branch_operator.py
[2024-04-03T09:35:25.582+0200] {logging_mixin.py:154} INFO - [2024-04-03T09:35:25.582+0200] {dag.py:2941} INFO - Sync 1 DAGs
[2024-04-03T09:35:25.594+0200] {logging_mixin.py:154} INFO - [2024-04-03T09:35:25.594+0200] {dag.py:3722} INFO - Setting next_dagrun for example_branch_operator to 2024-04-02T00:00:00+00:00, run_after=2024-04-03T00:00:00+00:00
[2024-04-03T09:35:25.606+0200] {processor.py:179} INFO - Processing /home/lucas/anaconda3/lib/python3.11/site-packages/airflow/example_dags/example_branch_operator.py took 0.046 seconds
[2024-04-03T09:36:09.578+0200] {processor.py:157} INFO - Started process (PID=19352) to work on /home/lucas/anaconda3/lib/python3.11/site-packages/airflow/example_dags/example_branch_operator.py
[2024-04-03T09:36:09.580+0200] {processor.py:829} INFO - Processing file /home/lucas/anaconda3/lib/python3.11/site-packages/airflow/example_dags/example_branch_operator.py for tasks to queue
[2024-04-03T09:36:09.581+0200] {logging_mixin.py:154} INFO - [2024-04-03T09:36:09.581+0200] {dagbag.py:536} INFO - Filling up the DagBag from /home/lucas/anaconda3/lib/python3.11/site-packages/airflow/example_dags/example_branch_operator.py
[2024-04-03T09:36:09.585+0200] {processor.py:839} INFO - DAG(s) dict_keys(['example_branch_operator']) retrieved from /home/lucas/anaconda3/lib/python3.11/site-packages/airflow/example_dags/example_branch_operator.py
[2024-04-03T09:36:09.594+0200] {logging_mixin.py:154} INFO - [2024-04-03T09:36:09.594+0200] {dag.py:2941} INFO - Sync 1 DAGs
[2024-04-03T09:36:09.603+0200] {logging_mixin.py:154} INFO - [2024-04-03T09:36:09.603+0200] {dag.py:3722} INFO - Setting next_dagrun for example_branch_operator to 2024-04-02T00:00:00+00:00, run_after=2024-04-03T00:00:00+00:00
[2024-04-03T09:36:09.615+0200] {processor.py:179} INFO - Processing /home/lucas/anaconda3/lib/python3.11/site-packages/airflow/example_dags/example_branch_operator.py took 0.039 seconds
[2024-04-03T09:36:51.619+0200] {processor.py:157} INFO - Started process (PID=19527) to work on /home/lucas/anaconda3/lib/python3.11/site-packages/airflow/example_dags/example_branch_operator.py
[2024-04-03T09:36:51.622+0200] {processor.py:829} INFO - Processing file /home/lucas/anaconda3/lib/python3.11/site-packages/airflow/example_dags/example_branch_operator.py for tasks to queue
[2024-04-03T09:36:51.623+0200] {logging_mixin.py:154} INFO - [2024-04-03T09:36:51.622+0200] {dagbag.py:536} INFO - Filling up the DagBag from /home/lucas/anaconda3/lib/python3.11/site-packages/airflow/example_dags/example_branch_operator.py
[2024-04-03T09:36:51.627+0200] {processor.py:839} INFO - DAG(s) dict_keys(['example_branch_operator']) retrieved from /home/lucas/anaconda3/lib/python3.11/site-packages/airflow/example_dags/example_branch_operator.py
[2024-04-03T09:36:51.638+0200] {logging_mixin.py:154} INFO - [2024-04-03T09:36:51.638+0200] {dag.py:2941} INFO - Sync 1 DAGs
[2024-04-03T09:36:51.648+0200] {logging_mixin.py:154} INFO - [2024-04-03T09:36:51.648+0200] {dag.py:3722} INFO - Setting next_dagrun for example_branch_operator to 2024-04-02T00:00:00+00:00, run_after=2024-04-03T00:00:00+00:00
[2024-04-03T09:36:51.660+0200] {processor.py:179} INFO - Processing /home/lucas/anaconda3/lib/python3.11/site-packages/airflow/example_dags/example_branch_operator.py took 0.042 seconds
[2024-04-03T09:37:37.766+0200] {processor.py:157} INFO - Started process (PID=19604) to work on /home/lucas/anaconda3/lib/python3.11/site-packages/airflow/example_dags/example_branch_operator.py
[2024-04-03T09:37:37.769+0200] {processor.py:829} INFO - Processing file /home/lucas/anaconda3/lib/python3.11/site-packages/airflow/example_dags/example_branch_operator.py for tasks to queue
[2024-04-03T09:37:37.770+0200] {logging_mixin.py:154} INFO - [2024-04-03T09:37:37.769+0200] {dagbag.py:536} INFO - Filling up the DagBag from /home/lucas/anaconda3/lib/python3.11/site-packages/airflow/example_dags/example_branch_operator.py
[2024-04-03T09:37:37.774+0200] {processor.py:839} INFO - DAG(s) dict_keys(['example_branch_operator']) retrieved from /home/lucas/anaconda3/lib/python3.11/site-packages/airflow/example_dags/example_branch_operator.py
[2024-04-03T09:37:37.783+0200] {logging_mixin.py:154} INFO - [2024-04-03T09:37:37.783+0200] {dag.py:2941} INFO - Sync 1 DAGs
[2024-04-03T09:37:37.792+0200] {logging_mixin.py:154} INFO - [2024-04-03T09:37:37.792+0200] {dag.py:3722} INFO - Setting next_dagrun for example_branch_operator to 2024-04-02T00:00:00+00:00, run_after=2024-04-03T00:00:00+00:00
[2024-04-03T09:37:37.804+0200] {processor.py:179} INFO - Processing /home/lucas/anaconda3/lib/python3.11/site-packages/airflow/example_dags/example_branch_operator.py took 0.039 seconds
[2024-04-03T09:38:21.125+0200] {processor.py:157} INFO - Started process (PID=19722) to work on /home/lucas/anaconda3/lib/python3.11/site-packages/airflow/example_dags/example_branch_operator.py
[2024-04-03T09:38:21.127+0200] {processor.py:829} INFO - Processing file /home/lucas/anaconda3/lib/python3.11/site-packages/airflow/example_dags/example_branch_operator.py for tasks to queue
[2024-04-03T09:38:21.128+0200] {logging_mixin.py:154} INFO - [2024-04-03T09:38:21.128+0200] {dagbag.py:536} INFO - Filling up the DagBag from /home/lucas/anaconda3/lib/python3.11/site-packages/airflow/example_dags/example_branch_operator.py
[2024-04-03T09:38:21.132+0200] {processor.py:839} INFO - DAG(s) dict_keys(['example_branch_operator']) retrieved from /home/lucas/anaconda3/lib/python3.11/site-packages/airflow/example_dags/example_branch_operator.py
[2024-04-03T09:38:21.141+0200] {logging_mixin.py:154} INFO - [2024-04-03T09:38:21.141+0200] {dag.py:2941} INFO - Sync 1 DAGs
[2024-04-03T09:38:21.151+0200] {logging_mixin.py:154} INFO - [2024-04-03T09:38:21.151+0200] {dag.py:3722} INFO - Setting next_dagrun for example_branch_operator to 2024-04-02T00:00:00+00:00, run_after=2024-04-03T00:00:00+00:00
[2024-04-03T09:38:21.162+0200] {processor.py:179} INFO - Processing /home/lucas/anaconda3/lib/python3.11/site-packages/airflow/example_dags/example_branch_operator.py took 0.039 seconds
[2024-04-03T09:39:07.810+0200] {processor.py:157} INFO - Started process (PID=19839) to work on /home/lucas/anaconda3/lib/python3.11/site-packages/airflow/example_dags/example_branch_operator.py
[2024-04-03T09:39:07.813+0200] {processor.py:829} INFO - Processing file /home/lucas/anaconda3/lib/python3.11/site-packages/airflow/example_dags/example_branch_operator.py for tasks to queue
[2024-04-03T09:39:07.813+0200] {logging_mixin.py:154} INFO - [2024-04-03T09:39:07.813+0200] {dagbag.py:536} INFO - Filling up the DagBag from /home/lucas/anaconda3/lib/python3.11/site-packages/airflow/example_dags/example_branch_operator.py
[2024-04-03T09:39:07.818+0200] {processor.py:839} INFO - DAG(s) dict_keys(['example_branch_operator']) retrieved from /home/lucas/anaconda3/lib/python3.11/site-packages/airflow/example_dags/example_branch_operator.py
[2024-04-03T09:39:07.827+0200] {logging_mixin.py:154} INFO - [2024-04-03T09:39:07.827+0200] {dag.py:2941} INFO - Sync 1 DAGs
[2024-04-03T09:39:07.836+0200] {logging_mixin.py:154} INFO - [2024-04-03T09:39:07.836+0200] {dag.py:3722} INFO - Setting next_dagrun for example_branch_operator to 2024-04-02T00:00:00+00:00, run_after=2024-04-03T00:00:00+00:00
[2024-04-03T09:39:07.848+0200] {processor.py:179} INFO - Processing /home/lucas/anaconda3/lib/python3.11/site-packages/airflow/example_dags/example_branch_operator.py took 0.039 seconds
[2024-04-03T09:39:50.333+0200] {processor.py:157} INFO - Started process (PID=19921) to work on /home/lucas/anaconda3/lib/python3.11/site-packages/airflow/example_dags/example_branch_operator.py
[2024-04-03T09:39:50.336+0200] {processor.py:829} INFO - Processing file /home/lucas/anaconda3/lib/python3.11/site-packages/airflow/example_dags/example_branch_operator.py for tasks to queue
[2024-04-03T09:39:50.336+0200] {logging_mixin.py:154} INFO - [2024-04-03T09:39:50.336+0200] {dagbag.py:536} INFO - Filling up the DagBag from /home/lucas/anaconda3/lib/python3.11/site-packages/airflow/example_dags/example_branch_operator.py
[2024-04-03T09:39:50.341+0200] {processor.py:839} INFO - DAG(s) dict_keys(['example_branch_operator']) retrieved from /home/lucas/anaconda3/lib/python3.11/site-packages/airflow/example_dags/example_branch_operator.py
[2024-04-03T09:39:50.350+0200] {logging_mixin.py:154} INFO - [2024-04-03T09:39:50.350+0200] {dag.py:2941} INFO - Sync 1 DAGs
[2024-04-03T09:39:50.359+0200] {logging_mixin.py:154} INFO - [2024-04-03T09:39:50.359+0200] {dag.py:3722} INFO - Setting next_dagrun for example_branch_operator to 2024-04-02T00:00:00+00:00, run_after=2024-04-03T00:00:00+00:00
[2024-04-03T09:39:50.371+0200] {processor.py:179} INFO - Processing /home/lucas/anaconda3/lib/python3.11/site-packages/airflow/example_dags/example_branch_operator.py took 0.039 seconds
[2024-04-03T09:40:42.354+0200] {processor.py:157} INFO - Started process (PID=20083) to work on /home/lucas/anaconda3/lib/python3.11/site-packages/airflow/example_dags/example_branch_operator.py
[2024-04-03T09:40:42.355+0200] {processor.py:829} INFO - Processing file /home/lucas/anaconda3/lib/python3.11/site-packages/airflow/example_dags/example_branch_operator.py for tasks to queue
[2024-04-03T09:40:42.355+0200] {logging_mixin.py:154} INFO - [2024-04-03T09:40:42.355+0200] {dagbag.py:536} INFO - Filling up the DagBag from /home/lucas/anaconda3/lib/python3.11/site-packages/airflow/example_dags/example_branch_operator.py
[2024-04-03T09:40:42.360+0200] {processor.py:839} INFO - DAG(s) dict_keys(['example_branch_operator']) retrieved from /home/lucas/anaconda3/lib/python3.11/site-packages/airflow/example_dags/example_branch_operator.py
[2024-04-03T09:40:42.369+0200] {logging_mixin.py:154} INFO - [2024-04-03T09:40:42.369+0200] {dag.py:2941} INFO - Sync 1 DAGs
[2024-04-03T09:40:42.378+0200] {logging_mixin.py:154} INFO - [2024-04-03T09:40:42.378+0200] {dag.py:3722} INFO - Setting next_dagrun for example_branch_operator to 2024-04-02T00:00:00+00:00, run_after=2024-04-03T00:00:00+00:00
[2024-04-03T09:40:42.390+0200] {processor.py:179} INFO - Processing /home/lucas/anaconda3/lib/python3.11/site-packages/airflow/example_dags/example_branch_operator.py took 0.037 seconds
[2024-04-03T09:41:26.942+0200] {processor.py:157} INFO - Started process (PID=20200) to work on /home/lucas/anaconda3/lib/python3.11/site-packages/airflow/example_dags/example_branch_operator.py
[2024-04-03T09:41:26.945+0200] {processor.py:829} INFO - Processing file /home/lucas/anaconda3/lib/python3.11/site-packages/airflow/example_dags/example_branch_operator.py for tasks to queue
[2024-04-03T09:41:26.946+0200] {logging_mixin.py:154} INFO - [2024-04-03T09:41:26.945+0200] {dagbag.py:536} INFO - Filling up the DagBag from /home/lucas/anaconda3/lib/python3.11/site-packages/airflow/example_dags/example_branch_operator.py
[2024-04-03T09:41:26.950+0200] {processor.py:839} INFO - DAG(s) dict_keys(['example_branch_operator']) retrieved from /home/lucas/anaconda3/lib/python3.11/site-packages/airflow/example_dags/example_branch_operator.py
[2024-04-03T09:41:26.959+0200] {logging_mixin.py:154} INFO - [2024-04-03T09:41:26.959+0200] {dag.py:2941} INFO - Sync 1 DAGs
[2024-04-03T09:41:26.968+0200] {logging_mixin.py:154} INFO - [2024-04-03T09:41:26.968+0200] {dag.py:3722} INFO - Setting next_dagrun for example_branch_operator to 2024-04-02T00:00:00+00:00, run_after=2024-04-03T00:00:00+00:00
[2024-04-03T09:41:26.980+0200] {processor.py:179} INFO - Processing /home/lucas/anaconda3/lib/python3.11/site-packages/airflow/example_dags/example_branch_operator.py took 0.039 seconds
[2024-04-03T09:42:09.082+0200] {processor.py:157} INFO - Started process (PID=20318) to work on /home/lucas/anaconda3/lib/python3.11/site-packages/airflow/example_dags/example_branch_operator.py
[2024-04-03T09:42:09.085+0200] {processor.py:829} INFO - Processing file /home/lucas/anaconda3/lib/python3.11/site-packages/airflow/example_dags/example_branch_operator.py for tasks to queue
[2024-04-03T09:42:09.086+0200] {logging_mixin.py:154} INFO - [2024-04-03T09:42:09.085+0200] {dagbag.py:536} INFO - Filling up the DagBag from /home/lucas/anaconda3/lib/python3.11/site-packages/airflow/example_dags/example_branch_operator.py
[2024-04-03T09:42:09.090+0200] {processor.py:839} INFO - DAG(s) dict_keys(['example_branch_operator']) retrieved from /home/lucas/anaconda3/lib/python3.11/site-packages/airflow/example_dags/example_branch_operator.py
[2024-04-03T09:42:09.099+0200] {logging_mixin.py:154} INFO - [2024-04-03T09:42:09.099+0200] {dag.py:2941} INFO - Sync 1 DAGs
[2024-04-03T09:42:09.109+0200] {logging_mixin.py:154} INFO - [2024-04-03T09:42:09.109+0200] {dag.py:3722} INFO - Setting next_dagrun for example_branch_operator to 2024-04-02T00:00:00+00:00, run_after=2024-04-03T00:00:00+00:00
[2024-04-03T09:42:09.120+0200] {processor.py:179} INFO - Processing /home/lucas/anaconda3/lib/python3.11/site-packages/airflow/example_dags/example_branch_operator.py took 0.039 seconds
[2024-04-03T09:42:53.432+0200] {processor.py:157} INFO - Started process (PID=20529) to work on /home/lucas/anaconda3/lib/python3.11/site-packages/airflow/example_dags/example_branch_operator.py
[2024-04-03T09:42:53.435+0200] {processor.py:829} INFO - Processing file /home/lucas/anaconda3/lib/python3.11/site-packages/airflow/example_dags/example_branch_operator.py for tasks to queue
[2024-04-03T09:42:53.435+0200] {logging_mixin.py:154} INFO - [2024-04-03T09:42:53.435+0200] {dagbag.py:536} INFO - Filling up the DagBag from /home/lucas/anaconda3/lib/python3.11/site-packages/airflow/example_dags/example_branch_operator.py
[2024-04-03T09:42:53.439+0200] {processor.py:839} INFO - DAG(s) dict_keys(['example_branch_operator']) retrieved from /home/lucas/anaconda3/lib/python3.11/site-packages/airflow/example_dags/example_branch_operator.py
[2024-04-03T09:42:53.448+0200] {logging_mixin.py:154} INFO - [2024-04-03T09:42:53.448+0200] {dag.py:2941} INFO - Sync 1 DAGs
[2024-04-03T09:42:53.458+0200] {logging_mixin.py:154} INFO - [2024-04-03T09:42:53.457+0200] {dag.py:3722} INFO - Setting next_dagrun for example_branch_operator to 2024-04-02T00:00:00+00:00, run_after=2024-04-03T00:00:00+00:00
[2024-04-03T09:42:53.469+0200] {processor.py:179} INFO - Processing /home/lucas/anaconda3/lib/python3.11/site-packages/airflow/example_dags/example_branch_operator.py took 0.038 seconds
[2024-04-03T09:43:41.566+0200] {processor.py:157} INFO - Started process (PID=20590) to work on /home/lucas/anaconda3/lib/python3.11/site-packages/airflow/example_dags/example_branch_operator.py
[2024-04-03T09:43:41.568+0200] {processor.py:829} INFO - Processing file /home/lucas/anaconda3/lib/python3.11/site-packages/airflow/example_dags/example_branch_operator.py for tasks to queue
[2024-04-03T09:43:41.569+0200] {logging_mixin.py:154} INFO - [2024-04-03T09:43:41.568+0200] {dagbag.py:536} INFO - Filling up the DagBag from /home/lucas/anaconda3/lib/python3.11/site-packages/airflow/example_dags/example_branch_operator.py
[2024-04-03T09:43:41.573+0200] {processor.py:839} INFO - DAG(s) dict_keys(['example_branch_operator']) retrieved from /home/lucas/anaconda3/lib/python3.11/site-packages/airflow/example_dags/example_branch_operator.py
[2024-04-03T09:43:41.582+0200] {logging_mixin.py:154} INFO - [2024-04-03T09:43:41.582+0200] {dag.py:2941} INFO - Sync 1 DAGs
[2024-04-03T09:43:41.591+0200] {logging_mixin.py:154} INFO - [2024-04-03T09:43:41.591+0200] {dag.py:3722} INFO - Setting next_dagrun for example_branch_operator to 2024-04-02T00:00:00+00:00, run_after=2024-04-03T00:00:00+00:00
[2024-04-03T09:43:41.604+0200] {processor.py:179} INFO - Processing /home/lucas/anaconda3/lib/python3.11/site-packages/airflow/example_dags/example_branch_operator.py took 0.039 seconds
[2024-04-03T09:44:27.692+0200] {processor.py:157} INFO - Started process (PID=20986) to work on /home/lucas/anaconda3/lib/python3.11/site-packages/airflow/example_dags/example_branch_operator.py
[2024-04-03T09:44:27.695+0200] {processor.py:829} INFO - Processing file /home/lucas/anaconda3/lib/python3.11/site-packages/airflow/example_dags/example_branch_operator.py for tasks to queue
[2024-04-03T09:44:27.696+0200] {logging_mixin.py:154} INFO - [2024-04-03T09:44:27.695+0200] {dagbag.py:536} INFO - Filling up the DagBag from /home/lucas/anaconda3/lib/python3.11/site-packages/airflow/example_dags/example_branch_operator.py
[2024-04-03T09:44:27.700+0200] {processor.py:839} INFO - DAG(s) dict_keys(['example_branch_operator']) retrieved from /home/lucas/anaconda3/lib/python3.11/site-packages/airflow/example_dags/example_branch_operator.py
[2024-04-03T09:44:27.709+0200] {logging_mixin.py:154} INFO - [2024-04-03T09:44:27.709+0200] {dag.py:2941} INFO - Sync 1 DAGs
[2024-04-03T09:44:27.719+0200] {logging_mixin.py:154} INFO - [2024-04-03T09:44:27.719+0200] {dag.py:3722} INFO - Setting next_dagrun for example_branch_operator to 2024-04-02T00:00:00+00:00, run_after=2024-04-03T00:00:00+00:00
[2024-04-03T09:44:27.731+0200] {processor.py:179} INFO - Processing /home/lucas/anaconda3/lib/python3.11/site-packages/airflow/example_dags/example_branch_operator.py took 0.040 seconds
[2024-04-03T09:45:09.837+0200] {processor.py:157} INFO - Started process (PID=21201) to work on /home/lucas/anaconda3/lib/python3.11/site-packages/airflow/example_dags/example_branch_operator.py
[2024-04-03T09:45:09.840+0200] {processor.py:829} INFO - Processing file /home/lucas/anaconda3/lib/python3.11/site-packages/airflow/example_dags/example_branch_operator.py for tasks to queue
[2024-04-03T09:45:09.840+0200] {logging_mixin.py:154} INFO - [2024-04-03T09:45:09.840+0200] {dagbag.py:536} INFO - Filling up the DagBag from /home/lucas/anaconda3/lib/python3.11/site-packages/airflow/example_dags/example_branch_operator.py
[2024-04-03T09:45:09.845+0200] {processor.py:839} INFO - DAG(s) dict_keys(['example_branch_operator']) retrieved from /home/lucas/anaconda3/lib/python3.11/site-packages/airflow/example_dags/example_branch_operator.py
[2024-04-03T09:45:09.854+0200] {logging_mixin.py:154} INFO - [2024-04-03T09:45:09.854+0200] {dag.py:2941} INFO - Sync 1 DAGs
[2024-04-03T09:45:09.864+0200] {logging_mixin.py:154} INFO - [2024-04-03T09:45:09.864+0200] {dag.py:3722} INFO - Setting next_dagrun for example_branch_operator to 2024-04-02T00:00:00+00:00, run_after=2024-04-03T00:00:00+00:00
[2024-04-03T09:45:09.876+0200] {processor.py:179} INFO - Processing /home/lucas/anaconda3/lib/python3.11/site-packages/airflow/example_dags/example_branch_operator.py took 0.040 seconds
[2024-04-03T09:48:25.688+0200] {processor.py:157} INFO - Started process (PID=21962) to work on /home/lucas/anaconda3/lib/python3.11/site-packages/airflow/example_dags/example_branch_operator.py
[2024-04-03T09:48:25.690+0200] {processor.py:829} INFO - Processing file /home/lucas/anaconda3/lib/python3.11/site-packages/airflow/example_dags/example_branch_operator.py for tasks to queue
[2024-04-03T09:48:25.691+0200] {logging_mixin.py:154} INFO - [2024-04-03T09:48:25.691+0200] {dagbag.py:536} INFO - Filling up the DagBag from /home/lucas/anaconda3/lib/python3.11/site-packages/airflow/example_dags/example_branch_operator.py
[2024-04-03T09:48:25.695+0200] {processor.py:839} INFO - DAG(s) dict_keys(['example_branch_operator']) retrieved from /home/lucas/anaconda3/lib/python3.11/site-packages/airflow/example_dags/example_branch_operator.py
[2024-04-03T09:48:25.706+0200] {logging_mixin.py:154} INFO - [2024-04-03T09:48:25.706+0200] {dag.py:2941} INFO - Sync 1 DAGs
[2024-04-03T09:48:25.716+0200] {logging_mixin.py:154} INFO - [2024-04-03T09:48:25.715+0200] {dag.py:3722} INFO - Setting next_dagrun for example_branch_operator to 2024-04-02T00:00:00+00:00, run_after=2024-04-03T00:00:00+00:00
[2024-04-03T09:48:25.728+0200] {processor.py:179} INFO - Processing /home/lucas/anaconda3/lib/python3.11/site-packages/airflow/example_dags/example_branch_operator.py took 0.042 seconds
[2024-04-03T09:49:09.739+0200] {processor.py:157} INFO - Started process (PID=22188) to work on /home/lucas/anaconda3/lib/python3.11/site-packages/airflow/example_dags/example_branch_operator.py
[2024-04-03T09:49:09.742+0200] {processor.py:829} INFO - Processing file /home/lucas/anaconda3/lib/python3.11/site-packages/airflow/example_dags/example_branch_operator.py for tasks to queue
[2024-04-03T09:49:09.743+0200] {logging_mixin.py:154} INFO - [2024-04-03T09:49:09.742+0200] {dagbag.py:536} INFO - Filling up the DagBag from /home/lucas/anaconda3/lib/python3.11/site-packages/airflow/example_dags/example_branch_operator.py
[2024-04-03T09:49:09.748+0200] {processor.py:839} INFO - DAG(s) dict_keys(['example_branch_operator']) retrieved from /home/lucas/anaconda3/lib/python3.11/site-packages/airflow/example_dags/example_branch_operator.py
[2024-04-03T09:49:09.757+0200] {logging_mixin.py:154} INFO - [2024-04-03T09:49:09.757+0200] {dag.py:2941} INFO - Sync 1 DAGs
[2024-04-03T09:49:09.767+0200] {logging_mixin.py:154} INFO - [2024-04-03T09:49:09.766+0200] {dag.py:3722} INFO - Setting next_dagrun for example_branch_operator to 2024-04-02T00:00:00+00:00, run_after=2024-04-03T00:00:00+00:00
[2024-04-03T09:49:09.778+0200] {processor.py:179} INFO - Processing /home/lucas/anaconda3/lib/python3.11/site-packages/airflow/example_dags/example_branch_operator.py took 0.041 seconds
[2024-04-03T09:49:51.959+0200] {processor.py:157} INFO - Started process (PID=22395) to work on /home/lucas/anaconda3/lib/python3.11/site-packages/airflow/example_dags/example_branch_operator.py
[2024-04-03T09:49:51.962+0200] {processor.py:829} INFO - Processing file /home/lucas/anaconda3/lib/python3.11/site-packages/airflow/example_dags/example_branch_operator.py for tasks to queue
[2024-04-03T09:49:51.962+0200] {logging_mixin.py:154} INFO - [2024-04-03T09:49:51.962+0200] {dagbag.py:536} INFO - Filling up the DagBag from /home/lucas/anaconda3/lib/python3.11/site-packages/airflow/example_dags/example_branch_operator.py
[2024-04-03T09:49:51.967+0200] {processor.py:839} INFO - DAG(s) dict_keys(['example_branch_operator']) retrieved from /home/lucas/anaconda3/lib/python3.11/site-packages/airflow/example_dags/example_branch_operator.py
[2024-04-03T09:49:51.975+0200] {logging_mixin.py:154} INFO - [2024-04-03T09:49:51.975+0200] {dag.py:2941} INFO - Sync 1 DAGs
[2024-04-03T09:49:51.985+0200] {logging_mixin.py:154} INFO - [2024-04-03T09:49:51.985+0200] {dag.py:3722} INFO - Setting next_dagrun for example_branch_operator to 2024-04-02T00:00:00+00:00, run_after=2024-04-03T00:00:00+00:00
[2024-04-03T09:49:51.996+0200] {processor.py:179} INFO - Processing /home/lucas/anaconda3/lib/python3.11/site-packages/airflow/example_dags/example_branch_operator.py took 0.039 seconds
[2024-04-03T09:50:37.800+0200] {processor.py:157} INFO - Started process (PID=22604) to work on /home/lucas/anaconda3/lib/python3.11/site-packages/airflow/example_dags/example_branch_operator.py
[2024-04-03T09:50:37.803+0200] {processor.py:829} INFO - Processing file /home/lucas/anaconda3/lib/python3.11/site-packages/airflow/example_dags/example_branch_operator.py for tasks to queue
[2024-04-03T09:50:37.803+0200] {logging_mixin.py:154} INFO - [2024-04-03T09:50:37.803+0200] {dagbag.py:536} INFO - Filling up the DagBag from /home/lucas/anaconda3/lib/python3.11/site-packages/airflow/example_dags/example_branch_operator.py
[2024-04-03T09:50:37.809+0200] {processor.py:839} INFO - DAG(s) dict_keys(['example_branch_operator']) retrieved from /home/lucas/anaconda3/lib/python3.11/site-packages/airflow/example_dags/example_branch_operator.py
[2024-04-03T09:50:37.819+0200] {logging_mixin.py:154} INFO - [2024-04-03T09:50:37.819+0200] {dag.py:2941} INFO - Sync 1 DAGs
[2024-04-03T09:50:37.833+0200] {logging_mixin.py:154} INFO - [2024-04-03T09:50:37.833+0200] {dag.py:3722} INFO - Setting next_dagrun for example_branch_operator to 2024-04-02T00:00:00+00:00, run_after=2024-04-03T00:00:00+00:00
[2024-04-03T09:50:37.848+0200] {processor.py:179} INFO - Processing /home/lucas/anaconda3/lib/python3.11/site-packages/airflow/example_dags/example_branch_operator.py took 0.050 seconds
[2024-04-03T09:54:23.001+0200] {processor.py:157} INFO - Started process (PID=23804) to work on /home/lucas/anaconda3/lib/python3.11/site-packages/airflow/example_dags/example_branch_operator.py
[2024-04-03T09:54:23.004+0200] {processor.py:829} INFO - Processing file /home/lucas/anaconda3/lib/python3.11/site-packages/airflow/example_dags/example_branch_operator.py for tasks to queue
[2024-04-03T09:54:23.004+0200] {logging_mixin.py:154} INFO - [2024-04-03T09:54:23.004+0200] {dagbag.py:536} INFO - Filling up the DagBag from /home/lucas/anaconda3/lib/python3.11/site-packages/airflow/example_dags/example_branch_operator.py
[2024-04-03T09:54:23.009+0200] {processor.py:839} INFO - DAG(s) dict_keys(['example_branch_operator']) retrieved from /home/lucas/anaconda3/lib/python3.11/site-packages/airflow/example_dags/example_branch_operator.py
[2024-04-03T09:54:23.018+0200] {logging_mixin.py:154} INFO - [2024-04-03T09:54:23.018+0200] {dag.py:2941} INFO - Sync 1 DAGs
[2024-04-03T09:54:23.028+0200] {logging_mixin.py:154} INFO - [2024-04-03T09:54:23.028+0200] {dag.py:3722} INFO - Setting next_dagrun for example_branch_operator to 2024-04-02T00:00:00+00:00, run_after=2024-04-03T00:00:00+00:00
[2024-04-03T09:54:23.041+0200] {processor.py:179} INFO - Processing /home/lucas/anaconda3/lib/python3.11/site-packages/airflow/example_dags/example_branch_operator.py took 0.041 seconds
[2024-04-03T09:55:06.326+0200] {processor.py:157} INFO - Started process (PID=23951) to work on /home/lucas/anaconda3/lib/python3.11/site-packages/airflow/example_dags/example_branch_operator.py
[2024-04-03T09:55:06.328+0200] {processor.py:829} INFO - Processing file /home/lucas/anaconda3/lib/python3.11/site-packages/airflow/example_dags/example_branch_operator.py for tasks to queue
[2024-04-03T09:55:06.329+0200] {logging_mixin.py:154} INFO - [2024-04-03T09:55:06.329+0200] {dagbag.py:536} INFO - Filling up the DagBag from /home/lucas/anaconda3/lib/python3.11/site-packages/airflow/example_dags/example_branch_operator.py
[2024-04-03T09:55:06.334+0200] {processor.py:839} INFO - DAG(s) dict_keys(['example_branch_operator']) retrieved from /home/lucas/anaconda3/lib/python3.11/site-packages/airflow/example_dags/example_branch_operator.py
[2024-04-03T09:55:06.343+0200] {logging_mixin.py:154} INFO - [2024-04-03T09:55:06.342+0200] {dag.py:2941} INFO - Sync 1 DAGs
[2024-04-03T09:55:06.352+0200] {logging_mixin.py:154} INFO - [2024-04-03T09:55:06.352+0200] {dag.py:3722} INFO - Setting next_dagrun for example_branch_operator to 2024-04-02T00:00:00+00:00, run_after=2024-04-03T00:00:00+00:00
[2024-04-03T09:55:06.364+0200] {processor.py:179} INFO - Processing /home/lucas/anaconda3/lib/python3.11/site-packages/airflow/example_dags/example_branch_operator.py took 0.040 seconds
[2024-04-03T10:00:06.479+0200] {processor.py:157} INFO - Started process (PID=93043) to work on /home/lucas/anaconda3/lib/python3.11/site-packages/airflow/example_dags/example_branch_operator.py
[2024-04-03T10:00:06.482+0200] {processor.py:829} INFO - Processing file /home/lucas/anaconda3/lib/python3.11/site-packages/airflow/example_dags/example_branch_operator.py for tasks to queue
[2024-04-03T10:00:06.482+0200] {logging_mixin.py:154} INFO - [2024-04-03T10:00:06.482+0200] {dagbag.py:536} INFO - Filling up the DagBag from /home/lucas/anaconda3/lib/python3.11/site-packages/airflow/example_dags/example_branch_operator.py
[2024-04-03T10:00:06.487+0200] {processor.py:839} INFO - DAG(s) dict_keys(['example_branch_operator']) retrieved from /home/lucas/anaconda3/lib/python3.11/site-packages/airflow/example_dags/example_branch_operator.py
[2024-04-03T10:00:06.497+0200] {logging_mixin.py:154} INFO - [2024-04-03T10:00:06.497+0200] {dag.py:2941} INFO - Sync 1 DAGs
[2024-04-03T10:00:06.507+0200] {logging_mixin.py:154} INFO - [2024-04-03T10:00:06.507+0200] {dag.py:3722} INFO - Setting next_dagrun for example_branch_operator to 2024-04-02T00:00:00+00:00, run_after=2024-04-03T00:00:00+00:00
[2024-04-03T10:00:06.518+0200] {processor.py:179} INFO - Processing /home/lucas/anaconda3/lib/python3.11/site-packages/airflow/example_dags/example_branch_operator.py took 0.041 seconds
[2024-04-03T10:01:47.061+0200] {processor.py:157} INFO - Started process (PID=93813) to work on /home/lucas/anaconda3/lib/python3.11/site-packages/airflow/example_dags/example_branch_operator.py
[2024-04-03T10:01:47.064+0200] {processor.py:829} INFO - Processing file /home/lucas/anaconda3/lib/python3.11/site-packages/airflow/example_dags/example_branch_operator.py for tasks to queue
[2024-04-03T10:01:47.064+0200] {logging_mixin.py:154} INFO - [2024-04-03T10:01:47.064+0200] {dagbag.py:536} INFO - Filling up the DagBag from /home/lucas/anaconda3/lib/python3.11/site-packages/airflow/example_dags/example_branch_operator.py
[2024-04-03T10:01:47.069+0200] {processor.py:839} INFO - DAG(s) dict_keys(['example_branch_operator']) retrieved from /home/lucas/anaconda3/lib/python3.11/site-packages/airflow/example_dags/example_branch_operator.py
[2024-04-03T10:01:47.079+0200] {logging_mixin.py:154} INFO - [2024-04-03T10:01:47.079+0200] {dag.py:2941} INFO - Sync 1 DAGs
[2024-04-03T10:01:47.088+0200] {logging_mixin.py:154} INFO - [2024-04-03T10:01:47.088+0200] {dag.py:3722} INFO - Setting next_dagrun for example_branch_operator to 2024-04-02T00:00:00+00:00, run_after=2024-04-03T00:00:00+00:00
[2024-04-03T10:01:47.100+0200] {processor.py:179} INFO - Processing /home/lucas/anaconda3/lib/python3.11/site-packages/airflow/example_dags/example_branch_operator.py took 0.040 seconds
[2024-04-03T10:02:34.910+0200] {processor.py:157} INFO - Started process (PID=93997) to work on /home/lucas/anaconda3/lib/python3.11/site-packages/airflow/example_dags/example_branch_operator.py
[2024-04-03T10:02:34.913+0200] {processor.py:829} INFO - Processing file /home/lucas/anaconda3/lib/python3.11/site-packages/airflow/example_dags/example_branch_operator.py for tasks to queue
[2024-04-03T10:02:34.914+0200] {logging_mixin.py:154} INFO - [2024-04-03T10:02:34.913+0200] {dagbag.py:536} INFO - Filling up the DagBag from /home/lucas/anaconda3/lib/python3.11/site-packages/airflow/example_dags/example_branch_operator.py
[2024-04-03T10:02:34.918+0200] {processor.py:839} INFO - DAG(s) dict_keys(['example_branch_operator']) retrieved from /home/lucas/anaconda3/lib/python3.11/site-packages/airflow/example_dags/example_branch_operator.py
[2024-04-03T10:02:34.927+0200] {logging_mixin.py:154} INFO - [2024-04-03T10:02:34.926+0200] {dag.py:2941} INFO - Sync 1 DAGs
[2024-04-03T10:02:34.936+0200] {logging_mixin.py:154} INFO - [2024-04-03T10:02:34.936+0200] {dag.py:3722} INFO - Setting next_dagrun for example_branch_operator to 2024-04-02T00:00:00+00:00, run_after=2024-04-03T00:00:00+00:00
[2024-04-03T10:02:34.947+0200] {processor.py:179} INFO - Processing /home/lucas/anaconda3/lib/python3.11/site-packages/airflow/example_dags/example_branch_operator.py took 0.038 seconds
[2024-04-03T10:03:29.026+0200] {processor.py:157} INFO - Started process (PID=94258) to work on /home/lucas/anaconda3/lib/python3.11/site-packages/airflow/example_dags/example_branch_operator.py
[2024-04-03T10:03:29.029+0200] {processor.py:829} INFO - Processing file /home/lucas/anaconda3/lib/python3.11/site-packages/airflow/example_dags/example_branch_operator.py for tasks to queue
[2024-04-03T10:03:29.030+0200] {logging_mixin.py:154} INFO - [2024-04-03T10:03:29.029+0200] {dagbag.py:536} INFO - Filling up the DagBag from /home/lucas/anaconda3/lib/python3.11/site-packages/airflow/example_dags/example_branch_operator.py
[2024-04-03T10:03:29.034+0200] {processor.py:839} INFO - DAG(s) dict_keys(['example_branch_operator']) retrieved from /home/lucas/anaconda3/lib/python3.11/site-packages/airflow/example_dags/example_branch_operator.py
[2024-04-03T10:03:29.125+0200] {logging_mixin.py:154} INFO - [2024-04-03T10:03:29.125+0200] {dag.py:2941} INFO - Sync 1 DAGs
[2024-04-03T10:03:29.134+0200] {logging_mixin.py:154} INFO - [2024-04-03T10:03:29.134+0200] {dag.py:3722} INFO - Setting next_dagrun for example_branch_operator to 2024-04-02T00:00:00+00:00, run_after=2024-04-03T00:00:00+00:00
[2024-04-03T10:03:29.148+0200] {processor.py:179} INFO - Processing /home/lucas/anaconda3/lib/python3.11/site-packages/airflow/example_dags/example_branch_operator.py took 0.123 seconds
[2024-04-03T10:04:20.121+0200] {processor.py:157} INFO - Started process (PID=94627) to work on /home/lucas/anaconda3/lib/python3.11/site-packages/airflow/example_dags/example_branch_operator.py
[2024-04-03T10:04:20.124+0200] {processor.py:829} INFO - Processing file /home/lucas/anaconda3/lib/python3.11/site-packages/airflow/example_dags/example_branch_operator.py for tasks to queue
[2024-04-03T10:04:20.124+0200] {logging_mixin.py:154} INFO - [2024-04-03T10:04:20.124+0200] {dagbag.py:536} INFO - Filling up the DagBag from /home/lucas/anaconda3/lib/python3.11/site-packages/airflow/example_dags/example_branch_operator.py
[2024-04-03T10:04:20.129+0200] {processor.py:839} INFO - DAG(s) dict_keys(['example_branch_operator']) retrieved from /home/lucas/anaconda3/lib/python3.11/site-packages/airflow/example_dags/example_branch_operator.py
[2024-04-03T10:04:20.138+0200] {logging_mixin.py:154} INFO - [2024-04-03T10:04:20.138+0200] {dag.py:2941} INFO - Sync 1 DAGs
[2024-04-03T10:04:20.147+0200] {logging_mixin.py:154} INFO - [2024-04-03T10:04:20.147+0200] {dag.py:3722} INFO - Setting next_dagrun for example_branch_operator to 2024-04-02T00:00:00+00:00, run_after=2024-04-03T00:00:00+00:00
[2024-04-03T10:04:20.166+0200] {processor.py:179} INFO - Processing /home/lucas/anaconda3/lib/python3.11/site-packages/airflow/example_dags/example_branch_operator.py took 0.047 seconds
[2024-04-03T10:05:08.499+0200] {processor.py:157} INFO - Started process (PID=95146) to work on /home/lucas/anaconda3/lib/python3.11/site-packages/airflow/example_dags/example_branch_operator.py
[2024-04-03T10:05:08.502+0200] {processor.py:829} INFO - Processing file /home/lucas/anaconda3/lib/python3.11/site-packages/airflow/example_dags/example_branch_operator.py for tasks to queue
[2024-04-03T10:05:08.502+0200] {logging_mixin.py:154} INFO - [2024-04-03T10:05:08.502+0200] {dagbag.py:536} INFO - Filling up the DagBag from /home/lucas/anaconda3/lib/python3.11/site-packages/airflow/example_dags/example_branch_operator.py
[2024-04-03T10:05:08.507+0200] {processor.py:839} INFO - DAG(s) dict_keys(['example_branch_operator']) retrieved from /home/lucas/anaconda3/lib/python3.11/site-packages/airflow/example_dags/example_branch_operator.py
[2024-04-03T10:05:08.516+0200] {logging_mixin.py:154} INFO - [2024-04-03T10:05:08.516+0200] {dag.py:2941} INFO - Sync 1 DAGs
[2024-04-03T10:05:08.526+0200] {logging_mixin.py:154} INFO - [2024-04-03T10:05:08.526+0200] {dag.py:3722} INFO - Setting next_dagrun for example_branch_operator to 2024-04-02T00:00:00+00:00, run_after=2024-04-03T00:00:00+00:00
[2024-04-03T10:05:08.537+0200] {processor.py:179} INFO - Processing /home/lucas/anaconda3/lib/python3.11/site-packages/airflow/example_dags/example_branch_operator.py took 0.040 seconds
[2024-04-03T10:05:54.791+0200] {processor.py:157} INFO - Started process (PID=95573) to work on /home/lucas/anaconda3/lib/python3.11/site-packages/airflow/example_dags/example_branch_operator.py
[2024-04-03T10:05:54.792+0200] {processor.py:829} INFO - Processing file /home/lucas/anaconda3/lib/python3.11/site-packages/airflow/example_dags/example_branch_operator.py for tasks to queue
[2024-04-03T10:05:54.793+0200] {logging_mixin.py:154} INFO - [2024-04-03T10:05:54.792+0200] {dagbag.py:536} INFO - Filling up the DagBag from /home/lucas/anaconda3/lib/python3.11/site-packages/airflow/example_dags/example_branch_operator.py
[2024-04-03T10:05:54.800+0200] {processor.py:839} INFO - DAG(s) dict_keys(['example_branch_operator']) retrieved from /home/lucas/anaconda3/lib/python3.11/site-packages/airflow/example_dags/example_branch_operator.py
[2024-04-03T10:05:54.835+0200] {logging_mixin.py:154} INFO - [2024-04-03T10:05:54.834+0200] {dag.py:2941} INFO - Sync 1 DAGs
[2024-04-03T10:05:54.854+0200] {logging_mixin.py:154} INFO - [2024-04-03T10:05:54.854+0200] {dag.py:3722} INFO - Setting next_dagrun for example_branch_operator to 2024-04-02T00:00:00+00:00, run_after=2024-04-03T00:00:00+00:00
[2024-04-03T10:05:54.900+0200] {processor.py:179} INFO - Processing /home/lucas/anaconda3/lib/python3.11/site-packages/airflow/example_dags/example_branch_operator.py took 0.111 seconds
[2024-04-03T10:07:19.461+0200] {processor.py:157} INFO - Started process (PID=96673) to work on /home/lucas/anaconda3/lib/python3.11/site-packages/airflow/example_dags/example_branch_operator.py
[2024-04-03T10:07:19.464+0200] {processor.py:829} INFO - Processing file /home/lucas/anaconda3/lib/python3.11/site-packages/airflow/example_dags/example_branch_operator.py for tasks to queue
[2024-04-03T10:07:19.464+0200] {logging_mixin.py:154} INFO - [2024-04-03T10:07:19.464+0200] {dagbag.py:536} INFO - Filling up the DagBag from /home/lucas/anaconda3/lib/python3.11/site-packages/airflow/example_dags/example_branch_operator.py
[2024-04-03T10:07:19.469+0200] {processor.py:839} INFO - DAG(s) dict_keys(['example_branch_operator']) retrieved from /home/lucas/anaconda3/lib/python3.11/site-packages/airflow/example_dags/example_branch_operator.py
[2024-04-03T10:07:19.479+0200] {logging_mixin.py:154} INFO - [2024-04-03T10:07:19.479+0200] {dag.py:2941} INFO - Sync 1 DAGs
[2024-04-03T10:07:19.489+0200] {logging_mixin.py:154} INFO - [2024-04-03T10:07:19.489+0200] {dag.py:3722} INFO - Setting next_dagrun for example_branch_operator to 2024-04-02T00:00:00+00:00, run_after=2024-04-03T00:00:00+00:00
[2024-04-03T10:07:19.500+0200] {processor.py:179} INFO - Processing /home/lucas/anaconda3/lib/python3.11/site-packages/airflow/example_dags/example_branch_operator.py took 0.041 seconds
[2024-04-03T10:08:39.244+0200] {processor.py:157} INFO - Started process (PID=97487) to work on /home/lucas/anaconda3/lib/python3.11/site-packages/airflow/example_dags/example_branch_operator.py
[2024-04-03T10:08:39.247+0200] {processor.py:829} INFO - Processing file /home/lucas/anaconda3/lib/python3.11/site-packages/airflow/example_dags/example_branch_operator.py for tasks to queue
[2024-04-03T10:08:39.247+0200] {logging_mixin.py:154} INFO - [2024-04-03T10:08:39.247+0200] {dagbag.py:536} INFO - Filling up the DagBag from /home/lucas/anaconda3/lib/python3.11/site-packages/airflow/example_dags/example_branch_operator.py
[2024-04-03T10:08:39.252+0200] {processor.py:839} INFO - DAG(s) dict_keys(['example_branch_operator']) retrieved from /home/lucas/anaconda3/lib/python3.11/site-packages/airflow/example_dags/example_branch_operator.py
[2024-04-03T10:08:39.262+0200] {logging_mixin.py:154} INFO - [2024-04-03T10:08:39.262+0200] {dag.py:2941} INFO - Sync 1 DAGs
[2024-04-03T10:08:39.272+0200] {logging_mixin.py:154} INFO - [2024-04-03T10:08:39.272+0200] {dag.py:3722} INFO - Setting next_dagrun for example_branch_operator to 2024-04-02T00:00:00+00:00, run_after=2024-04-03T00:00:00+00:00
[2024-04-03T10:08:39.284+0200] {processor.py:179} INFO - Processing /home/lucas/anaconda3/lib/python3.11/site-packages/airflow/example_dags/example_branch_operator.py took 0.042 seconds
[2024-04-03T10:09:30.751+0200] {processor.py:157} INFO - Started process (PID=97765) to work on /home/lucas/anaconda3/lib/python3.11/site-packages/airflow/example_dags/example_branch_operator.py
[2024-04-03T10:09:30.754+0200] {processor.py:829} INFO - Processing file /home/lucas/anaconda3/lib/python3.11/site-packages/airflow/example_dags/example_branch_operator.py for tasks to queue
[2024-04-03T10:09:30.754+0200] {logging_mixin.py:154} INFO - [2024-04-03T10:09:30.754+0200] {dagbag.py:536} INFO - Filling up the DagBag from /home/lucas/anaconda3/lib/python3.11/site-packages/airflow/example_dags/example_branch_operator.py
[2024-04-03T10:09:30.759+0200] {processor.py:839} INFO - DAG(s) dict_keys(['example_branch_operator']) retrieved from /home/lucas/anaconda3/lib/python3.11/site-packages/airflow/example_dags/example_branch_operator.py
[2024-04-03T10:09:30.768+0200] {logging_mixin.py:154} INFO - [2024-04-03T10:09:30.768+0200] {dag.py:2941} INFO - Sync 1 DAGs
[2024-04-03T10:09:30.778+0200] {logging_mixin.py:154} INFO - [2024-04-03T10:09:30.778+0200] {dag.py:3722} INFO - Setting next_dagrun for example_branch_operator to 2024-04-02T00:00:00+00:00, run_after=2024-04-03T00:00:00+00:00
[2024-04-03T10:09:30.791+0200] {processor.py:179} INFO - Processing /home/lucas/anaconda3/lib/python3.11/site-packages/airflow/example_dags/example_branch_operator.py took 0.041 seconds
[2024-04-03T10:10:48.649+0200] {processor.py:157} INFO - Started process (PID=98362) to work on /home/lucas/anaconda3/lib/python3.11/site-packages/airflow/example_dags/example_branch_operator.py
[2024-04-03T10:10:48.652+0200] {processor.py:829} INFO - Processing file /home/lucas/anaconda3/lib/python3.11/site-packages/airflow/example_dags/example_branch_operator.py for tasks to queue
[2024-04-03T10:10:48.653+0200] {logging_mixin.py:154} INFO - [2024-04-03T10:10:48.652+0200] {dagbag.py:536} INFO - Filling up the DagBag from /home/lucas/anaconda3/lib/python3.11/site-packages/airflow/example_dags/example_branch_operator.py
[2024-04-03T10:10:48.658+0200] {processor.py:839} INFO - DAG(s) dict_keys(['example_branch_operator']) retrieved from /home/lucas/anaconda3/lib/python3.11/site-packages/airflow/example_dags/example_branch_operator.py
[2024-04-03T10:10:48.668+0200] {logging_mixin.py:154} INFO - [2024-04-03T10:10:48.668+0200] {dag.py:2941} INFO - Sync 1 DAGs
[2024-04-03T10:10:48.678+0200] {logging_mixin.py:154} INFO - [2024-04-03T10:10:48.678+0200] {dag.py:3722} INFO - Setting next_dagrun for example_branch_operator to 2024-04-02T00:00:00+00:00, run_after=2024-04-03T00:00:00+00:00
[2024-04-03T10:10:48.690+0200] {processor.py:179} INFO - Processing /home/lucas/anaconda3/lib/python3.11/site-packages/airflow/example_dags/example_branch_operator.py took 0.042 seconds
[2024-04-03T10:11:39.541+0200] {processor.py:157} INFO - Started process (PID=98567) to work on /home/lucas/anaconda3/lib/python3.11/site-packages/airflow/example_dags/example_branch_operator.py
[2024-04-03T10:11:39.542+0200] {processor.py:829} INFO - Processing file /home/lucas/anaconda3/lib/python3.11/site-packages/airflow/example_dags/example_branch_operator.py for tasks to queue
[2024-04-03T10:11:39.543+0200] {logging_mixin.py:154} INFO - [2024-04-03T10:11:39.542+0200] {dagbag.py:536} INFO - Filling up the DagBag from /home/lucas/anaconda3/lib/python3.11/site-packages/airflow/example_dags/example_branch_operator.py
[2024-04-03T10:11:39.547+0200] {processor.py:839} INFO - DAG(s) dict_keys(['example_branch_operator']) retrieved from /home/lucas/anaconda3/lib/python3.11/site-packages/airflow/example_dags/example_branch_operator.py
[2024-04-03T10:11:39.556+0200] {logging_mixin.py:154} INFO - [2024-04-03T10:11:39.556+0200] {dag.py:2941} INFO - Sync 1 DAGs
[2024-04-03T10:11:39.565+0200] {logging_mixin.py:154} INFO - [2024-04-03T10:11:39.565+0200] {dag.py:3722} INFO - Setting next_dagrun for example_branch_operator to 2024-04-02T00:00:00+00:00, run_after=2024-04-03T00:00:00+00:00
[2024-04-03T10:11:39.578+0200] {processor.py:179} INFO - Processing /home/lucas/anaconda3/lib/python3.11/site-packages/airflow/example_dags/example_branch_operator.py took 0.038 seconds
[2024-04-03T10:12:34.556+0200] {processor.py:157} INFO - Started process (PID=98808) to work on /home/lucas/anaconda3/lib/python3.11/site-packages/airflow/example_dags/example_branch_operator.py
[2024-04-03T10:12:34.559+0200] {processor.py:829} INFO - Processing file /home/lucas/anaconda3/lib/python3.11/site-packages/airflow/example_dags/example_branch_operator.py for tasks to queue
[2024-04-03T10:12:34.559+0200] {logging_mixin.py:154} INFO - [2024-04-03T10:12:34.559+0200] {dagbag.py:536} INFO - Filling up the DagBag from /home/lucas/anaconda3/lib/python3.11/site-packages/airflow/example_dags/example_branch_operator.py
[2024-04-03T10:12:34.564+0200] {processor.py:839} INFO - DAG(s) dict_keys(['example_branch_operator']) retrieved from /home/lucas/anaconda3/lib/python3.11/site-packages/airflow/example_dags/example_branch_operator.py
[2024-04-03T10:12:34.661+0200] {logging_mixin.py:154} INFO - [2024-04-03T10:12:34.661+0200] {dag.py:2941} INFO - Sync 1 DAGs
[2024-04-03T10:12:34.671+0200] {logging_mixin.py:154} INFO - [2024-04-03T10:12:34.671+0200] {dag.py:3722} INFO - Setting next_dagrun for example_branch_operator to 2024-04-02T00:00:00+00:00, run_after=2024-04-03T00:00:00+00:00
[2024-04-03T10:12:34.684+0200] {processor.py:179} INFO - Processing /home/lucas/anaconda3/lib/python3.11/site-packages/airflow/example_dags/example_branch_operator.py took 0.129 seconds
[2024-04-03T10:13:22.083+0200] {processor.py:157} INFO - Started process (PID=98980) to work on /home/lucas/anaconda3/lib/python3.11/site-packages/airflow/example_dags/example_branch_operator.py
[2024-04-03T10:13:22.085+0200] {processor.py:829} INFO - Processing file /home/lucas/anaconda3/lib/python3.11/site-packages/airflow/example_dags/example_branch_operator.py for tasks to queue
[2024-04-03T10:13:22.086+0200] {logging_mixin.py:154} INFO - [2024-04-03T10:13:22.086+0200] {dagbag.py:536} INFO - Filling up the DagBag from /home/lucas/anaconda3/lib/python3.11/site-packages/airflow/example_dags/example_branch_operator.py
[2024-04-03T10:13:22.091+0200] {processor.py:839} INFO - DAG(s) dict_keys(['example_branch_operator']) retrieved from /home/lucas/anaconda3/lib/python3.11/site-packages/airflow/example_dags/example_branch_operator.py
[2024-04-03T10:13:22.100+0200] {logging_mixin.py:154} INFO - [2024-04-03T10:13:22.100+0200] {dag.py:2941} INFO - Sync 1 DAGs
[2024-04-03T10:13:22.111+0200] {logging_mixin.py:154} INFO - [2024-04-03T10:13:22.111+0200] {dag.py:3722} INFO - Setting next_dagrun for example_branch_operator to 2024-04-02T00:00:00+00:00, run_after=2024-04-03T00:00:00+00:00
[2024-04-03T10:13:22.124+0200] {processor.py:179} INFO - Processing /home/lucas/anaconda3/lib/python3.11/site-packages/airflow/example_dags/example_branch_operator.py took 0.043 seconds
[2024-04-03T10:14:10.082+0200] {processor.py:157} INFO - Started process (PID=99075) to work on /home/lucas/anaconda3/lib/python3.11/site-packages/airflow/example_dags/example_branch_operator.py
[2024-04-03T10:14:10.085+0200] {processor.py:829} INFO - Processing file /home/lucas/anaconda3/lib/python3.11/site-packages/airflow/example_dags/example_branch_operator.py for tasks to queue
[2024-04-03T10:14:10.085+0200] {logging_mixin.py:154} INFO - [2024-04-03T10:14:10.085+0200] {dagbag.py:536} INFO - Filling up the DagBag from /home/lucas/anaconda3/lib/python3.11/site-packages/airflow/example_dags/example_branch_operator.py
[2024-04-03T10:14:10.090+0200] {processor.py:839} INFO - DAG(s) dict_keys(['example_branch_operator']) retrieved from /home/lucas/anaconda3/lib/python3.11/site-packages/airflow/example_dags/example_branch_operator.py
[2024-04-03T10:14:10.100+0200] {logging_mixin.py:154} INFO - [2024-04-03T10:14:10.100+0200] {dag.py:2941} INFO - Sync 1 DAGs
[2024-04-03T10:14:10.110+0200] {logging_mixin.py:154} INFO - [2024-04-03T10:14:10.110+0200] {dag.py:3722} INFO - Setting next_dagrun for example_branch_operator to 2024-04-02T00:00:00+00:00, run_after=2024-04-03T00:00:00+00:00
[2024-04-03T10:14:10.121+0200] {processor.py:179} INFO - Processing /home/lucas/anaconda3/lib/python3.11/site-packages/airflow/example_dags/example_branch_operator.py took 0.041 seconds
[2024-04-03T10:17:29.160+0200] {processor.py:157} INFO - Started process (PID=100246) to work on /home/lucas/anaconda3/lib/python3.11/site-packages/airflow/example_dags/example_branch_operator.py
[2024-04-03T10:17:29.163+0200] {processor.py:829} INFO - Processing file /home/lucas/anaconda3/lib/python3.11/site-packages/airflow/example_dags/example_branch_operator.py for tasks to queue
[2024-04-03T10:17:29.163+0200] {logging_mixin.py:154} INFO - [2024-04-03T10:17:29.163+0200] {dagbag.py:536} INFO - Filling up the DagBag from /home/lucas/anaconda3/lib/python3.11/site-packages/airflow/example_dags/example_branch_operator.py
[2024-04-03T10:17:29.168+0200] {processor.py:839} INFO - DAG(s) dict_keys(['example_branch_operator']) retrieved from /home/lucas/anaconda3/lib/python3.11/site-packages/airflow/example_dags/example_branch_operator.py
[2024-04-03T10:17:29.178+0200] {logging_mixin.py:154} INFO - [2024-04-03T10:17:29.178+0200] {dag.py:2941} INFO - Sync 1 DAGs
[2024-04-03T10:17:29.188+0200] {logging_mixin.py:154} INFO - [2024-04-03T10:17:29.187+0200] {dag.py:3722} INFO - Setting next_dagrun for example_branch_operator to 2024-04-02T00:00:00+00:00, run_after=2024-04-03T00:00:00+00:00
[2024-04-03T10:17:29.199+0200] {processor.py:179} INFO - Processing /home/lucas/anaconda3/lib/python3.11/site-packages/airflow/example_dags/example_branch_operator.py took 0.040 seconds
[2024-04-03T10:18:19.381+0200] {processor.py:157} INFO - Started process (PID=100465) to work on /home/lucas/anaconda3/lib/python3.11/site-packages/airflow/example_dags/example_branch_operator.py
[2024-04-03T10:18:19.384+0200] {processor.py:829} INFO - Processing file /home/lucas/anaconda3/lib/python3.11/site-packages/airflow/example_dags/example_branch_operator.py for tasks to queue
[2024-04-03T10:18:19.385+0200] {logging_mixin.py:154} INFO - [2024-04-03T10:18:19.385+0200] {dagbag.py:536} INFO - Filling up the DagBag from /home/lucas/anaconda3/lib/python3.11/site-packages/airflow/example_dags/example_branch_operator.py
[2024-04-03T10:18:19.391+0200] {processor.py:839} INFO - DAG(s) dict_keys(['example_branch_operator']) retrieved from /home/lucas/anaconda3/lib/python3.11/site-packages/airflow/example_dags/example_branch_operator.py
[2024-04-03T10:18:19.401+0200] {logging_mixin.py:154} INFO - [2024-04-03T10:18:19.401+0200] {dag.py:2941} INFO - Sync 1 DAGs
[2024-04-03T10:18:19.412+0200] {logging_mixin.py:154} INFO - [2024-04-03T10:18:19.411+0200] {dag.py:3722} INFO - Setting next_dagrun for example_branch_operator to 2024-04-02T00:00:00+00:00, run_after=2024-04-03T00:00:00+00:00
[2024-04-03T10:18:19.424+0200] {processor.py:179} INFO - Processing /home/lucas/anaconda3/lib/python3.11/site-packages/airflow/example_dags/example_branch_operator.py took 0.044 seconds
[2024-04-03T10:22:58.279+0200] {processor.py:157} INFO - Started process (PID=101619) to work on /home/lucas/anaconda3/lib/python3.11/site-packages/airflow/example_dags/example_branch_operator.py
[2024-04-03T10:22:58.282+0200] {processor.py:829} INFO - Processing file /home/lucas/anaconda3/lib/python3.11/site-packages/airflow/example_dags/example_branch_operator.py for tasks to queue
[2024-04-03T10:22:58.282+0200] {logging_mixin.py:154} INFO - [2024-04-03T10:22:58.282+0200] {dagbag.py:536} INFO - Filling up the DagBag from /home/lucas/anaconda3/lib/python3.11/site-packages/airflow/example_dags/example_branch_operator.py
[2024-04-03T10:22:58.287+0200] {processor.py:839} INFO - DAG(s) dict_keys(['example_branch_operator']) retrieved from /home/lucas/anaconda3/lib/python3.11/site-packages/airflow/example_dags/example_branch_operator.py
[2024-04-03T10:22:58.297+0200] {logging_mixin.py:154} INFO - [2024-04-03T10:22:58.297+0200] {dag.py:2941} INFO - Sync 1 DAGs
[2024-04-03T10:22:58.306+0200] {logging_mixin.py:154} INFO - [2024-04-03T10:22:58.306+0200] {dag.py:3722} INFO - Setting next_dagrun for example_branch_operator to 2024-04-02T00:00:00+00:00, run_after=2024-04-03T00:00:00+00:00
[2024-04-03T10:22:58.318+0200] {processor.py:179} INFO - Processing /home/lucas/anaconda3/lib/python3.11/site-packages/airflow/example_dags/example_branch_operator.py took 0.041 seconds
[2024-04-03T10:23:59.807+0200] {processor.py:157} INFO - Started process (PID=102179) to work on /home/lucas/anaconda3/lib/python3.11/site-packages/airflow/example_dags/example_branch_operator.py
[2024-04-03T10:23:59.809+0200] {processor.py:829} INFO - Processing file /home/lucas/anaconda3/lib/python3.11/site-packages/airflow/example_dags/example_branch_operator.py for tasks to queue
[2024-04-03T10:23:59.810+0200] {logging_mixin.py:154} INFO - [2024-04-03T10:23:59.810+0200] {dagbag.py:536} INFO - Filling up the DagBag from /home/lucas/anaconda3/lib/python3.11/site-packages/airflow/example_dags/example_branch_operator.py
[2024-04-03T10:23:59.814+0200] {processor.py:839} INFO - DAG(s) dict_keys(['example_branch_operator']) retrieved from /home/lucas/anaconda3/lib/python3.11/site-packages/airflow/example_dags/example_branch_operator.py
[2024-04-03T10:23:59.823+0200] {logging_mixin.py:154} INFO - [2024-04-03T10:23:59.823+0200] {dag.py:2941} INFO - Sync 1 DAGs
[2024-04-03T10:23:59.833+0200] {logging_mixin.py:154} INFO - [2024-04-03T10:23:59.833+0200] {dag.py:3722} INFO - Setting next_dagrun for example_branch_operator to 2024-04-02T00:00:00+00:00, run_after=2024-04-03T00:00:00+00:00
[2024-04-03T10:23:59.845+0200] {processor.py:179} INFO - Processing /home/lucas/anaconda3/lib/python3.11/site-packages/airflow/example_dags/example_branch_operator.py took 0.040 seconds
[2024-04-03T10:24:45.617+0200] {processor.py:157} INFO - Started process (PID=102449) to work on /home/lucas/anaconda3/lib/python3.11/site-packages/airflow/example_dags/example_branch_operator.py
[2024-04-03T10:24:45.620+0200] {processor.py:829} INFO - Processing file /home/lucas/anaconda3/lib/python3.11/site-packages/airflow/example_dags/example_branch_operator.py for tasks to queue
[2024-04-03T10:24:45.621+0200] {logging_mixin.py:154} INFO - [2024-04-03T10:24:45.620+0200] {dagbag.py:536} INFO - Filling up the DagBag from /home/lucas/anaconda3/lib/python3.11/site-packages/airflow/example_dags/example_branch_operator.py
[2024-04-03T10:24:45.625+0200] {processor.py:839} INFO - DAG(s) dict_keys(['example_branch_operator']) retrieved from /home/lucas/anaconda3/lib/python3.11/site-packages/airflow/example_dags/example_branch_operator.py
[2024-04-03T10:24:45.634+0200] {logging_mixin.py:154} INFO - [2024-04-03T10:24:45.634+0200] {dag.py:2941} INFO - Sync 1 DAGs
[2024-04-03T10:24:45.723+0200] {logging_mixin.py:154} INFO - [2024-04-03T10:24:45.723+0200] {dag.py:3722} INFO - Setting next_dagrun for example_branch_operator to 2024-04-02T00:00:00+00:00, run_after=2024-04-03T00:00:00+00:00
[2024-04-03T10:24:45.736+0200] {processor.py:179} INFO - Processing /home/lucas/anaconda3/lib/python3.11/site-packages/airflow/example_dags/example_branch_operator.py took 0.120 seconds
