[2024-04-03T09:14:16.545+0200] {processor.py:157} INFO - Started process (PID=12558) to work on /home/lucas/anaconda3/lib/python3.11/site-packages/airflow/example_dags/tutorial_taskflow_api_virtualenv.py
[2024-04-03T09:14:16.546+0200] {processor.py:829} INFO - Processing file /home/lucas/anaconda3/lib/python3.11/site-packages/airflow/example_dags/tutorial_taskflow_api_virtualenv.py for tasks to queue
[2024-04-03T09:14:16.546+0200] {logging_mixin.py:154} INFO - [2024-04-03T09:14:16.546+0200] {dagbag.py:536} INFO - Filling up the DagBag from /home/lucas/anaconda3/lib/python3.11/site-packages/airflow/example_dags/tutorial_taskflow_api_virtualenv.py
[2024-04-03T09:14:16.548+0200] {logging_mixin.py:154} INFO - [2024-04-03T09:14:16.548+0200] {tutorial_taskflow_api_virtualenv.py:29} WARNING - The tutorial_taskflow_api_virtualenv example DAG requires virtualenv, please install it.
[2024-04-03T09:14:16.548+0200] {processor.py:841} WARNING - No viable dags retrieved from /home/lucas/anaconda3/lib/python3.11/site-packages/airflow/example_dags/tutorial_taskflow_api_virtualenv.py
[2024-04-03T09:14:16.555+0200] {processor.py:179} INFO - Processing /home/lucas/anaconda3/lib/python3.11/site-packages/airflow/example_dags/tutorial_taskflow_api_virtualenv.py took 0.011 seconds
[2024-04-03T09:15:02.790+0200] {processor.py:157} INFO - Started process (PID=12907) to work on /home/lucas/anaconda3/lib/python3.11/site-packages/airflow/example_dags/tutorial_taskflow_api_virtualenv.py
[2024-04-03T09:15:02.791+0200] {processor.py:829} INFO - Processing file /home/lucas/anaconda3/lib/python3.11/site-packages/airflow/example_dags/tutorial_taskflow_api_virtualenv.py for tasks to queue
[2024-04-03T09:15:02.792+0200] {logging_mixin.py:154} INFO - [2024-04-03T09:15:02.792+0200] {dagbag.py:536} INFO - Filling up the DagBag from /home/lucas/anaconda3/lib/python3.11/site-packages/airflow/example_dags/tutorial_taskflow_api_virtualenv.py
[2024-04-03T09:15:02.795+0200] {logging_mixin.py:154} INFO - [2024-04-03T09:15:02.795+0200] {tutorial_taskflow_api_virtualenv.py:29} WARNING - The tutorial_taskflow_api_virtualenv example DAG requires virtualenv, please install it.
[2024-04-03T09:15:02.795+0200] {processor.py:841} WARNING - No viable dags retrieved from /home/lucas/anaconda3/lib/python3.11/site-packages/airflow/example_dags/tutorial_taskflow_api_virtualenv.py
[2024-04-03T09:15:02.801+0200] {processor.py:179} INFO - Processing /home/lucas/anaconda3/lib/python3.11/site-packages/airflow/example_dags/tutorial_taskflow_api_virtualenv.py took 0.013 seconds
[2024-04-03T09:15:48.305+0200] {processor.py:157} INFO - Started process (PID=13020) to work on /home/lucas/anaconda3/lib/python3.11/site-packages/airflow/example_dags/tutorial_taskflow_api_virtualenv.py
[2024-04-03T09:15:48.308+0200] {processor.py:829} INFO - Processing file /home/lucas/anaconda3/lib/python3.11/site-packages/airflow/example_dags/tutorial_taskflow_api_virtualenv.py for tasks to queue
[2024-04-03T09:15:48.308+0200] {logging_mixin.py:154} INFO - [2024-04-03T09:15:48.308+0200] {dagbag.py:536} INFO - Filling up the DagBag from /home/lucas/anaconda3/lib/python3.11/site-packages/airflow/example_dags/tutorial_taskflow_api_virtualenv.py
[2024-04-03T09:15:48.309+0200] {logging_mixin.py:154} INFO - [2024-04-03T09:15:48.309+0200] {tutorial_taskflow_api_virtualenv.py:29} WARNING - The tutorial_taskflow_api_virtualenv example DAG requires virtualenv, please install it.
[2024-04-03T09:15:48.310+0200] {processor.py:841} WARNING - No viable dags retrieved from /home/lucas/anaconda3/lib/python3.11/site-packages/airflow/example_dags/tutorial_taskflow_api_virtualenv.py
[2024-04-03T09:15:48.316+0200] {processor.py:179} INFO - Processing /home/lucas/anaconda3/lib/python3.11/site-packages/airflow/example_dags/tutorial_taskflow_api_virtualenv.py took 0.013 seconds
[2024-04-03T09:16:33.262+0200] {processor.py:157} INFO - Started process (PID=13167) to work on /home/lucas/anaconda3/lib/python3.11/site-packages/airflow/example_dags/tutorial_taskflow_api_virtualenv.py
[2024-04-03T09:16:33.265+0200] {processor.py:829} INFO - Processing file /home/lucas/anaconda3/lib/python3.11/site-packages/airflow/example_dags/tutorial_taskflow_api_virtualenv.py for tasks to queue
[2024-04-03T09:16:33.265+0200] {logging_mixin.py:154} INFO - [2024-04-03T09:16:33.265+0200] {dagbag.py:536} INFO - Filling up the DagBag from /home/lucas/anaconda3/lib/python3.11/site-packages/airflow/example_dags/tutorial_taskflow_api_virtualenv.py
[2024-04-03T09:16:33.267+0200] {logging_mixin.py:154} INFO - [2024-04-03T09:16:33.267+0200] {tutorial_taskflow_api_virtualenv.py:29} WARNING - The tutorial_taskflow_api_virtualenv example DAG requires virtualenv, please install it.
[2024-04-03T09:16:33.267+0200] {processor.py:841} WARNING - No viable dags retrieved from /home/lucas/anaconda3/lib/python3.11/site-packages/airflow/example_dags/tutorial_taskflow_api_virtualenv.py
[2024-04-03T09:16:33.272+0200] {processor.py:179} INFO - Processing /home/lucas/anaconda3/lib/python3.11/site-packages/airflow/example_dags/tutorial_taskflow_api_virtualenv.py took 0.013 seconds
