[2024-04-03T09:14:16.140+0200] {processor.py:157} INFO - Started process (PID=12522) to work on /home/lucas/anaconda3/lib/python3.11/site-packages/airflow/example_dags/tutorial.py
[2024-04-03T09:14:16.141+0200] {processor.py:829} INFO - Processing file /home/lucas/anaconda3/lib/python3.11/site-packages/airflow/example_dags/tutorial.py for tasks to queue
[2024-04-03T09:14:16.142+0200] {logging_mixin.py:154} INFO - [2024-04-03T09:14:16.141+0200] {dagbag.py:536} INFO - Filling up the DagBag from /home/lucas/anaconda3/lib/python3.11/site-packages/airflow/example_dags/tutorial.py
[2024-04-03T09:14:16.147+0200] {processor.py:839} INFO - DAG(s) dict_keys(['tutorial']) retrieved from /home/lucas/anaconda3/lib/python3.11/site-packages/airflow/example_dags/tutorial.py
[2024-04-03T09:14:16.207+0200] {logging_mixin.py:154} INFO - [2024-04-03T09:14:16.206+0200] {manager.py:499} INFO - Created Permission View: %s
[2024-04-03T09:14:16.214+0200] {logging_mixin.py:154} INFO - [2024-04-03T09:14:16.214+0200] {manager.py:499} INFO - Created Permission View: %s
[2024-04-03T09:14:16.221+0200] {logging_mixin.py:154} INFO - [2024-04-03T09:14:16.221+0200] {manager.py:499} INFO - Created Permission View: %s
[2024-04-03T09:14:16.221+0200] {logging_mixin.py:154} INFO - [2024-04-03T09:14:16.221+0200] {dag.py:2941} INFO - Sync 1 DAGs
[2024-04-03T09:14:16.226+0200] {logging_mixin.py:154} INFO - [2024-04-03T09:14:16.226+0200] {dag.py:2963} INFO - Creating ORM DAG for tutorial
[2024-04-03T09:14:16.231+0200] {logging_mixin.py:154} INFO - [2024-04-03T09:14:16.231+0200] {dag.py:3722} INFO - Setting next_dagrun for tutorial to 2024-04-02T07:14:16.230988+00:00, run_after=2024-04-03T07:14:16.230988+00:00
[2024-04-03T09:14:16.243+0200] {processor.py:179} INFO - Processing /home/lucas/anaconda3/lib/python3.11/site-packages/airflow/example_dags/tutorial.py took 0.105 seconds
[2024-04-03T09:15:02.163+0200] {processor.py:157} INFO - Started process (PID=12906) to work on /home/lucas/anaconda3/lib/python3.11/site-packages/airflow/example_dags/tutorial.py
[2024-04-03T09:15:02.166+0200] {processor.py:829} INFO - Processing file /home/lucas/anaconda3/lib/python3.11/site-packages/airflow/example_dags/tutorial.py for tasks to queue
[2024-04-03T09:15:02.166+0200] {logging_mixin.py:154} INFO - [2024-04-03T09:15:02.166+0200] {dagbag.py:536} INFO - Filling up the DagBag from /home/lucas/anaconda3/lib/python3.11/site-packages/airflow/example_dags/tutorial.py
[2024-04-03T09:15:02.170+0200] {processor.py:839} INFO - DAG(s) dict_keys(['tutorial']) retrieved from /home/lucas/anaconda3/lib/python3.11/site-packages/airflow/example_dags/tutorial.py
[2024-04-03T09:15:02.177+0200] {logging_mixin.py:154} INFO - [2024-04-03T09:15:02.177+0200] {dag.py:2941} INFO - Sync 1 DAGs
[2024-04-03T09:15:02.185+0200] {logging_mixin.py:154} INFO - [2024-04-03T09:15:02.185+0200] {dag.py:3722} INFO - Setting next_dagrun for tutorial to 2024-04-02T07:15:02.185701+00:00, run_after=2024-04-03T07:15:02.185701+00:00
[2024-04-03T09:15:02.199+0200] {processor.py:179} INFO - Processing /home/lucas/anaconda3/lib/python3.11/site-packages/airflow/example_dags/tutorial.py took 0.037 seconds
[2024-04-03T09:15:47.181+0200] {processor.py:157} INFO - Started process (PID=13018) to work on /home/lucas/anaconda3/lib/python3.11/site-packages/airflow/example_dags/tutorial.py
[2024-04-03T09:15:47.184+0200] {processor.py:829} INFO - Processing file /home/lucas/anaconda3/lib/python3.11/site-packages/airflow/example_dags/tutorial.py for tasks to queue
[2024-04-03T09:15:47.185+0200] {logging_mixin.py:154} INFO - [2024-04-03T09:15:47.184+0200] {dagbag.py:536} INFO - Filling up the DagBag from /home/lucas/anaconda3/lib/python3.11/site-packages/airflow/example_dags/tutorial.py
[2024-04-03T09:15:47.188+0200] {processor.py:839} INFO - DAG(s) dict_keys(['tutorial']) retrieved from /home/lucas/anaconda3/lib/python3.11/site-packages/airflow/example_dags/tutorial.py
[2024-04-03T09:15:47.196+0200] {logging_mixin.py:154} INFO - [2024-04-03T09:15:47.196+0200] {dag.py:2941} INFO - Sync 1 DAGs
[2024-04-03T09:15:47.206+0200] {logging_mixin.py:154} INFO - [2024-04-03T09:15:47.206+0200] {dag.py:3722} INFO - Setting next_dagrun for tutorial to 2024-04-02T07:15:47.205939+00:00, run_after=2024-04-03T07:15:47.205939+00:00
[2024-04-03T09:15:47.218+0200] {processor.py:179} INFO - Processing /home/lucas/anaconda3/lib/python3.11/site-packages/airflow/example_dags/tutorial.py took 0.038 seconds
[2024-04-03T09:16:32.136+0200] {processor.py:157} INFO - Started process (PID=13165) to work on /home/lucas/anaconda3/lib/python3.11/site-packages/airflow/example_dags/tutorial.py
[2024-04-03T09:16:32.137+0200] {processor.py:829} INFO - Processing file /home/lucas/anaconda3/lib/python3.11/site-packages/airflow/example_dags/tutorial.py for tasks to queue
[2024-04-03T09:16:32.137+0200] {logging_mixin.py:154} INFO - [2024-04-03T09:16:32.137+0200] {dagbag.py:536} INFO - Filling up the DagBag from /home/lucas/anaconda3/lib/python3.11/site-packages/airflow/example_dags/tutorial.py
[2024-04-03T09:16:32.141+0200] {processor.py:839} INFO - DAG(s) dict_keys(['tutorial']) retrieved from /home/lucas/anaconda3/lib/python3.11/site-packages/airflow/example_dags/tutorial.py
[2024-04-03T09:16:32.148+0200] {logging_mixin.py:154} INFO - [2024-04-03T09:16:32.148+0200] {dag.py:2941} INFO - Sync 1 DAGs
[2024-04-03T09:16:32.157+0200] {logging_mixin.py:154} INFO - [2024-04-03T09:16:32.157+0200] {dag.py:3722} INFO - Setting next_dagrun for tutorial to 2024-04-02T07:16:32.157427+00:00, run_after=2024-04-03T07:16:32.157427+00:00
[2024-04-03T09:16:32.169+0200] {processor.py:179} INFO - Processing /home/lucas/anaconda3/lib/python3.11/site-packages/airflow/example_dags/tutorial.py took 0.034 seconds
