[2024-04-03T09:14:22.778+0200] {processor.py:157} INFO - Started process (PID=12624) to work on /home/lucas/anaconda3/lib/python3.11/site-packages/airflow/example_dags/plugins/listener_plugin.py
[2024-04-03T09:14:22.778+0200] {processor.py:829} INFO - Processing file /home/lucas/anaconda3/lib/python3.11/site-packages/airflow/example_dags/plugins/listener_plugin.py for tasks to queue
[2024-04-03T09:14:22.778+0200] {logging_mixin.py:154} INFO - [2024-04-03T09:14:22.778+0200] {dagbag.py:536} INFO - Filling up the DagBag from /home/lucas/anaconda3/lib/python3.11/site-packages/airflow/example_dags/plugins/listener_plugin.py
[2024-04-03T09:14:22.780+0200] {processor.py:841} WARNING - No viable dags retrieved from /home/lucas/anaconda3/lib/python3.11/site-packages/airflow/example_dags/plugins/listener_plugin.py
[2024-04-03T09:14:22.785+0200] {processor.py:179} INFO - Processing /home/lucas/anaconda3/lib/python3.11/site-packages/airflow/example_dags/plugins/listener_plugin.py took 0.009 seconds
[2024-04-03T09:15:09.055+0200] {processor.py:157} INFO - Started process (PID=12933) to work on /home/lucas/anaconda3/lib/python3.11/site-packages/airflow/example_dags/plugins/listener_plugin.py
[2024-04-03T09:15:09.056+0200] {processor.py:829} INFO - Processing file /home/lucas/anaconda3/lib/python3.11/site-packages/airflow/example_dags/plugins/listener_plugin.py for tasks to queue
[2024-04-03T09:15:09.056+0200] {logging_mixin.py:154} INFO - [2024-04-03T09:15:09.056+0200] {dagbag.py:536} INFO - Filling up the DagBag from /home/lucas/anaconda3/lib/python3.11/site-packages/airflow/example_dags/plugins/listener_plugin.py
[2024-04-03T09:15:09.058+0200] {processor.py:841} WARNING - No viable dags retrieved from /home/lucas/anaconda3/lib/python3.11/site-packages/airflow/example_dags/plugins/listener_plugin.py
[2024-04-03T09:15:09.064+0200] {processor.py:179} INFO - Processing /home/lucas/anaconda3/lib/python3.11/site-packages/airflow/example_dags/plugins/listener_plugin.py took 0.011 seconds
[2024-04-03T09:15:53.953+0200] {processor.py:157} INFO - Started process (PID=13095) to work on /home/lucas/anaconda3/lib/python3.11/site-packages/airflow/example_dags/plugins/listener_plugin.py
[2024-04-03T09:15:53.956+0200] {processor.py:829} INFO - Processing file /home/lucas/anaconda3/lib/python3.11/site-packages/airflow/example_dags/plugins/listener_plugin.py for tasks to queue
[2024-04-03T09:15:53.957+0200] {logging_mixin.py:154} INFO - [2024-04-03T09:15:53.956+0200] {dagbag.py:536} INFO - Filling up the DagBag from /home/lucas/anaconda3/lib/python3.11/site-packages/airflow/example_dags/plugins/listener_plugin.py
[2024-04-03T09:15:53.959+0200] {processor.py:841} WARNING - No viable dags retrieved from /home/lucas/anaconda3/lib/python3.11/site-packages/airflow/example_dags/plugins/listener_plugin.py
[2024-04-03T09:15:53.970+0200] {processor.py:179} INFO - Processing /home/lucas/anaconda3/lib/python3.11/site-packages/airflow/example_dags/plugins/listener_plugin.py took 0.020 seconds
[2024-04-03T09:16:38.748+0200] {processor.py:157} INFO - Started process (PID=13180) to work on /home/lucas/anaconda3/lib/python3.11/site-packages/airflow/example_dags/plugins/listener_plugin.py
[2024-04-03T09:16:38.752+0200] {processor.py:829} INFO - Processing file /home/lucas/anaconda3/lib/python3.11/site-packages/airflow/example_dags/plugins/listener_plugin.py for tasks to queue
[2024-04-03T09:16:38.752+0200] {logging_mixin.py:154} INFO - [2024-04-03T09:16:38.752+0200] {dagbag.py:536} INFO - Filling up the DagBag from /home/lucas/anaconda3/lib/python3.11/site-packages/airflow/example_dags/plugins/listener_plugin.py
[2024-04-03T09:16:38.753+0200] {processor.py:841} WARNING - No viable dags retrieved from /home/lucas/anaconda3/lib/python3.11/site-packages/airflow/example_dags/plugins/listener_plugin.py
[2024-04-03T09:16:38.758+0200] {processor.py:179} INFO - Processing /home/lucas/anaconda3/lib/python3.11/site-packages/airflow/example_dags/plugins/listener_plugin.py took 0.011 seconds
[2024-04-03T09:18:54.875+0200] {processor.py:157} INFO - Started process (PID=13739) to work on /home/lucas/anaconda3/lib/python3.11/site-packages/airflow/example_dags/plugins/listener_plugin.py
[2024-04-03T09:18:54.878+0200] {processor.py:829} INFO - Processing file /home/lucas/anaconda3/lib/python3.11/site-packages/airflow/example_dags/plugins/listener_plugin.py for tasks to queue
[2024-04-03T09:18:54.878+0200] {logging_mixin.py:154} INFO - [2024-04-03T09:18:54.878+0200] {dagbag.py:536} INFO - Filling up the DagBag from /home/lucas/anaconda3/lib/python3.11/site-packages/airflow/example_dags/plugins/listener_plugin.py
[2024-04-03T09:18:54.880+0200] {processor.py:841} WARNING - No viable dags retrieved from /home/lucas/anaconda3/lib/python3.11/site-packages/airflow/example_dags/plugins/listener_plugin.py
[2024-04-03T09:18:54.885+0200] {processor.py:179} INFO - Processing /home/lucas/anaconda3/lib/python3.11/site-packages/airflow/example_dags/plugins/listener_plugin.py took 0.011 seconds
[2024-04-03T09:19:37.672+0200] {processor.py:157} INFO - Started process (PID=14089) to work on /home/lucas/anaconda3/lib/python3.11/site-packages/airflow/example_dags/plugins/listener_plugin.py
[2024-04-03T09:19:37.674+0200] {processor.py:829} INFO - Processing file /home/lucas/anaconda3/lib/python3.11/site-packages/airflow/example_dags/plugins/listener_plugin.py for tasks to queue
[2024-04-03T09:19:37.674+0200] {logging_mixin.py:154} INFO - [2024-04-03T09:19:37.674+0200] {dagbag.py:536} INFO - Filling up the DagBag from /home/lucas/anaconda3/lib/python3.11/site-packages/airflow/example_dags/plugins/listener_plugin.py
[2024-04-03T09:19:37.675+0200] {processor.py:841} WARNING - No viable dags retrieved from /home/lucas/anaconda3/lib/python3.11/site-packages/airflow/example_dags/plugins/listener_plugin.py
[2024-04-03T09:19:37.680+0200] {processor.py:179} INFO - Processing /home/lucas/anaconda3/lib/python3.11/site-packages/airflow/example_dags/plugins/listener_plugin.py took 0.009 seconds
[2024-04-03T09:20:20.928+0200] {processor.py:157} INFO - Started process (PID=14282) to work on /home/lucas/anaconda3/lib/python3.11/site-packages/airflow/example_dags/plugins/listener_plugin.py
[2024-04-03T09:20:20.931+0200] {processor.py:829} INFO - Processing file /home/lucas/anaconda3/lib/python3.11/site-packages/airflow/example_dags/plugins/listener_plugin.py for tasks to queue
[2024-04-03T09:20:20.932+0200] {logging_mixin.py:154} INFO - [2024-04-03T09:20:20.931+0200] {dagbag.py:536} INFO - Filling up the DagBag from /home/lucas/anaconda3/lib/python3.11/site-packages/airflow/example_dags/plugins/listener_plugin.py
[2024-04-03T09:20:20.933+0200] {processor.py:841} WARNING - No viable dags retrieved from /home/lucas/anaconda3/lib/python3.11/site-packages/airflow/example_dags/plugins/listener_plugin.py
[2024-04-03T09:20:20.938+0200] {processor.py:179} INFO - Processing /home/lucas/anaconda3/lib/python3.11/site-packages/airflow/example_dags/plugins/listener_plugin.py took 0.011 seconds
[2024-04-03T09:21:04.759+0200] {processor.py:157} INFO - Started process (PID=14410) to work on /home/lucas/anaconda3/lib/python3.11/site-packages/airflow/example_dags/plugins/listener_plugin.py
[2024-04-03T09:21:04.760+0200] {processor.py:829} INFO - Processing file /home/lucas/anaconda3/lib/python3.11/site-packages/airflow/example_dags/plugins/listener_plugin.py for tasks to queue
[2024-04-03T09:21:04.760+0200] {logging_mixin.py:154} INFO - [2024-04-03T09:21:04.760+0200] {dagbag.py:536} INFO - Filling up the DagBag from /home/lucas/anaconda3/lib/python3.11/site-packages/airflow/example_dags/plugins/listener_plugin.py
[2024-04-03T09:21:04.762+0200] {processor.py:841} WARNING - No viable dags retrieved from /home/lucas/anaconda3/lib/python3.11/site-packages/airflow/example_dags/plugins/listener_plugin.py
[2024-04-03T09:21:04.767+0200] {processor.py:179} INFO - Processing /home/lucas/anaconda3/lib/python3.11/site-packages/airflow/example_dags/plugins/listener_plugin.py took 0.009 seconds
[2024-04-03T09:21:54.221+0200] {processor.py:157} INFO - Started process (PID=14575) to work on /home/lucas/anaconda3/lib/python3.11/site-packages/airflow/example_dags/plugins/listener_plugin.py
[2024-04-03T09:21:54.224+0200] {processor.py:829} INFO - Processing file /home/lucas/anaconda3/lib/python3.11/site-packages/airflow/example_dags/plugins/listener_plugin.py for tasks to queue
[2024-04-03T09:21:54.225+0200] {logging_mixin.py:154} INFO - [2024-04-03T09:21:54.224+0200] {dagbag.py:536} INFO - Filling up the DagBag from /home/lucas/anaconda3/lib/python3.11/site-packages/airflow/example_dags/plugins/listener_plugin.py
[2024-04-03T09:21:54.226+0200] {processor.py:841} WARNING - No viable dags retrieved from /home/lucas/anaconda3/lib/python3.11/site-packages/airflow/example_dags/plugins/listener_plugin.py
[2024-04-03T09:21:54.231+0200] {processor.py:179} INFO - Processing /home/lucas/anaconda3/lib/python3.11/site-packages/airflow/example_dags/plugins/listener_plugin.py took 0.010 seconds
[2024-04-03T09:22:37.022+0200] {processor.py:157} INFO - Started process (PID=14814) to work on /home/lucas/anaconda3/lib/python3.11/site-packages/airflow/example_dags/plugins/listener_plugin.py
[2024-04-03T09:22:37.025+0200] {processor.py:829} INFO - Processing file /home/lucas/anaconda3/lib/python3.11/site-packages/airflow/example_dags/plugins/listener_plugin.py for tasks to queue
[2024-04-03T09:22:37.025+0200] {logging_mixin.py:154} INFO - [2024-04-03T09:22:37.025+0200] {dagbag.py:536} INFO - Filling up the DagBag from /home/lucas/anaconda3/lib/python3.11/site-packages/airflow/example_dags/plugins/listener_plugin.py
[2024-04-03T09:22:37.027+0200] {processor.py:841} WARNING - No viable dags retrieved from /home/lucas/anaconda3/lib/python3.11/site-packages/airflow/example_dags/plugins/listener_plugin.py
[2024-04-03T09:22:37.032+0200] {processor.py:179} INFO - Processing /home/lucas/anaconda3/lib/python3.11/site-packages/airflow/example_dags/plugins/listener_plugin.py took 0.011 seconds
[2024-04-03T09:23:22.744+0200] {processor.py:157} INFO - Started process (PID=15022) to work on /home/lucas/anaconda3/lib/python3.11/site-packages/airflow/example_dags/plugins/listener_plugin.py
[2024-04-03T09:23:22.746+0200] {processor.py:829} INFO - Processing file /home/lucas/anaconda3/lib/python3.11/site-packages/airflow/example_dags/plugins/listener_plugin.py for tasks to queue
[2024-04-03T09:23:22.747+0200] {logging_mixin.py:154} INFO - [2024-04-03T09:23:22.747+0200] {dagbag.py:536} INFO - Filling up the DagBag from /home/lucas/anaconda3/lib/python3.11/site-packages/airflow/example_dags/plugins/listener_plugin.py
[2024-04-03T09:23:22.748+0200] {processor.py:841} WARNING - No viable dags retrieved from /home/lucas/anaconda3/lib/python3.11/site-packages/airflow/example_dags/plugins/listener_plugin.py
[2024-04-03T09:23:22.753+0200] {processor.py:179} INFO - Processing /home/lucas/anaconda3/lib/python3.11/site-packages/airflow/example_dags/plugins/listener_plugin.py took 0.010 seconds
[2024-04-03T09:24:05.320+0200] {processor.py:157} INFO - Started process (PID=15341) to work on /home/lucas/anaconda3/lib/python3.11/site-packages/airflow/example_dags/plugins/listener_plugin.py
[2024-04-03T09:24:05.323+0200] {processor.py:829} INFO - Processing file /home/lucas/anaconda3/lib/python3.11/site-packages/airflow/example_dags/plugins/listener_plugin.py for tasks to queue
[2024-04-03T09:24:05.323+0200] {logging_mixin.py:154} INFO - [2024-04-03T09:24:05.323+0200] {dagbag.py:536} INFO - Filling up the DagBag from /home/lucas/anaconda3/lib/python3.11/site-packages/airflow/example_dags/plugins/listener_plugin.py
[2024-04-03T09:24:05.324+0200] {processor.py:841} WARNING - No viable dags retrieved from /home/lucas/anaconda3/lib/python3.11/site-packages/airflow/example_dags/plugins/listener_plugin.py
[2024-04-03T09:24:05.329+0200] {processor.py:179} INFO - Processing /home/lucas/anaconda3/lib/python3.11/site-packages/airflow/example_dags/plugins/listener_plugin.py took 0.011 seconds
[2024-04-03T09:24:46.326+0200] {processor.py:157} INFO - Started process (PID=15580) to work on /home/lucas/anaconda3/lib/python3.11/site-packages/airflow/example_dags/plugins/listener_plugin.py
[2024-04-03T09:24:46.327+0200] {processor.py:829} INFO - Processing file /home/lucas/anaconda3/lib/python3.11/site-packages/airflow/example_dags/plugins/listener_plugin.py for tasks to queue
[2024-04-03T09:24:46.327+0200] {logging_mixin.py:154} INFO - [2024-04-03T09:24:46.327+0200] {dagbag.py:536} INFO - Filling up the DagBag from /home/lucas/anaconda3/lib/python3.11/site-packages/airflow/example_dags/plugins/listener_plugin.py
[2024-04-03T09:24:46.328+0200] {processor.py:841} WARNING - No viable dags retrieved from /home/lucas/anaconda3/lib/python3.11/site-packages/airflow/example_dags/plugins/listener_plugin.py
[2024-04-03T09:24:46.333+0200] {processor.py:179} INFO - Processing /home/lucas/anaconda3/lib/python3.11/site-packages/airflow/example_dags/plugins/listener_plugin.py took 0.009 seconds
[2024-04-03T09:25:27.971+0200] {processor.py:157} INFO - Started process (PID=15731) to work on /home/lucas/anaconda3/lib/python3.11/site-packages/airflow/example_dags/plugins/listener_plugin.py
[2024-04-03T09:25:27.974+0200] {processor.py:829} INFO - Processing file /home/lucas/anaconda3/lib/python3.11/site-packages/airflow/example_dags/plugins/listener_plugin.py for tasks to queue
[2024-04-03T09:25:27.974+0200] {logging_mixin.py:154} INFO - [2024-04-03T09:25:27.974+0200] {dagbag.py:536} INFO - Filling up the DagBag from /home/lucas/anaconda3/lib/python3.11/site-packages/airflow/example_dags/plugins/listener_plugin.py
[2024-04-03T09:25:27.975+0200] {processor.py:841} WARNING - No viable dags retrieved from /home/lucas/anaconda3/lib/python3.11/site-packages/airflow/example_dags/plugins/listener_plugin.py
[2024-04-03T09:25:27.980+0200] {processor.py:179} INFO - Processing /home/lucas/anaconda3/lib/python3.11/site-packages/airflow/example_dags/plugins/listener_plugin.py took 0.011 seconds
[2024-04-03T09:26:12.447+0200] {processor.py:157} INFO - Started process (PID=15983) to work on /home/lucas/anaconda3/lib/python3.11/site-packages/airflow/example_dags/plugins/listener_plugin.py
[2024-04-03T09:26:12.448+0200] {processor.py:829} INFO - Processing file /home/lucas/anaconda3/lib/python3.11/site-packages/airflow/example_dags/plugins/listener_plugin.py for tasks to queue
[2024-04-03T09:26:12.449+0200] {logging_mixin.py:154} INFO - [2024-04-03T09:26:12.449+0200] {dagbag.py:536} INFO - Filling up the DagBag from /home/lucas/anaconda3/lib/python3.11/site-packages/airflow/example_dags/plugins/listener_plugin.py
[2024-04-03T09:26:12.450+0200] {processor.py:841} WARNING - No viable dags retrieved from /home/lucas/anaconda3/lib/python3.11/site-packages/airflow/example_dags/plugins/listener_plugin.py
[2024-04-03T09:26:12.456+0200] {processor.py:179} INFO - Processing /home/lucas/anaconda3/lib/python3.11/site-packages/airflow/example_dags/plugins/listener_plugin.py took 0.010 seconds
[2024-04-03T09:26:55.641+0200] {processor.py:157} INFO - Started process (PID=16115) to work on /home/lucas/anaconda3/lib/python3.11/site-packages/airflow/example_dags/plugins/listener_plugin.py
[2024-04-03T09:26:55.644+0200] {processor.py:829} INFO - Processing file /home/lucas/anaconda3/lib/python3.11/site-packages/airflow/example_dags/plugins/listener_plugin.py for tasks to queue
[2024-04-03T09:26:55.644+0200] {logging_mixin.py:154} INFO - [2024-04-03T09:26:55.644+0200] {dagbag.py:536} INFO - Filling up the DagBag from /home/lucas/anaconda3/lib/python3.11/site-packages/airflow/example_dags/plugins/listener_plugin.py
[2024-04-03T09:26:55.645+0200] {processor.py:841} WARNING - No viable dags retrieved from /home/lucas/anaconda3/lib/python3.11/site-packages/airflow/example_dags/plugins/listener_plugin.py
[2024-04-03T09:26:55.651+0200] {processor.py:179} INFO - Processing /home/lucas/anaconda3/lib/python3.11/site-packages/airflow/example_dags/plugins/listener_plugin.py took 0.012 seconds
[2024-04-03T09:27:36.711+0200] {processor.py:157} INFO - Started process (PID=16280) to work on /home/lucas/anaconda3/lib/python3.11/site-packages/airflow/example_dags/plugins/listener_plugin.py
[2024-04-03T09:27:36.714+0200] {processor.py:829} INFO - Processing file /home/lucas/anaconda3/lib/python3.11/site-packages/airflow/example_dags/plugins/listener_plugin.py for tasks to queue
[2024-04-03T09:27:36.714+0200] {logging_mixin.py:154} INFO - [2024-04-03T09:27:36.714+0200] {dagbag.py:536} INFO - Filling up the DagBag from /home/lucas/anaconda3/lib/python3.11/site-packages/airflow/example_dags/plugins/listener_plugin.py
[2024-04-03T09:27:36.716+0200] {processor.py:841} WARNING - No viable dags retrieved from /home/lucas/anaconda3/lib/python3.11/site-packages/airflow/example_dags/plugins/listener_plugin.py
[2024-04-03T09:27:36.721+0200] {processor.py:179} INFO - Processing /home/lucas/anaconda3/lib/python3.11/site-packages/airflow/example_dags/plugins/listener_plugin.py took 0.011 seconds
[2024-04-03T09:28:22.962+0200] {processor.py:157} INFO - Started process (PID=16381) to work on /home/lucas/anaconda3/lib/python3.11/site-packages/airflow/example_dags/plugins/listener_plugin.py
[2024-04-03T09:28:22.965+0200] {processor.py:829} INFO - Processing file /home/lucas/anaconda3/lib/python3.11/site-packages/airflow/example_dags/plugins/listener_plugin.py for tasks to queue
[2024-04-03T09:28:22.966+0200] {logging_mixin.py:154} INFO - [2024-04-03T09:28:22.966+0200] {dagbag.py:536} INFO - Filling up the DagBag from /home/lucas/anaconda3/lib/python3.11/site-packages/airflow/example_dags/plugins/listener_plugin.py
[2024-04-03T09:28:22.967+0200] {processor.py:841} WARNING - No viable dags retrieved from /home/lucas/anaconda3/lib/python3.11/site-packages/airflow/example_dags/plugins/listener_plugin.py
[2024-04-03T09:28:22.973+0200] {processor.py:179} INFO - Processing /home/lucas/anaconda3/lib/python3.11/site-packages/airflow/example_dags/plugins/listener_plugin.py took 0.012 seconds
[2024-04-03T09:29:13.659+0200] {processor.py:157} INFO - Started process (PID=16697) to work on /home/lucas/anaconda3/lib/python3.11/site-packages/airflow/example_dags/plugins/listener_plugin.py
[2024-04-03T09:29:13.662+0200] {processor.py:829} INFO - Processing file /home/lucas/anaconda3/lib/python3.11/site-packages/airflow/example_dags/plugins/listener_plugin.py for tasks to queue
[2024-04-03T09:29:13.663+0200] {logging_mixin.py:154} INFO - [2024-04-03T09:29:13.662+0200] {dagbag.py:536} INFO - Filling up the DagBag from /home/lucas/anaconda3/lib/python3.11/site-packages/airflow/example_dags/plugins/listener_plugin.py
[2024-04-03T09:29:13.665+0200] {processor.py:841} WARNING - No viable dags retrieved from /home/lucas/anaconda3/lib/python3.11/site-packages/airflow/example_dags/plugins/listener_plugin.py
[2024-04-03T09:29:13.672+0200] {processor.py:179} INFO - Processing /home/lucas/anaconda3/lib/python3.11/site-packages/airflow/example_dags/plugins/listener_plugin.py took 0.014 seconds
[2024-04-03T09:29:57.899+0200] {processor.py:157} INFO - Started process (PID=16853) to work on /home/lucas/anaconda3/lib/python3.11/site-packages/airflow/example_dags/plugins/listener_plugin.py
[2024-04-03T09:29:57.902+0200] {processor.py:829} INFO - Processing file /home/lucas/anaconda3/lib/python3.11/site-packages/airflow/example_dags/plugins/listener_plugin.py for tasks to queue
[2024-04-03T09:29:57.902+0200] {logging_mixin.py:154} INFO - [2024-04-03T09:29:57.902+0200] {dagbag.py:536} INFO - Filling up the DagBag from /home/lucas/anaconda3/lib/python3.11/site-packages/airflow/example_dags/plugins/listener_plugin.py
[2024-04-03T09:29:57.903+0200] {processor.py:841} WARNING - No viable dags retrieved from /home/lucas/anaconda3/lib/python3.11/site-packages/airflow/example_dags/plugins/listener_plugin.py
[2024-04-03T09:29:57.908+0200] {processor.py:179} INFO - Processing /home/lucas/anaconda3/lib/python3.11/site-packages/airflow/example_dags/plugins/listener_plugin.py took 0.011 seconds
[2024-04-03T09:30:46.528+0200] {processor.py:157} INFO - Started process (PID=17108) to work on /home/lucas/anaconda3/lib/python3.11/site-packages/airflow/example_dags/plugins/listener_plugin.py
[2024-04-03T09:30:46.531+0200] {processor.py:829} INFO - Processing file /home/lucas/anaconda3/lib/python3.11/site-packages/airflow/example_dags/plugins/listener_plugin.py for tasks to queue
[2024-04-03T09:30:46.532+0200] {logging_mixin.py:154} INFO - [2024-04-03T09:30:46.531+0200] {dagbag.py:536} INFO - Filling up the DagBag from /home/lucas/anaconda3/lib/python3.11/site-packages/airflow/example_dags/plugins/listener_plugin.py
[2024-04-03T09:30:46.533+0200] {processor.py:841} WARNING - No viable dags retrieved from /home/lucas/anaconda3/lib/python3.11/site-packages/airflow/example_dags/plugins/listener_plugin.py
[2024-04-03T09:30:46.539+0200] {processor.py:179} INFO - Processing /home/lucas/anaconda3/lib/python3.11/site-packages/airflow/example_dags/plugins/listener_plugin.py took 0.012 seconds
[2024-04-03T09:31:33.027+0200] {processor.py:157} INFO - Started process (PID=17253) to work on /home/lucas/anaconda3/lib/python3.11/site-packages/airflow/example_dags/plugins/listener_plugin.py
[2024-04-03T09:31:33.030+0200] {processor.py:829} INFO - Processing file /home/lucas/anaconda3/lib/python3.11/site-packages/airflow/example_dags/plugins/listener_plugin.py for tasks to queue
[2024-04-03T09:31:33.030+0200] {logging_mixin.py:154} INFO - [2024-04-03T09:31:33.030+0200] {dagbag.py:536} INFO - Filling up the DagBag from /home/lucas/anaconda3/lib/python3.11/site-packages/airflow/example_dags/plugins/listener_plugin.py
[2024-04-03T09:31:33.032+0200] {processor.py:841} WARNING - No viable dags retrieved from /home/lucas/anaconda3/lib/python3.11/site-packages/airflow/example_dags/plugins/listener_plugin.py
[2024-04-03T09:31:33.037+0200] {processor.py:179} INFO - Processing /home/lucas/anaconda3/lib/python3.11/site-packages/airflow/example_dags/plugins/listener_plugin.py took 0.011 seconds
[2024-04-03T09:32:41.574+0200] {processor.py:157} INFO - Started process (PID=17857) to work on /home/lucas/anaconda3/lib/python3.11/site-packages/airflow/example_dags/plugins/listener_plugin.py
[2024-04-03T09:32:41.575+0200] {processor.py:829} INFO - Processing file /home/lucas/anaconda3/lib/python3.11/site-packages/airflow/example_dags/plugins/listener_plugin.py for tasks to queue
[2024-04-03T09:32:41.575+0200] {logging_mixin.py:154} INFO - [2024-04-03T09:32:41.575+0200] {dagbag.py:536} INFO - Filling up the DagBag from /home/lucas/anaconda3/lib/python3.11/site-packages/airflow/example_dags/plugins/listener_plugin.py
[2024-04-03T09:32:41.577+0200] {processor.py:841} WARNING - No viable dags retrieved from /home/lucas/anaconda3/lib/python3.11/site-packages/airflow/example_dags/plugins/listener_plugin.py
[2024-04-03T09:32:41.582+0200] {processor.py:179} INFO - Processing /home/lucas/anaconda3/lib/python3.11/site-packages/airflow/example_dags/plugins/listener_plugin.py took 0.010 seconds
[2024-04-03T09:33:24.389+0200] {processor.py:157} INFO - Started process (PID=18145) to work on /home/lucas/anaconda3/lib/python3.11/site-packages/airflow/example_dags/plugins/listener_plugin.py
[2024-04-03T09:33:24.392+0200] {processor.py:829} INFO - Processing file /home/lucas/anaconda3/lib/python3.11/site-packages/airflow/example_dags/plugins/listener_plugin.py for tasks to queue
[2024-04-03T09:33:24.392+0200] {logging_mixin.py:154} INFO - [2024-04-03T09:33:24.392+0200] {dagbag.py:536} INFO - Filling up the DagBag from /home/lucas/anaconda3/lib/python3.11/site-packages/airflow/example_dags/plugins/listener_plugin.py
[2024-04-03T09:33:24.394+0200] {processor.py:841} WARNING - No viable dags retrieved from /home/lucas/anaconda3/lib/python3.11/site-packages/airflow/example_dags/plugins/listener_plugin.py
[2024-04-03T09:33:24.399+0200] {processor.py:179} INFO - Processing /home/lucas/anaconda3/lib/python3.11/site-packages/airflow/example_dags/plugins/listener_plugin.py took 0.011 seconds
[2024-04-03T09:34:08.822+0200] {processor.py:157} INFO - Started process (PID=18374) to work on /home/lucas/anaconda3/lib/python3.11/site-packages/airflow/example_dags/plugins/listener_plugin.py
[2024-04-03T09:34:08.825+0200] {processor.py:829} INFO - Processing file /home/lucas/anaconda3/lib/python3.11/site-packages/airflow/example_dags/plugins/listener_plugin.py for tasks to queue
[2024-04-03T09:34:08.825+0200] {logging_mixin.py:154} INFO - [2024-04-03T09:34:08.825+0200] {dagbag.py:536} INFO - Filling up the DagBag from /home/lucas/anaconda3/lib/python3.11/site-packages/airflow/example_dags/plugins/listener_plugin.py
[2024-04-03T09:34:08.827+0200] {processor.py:841} WARNING - No viable dags retrieved from /home/lucas/anaconda3/lib/python3.11/site-packages/airflow/example_dags/plugins/listener_plugin.py
[2024-04-03T09:34:08.832+0200] {processor.py:179} INFO - Processing /home/lucas/anaconda3/lib/python3.11/site-packages/airflow/example_dags/plugins/listener_plugin.py took 0.011 seconds
[2024-04-03T09:35:18.933+0200] {processor.py:157} INFO - Started process (PID=19056) to work on /home/lucas/anaconda3/lib/python3.11/site-packages/airflow/example_dags/plugins/listener_plugin.py
[2024-04-03T09:35:18.936+0200] {processor.py:829} INFO - Processing file /home/lucas/anaconda3/lib/python3.11/site-packages/airflow/example_dags/plugins/listener_plugin.py for tasks to queue
[2024-04-03T09:35:18.936+0200] {logging_mixin.py:154} INFO - [2024-04-03T09:35:18.936+0200] {dagbag.py:536} INFO - Filling up the DagBag from /home/lucas/anaconda3/lib/python3.11/site-packages/airflow/example_dags/plugins/listener_plugin.py
[2024-04-03T09:35:18.938+0200] {processor.py:841} WARNING - No viable dags retrieved from /home/lucas/anaconda3/lib/python3.11/site-packages/airflow/example_dags/plugins/listener_plugin.py
[2024-04-03T09:35:18.951+0200] {processor.py:179} INFO - Processing /home/lucas/anaconda3/lib/python3.11/site-packages/airflow/example_dags/plugins/listener_plugin.py took 0.019 seconds
[2024-04-03T09:36:02.612+0200] {processor.py:157} INFO - Started process (PID=19336) to work on /home/lucas/anaconda3/lib/python3.11/site-packages/airflow/example_dags/plugins/listener_plugin.py
[2024-04-03T09:36:02.614+0200] {processor.py:829} INFO - Processing file /home/lucas/anaconda3/lib/python3.11/site-packages/airflow/example_dags/plugins/listener_plugin.py for tasks to queue
[2024-04-03T09:36:02.615+0200] {logging_mixin.py:154} INFO - [2024-04-03T09:36:02.615+0200] {dagbag.py:536} INFO - Filling up the DagBag from /home/lucas/anaconda3/lib/python3.11/site-packages/airflow/example_dags/plugins/listener_plugin.py
[2024-04-03T09:36:02.616+0200] {processor.py:841} WARNING - No viable dags retrieved from /home/lucas/anaconda3/lib/python3.11/site-packages/airflow/example_dags/plugins/listener_plugin.py
[2024-04-03T09:36:02.621+0200] {processor.py:179} INFO - Processing /home/lucas/anaconda3/lib/python3.11/site-packages/airflow/example_dags/plugins/listener_plugin.py took 0.011 seconds
[2024-04-03T09:36:46.486+0200] {processor.py:157} INFO - Started process (PID=19449) to work on /home/lucas/anaconda3/lib/python3.11/site-packages/airflow/example_dags/plugins/listener_plugin.py
[2024-04-03T09:36:46.489+0200] {processor.py:829} INFO - Processing file /home/lucas/anaconda3/lib/python3.11/site-packages/airflow/example_dags/plugins/listener_plugin.py for tasks to queue
[2024-04-03T09:36:46.489+0200] {logging_mixin.py:154} INFO - [2024-04-03T09:36:46.489+0200] {dagbag.py:536} INFO - Filling up the DagBag from /home/lucas/anaconda3/lib/python3.11/site-packages/airflow/example_dags/plugins/listener_plugin.py
[2024-04-03T09:36:46.491+0200] {processor.py:841} WARNING - No viable dags retrieved from /home/lucas/anaconda3/lib/python3.11/site-packages/airflow/example_dags/plugins/listener_plugin.py
[2024-04-03T09:36:46.496+0200] {processor.py:179} INFO - Processing /home/lucas/anaconda3/lib/python3.11/site-packages/airflow/example_dags/plugins/listener_plugin.py took 0.011 seconds
[2024-04-03T09:37:30.501+0200] {processor.py:157} INFO - Started process (PID=19588) to work on /home/lucas/anaconda3/lib/python3.11/site-packages/airflow/example_dags/plugins/listener_plugin.py
[2024-04-03T09:37:30.504+0200] {processor.py:829} INFO - Processing file /home/lucas/anaconda3/lib/python3.11/site-packages/airflow/example_dags/plugins/listener_plugin.py for tasks to queue
[2024-04-03T09:37:30.504+0200] {logging_mixin.py:154} INFO - [2024-04-03T09:37:30.504+0200] {dagbag.py:536} INFO - Filling up the DagBag from /home/lucas/anaconda3/lib/python3.11/site-packages/airflow/example_dags/plugins/listener_plugin.py
[2024-04-03T09:37:30.505+0200] {processor.py:841} WARNING - No viable dags retrieved from /home/lucas/anaconda3/lib/python3.11/site-packages/airflow/example_dags/plugins/listener_plugin.py
[2024-04-03T09:37:30.510+0200] {processor.py:179} INFO - Processing /home/lucas/anaconda3/lib/python3.11/site-packages/airflow/example_dags/plugins/listener_plugin.py took 0.011 seconds
[2024-04-03T09:38:14.782+0200] {processor.py:157} INFO - Started process (PID=19704) to work on /home/lucas/anaconda3/lib/python3.11/site-packages/airflow/example_dags/plugins/listener_plugin.py
[2024-04-03T09:38:14.785+0200] {processor.py:829} INFO - Processing file /home/lucas/anaconda3/lib/python3.11/site-packages/airflow/example_dags/plugins/listener_plugin.py for tasks to queue
[2024-04-03T09:38:14.785+0200] {logging_mixin.py:154} INFO - [2024-04-03T09:38:14.785+0200] {dagbag.py:536} INFO - Filling up the DagBag from /home/lucas/anaconda3/lib/python3.11/site-packages/airflow/example_dags/plugins/listener_plugin.py
[2024-04-03T09:38:14.786+0200] {processor.py:841} WARNING - No viable dags retrieved from /home/lucas/anaconda3/lib/python3.11/site-packages/airflow/example_dags/plugins/listener_plugin.py
[2024-04-03T09:38:14.791+0200] {processor.py:179} INFO - Processing /home/lucas/anaconda3/lib/python3.11/site-packages/airflow/example_dags/plugins/listener_plugin.py took 0.011 seconds
[2024-04-03T09:39:00.962+0200] {processor.py:157} INFO - Started process (PID=19823) to work on /home/lucas/anaconda3/lib/python3.11/site-packages/airflow/example_dags/plugins/listener_plugin.py
[2024-04-03T09:39:00.965+0200] {processor.py:829} INFO - Processing file /home/lucas/anaconda3/lib/python3.11/site-packages/airflow/example_dags/plugins/listener_plugin.py for tasks to queue
[2024-04-03T09:39:00.965+0200] {logging_mixin.py:154} INFO - [2024-04-03T09:39:00.965+0200] {dagbag.py:536} INFO - Filling up the DagBag from /home/lucas/anaconda3/lib/python3.11/site-packages/airflow/example_dags/plugins/listener_plugin.py
[2024-04-03T09:39:00.967+0200] {processor.py:841} WARNING - No viable dags retrieved from /home/lucas/anaconda3/lib/python3.11/site-packages/airflow/example_dags/plugins/listener_plugin.py
[2024-04-03T09:39:00.972+0200] {processor.py:179} INFO - Processing /home/lucas/anaconda3/lib/python3.11/site-packages/airflow/example_dags/plugins/listener_plugin.py took 0.011 seconds
[2024-04-03T09:39:43.348+0200] {processor.py:157} INFO - Started process (PID=19879) to work on /home/lucas/anaconda3/lib/python3.11/site-packages/airflow/example_dags/plugins/listener_plugin.py
[2024-04-03T09:39:43.351+0200] {processor.py:829} INFO - Processing file /home/lucas/anaconda3/lib/python3.11/site-packages/airflow/example_dags/plugins/listener_plugin.py for tasks to queue
[2024-04-03T09:39:43.351+0200] {logging_mixin.py:154} INFO - [2024-04-03T09:39:43.351+0200] {dagbag.py:536} INFO - Filling up the DagBag from /home/lucas/anaconda3/lib/python3.11/site-packages/airflow/example_dags/plugins/listener_plugin.py
[2024-04-03T09:39:43.352+0200] {processor.py:841} WARNING - No viable dags retrieved from /home/lucas/anaconda3/lib/python3.11/site-packages/airflow/example_dags/plugins/listener_plugin.py
[2024-04-03T09:39:43.357+0200] {processor.py:179} INFO - Processing /home/lucas/anaconda3/lib/python3.11/site-packages/airflow/example_dags/plugins/listener_plugin.py took 0.011 seconds
[2024-04-03T09:40:26.095+0200] {processor.py:157} INFO - Started process (PID=20056) to work on /home/lucas/anaconda3/lib/python3.11/site-packages/airflow/example_dags/plugins/listener_plugin.py
[2024-04-03T09:40:26.096+0200] {processor.py:829} INFO - Processing file /home/lucas/anaconda3/lib/python3.11/site-packages/airflow/example_dags/plugins/listener_plugin.py for tasks to queue
[2024-04-03T09:40:26.096+0200] {logging_mixin.py:154} INFO - [2024-04-03T09:40:26.096+0200] {dagbag.py:536} INFO - Filling up the DagBag from /home/lucas/anaconda3/lib/python3.11/site-packages/airflow/example_dags/plugins/listener_plugin.py
[2024-04-03T09:40:26.098+0200] {processor.py:841} WARNING - No viable dags retrieved from /home/lucas/anaconda3/lib/python3.11/site-packages/airflow/example_dags/plugins/listener_plugin.py
[2024-04-03T09:40:26.103+0200] {processor.py:179} INFO - Processing /home/lucas/anaconda3/lib/python3.11/site-packages/airflow/example_dags/plugins/listener_plugin.py took 0.009 seconds
[2024-04-03T09:41:12.989+0200] {processor.py:157} INFO - Started process (PID=20175) to work on /home/lucas/anaconda3/lib/python3.11/site-packages/airflow/example_dags/plugins/listener_plugin.py
[2024-04-03T09:41:12.992+0200] {processor.py:829} INFO - Processing file /home/lucas/anaconda3/lib/python3.11/site-packages/airflow/example_dags/plugins/listener_plugin.py for tasks to queue
[2024-04-03T09:41:12.992+0200] {logging_mixin.py:154} INFO - [2024-04-03T09:41:12.992+0200] {dagbag.py:536} INFO - Filling up the DagBag from /home/lucas/anaconda3/lib/python3.11/site-packages/airflow/example_dags/plugins/listener_plugin.py
[2024-04-03T09:41:12.994+0200] {processor.py:841} WARNING - No viable dags retrieved from /home/lucas/anaconda3/lib/python3.11/site-packages/airflow/example_dags/plugins/listener_plugin.py
[2024-04-03T09:41:12.999+0200] {processor.py:179} INFO - Processing /home/lucas/anaconda3/lib/python3.11/site-packages/airflow/example_dags/plugins/listener_plugin.py took 0.011 seconds
[2024-04-03T09:41:55.167+0200] {processor.py:157} INFO - Started process (PID=20294) to work on /home/lucas/anaconda3/lib/python3.11/site-packages/airflow/example_dags/plugins/listener_plugin.py
[2024-04-03T09:41:55.170+0200] {processor.py:829} INFO - Processing file /home/lucas/anaconda3/lib/python3.11/site-packages/airflow/example_dags/plugins/listener_plugin.py for tasks to queue
[2024-04-03T09:41:55.170+0200] {logging_mixin.py:154} INFO - [2024-04-03T09:41:55.170+0200] {dagbag.py:536} INFO - Filling up the DagBag from /home/lucas/anaconda3/lib/python3.11/site-packages/airflow/example_dags/plugins/listener_plugin.py
[2024-04-03T09:41:55.172+0200] {processor.py:841} WARNING - No viable dags retrieved from /home/lucas/anaconda3/lib/python3.11/site-packages/airflow/example_dags/plugins/listener_plugin.py
[2024-04-03T09:41:55.176+0200] {processor.py:179} INFO - Processing /home/lucas/anaconda3/lib/python3.11/site-packages/airflow/example_dags/plugins/listener_plugin.py took 0.011 seconds
[2024-04-03T09:42:40.219+0200] {processor.py:157} INFO - Started process (PID=20445) to work on /home/lucas/anaconda3/lib/python3.11/site-packages/airflow/example_dags/plugins/listener_plugin.py
[2024-04-03T09:42:40.222+0200] {processor.py:829} INFO - Processing file /home/lucas/anaconda3/lib/python3.11/site-packages/airflow/example_dags/plugins/listener_plugin.py for tasks to queue
[2024-04-03T09:42:40.222+0200] {logging_mixin.py:154} INFO - [2024-04-03T09:42:40.222+0200] {dagbag.py:536} INFO - Filling up the DagBag from /home/lucas/anaconda3/lib/python3.11/site-packages/airflow/example_dags/plugins/listener_plugin.py
[2024-04-03T09:42:40.224+0200] {processor.py:841} WARNING - No viable dags retrieved from /home/lucas/anaconda3/lib/python3.11/site-packages/airflow/example_dags/plugins/listener_plugin.py
[2024-04-03T09:42:40.229+0200] {processor.py:179} INFO - Processing /home/lucas/anaconda3/lib/python3.11/site-packages/airflow/example_dags/plugins/listener_plugin.py took 0.011 seconds
[2024-04-03T09:43:29.550+0200] {processor.py:157} INFO - Started process (PID=20566) to work on /home/lucas/anaconda3/lib/python3.11/site-packages/airflow/example_dags/plugins/listener_plugin.py
[2024-04-03T09:43:29.553+0200] {processor.py:829} INFO - Processing file /home/lucas/anaconda3/lib/python3.11/site-packages/airflow/example_dags/plugins/listener_plugin.py for tasks to queue
[2024-04-03T09:43:29.553+0200] {logging_mixin.py:154} INFO - [2024-04-03T09:43:29.553+0200] {dagbag.py:536} INFO - Filling up the DagBag from /home/lucas/anaconda3/lib/python3.11/site-packages/airflow/example_dags/plugins/listener_plugin.py
[2024-04-03T09:43:29.554+0200] {processor.py:841} WARNING - No viable dags retrieved from /home/lucas/anaconda3/lib/python3.11/site-packages/airflow/example_dags/plugins/listener_plugin.py
[2024-04-03T09:43:29.559+0200] {processor.py:179} INFO - Processing /home/lucas/anaconda3/lib/python3.11/site-packages/airflow/example_dags/plugins/listener_plugin.py took 0.011 seconds
[2024-04-03T09:44:15.319+0200] {processor.py:157} INFO - Started process (PID=20866) to work on /home/lucas/anaconda3/lib/python3.11/site-packages/airflow/example_dags/plugins/listener_plugin.py
[2024-04-03T09:44:15.331+0200] {processor.py:829} INFO - Processing file /home/lucas/anaconda3/lib/python3.11/site-packages/airflow/example_dags/plugins/listener_plugin.py for tasks to queue
[2024-04-03T09:44:15.331+0200] {logging_mixin.py:154} INFO - [2024-04-03T09:44:15.331+0200] {dagbag.py:536} INFO - Filling up the DagBag from /home/lucas/anaconda3/lib/python3.11/site-packages/airflow/example_dags/plugins/listener_plugin.py
[2024-04-03T09:44:15.333+0200] {processor.py:841} WARNING - No viable dags retrieved from /home/lucas/anaconda3/lib/python3.11/site-packages/airflow/example_dags/plugins/listener_plugin.py
[2024-04-03T09:44:15.340+0200] {processor.py:179} INFO - Processing /home/lucas/anaconda3/lib/python3.11/site-packages/airflow/example_dags/plugins/listener_plugin.py took 0.023 seconds
[2024-04-03T09:44:58.167+0200] {processor.py:157} INFO - Started process (PID=21141) to work on /home/lucas/anaconda3/lib/python3.11/site-packages/airflow/example_dags/plugins/listener_plugin.py
[2024-04-03T09:44:58.170+0200] {processor.py:829} INFO - Processing file /home/lucas/anaconda3/lib/python3.11/site-packages/airflow/example_dags/plugins/listener_plugin.py for tasks to queue
[2024-04-03T09:44:58.171+0200] {logging_mixin.py:154} INFO - [2024-04-03T09:44:58.171+0200] {dagbag.py:536} INFO - Filling up the DagBag from /home/lucas/anaconda3/lib/python3.11/site-packages/airflow/example_dags/plugins/listener_plugin.py
[2024-04-03T09:44:58.172+0200] {processor.py:841} WARNING - No viable dags retrieved from /home/lucas/anaconda3/lib/python3.11/site-packages/airflow/example_dags/plugins/listener_plugin.py
[2024-04-03T09:44:58.177+0200] {processor.py:179} INFO - Processing /home/lucas/anaconda3/lib/python3.11/site-packages/airflow/example_dags/plugins/listener_plugin.py took 0.011 seconds
[2024-04-03T09:48:19.432+0200] {processor.py:157} INFO - Started process (PID=21928) to work on /home/lucas/anaconda3/lib/python3.11/site-packages/airflow/example_dags/plugins/listener_plugin.py
[2024-04-03T09:48:19.435+0200] {processor.py:829} INFO - Processing file /home/lucas/anaconda3/lib/python3.11/site-packages/airflow/example_dags/plugins/listener_plugin.py for tasks to queue
[2024-04-03T09:48:19.435+0200] {logging_mixin.py:154} INFO - [2024-04-03T09:48:19.435+0200] {dagbag.py:536} INFO - Filling up the DagBag from /home/lucas/anaconda3/lib/python3.11/site-packages/airflow/example_dags/plugins/listener_plugin.py
[2024-04-03T09:48:19.437+0200] {processor.py:841} WARNING - No viable dags retrieved from /home/lucas/anaconda3/lib/python3.11/site-packages/airflow/example_dags/plugins/listener_plugin.py
[2024-04-03T09:48:19.442+0200] {processor.py:179} INFO - Processing /home/lucas/anaconda3/lib/python3.11/site-packages/airflow/example_dags/plugins/listener_plugin.py took 0.012 seconds
[2024-04-03T09:49:02.353+0200] {processor.py:157} INFO - Started process (PID=22160) to work on /home/lucas/anaconda3/lib/python3.11/site-packages/airflow/example_dags/plugins/listener_plugin.py
[2024-04-03T09:49:02.356+0200] {processor.py:829} INFO - Processing file /home/lucas/anaconda3/lib/python3.11/site-packages/airflow/example_dags/plugins/listener_plugin.py for tasks to queue
[2024-04-03T09:49:02.356+0200] {logging_mixin.py:154} INFO - [2024-04-03T09:49:02.356+0200] {dagbag.py:536} INFO - Filling up the DagBag from /home/lucas/anaconda3/lib/python3.11/site-packages/airflow/example_dags/plugins/listener_plugin.py
[2024-04-03T09:49:02.358+0200] {processor.py:841} WARNING - No viable dags retrieved from /home/lucas/anaconda3/lib/python3.11/site-packages/airflow/example_dags/plugins/listener_plugin.py
[2024-04-03T09:49:02.363+0200] {processor.py:179} INFO - Processing /home/lucas/anaconda3/lib/python3.11/site-packages/airflow/example_dags/plugins/listener_plugin.py took 0.013 seconds
[2024-04-03T09:49:46.751+0200] {processor.py:157} INFO - Started process (PID=22354) to work on /home/lucas/anaconda3/lib/python3.11/site-packages/airflow/example_dags/plugins/listener_plugin.py
[2024-04-03T09:49:46.754+0200] {processor.py:829} INFO - Processing file /home/lucas/anaconda3/lib/python3.11/site-packages/airflow/example_dags/plugins/listener_plugin.py for tasks to queue
[2024-04-03T09:49:46.754+0200] {logging_mixin.py:154} INFO - [2024-04-03T09:49:46.754+0200] {dagbag.py:536} INFO - Filling up the DagBag from /home/lucas/anaconda3/lib/python3.11/site-packages/airflow/example_dags/plugins/listener_plugin.py
[2024-04-03T09:49:46.756+0200] {processor.py:841} WARNING - No viable dags retrieved from /home/lucas/anaconda3/lib/python3.11/site-packages/airflow/example_dags/plugins/listener_plugin.py
[2024-04-03T09:49:46.761+0200] {processor.py:179} INFO - Processing /home/lucas/anaconda3/lib/python3.11/site-packages/airflow/example_dags/plugins/listener_plugin.py took 0.011 seconds
[2024-04-03T09:50:30.670+0200] {processor.py:157} INFO - Started process (PID=22563) to work on /home/lucas/anaconda3/lib/python3.11/site-packages/airflow/example_dags/plugins/listener_plugin.py
[2024-04-03T09:50:30.673+0200] {processor.py:829} INFO - Processing file /home/lucas/anaconda3/lib/python3.11/site-packages/airflow/example_dags/plugins/listener_plugin.py for tasks to queue
[2024-04-03T09:50:30.673+0200] {logging_mixin.py:154} INFO - [2024-04-03T09:50:30.673+0200] {dagbag.py:536} INFO - Filling up the DagBag from /home/lucas/anaconda3/lib/python3.11/site-packages/airflow/example_dags/plugins/listener_plugin.py
[2024-04-03T09:50:30.674+0200] {processor.py:841} WARNING - No viable dags retrieved from /home/lucas/anaconda3/lib/python3.11/site-packages/airflow/example_dags/plugins/listener_plugin.py
[2024-04-03T09:50:30.679+0200] {processor.py:179} INFO - Processing /home/lucas/anaconda3/lib/python3.11/site-packages/airflow/example_dags/plugins/listener_plugin.py took 0.011 seconds
[2024-04-03T09:51:15.739+0200] {processor.py:157} INFO - Started process (PID=22933) to work on /home/lucas/anaconda3/lib/python3.11/site-packages/airflow/example_dags/plugins/listener_plugin.py
[2024-04-03T09:51:15.740+0200] {processor.py:829} INFO - Processing file /home/lucas/anaconda3/lib/python3.11/site-packages/airflow/example_dags/plugins/listener_plugin.py for tasks to queue
[2024-04-03T09:51:15.741+0200] {logging_mixin.py:154} INFO - [2024-04-03T09:51:15.740+0200] {dagbag.py:536} INFO - Filling up the DagBag from /home/lucas/anaconda3/lib/python3.11/site-packages/airflow/example_dags/plugins/listener_plugin.py
[2024-04-03T09:51:15.742+0200] {processor.py:841} WARNING - No viable dags retrieved from /home/lucas/anaconda3/lib/python3.11/site-packages/airflow/example_dags/plugins/listener_plugin.py
[2024-04-03T09:51:15.747+0200] {processor.py:179} INFO - Processing /home/lucas/anaconda3/lib/python3.11/site-packages/airflow/example_dags/plugins/listener_plugin.py took 0.009 seconds
[2024-04-03T09:54:17.236+0200] {processor.py:157} INFO - Started process (PID=23788) to work on /home/lucas/anaconda3/lib/python3.11/site-packages/airflow/example_dags/plugins/listener_plugin.py
[2024-04-03T09:54:17.239+0200] {processor.py:829} INFO - Processing file /home/lucas/anaconda3/lib/python3.11/site-packages/airflow/example_dags/plugins/listener_plugin.py for tasks to queue
[2024-04-03T09:54:17.240+0200] {logging_mixin.py:154} INFO - [2024-04-03T09:54:17.239+0200] {dagbag.py:536} INFO - Filling up the DagBag from /home/lucas/anaconda3/lib/python3.11/site-packages/airflow/example_dags/plugins/listener_plugin.py
[2024-04-03T09:54:17.241+0200] {processor.py:841} WARNING - No viable dags retrieved from /home/lucas/anaconda3/lib/python3.11/site-packages/airflow/example_dags/plugins/listener_plugin.py
[2024-04-03T09:54:17.246+0200] {processor.py:179} INFO - Processing /home/lucas/anaconda3/lib/python3.11/site-packages/airflow/example_dags/plugins/listener_plugin.py took 0.011 seconds
[2024-04-03T09:54:58.920+0200] {processor.py:157} INFO - Started process (PID=23917) to work on /home/lucas/anaconda3/lib/python3.11/site-packages/airflow/example_dags/plugins/listener_plugin.py
[2024-04-03T09:54:58.921+0200] {processor.py:829} INFO - Processing file /home/lucas/anaconda3/lib/python3.11/site-packages/airflow/example_dags/plugins/listener_plugin.py for tasks to queue
[2024-04-03T09:54:58.922+0200] {logging_mixin.py:154} INFO - [2024-04-03T09:54:58.922+0200] {dagbag.py:536} INFO - Filling up the DagBag from /home/lucas/anaconda3/lib/python3.11/site-packages/airflow/example_dags/plugins/listener_plugin.py
[2024-04-03T09:54:58.923+0200] {processor.py:841} WARNING - No viable dags retrieved from /home/lucas/anaconda3/lib/python3.11/site-packages/airflow/example_dags/plugins/listener_plugin.py
[2024-04-03T09:54:58.928+0200] {processor.py:179} INFO - Processing /home/lucas/anaconda3/lib/python3.11/site-packages/airflow/example_dags/plugins/listener_plugin.py took 0.009 seconds
[2024-04-03T10:00:00.231+0200] {processor.py:157} INFO - Started process (PID=93027) to work on /home/lucas/anaconda3/lib/python3.11/site-packages/airflow/example_dags/plugins/listener_plugin.py
[2024-04-03T10:00:00.234+0200] {processor.py:829} INFO - Processing file /home/lucas/anaconda3/lib/python3.11/site-packages/airflow/example_dags/plugins/listener_plugin.py for tasks to queue
[2024-04-03T10:00:00.234+0200] {logging_mixin.py:154} INFO - [2024-04-03T10:00:00.234+0200] {dagbag.py:536} INFO - Filling up the DagBag from /home/lucas/anaconda3/lib/python3.11/site-packages/airflow/example_dags/plugins/listener_plugin.py
[2024-04-03T10:00:00.236+0200] {processor.py:841} WARNING - No viable dags retrieved from /home/lucas/anaconda3/lib/python3.11/site-packages/airflow/example_dags/plugins/listener_plugin.py
[2024-04-03T10:00:00.241+0200] {processor.py:179} INFO - Processing /home/lucas/anaconda3/lib/python3.11/site-packages/airflow/example_dags/plugins/listener_plugin.py took 0.011 seconds
[2024-04-03T10:01:40.803+0200] {processor.py:157} INFO - Started process (PID=93787) to work on /home/lucas/anaconda3/lib/python3.11/site-packages/airflow/example_dags/plugins/listener_plugin.py
[2024-04-03T10:01:40.806+0200] {processor.py:829} INFO - Processing file /home/lucas/anaconda3/lib/python3.11/site-packages/airflow/example_dags/plugins/listener_plugin.py for tasks to queue
[2024-04-03T10:01:40.806+0200] {logging_mixin.py:154} INFO - [2024-04-03T10:01:40.806+0200] {dagbag.py:536} INFO - Filling up the DagBag from /home/lucas/anaconda3/lib/python3.11/site-packages/airflow/example_dags/plugins/listener_plugin.py
[2024-04-03T10:01:40.807+0200] {processor.py:841} WARNING - No viable dags retrieved from /home/lucas/anaconda3/lib/python3.11/site-packages/airflow/example_dags/plugins/listener_plugin.py
[2024-04-03T10:01:40.812+0200] {processor.py:179} INFO - Processing /home/lucas/anaconda3/lib/python3.11/site-packages/airflow/example_dags/plugins/listener_plugin.py took 0.011 seconds
[2024-04-03T10:02:25.869+0200] {processor.py:157} INFO - Started process (PID=93952) to work on /home/lucas/anaconda3/lib/python3.11/site-packages/airflow/example_dags/plugins/listener_plugin.py
[2024-04-03T10:02:25.872+0200] {processor.py:829} INFO - Processing file /home/lucas/anaconda3/lib/python3.11/site-packages/airflow/example_dags/plugins/listener_plugin.py for tasks to queue
[2024-04-03T10:02:25.873+0200] {logging_mixin.py:154} INFO - [2024-04-03T10:02:25.872+0200] {dagbag.py:536} INFO - Filling up the DagBag from /home/lucas/anaconda3/lib/python3.11/site-packages/airflow/example_dags/plugins/listener_plugin.py
[2024-04-03T10:02:25.874+0200] {processor.py:841} WARNING - No viable dags retrieved from /home/lucas/anaconda3/lib/python3.11/site-packages/airflow/example_dags/plugins/listener_plugin.py
[2024-04-03T10:02:25.879+0200] {processor.py:179} INFO - Processing /home/lucas/anaconda3/lib/python3.11/site-packages/airflow/example_dags/plugins/listener_plugin.py took 0.012 seconds
[2024-04-03T10:03:15.026+0200] {processor.py:157} INFO - Started process (PID=94235) to work on /home/lucas/anaconda3/lib/python3.11/site-packages/airflow/example_dags/plugins/listener_plugin.py
[2024-04-03T10:03:15.029+0200] {processor.py:829} INFO - Processing file /home/lucas/anaconda3/lib/python3.11/site-packages/airflow/example_dags/plugins/listener_plugin.py for tasks to queue
[2024-04-03T10:03:15.030+0200] {logging_mixin.py:154} INFO - [2024-04-03T10:03:15.030+0200] {dagbag.py:536} INFO - Filling up the DagBag from /home/lucas/anaconda3/lib/python3.11/site-packages/airflow/example_dags/plugins/listener_plugin.py
[2024-04-03T10:03:15.031+0200] {processor.py:841} WARNING - No viable dags retrieved from /home/lucas/anaconda3/lib/python3.11/site-packages/airflow/example_dags/plugins/listener_plugin.py
[2024-04-03T10:03:15.037+0200] {processor.py:179} INFO - Processing /home/lucas/anaconda3/lib/python3.11/site-packages/airflow/example_dags/plugins/listener_plugin.py took 0.012 seconds
[2024-04-03T10:04:08.778+0200] {processor.py:157} INFO - Started process (PID=94541) to work on /home/lucas/anaconda3/lib/python3.11/site-packages/airflow/example_dags/plugins/listener_plugin.py
[2024-04-03T10:04:08.781+0200] {processor.py:829} INFO - Processing file /home/lucas/anaconda3/lib/python3.11/site-packages/airflow/example_dags/plugins/listener_plugin.py for tasks to queue
[2024-04-03T10:04:08.781+0200] {logging_mixin.py:154} INFO - [2024-04-03T10:04:08.781+0200] {dagbag.py:536} INFO - Filling up the DagBag from /home/lucas/anaconda3/lib/python3.11/site-packages/airflow/example_dags/plugins/listener_plugin.py
[2024-04-03T10:04:08.783+0200] {processor.py:841} WARNING - No viable dags retrieved from /home/lucas/anaconda3/lib/python3.11/site-packages/airflow/example_dags/plugins/listener_plugin.py
[2024-04-03T10:04:08.788+0200] {processor.py:179} INFO - Processing /home/lucas/anaconda3/lib/python3.11/site-packages/airflow/example_dags/plugins/listener_plugin.py took 0.011 seconds
[2024-04-03T10:04:54.997+0200] {processor.py:157} INFO - Started process (PID=95049) to work on /home/lucas/anaconda3/lib/python3.11/site-packages/airflow/example_dags/plugins/listener_plugin.py
[2024-04-03T10:04:55.000+0200] {processor.py:829} INFO - Processing file /home/lucas/anaconda3/lib/python3.11/site-packages/airflow/example_dags/plugins/listener_plugin.py for tasks to queue
[2024-04-03T10:04:55.001+0200] {logging_mixin.py:154} INFO - [2024-04-03T10:04:55.000+0200] {dagbag.py:536} INFO - Filling up the DagBag from /home/lucas/anaconda3/lib/python3.11/site-packages/airflow/example_dags/plugins/listener_plugin.py
[2024-04-03T10:04:55.002+0200] {processor.py:841} WARNING - No viable dags retrieved from /home/lucas/anaconda3/lib/python3.11/site-packages/airflow/example_dags/plugins/listener_plugin.py
[2024-04-03T10:04:55.007+0200] {processor.py:179} INFO - Processing /home/lucas/anaconda3/lib/python3.11/site-packages/airflow/example_dags/plugins/listener_plugin.py took 0.011 seconds
[2024-04-03T10:05:42.267+0200] {processor.py:157} INFO - Started process (PID=95515) to work on /home/lucas/anaconda3/lib/python3.11/site-packages/airflow/example_dags/plugins/listener_plugin.py
[2024-04-03T10:05:42.270+0200] {processor.py:829} INFO - Processing file /home/lucas/anaconda3/lib/python3.11/site-packages/airflow/example_dags/plugins/listener_plugin.py for tasks to queue
[2024-04-03T10:05:42.270+0200] {logging_mixin.py:154} INFO - [2024-04-03T10:05:42.270+0200] {dagbag.py:536} INFO - Filling up the DagBag from /home/lucas/anaconda3/lib/python3.11/site-packages/airflow/example_dags/plugins/listener_plugin.py
[2024-04-03T10:05:42.272+0200] {processor.py:841} WARNING - No viable dags retrieved from /home/lucas/anaconda3/lib/python3.11/site-packages/airflow/example_dags/plugins/listener_plugin.py
[2024-04-03T10:05:42.277+0200] {processor.py:179} INFO - Processing /home/lucas/anaconda3/lib/python3.11/site-packages/airflow/example_dags/plugins/listener_plugin.py took 0.011 seconds
[2024-04-03T10:06:27.210+0200] {processor.py:157} INFO - Started process (PID=96002) to work on /home/lucas/anaconda3/lib/python3.11/site-packages/airflow/example_dags/plugins/listener_plugin.py
[2024-04-03T10:06:27.213+0200] {processor.py:829} INFO - Processing file /home/lucas/anaconda3/lib/python3.11/site-packages/airflow/example_dags/plugins/listener_plugin.py for tasks to queue
[2024-04-03T10:06:27.214+0200] {logging_mixin.py:154} INFO - [2024-04-03T10:06:27.213+0200] {dagbag.py:536} INFO - Filling up the DagBag from /home/lucas/anaconda3/lib/python3.11/site-packages/airflow/example_dags/plugins/listener_plugin.py
[2024-04-03T10:06:27.215+0200] {processor.py:841} WARNING - No viable dags retrieved from /home/lucas/anaconda3/lib/python3.11/site-packages/airflow/example_dags/plugins/listener_plugin.py
[2024-04-03T10:06:27.221+0200] {processor.py:179} INFO - Processing /home/lucas/anaconda3/lib/python3.11/site-packages/airflow/example_dags/plugins/listener_plugin.py took 0.013 seconds
[2024-04-03T10:07:12.083+0200] {processor.py:157} INFO - Started process (PID=96595) to work on /home/lucas/anaconda3/lib/python3.11/site-packages/airflow/example_dags/plugins/listener_plugin.py
[2024-04-03T10:07:12.086+0200] {processor.py:829} INFO - Processing file /home/lucas/anaconda3/lib/python3.11/site-packages/airflow/example_dags/plugins/listener_plugin.py for tasks to queue
[2024-04-03T10:07:12.087+0200] {logging_mixin.py:154} INFO - [2024-04-03T10:07:12.086+0200] {dagbag.py:536} INFO - Filling up the DagBag from /home/lucas/anaconda3/lib/python3.11/site-packages/airflow/example_dags/plugins/listener_plugin.py
[2024-04-03T10:07:12.088+0200] {processor.py:841} WARNING - No viable dags retrieved from /home/lucas/anaconda3/lib/python3.11/site-packages/airflow/example_dags/plugins/listener_plugin.py
[2024-04-03T10:07:12.093+0200] {processor.py:179} INFO - Processing /home/lucas/anaconda3/lib/python3.11/site-packages/airflow/example_dags/plugins/listener_plugin.py took 0.011 seconds
[2024-04-03T10:08:33.484+0200] {processor.py:157} INFO - Started process (PID=97410) to work on /home/lucas/anaconda3/lib/python3.11/site-packages/airflow/example_dags/plugins/listener_plugin.py
[2024-04-03T10:08:33.485+0200] {processor.py:829} INFO - Processing file /home/lucas/anaconda3/lib/python3.11/site-packages/airflow/example_dags/plugins/listener_plugin.py for tasks to queue
[2024-04-03T10:08:33.485+0200] {logging_mixin.py:154} INFO - [2024-04-03T10:08:33.485+0200] {dagbag.py:536} INFO - Filling up the DagBag from /home/lucas/anaconda3/lib/python3.11/site-packages/airflow/example_dags/plugins/listener_plugin.py
[2024-04-03T10:08:33.486+0200] {processor.py:841} WARNING - No viable dags retrieved from /home/lucas/anaconda3/lib/python3.11/site-packages/airflow/example_dags/plugins/listener_plugin.py
[2024-04-03T10:08:33.491+0200] {processor.py:179} INFO - Processing /home/lucas/anaconda3/lib/python3.11/site-packages/airflow/example_dags/plugins/listener_plugin.py took 0.009 seconds
[2024-04-03T10:09:19.369+0200] {processor.py:157} INFO - Started process (PID=97729) to work on /home/lucas/anaconda3/lib/python3.11/site-packages/airflow/example_dags/plugins/listener_plugin.py
[2024-04-03T10:09:19.372+0200] {processor.py:829} INFO - Processing file /home/lucas/anaconda3/lib/python3.11/site-packages/airflow/example_dags/plugins/listener_plugin.py for tasks to queue
[2024-04-03T10:09:19.372+0200] {logging_mixin.py:154} INFO - [2024-04-03T10:09:19.372+0200] {dagbag.py:536} INFO - Filling up the DagBag from /home/lucas/anaconda3/lib/python3.11/site-packages/airflow/example_dags/plugins/listener_plugin.py
[2024-04-03T10:09:19.373+0200] {processor.py:841} WARNING - No viable dags retrieved from /home/lucas/anaconda3/lib/python3.11/site-packages/airflow/example_dags/plugins/listener_plugin.py
[2024-04-03T10:09:19.378+0200] {processor.py:179} INFO - Processing /home/lucas/anaconda3/lib/python3.11/site-packages/airflow/example_dags/plugins/listener_plugin.py took 0.011 seconds
[2024-04-03T10:10:41.763+0200] {processor.py:157} INFO - Started process (PID=98345) to work on /home/lucas/anaconda3/lib/python3.11/site-packages/airflow/example_dags/plugins/listener_plugin.py
[2024-04-03T10:10:41.766+0200] {processor.py:829} INFO - Processing file /home/lucas/anaconda3/lib/python3.11/site-packages/airflow/example_dags/plugins/listener_plugin.py for tasks to queue
[2024-04-03T10:10:41.767+0200] {logging_mixin.py:154} INFO - [2024-04-03T10:10:41.767+0200] {dagbag.py:536} INFO - Filling up the DagBag from /home/lucas/anaconda3/lib/python3.11/site-packages/airflow/example_dags/plugins/listener_plugin.py
[2024-04-03T10:10:41.768+0200] {processor.py:841} WARNING - No viable dags retrieved from /home/lucas/anaconda3/lib/python3.11/site-packages/airflow/example_dags/plugins/listener_plugin.py
[2024-04-03T10:10:41.773+0200] {processor.py:179} INFO - Processing /home/lucas/anaconda3/lib/python3.11/site-packages/airflow/example_dags/plugins/listener_plugin.py took 0.011 seconds
[2024-04-03T10:11:28.575+0200] {processor.py:157} INFO - Started process (PID=98532) to work on /home/lucas/anaconda3/lib/python3.11/site-packages/airflow/example_dags/plugins/listener_plugin.py
[2024-04-03T10:11:28.577+0200] {processor.py:829} INFO - Processing file /home/lucas/anaconda3/lib/python3.11/site-packages/airflow/example_dags/plugins/listener_plugin.py for tasks to queue
[2024-04-03T10:11:28.578+0200] {logging_mixin.py:154} INFO - [2024-04-03T10:11:28.577+0200] {dagbag.py:536} INFO - Filling up the DagBag from /home/lucas/anaconda3/lib/python3.11/site-packages/airflow/example_dags/plugins/listener_plugin.py
[2024-04-03T10:11:28.579+0200] {processor.py:841} WARNING - No viable dags retrieved from /home/lucas/anaconda3/lib/python3.11/site-packages/airflow/example_dags/plugins/listener_plugin.py
[2024-04-03T10:11:28.585+0200] {processor.py:179} INFO - Processing /home/lucas/anaconda3/lib/python3.11/site-packages/airflow/example_dags/plugins/listener_plugin.py took 0.012 seconds
[2024-04-03T10:12:20.081+0200] {processor.py:157} INFO - Started process (PID=98725) to work on /home/lucas/anaconda3/lib/python3.11/site-packages/airflow/example_dags/plugins/listener_plugin.py
[2024-04-03T10:12:20.082+0200] {processor.py:829} INFO - Processing file /home/lucas/anaconda3/lib/python3.11/site-packages/airflow/example_dags/plugins/listener_plugin.py for tasks to queue
[2024-04-03T10:12:20.082+0200] {logging_mixin.py:154} INFO - [2024-04-03T10:12:20.082+0200] {dagbag.py:536} INFO - Filling up the DagBag from /home/lucas/anaconda3/lib/python3.11/site-packages/airflow/example_dags/plugins/listener_plugin.py
[2024-04-03T10:12:20.084+0200] {processor.py:841} WARNING - No viable dags retrieved from /home/lucas/anaconda3/lib/python3.11/site-packages/airflow/example_dags/plugins/listener_plugin.py
[2024-04-03T10:12:20.093+0200] {processor.py:179} INFO - Processing /home/lucas/anaconda3/lib/python3.11/site-packages/airflow/example_dags/plugins/listener_plugin.py took 0.015 seconds
[2024-04-03T10:13:12.937+0200] {processor.py:157} INFO - Started process (PID=98881) to work on /home/lucas/anaconda3/lib/python3.11/site-packages/airflow/example_dags/plugins/listener_plugin.py
[2024-04-03T10:13:12.940+0200] {processor.py:829} INFO - Processing file /home/lucas/anaconda3/lib/python3.11/site-packages/airflow/example_dags/plugins/listener_plugin.py for tasks to queue
[2024-04-03T10:13:12.941+0200] {logging_mixin.py:154} INFO - [2024-04-03T10:13:12.940+0200] {dagbag.py:536} INFO - Filling up the DagBag from /home/lucas/anaconda3/lib/python3.11/site-packages/airflow/example_dags/plugins/listener_plugin.py
[2024-04-03T10:13:12.942+0200] {processor.py:841} WARNING - No viable dags retrieved from /home/lucas/anaconda3/lib/python3.11/site-packages/airflow/example_dags/plugins/listener_plugin.py
[2024-04-03T10:13:12.947+0200] {processor.py:179} INFO - Processing /home/lucas/anaconda3/lib/python3.11/site-packages/airflow/example_dags/plugins/listener_plugin.py took 0.011 seconds
[2024-04-03T10:13:59.427+0200] {processor.py:157} INFO - Started process (PID=99054) to work on /home/lucas/anaconda3/lib/python3.11/site-packages/airflow/example_dags/plugins/listener_plugin.py
[2024-04-03T10:13:59.428+0200] {processor.py:829} INFO - Processing file /home/lucas/anaconda3/lib/python3.11/site-packages/airflow/example_dags/plugins/listener_plugin.py for tasks to queue
[2024-04-03T10:13:59.429+0200] {logging_mixin.py:154} INFO - [2024-04-03T10:13:59.428+0200] {dagbag.py:536} INFO - Filling up the DagBag from /home/lucas/anaconda3/lib/python3.11/site-packages/airflow/example_dags/plugins/listener_plugin.py
[2024-04-03T10:13:59.430+0200] {processor.py:841} WARNING - No viable dags retrieved from /home/lucas/anaconda3/lib/python3.11/site-packages/airflow/example_dags/plugins/listener_plugin.py
[2024-04-03T10:13:59.435+0200] {processor.py:179} INFO - Processing /home/lucas/anaconda3/lib/python3.11/site-packages/airflow/example_dags/plugins/listener_plugin.py took 0.010 seconds
[2024-04-03T10:17:22.827+0200] {processor.py:157} INFO - Started process (PID=100229) to work on /home/lucas/anaconda3/lib/python3.11/site-packages/airflow/example_dags/plugins/listener_plugin.py
[2024-04-03T10:17:22.830+0200] {processor.py:829} INFO - Processing file /home/lucas/anaconda3/lib/python3.11/site-packages/airflow/example_dags/plugins/listener_plugin.py for tasks to queue
[2024-04-03T10:17:22.830+0200] {logging_mixin.py:154} INFO - [2024-04-03T10:17:22.830+0200] {dagbag.py:536} INFO - Filling up the DagBag from /home/lucas/anaconda3/lib/python3.11/site-packages/airflow/example_dags/plugins/listener_plugin.py
[2024-04-03T10:17:22.831+0200] {processor.py:841} WARNING - No viable dags retrieved from /home/lucas/anaconda3/lib/python3.11/site-packages/airflow/example_dags/plugins/listener_plugin.py
[2024-04-03T10:17:22.836+0200] {processor.py:179} INFO - Processing /home/lucas/anaconda3/lib/python3.11/site-packages/airflow/example_dags/plugins/listener_plugin.py took 0.011 seconds
[2024-04-03T10:18:09.088+0200] {processor.py:157} INFO - Started process (PID=100444) to work on /home/lucas/anaconda3/lib/python3.11/site-packages/airflow/example_dags/plugins/listener_plugin.py
[2024-04-03T10:18:09.101+0200] {processor.py:829} INFO - Processing file /home/lucas/anaconda3/lib/python3.11/site-packages/airflow/example_dags/plugins/listener_plugin.py for tasks to queue
[2024-04-03T10:18:09.102+0200] {logging_mixin.py:154} INFO - [2024-04-03T10:18:09.101+0200] {dagbag.py:536} INFO - Filling up the DagBag from /home/lucas/anaconda3/lib/python3.11/site-packages/airflow/example_dags/plugins/listener_plugin.py
[2024-04-03T10:18:09.103+0200] {processor.py:841} WARNING - No viable dags retrieved from /home/lucas/anaconda3/lib/python3.11/site-packages/airflow/example_dags/plugins/listener_plugin.py
[2024-04-03T10:18:09.109+0200] {processor.py:179} INFO - Processing /home/lucas/anaconda3/lib/python3.11/site-packages/airflow/example_dags/plugins/listener_plugin.py took 0.023 seconds
[2024-04-03T10:22:51.531+0200] {processor.py:157} INFO - Started process (PID=101541) to work on /home/lucas/anaconda3/lib/python3.11/site-packages/airflow/example_dags/plugins/listener_plugin.py
[2024-04-03T10:22:51.534+0200] {processor.py:829} INFO - Processing file /home/lucas/anaconda3/lib/python3.11/site-packages/airflow/example_dags/plugins/listener_plugin.py for tasks to queue
[2024-04-03T10:22:51.535+0200] {logging_mixin.py:154} INFO - [2024-04-03T10:22:51.534+0200] {dagbag.py:536} INFO - Filling up the DagBag from /home/lucas/anaconda3/lib/python3.11/site-packages/airflow/example_dags/plugins/listener_plugin.py
[2024-04-03T10:22:51.536+0200] {processor.py:841} WARNING - No viable dags retrieved from /home/lucas/anaconda3/lib/python3.11/site-packages/airflow/example_dags/plugins/listener_plugin.py
[2024-04-03T10:22:51.541+0200] {processor.py:179} INFO - Processing /home/lucas/anaconda3/lib/python3.11/site-packages/airflow/example_dags/plugins/listener_plugin.py took 0.011 seconds
[2024-04-03T10:23:37.690+0200] {processor.py:157} INFO - Started process (PID=101814) to work on /home/lucas/anaconda3/lib/python3.11/site-packages/airflow/example_dags/plugins/listener_plugin.py
[2024-04-03T10:23:37.692+0200] {processor.py:829} INFO - Processing file /home/lucas/anaconda3/lib/python3.11/site-packages/airflow/example_dags/plugins/listener_plugin.py for tasks to queue
[2024-04-03T10:23:37.693+0200] {logging_mixin.py:154} INFO - [2024-04-03T10:23:37.692+0200] {dagbag.py:536} INFO - Filling up the DagBag from /home/lucas/anaconda3/lib/python3.11/site-packages/airflow/example_dags/plugins/listener_plugin.py
[2024-04-03T10:23:37.694+0200] {processor.py:841} WARNING - No viable dags retrieved from /home/lucas/anaconda3/lib/python3.11/site-packages/airflow/example_dags/plugins/listener_plugin.py
[2024-04-03T10:23:37.699+0200] {processor.py:179} INFO - Processing /home/lucas/anaconda3/lib/python3.11/site-packages/airflow/example_dags/plugins/listener_plugin.py took 0.010 seconds
[2024-04-03T10:24:36.005+0200] {processor.py:157} INFO - Started process (PID=102404) to work on /home/lucas/anaconda3/lib/python3.11/site-packages/airflow/example_dags/plugins/listener_plugin.py
[2024-04-03T10:24:36.008+0200] {processor.py:829} INFO - Processing file /home/lucas/anaconda3/lib/python3.11/site-packages/airflow/example_dags/plugins/listener_plugin.py for tasks to queue
[2024-04-03T10:24:36.008+0200] {logging_mixin.py:154} INFO - [2024-04-03T10:24:36.008+0200] {dagbag.py:536} INFO - Filling up the DagBag from /home/lucas/anaconda3/lib/python3.11/site-packages/airflow/example_dags/plugins/listener_plugin.py
[2024-04-03T10:24:36.009+0200] {processor.py:841} WARNING - No viable dags retrieved from /home/lucas/anaconda3/lib/python3.11/site-packages/airflow/example_dags/plugins/listener_plugin.py
[2024-04-03T10:24:36.015+0200] {processor.py:179} INFO - Processing /home/lucas/anaconda3/lib/python3.11/site-packages/airflow/example_dags/plugins/listener_plugin.py took 0.011 seconds
