[2024-04-03T09:14:21.645+0200] {processor.py:157} INFO - Started process (PID=12623) to work on /home/lucas/anaconda3/lib/python3.11/site-packages/airflow/example_dags/subdags/subdag.py
[2024-04-03T09:14:21.646+0200] {processor.py:829} INFO - Processing file /home/lucas/anaconda3/lib/python3.11/site-packages/airflow/example_dags/subdags/subdag.py for tasks to queue
[2024-04-03T09:14:21.646+0200] {logging_mixin.py:154} INFO - [2024-04-03T09:14:21.646+0200] {dagbag.py:536} INFO - Filling up the DagBag from /home/lucas/anaconda3/lib/python3.11/site-packages/airflow/example_dags/subdags/subdag.py
[2024-04-03T09:14:21.647+0200] {processor.py:841} WARNING - No viable dags retrieved from /home/lucas/anaconda3/lib/python3.11/site-packages/airflow/example_dags/subdags/subdag.py
[2024-04-03T09:14:21.652+0200] {processor.py:179} INFO - Processing /home/lucas/anaconda3/lib/python3.11/site-packages/airflow/example_dags/subdags/subdag.py took 0.008 seconds
[2024-04-03T09:15:07.921+0200] {processor.py:157} INFO - Started process (PID=12922) to work on /home/lucas/anaconda3/lib/python3.11/site-packages/airflow/example_dags/subdags/subdag.py
[2024-04-03T09:15:07.924+0200] {processor.py:829} INFO - Processing file /home/lucas/anaconda3/lib/python3.11/site-packages/airflow/example_dags/subdags/subdag.py for tasks to queue
[2024-04-03T09:15:07.925+0200] {logging_mixin.py:154} INFO - [2024-04-03T09:15:07.924+0200] {dagbag.py:536} INFO - Filling up the DagBag from /home/lucas/anaconda3/lib/python3.11/site-packages/airflow/example_dags/subdags/subdag.py
[2024-04-03T09:15:07.926+0200] {processor.py:841} WARNING - No viable dags retrieved from /home/lucas/anaconda3/lib/python3.11/site-packages/airflow/example_dags/subdags/subdag.py
[2024-04-03T09:15:07.931+0200] {processor.py:179} INFO - Processing /home/lucas/anaconda3/lib/python3.11/site-packages/airflow/example_dags/subdags/subdag.py took 0.012 seconds
[2024-04-03T09:15:52.812+0200] {processor.py:157} INFO - Started process (PID=13091) to work on /home/lucas/anaconda3/lib/python3.11/site-packages/airflow/example_dags/subdags/subdag.py
[2024-04-03T09:15:52.815+0200] {processor.py:829} INFO - Processing file /home/lucas/anaconda3/lib/python3.11/site-packages/airflow/example_dags/subdags/subdag.py for tasks to queue
[2024-04-03T09:15:52.816+0200] {logging_mixin.py:154} INFO - [2024-04-03T09:15:52.815+0200] {dagbag.py:536} INFO - Filling up the DagBag from /home/lucas/anaconda3/lib/python3.11/site-packages/airflow/example_dags/subdags/subdag.py
[2024-04-03T09:15:52.817+0200] {processor.py:841} WARNING - No viable dags retrieved from /home/lucas/anaconda3/lib/python3.11/site-packages/airflow/example_dags/subdags/subdag.py
[2024-04-03T09:15:52.822+0200] {processor.py:179} INFO - Processing /home/lucas/anaconda3/lib/python3.11/site-packages/airflow/example_dags/subdags/subdag.py took 0.013 seconds
[2024-04-03T09:16:37.624+0200] {processor.py:157} INFO - Started process (PID=13179) to work on /home/lucas/anaconda3/lib/python3.11/site-packages/airflow/example_dags/subdags/subdag.py
[2024-04-03T09:16:37.627+0200] {processor.py:829} INFO - Processing file /home/lucas/anaconda3/lib/python3.11/site-packages/airflow/example_dags/subdags/subdag.py for tasks to queue
[2024-04-03T09:16:37.628+0200] {logging_mixin.py:154} INFO - [2024-04-03T09:16:37.627+0200] {dagbag.py:536} INFO - Filling up the DagBag from /home/lucas/anaconda3/lib/python3.11/site-packages/airflow/example_dags/subdags/subdag.py
[2024-04-03T09:16:37.629+0200] {processor.py:841} WARNING - No viable dags retrieved from /home/lucas/anaconda3/lib/python3.11/site-packages/airflow/example_dags/subdags/subdag.py
[2024-04-03T09:16:37.635+0200] {processor.py:179} INFO - Processing /home/lucas/anaconda3/lib/python3.11/site-packages/airflow/example_dags/subdags/subdag.py took 0.013 seconds
[2024-04-03T09:18:53.750+0200] {processor.py:157} INFO - Started process (PID=13738) to work on /home/lucas/anaconda3/lib/python3.11/site-packages/airflow/example_dags/subdags/subdag.py
[2024-04-03T09:18:53.753+0200] {processor.py:829} INFO - Processing file /home/lucas/anaconda3/lib/python3.11/site-packages/airflow/example_dags/subdags/subdag.py for tasks to queue
[2024-04-03T09:18:53.753+0200] {logging_mixin.py:154} INFO - [2024-04-03T09:18:53.753+0200] {dagbag.py:536} INFO - Filling up the DagBag from /home/lucas/anaconda3/lib/python3.11/site-packages/airflow/example_dags/subdags/subdag.py
[2024-04-03T09:18:53.754+0200] {processor.py:841} WARNING - No viable dags retrieved from /home/lucas/anaconda3/lib/python3.11/site-packages/airflow/example_dags/subdags/subdag.py
[2024-04-03T09:18:53.759+0200] {processor.py:179} INFO - Processing /home/lucas/anaconda3/lib/python3.11/site-packages/airflow/example_dags/subdags/subdag.py took 0.011 seconds
[2024-04-03T09:19:36.773+0200] {processor.py:157} INFO - Started process (PID=14075) to work on /home/lucas/anaconda3/lib/python3.11/site-packages/airflow/example_dags/subdags/subdag.py
[2024-04-03T09:19:36.776+0200] {processor.py:829} INFO - Processing file /home/lucas/anaconda3/lib/python3.11/site-packages/airflow/example_dags/subdags/subdag.py for tasks to queue
[2024-04-03T09:19:36.776+0200] {logging_mixin.py:154} INFO - [2024-04-03T09:19:36.776+0200] {dagbag.py:536} INFO - Filling up the DagBag from /home/lucas/anaconda3/lib/python3.11/site-packages/airflow/example_dags/subdags/subdag.py
[2024-04-03T09:19:36.777+0200] {processor.py:841} WARNING - No viable dags retrieved from /home/lucas/anaconda3/lib/python3.11/site-packages/airflow/example_dags/subdags/subdag.py
[2024-04-03T09:19:36.782+0200] {processor.py:179} INFO - Processing /home/lucas/anaconda3/lib/python3.11/site-packages/airflow/example_dags/subdags/subdag.py took 0.011 seconds
[2024-04-03T09:20:19.806+0200] {processor.py:157} INFO - Started process (PID=14281) to work on /home/lucas/anaconda3/lib/python3.11/site-packages/airflow/example_dags/subdags/subdag.py
[2024-04-03T09:20:19.808+0200] {processor.py:829} INFO - Processing file /home/lucas/anaconda3/lib/python3.11/site-packages/airflow/example_dags/subdags/subdag.py for tasks to queue
[2024-04-03T09:20:19.809+0200] {logging_mixin.py:154} INFO - [2024-04-03T09:20:19.808+0200] {dagbag.py:536} INFO - Filling up the DagBag from /home/lucas/anaconda3/lib/python3.11/site-packages/airflow/example_dags/subdags/subdag.py
[2024-04-03T09:20:19.810+0200] {processor.py:841} WARNING - No viable dags retrieved from /home/lucas/anaconda3/lib/python3.11/site-packages/airflow/example_dags/subdags/subdag.py
[2024-04-03T09:20:19.815+0200] {processor.py:179} INFO - Processing /home/lucas/anaconda3/lib/python3.11/site-packages/airflow/example_dags/subdags/subdag.py took 0.010 seconds
[2024-04-03T09:21:04.130+0200] {processor.py:157} INFO - Started process (PID=14409) to work on /home/lucas/anaconda3/lib/python3.11/site-packages/airflow/example_dags/subdags/subdag.py
[2024-04-03T09:21:04.133+0200] {processor.py:829} INFO - Processing file /home/lucas/anaconda3/lib/python3.11/site-packages/airflow/example_dags/subdags/subdag.py for tasks to queue
[2024-04-03T09:21:04.133+0200] {logging_mixin.py:154} INFO - [2024-04-03T09:21:04.133+0200] {dagbag.py:536} INFO - Filling up the DagBag from /home/lucas/anaconda3/lib/python3.11/site-packages/airflow/example_dags/subdags/subdag.py
[2024-04-03T09:21:04.134+0200] {processor.py:841} WARNING - No viable dags retrieved from /home/lucas/anaconda3/lib/python3.11/site-packages/airflow/example_dags/subdags/subdag.py
[2024-04-03T09:21:04.139+0200] {processor.py:179} INFO - Processing /home/lucas/anaconda3/lib/python3.11/site-packages/airflow/example_dags/subdags/subdag.py took 0.010 seconds
[2024-04-03T09:21:53.099+0200] {processor.py:157} INFO - Started process (PID=14574) to work on /home/lucas/anaconda3/lib/python3.11/site-packages/airflow/example_dags/subdags/subdag.py
[2024-04-03T09:21:53.102+0200] {processor.py:829} INFO - Processing file /home/lucas/anaconda3/lib/python3.11/site-packages/airflow/example_dags/subdags/subdag.py for tasks to queue
[2024-04-03T09:21:53.102+0200] {logging_mixin.py:154} INFO - [2024-04-03T09:21:53.102+0200] {dagbag.py:536} INFO - Filling up the DagBag from /home/lucas/anaconda3/lib/python3.11/site-packages/airflow/example_dags/subdags/subdag.py
[2024-04-03T09:21:53.103+0200] {processor.py:841} WARNING - No viable dags retrieved from /home/lucas/anaconda3/lib/python3.11/site-packages/airflow/example_dags/subdags/subdag.py
[2024-04-03T09:21:53.108+0200] {processor.py:179} INFO - Processing /home/lucas/anaconda3/lib/python3.11/site-packages/airflow/example_dags/subdags/subdag.py took 0.010 seconds
[2024-04-03T09:22:36.393+0200] {processor.py:157} INFO - Started process (PID=14812) to work on /home/lucas/anaconda3/lib/python3.11/site-packages/airflow/example_dags/subdags/subdag.py
[2024-04-03T09:22:36.396+0200] {processor.py:829} INFO - Processing file /home/lucas/anaconda3/lib/python3.11/site-packages/airflow/example_dags/subdags/subdag.py for tasks to queue
[2024-04-03T09:22:36.396+0200] {logging_mixin.py:154} INFO - [2024-04-03T09:22:36.396+0200] {dagbag.py:536} INFO - Filling up the DagBag from /home/lucas/anaconda3/lib/python3.11/site-packages/airflow/example_dags/subdags/subdag.py
[2024-04-03T09:22:36.398+0200] {processor.py:841} WARNING - No viable dags retrieved from /home/lucas/anaconda3/lib/python3.11/site-packages/airflow/example_dags/subdags/subdag.py
[2024-04-03T09:22:36.403+0200] {processor.py:179} INFO - Processing /home/lucas/anaconda3/lib/python3.11/site-packages/airflow/example_dags/subdags/subdag.py took 0.012 seconds
[2024-04-03T09:23:21.621+0200] {processor.py:157} INFO - Started process (PID=15016) to work on /home/lucas/anaconda3/lib/python3.11/site-packages/airflow/example_dags/subdags/subdag.py
[2024-04-03T09:23:21.624+0200] {processor.py:829} INFO - Processing file /home/lucas/anaconda3/lib/python3.11/site-packages/airflow/example_dags/subdags/subdag.py for tasks to queue
[2024-04-03T09:23:21.624+0200] {logging_mixin.py:154} INFO - [2024-04-03T09:23:21.624+0200] {dagbag.py:536} INFO - Filling up the DagBag from /home/lucas/anaconda3/lib/python3.11/site-packages/airflow/example_dags/subdags/subdag.py
[2024-04-03T09:23:21.625+0200] {processor.py:841} WARNING - No viable dags retrieved from /home/lucas/anaconda3/lib/python3.11/site-packages/airflow/example_dags/subdags/subdag.py
[2024-04-03T09:23:21.630+0200] {processor.py:179} INFO - Processing /home/lucas/anaconda3/lib/python3.11/site-packages/airflow/example_dags/subdags/subdag.py took 0.010 seconds
[2024-04-03T09:24:04.188+0200] {processor.py:157} INFO - Started process (PID=15333) to work on /home/lucas/anaconda3/lib/python3.11/site-packages/airflow/example_dags/subdags/subdag.py
[2024-04-03T09:24:04.189+0200] {processor.py:829} INFO - Processing file /home/lucas/anaconda3/lib/python3.11/site-packages/airflow/example_dags/subdags/subdag.py for tasks to queue
[2024-04-03T09:24:04.189+0200] {logging_mixin.py:154} INFO - [2024-04-03T09:24:04.189+0200] {dagbag.py:536} INFO - Filling up the DagBag from /home/lucas/anaconda3/lib/python3.11/site-packages/airflow/example_dags/subdags/subdag.py
[2024-04-03T09:24:04.190+0200] {processor.py:841} WARNING - No viable dags retrieved from /home/lucas/anaconda3/lib/python3.11/site-packages/airflow/example_dags/subdags/subdag.py
[2024-04-03T09:24:04.195+0200] {processor.py:179} INFO - Processing /home/lucas/anaconda3/lib/python3.11/site-packages/airflow/example_dags/subdags/subdag.py took 0.008 seconds
[2024-04-03T09:24:45.194+0200] {processor.py:157} INFO - Started process (PID=15579) to work on /home/lucas/anaconda3/lib/python3.11/site-packages/airflow/example_dags/subdags/subdag.py
[2024-04-03T09:24:45.195+0200] {processor.py:829} INFO - Processing file /home/lucas/anaconda3/lib/python3.11/site-packages/airflow/example_dags/subdags/subdag.py for tasks to queue
[2024-04-03T09:24:45.195+0200] {logging_mixin.py:154} INFO - [2024-04-03T09:24:45.195+0200] {dagbag.py:536} INFO - Filling up the DagBag from /home/lucas/anaconda3/lib/python3.11/site-packages/airflow/example_dags/subdags/subdag.py
[2024-04-03T09:24:45.196+0200] {processor.py:841} WARNING - No viable dags retrieved from /home/lucas/anaconda3/lib/python3.11/site-packages/airflow/example_dags/subdags/subdag.py
[2024-04-03T09:24:45.201+0200] {processor.py:179} INFO - Processing /home/lucas/anaconda3/lib/python3.11/site-packages/airflow/example_dags/subdags/subdag.py took 0.009 seconds
[2024-04-03T09:25:26.846+0200] {processor.py:157} INFO - Started process (PID=15699) to work on /home/lucas/anaconda3/lib/python3.11/site-packages/airflow/example_dags/subdags/subdag.py
[2024-04-03T09:25:26.848+0200] {processor.py:829} INFO - Processing file /home/lucas/anaconda3/lib/python3.11/site-packages/airflow/example_dags/subdags/subdag.py for tasks to queue
[2024-04-03T09:25:26.849+0200] {logging_mixin.py:154} INFO - [2024-04-03T09:25:26.849+0200] {dagbag.py:536} INFO - Filling up the DagBag from /home/lucas/anaconda3/lib/python3.11/site-packages/airflow/example_dags/subdags/subdag.py
[2024-04-03T09:25:26.850+0200] {processor.py:841} WARNING - No viable dags retrieved from /home/lucas/anaconda3/lib/python3.11/site-packages/airflow/example_dags/subdags/subdag.py
[2024-04-03T09:25:26.855+0200] {processor.py:179} INFO - Processing /home/lucas/anaconda3/lib/python3.11/site-packages/airflow/example_dags/subdags/subdag.py took 0.011 seconds
[2024-04-03T09:26:11.353+0200] {processor.py:157} INFO - Started process (PID=15982) to work on /home/lucas/anaconda3/lib/python3.11/site-packages/airflow/example_dags/subdags/subdag.py
[2024-04-03T09:26:11.356+0200] {processor.py:829} INFO - Processing file /home/lucas/anaconda3/lib/python3.11/site-packages/airflow/example_dags/subdags/subdag.py for tasks to queue
[2024-04-03T09:26:11.356+0200] {logging_mixin.py:154} INFO - [2024-04-03T09:26:11.356+0200] {dagbag.py:536} INFO - Filling up the DagBag from /home/lucas/anaconda3/lib/python3.11/site-packages/airflow/example_dags/subdags/subdag.py
[2024-04-03T09:26:11.357+0200] {processor.py:841} WARNING - No viable dags retrieved from /home/lucas/anaconda3/lib/python3.11/site-packages/airflow/example_dags/subdags/subdag.py
[2024-04-03T09:26:11.362+0200] {processor.py:179} INFO - Processing /home/lucas/anaconda3/lib/python3.11/site-packages/airflow/example_dags/subdags/subdag.py took 0.011 seconds
[2024-04-03T09:26:54.516+0200] {processor.py:157} INFO - Started process (PID=16113) to work on /home/lucas/anaconda3/lib/python3.11/site-packages/airflow/example_dags/subdags/subdag.py
[2024-04-03T09:26:54.519+0200] {processor.py:829} INFO - Processing file /home/lucas/anaconda3/lib/python3.11/site-packages/airflow/example_dags/subdags/subdag.py for tasks to queue
[2024-04-03T09:26:54.519+0200] {logging_mixin.py:154} INFO - [2024-04-03T09:26:54.519+0200] {dagbag.py:536} INFO - Filling up the DagBag from /home/lucas/anaconda3/lib/python3.11/site-packages/airflow/example_dags/subdags/subdag.py
[2024-04-03T09:26:54.520+0200] {processor.py:841} WARNING - No viable dags retrieved from /home/lucas/anaconda3/lib/python3.11/site-packages/airflow/example_dags/subdags/subdag.py
[2024-04-03T09:26:54.526+0200] {processor.py:179} INFO - Processing /home/lucas/anaconda3/lib/python3.11/site-packages/airflow/example_dags/subdags/subdag.py took 0.012 seconds
[2024-04-03T09:27:35.586+0200] {processor.py:157} INFO - Started process (PID=16279) to work on /home/lucas/anaconda3/lib/python3.11/site-packages/airflow/example_dags/subdags/subdag.py
[2024-04-03T09:27:35.590+0200] {processor.py:829} INFO - Processing file /home/lucas/anaconda3/lib/python3.11/site-packages/airflow/example_dags/subdags/subdag.py for tasks to queue
[2024-04-03T09:27:35.590+0200] {logging_mixin.py:154} INFO - [2024-04-03T09:27:35.590+0200] {dagbag.py:536} INFO - Filling up the DagBag from /home/lucas/anaconda3/lib/python3.11/site-packages/airflow/example_dags/subdags/subdag.py
[2024-04-03T09:27:35.591+0200] {processor.py:841} WARNING - No viable dags retrieved from /home/lucas/anaconda3/lib/python3.11/site-packages/airflow/example_dags/subdags/subdag.py
[2024-04-03T09:27:35.597+0200] {processor.py:179} INFO - Processing /home/lucas/anaconda3/lib/python3.11/site-packages/airflow/example_dags/subdags/subdag.py took 0.012 seconds
[2024-04-03T09:28:22.752+0200] {processor.py:157} INFO - Started process (PID=16380) to work on /home/lucas/anaconda3/lib/python3.11/site-packages/airflow/example_dags/subdags/subdag.py
[2024-04-03T09:28:22.752+0200] {processor.py:829} INFO - Processing file /home/lucas/anaconda3/lib/python3.11/site-packages/airflow/example_dags/subdags/subdag.py for tasks to queue
[2024-04-03T09:28:22.753+0200] {logging_mixin.py:154} INFO - [2024-04-03T09:28:22.753+0200] {dagbag.py:536} INFO - Filling up the DagBag from /home/lucas/anaconda3/lib/python3.11/site-packages/airflow/example_dags/subdags/subdag.py
[2024-04-03T09:28:22.754+0200] {processor.py:841} WARNING - No viable dags retrieved from /home/lucas/anaconda3/lib/python3.11/site-packages/airflow/example_dags/subdags/subdag.py
[2024-04-03T09:28:22.760+0200] {processor.py:179} INFO - Processing /home/lucas/anaconda3/lib/python3.11/site-packages/airflow/example_dags/subdags/subdag.py took 0.010 seconds
[2024-04-03T09:29:12.938+0200] {processor.py:157} INFO - Started process (PID=16696) to work on /home/lucas/anaconda3/lib/python3.11/site-packages/airflow/example_dags/subdags/subdag.py
[2024-04-03T09:29:12.941+0200] {processor.py:829} INFO - Processing file /home/lucas/anaconda3/lib/python3.11/site-packages/airflow/example_dags/subdags/subdag.py for tasks to queue
[2024-04-03T09:29:12.942+0200] {logging_mixin.py:154} INFO - [2024-04-03T09:29:12.941+0200] {dagbag.py:536} INFO - Filling up the DagBag from /home/lucas/anaconda3/lib/python3.11/site-packages/airflow/example_dags/subdags/subdag.py
[2024-04-03T09:29:12.943+0200] {processor.py:841} WARNING - No viable dags retrieved from /home/lucas/anaconda3/lib/python3.11/site-packages/airflow/example_dags/subdags/subdag.py
[2024-04-03T09:29:12.948+0200] {processor.py:179} INFO - Processing /home/lucas/anaconda3/lib/python3.11/site-packages/airflow/example_dags/subdags/subdag.py took 0.011 seconds
[2024-04-03T09:29:57.530+0200] {processor.py:157} INFO - Started process (PID=16852) to work on /home/lucas/anaconda3/lib/python3.11/site-packages/airflow/example_dags/subdags/subdag.py
[2024-04-03T09:29:57.533+0200] {processor.py:829} INFO - Processing file /home/lucas/anaconda3/lib/python3.11/site-packages/airflow/example_dags/subdags/subdag.py for tasks to queue
[2024-04-03T09:29:57.534+0200] {logging_mixin.py:154} INFO - [2024-04-03T09:29:57.533+0200] {dagbag.py:536} INFO - Filling up the DagBag from /home/lucas/anaconda3/lib/python3.11/site-packages/airflow/example_dags/subdags/subdag.py
[2024-04-03T09:29:57.535+0200] {processor.py:841} WARNING - No viable dags retrieved from /home/lucas/anaconda3/lib/python3.11/site-packages/airflow/example_dags/subdags/subdag.py
[2024-04-03T09:29:57.539+0200] {processor.py:179} INFO - Processing /home/lucas/anaconda3/lib/python3.11/site-packages/airflow/example_dags/subdags/subdag.py took 0.010 seconds
[2024-04-03T09:30:45.800+0200] {processor.py:157} INFO - Started process (PID=17106) to work on /home/lucas/anaconda3/lib/python3.11/site-packages/airflow/example_dags/subdags/subdag.py
[2024-04-03T09:30:45.803+0200] {processor.py:829} INFO - Processing file /home/lucas/anaconda3/lib/python3.11/site-packages/airflow/example_dags/subdags/subdag.py for tasks to queue
[2024-04-03T09:30:45.803+0200] {logging_mixin.py:154} INFO - [2024-04-03T09:30:45.803+0200] {dagbag.py:536} INFO - Filling up the DagBag from /home/lucas/anaconda3/lib/python3.11/site-packages/airflow/example_dags/subdags/subdag.py
[2024-04-03T09:30:45.804+0200] {processor.py:841} WARNING - No viable dags retrieved from /home/lucas/anaconda3/lib/python3.11/site-packages/airflow/example_dags/subdags/subdag.py
[2024-04-03T09:30:45.810+0200] {processor.py:179} INFO - Processing /home/lucas/anaconda3/lib/python3.11/site-packages/airflow/example_dags/subdags/subdag.py took 0.012 seconds
[2024-04-03T09:31:31.903+0200] {processor.py:157} INFO - Started process (PID=17252) to work on /home/lucas/anaconda3/lib/python3.11/site-packages/airflow/example_dags/subdags/subdag.py
[2024-04-03T09:31:31.905+0200] {processor.py:829} INFO - Processing file /home/lucas/anaconda3/lib/python3.11/site-packages/airflow/example_dags/subdags/subdag.py for tasks to queue
[2024-04-03T09:31:31.906+0200] {logging_mixin.py:154} INFO - [2024-04-03T09:31:31.906+0200] {dagbag.py:536} INFO - Filling up the DagBag from /home/lucas/anaconda3/lib/python3.11/site-packages/airflow/example_dags/subdags/subdag.py
[2024-04-03T09:31:31.907+0200] {processor.py:841} WARNING - No viable dags retrieved from /home/lucas/anaconda3/lib/python3.11/site-packages/airflow/example_dags/subdags/subdag.py
[2024-04-03T09:31:31.912+0200] {processor.py:179} INFO - Processing /home/lucas/anaconda3/lib/python3.11/site-packages/airflow/example_dags/subdags/subdag.py took 0.011 seconds
[2024-04-03T09:32:40.450+0200] {processor.py:157} INFO - Started process (PID=17850) to work on /home/lucas/anaconda3/lib/python3.11/site-packages/airflow/example_dags/subdags/subdag.py
[2024-04-03T09:32:40.453+0200] {processor.py:829} INFO - Processing file /home/lucas/anaconda3/lib/python3.11/site-packages/airflow/example_dags/subdags/subdag.py for tasks to queue
[2024-04-03T09:32:40.453+0200] {logging_mixin.py:154} INFO - [2024-04-03T09:32:40.453+0200] {dagbag.py:536} INFO - Filling up the DagBag from /home/lucas/anaconda3/lib/python3.11/site-packages/airflow/example_dags/subdags/subdag.py
[2024-04-03T09:32:40.455+0200] {processor.py:841} WARNING - No viable dags retrieved from /home/lucas/anaconda3/lib/python3.11/site-packages/airflow/example_dags/subdags/subdag.py
[2024-04-03T09:32:40.460+0200] {processor.py:179} INFO - Processing /home/lucas/anaconda3/lib/python3.11/site-packages/airflow/example_dags/subdags/subdag.py took 0.011 seconds
[2024-04-03T09:33:23.257+0200] {processor.py:157} INFO - Started process (PID=18144) to work on /home/lucas/anaconda3/lib/python3.11/site-packages/airflow/example_dags/subdags/subdag.py
[2024-04-03T09:33:23.260+0200] {processor.py:829} INFO - Processing file /home/lucas/anaconda3/lib/python3.11/site-packages/airflow/example_dags/subdags/subdag.py for tasks to queue
[2024-04-03T09:33:23.261+0200] {logging_mixin.py:154} INFO - [2024-04-03T09:33:23.260+0200] {dagbag.py:536} INFO - Filling up the DagBag from /home/lucas/anaconda3/lib/python3.11/site-packages/airflow/example_dags/subdags/subdag.py
[2024-04-03T09:33:23.262+0200] {processor.py:841} WARNING - No viable dags retrieved from /home/lucas/anaconda3/lib/python3.11/site-packages/airflow/example_dags/subdags/subdag.py
[2024-04-03T09:33:23.267+0200] {processor.py:179} INFO - Processing /home/lucas/anaconda3/lib/python3.11/site-packages/airflow/example_dags/subdags/subdag.py took 0.011 seconds
[2024-04-03T09:34:07.700+0200] {processor.py:157} INFO - Started process (PID=18364) to work on /home/lucas/anaconda3/lib/python3.11/site-packages/airflow/example_dags/subdags/subdag.py
[2024-04-03T09:34:07.703+0200] {processor.py:829} INFO - Processing file /home/lucas/anaconda3/lib/python3.11/site-packages/airflow/example_dags/subdags/subdag.py for tasks to queue
[2024-04-03T09:34:07.703+0200] {logging_mixin.py:154} INFO - [2024-04-03T09:34:07.703+0200] {dagbag.py:536} INFO - Filling up the DagBag from /home/lucas/anaconda3/lib/python3.11/site-packages/airflow/example_dags/subdags/subdag.py
[2024-04-03T09:34:07.704+0200] {processor.py:841} WARNING - No viable dags retrieved from /home/lucas/anaconda3/lib/python3.11/site-packages/airflow/example_dags/subdags/subdag.py
[2024-04-03T09:34:07.709+0200] {processor.py:179} INFO - Processing /home/lucas/anaconda3/lib/python3.11/site-packages/airflow/example_dags/subdags/subdag.py took 0.011 seconds
[2024-04-03T09:35:18.471+0200] {processor.py:157} INFO - Started process (PID=19055) to work on /home/lucas/anaconda3/lib/python3.11/site-packages/airflow/example_dags/subdags/subdag.py
[2024-04-03T09:35:18.474+0200] {processor.py:829} INFO - Processing file /home/lucas/anaconda3/lib/python3.11/site-packages/airflow/example_dags/subdags/subdag.py for tasks to queue
[2024-04-03T09:35:18.474+0200] {logging_mixin.py:154} INFO - [2024-04-03T09:35:18.474+0200] {dagbag.py:536} INFO - Filling up the DagBag from /home/lucas/anaconda3/lib/python3.11/site-packages/airflow/example_dags/subdags/subdag.py
[2024-04-03T09:35:18.475+0200] {processor.py:841} WARNING - No viable dags retrieved from /home/lucas/anaconda3/lib/python3.11/site-packages/airflow/example_dags/subdags/subdag.py
[2024-04-03T09:35:18.480+0200] {processor.py:179} INFO - Processing /home/lucas/anaconda3/lib/python3.11/site-packages/airflow/example_dags/subdags/subdag.py took 0.010 seconds
[2024-04-03T09:36:01.488+0200] {processor.py:157} INFO - Started process (PID=19335) to work on /home/lucas/anaconda3/lib/python3.11/site-packages/airflow/example_dags/subdags/subdag.py
[2024-04-03T09:36:01.489+0200] {processor.py:829} INFO - Processing file /home/lucas/anaconda3/lib/python3.11/site-packages/airflow/example_dags/subdags/subdag.py for tasks to queue
[2024-04-03T09:36:01.489+0200] {logging_mixin.py:154} INFO - [2024-04-03T09:36:01.489+0200] {dagbag.py:536} INFO - Filling up the DagBag from /home/lucas/anaconda3/lib/python3.11/site-packages/airflow/example_dags/subdags/subdag.py
[2024-04-03T09:36:01.490+0200] {processor.py:841} WARNING - No viable dags retrieved from /home/lucas/anaconda3/lib/python3.11/site-packages/airflow/example_dags/subdags/subdag.py
[2024-04-03T09:36:01.496+0200] {processor.py:179} INFO - Processing /home/lucas/anaconda3/lib/python3.11/site-packages/airflow/example_dags/subdags/subdag.py took 0.009 seconds
[2024-04-03T09:36:45.856+0200] {processor.py:157} INFO - Started process (PID=19448) to work on /home/lucas/anaconda3/lib/python3.11/site-packages/airflow/example_dags/subdags/subdag.py
[2024-04-03T09:36:45.859+0200] {processor.py:829} INFO - Processing file /home/lucas/anaconda3/lib/python3.11/site-packages/airflow/example_dags/subdags/subdag.py for tasks to queue
[2024-04-03T09:36:45.859+0200] {logging_mixin.py:154} INFO - [2024-04-03T09:36:45.859+0200] {dagbag.py:536} INFO - Filling up the DagBag from /home/lucas/anaconda3/lib/python3.11/site-packages/airflow/example_dags/subdags/subdag.py
[2024-04-03T09:36:45.860+0200] {processor.py:841} WARNING - No viable dags retrieved from /home/lucas/anaconda3/lib/python3.11/site-packages/airflow/example_dags/subdags/subdag.py
[2024-04-03T09:36:45.865+0200] {processor.py:179} INFO - Processing /home/lucas/anaconda3/lib/python3.11/site-packages/airflow/example_dags/subdags/subdag.py took 0.011 seconds
[2024-04-03T09:37:29.758+0200] {processor.py:157} INFO - Started process (PID=19567) to work on /home/lucas/anaconda3/lib/python3.11/site-packages/airflow/example_dags/subdags/subdag.py
[2024-04-03T09:37:29.761+0200] {processor.py:829} INFO - Processing file /home/lucas/anaconda3/lib/python3.11/site-packages/airflow/example_dags/subdags/subdag.py for tasks to queue
[2024-04-03T09:37:29.761+0200] {logging_mixin.py:154} INFO - [2024-04-03T09:37:29.761+0200] {dagbag.py:536} INFO - Filling up the DagBag from /home/lucas/anaconda3/lib/python3.11/site-packages/airflow/example_dags/subdags/subdag.py
[2024-04-03T09:37:29.762+0200] {processor.py:841} WARNING - No viable dags retrieved from /home/lucas/anaconda3/lib/python3.11/site-packages/airflow/example_dags/subdags/subdag.py
[2024-04-03T09:37:29.767+0200] {processor.py:179} INFO - Processing /home/lucas/anaconda3/lib/python3.11/site-packages/airflow/example_dags/subdags/subdag.py took 0.011 seconds
[2024-04-03T09:38:13.248+0200] {processor.py:157} INFO - Started process (PID=19702) to work on /home/lucas/anaconda3/lib/python3.11/site-packages/airflow/example_dags/subdags/subdag.py
[2024-04-03T09:38:13.251+0200] {processor.py:829} INFO - Processing file /home/lucas/anaconda3/lib/python3.11/site-packages/airflow/example_dags/subdags/subdag.py for tasks to queue
[2024-04-03T09:38:13.251+0200] {logging_mixin.py:154} INFO - [2024-04-03T09:38:13.251+0200] {dagbag.py:536} INFO - Filling up the DagBag from /home/lucas/anaconda3/lib/python3.11/site-packages/airflow/example_dags/subdags/subdag.py
[2024-04-03T09:38:13.252+0200] {processor.py:841} WARNING - No viable dags retrieved from /home/lucas/anaconda3/lib/python3.11/site-packages/airflow/example_dags/subdags/subdag.py
[2024-04-03T09:38:13.257+0200] {processor.py:179} INFO - Processing /home/lucas/anaconda3/lib/python3.11/site-packages/airflow/example_dags/subdags/subdag.py took 0.011 seconds
[2024-04-03T09:38:56.954+0200] {processor.py:157} INFO - Started process (PID=19819) to work on /home/lucas/anaconda3/lib/python3.11/site-packages/airflow/example_dags/subdags/subdag.py
[2024-04-03T09:38:56.957+0200] {processor.py:829} INFO - Processing file /home/lucas/anaconda3/lib/python3.11/site-packages/airflow/example_dags/subdags/subdag.py for tasks to queue
[2024-04-03T09:38:56.957+0200] {logging_mixin.py:154} INFO - [2024-04-03T09:38:56.957+0200] {dagbag.py:536} INFO - Filling up the DagBag from /home/lucas/anaconda3/lib/python3.11/site-packages/airflow/example_dags/subdags/subdag.py
[2024-04-03T09:38:56.958+0200] {processor.py:841} WARNING - No viable dags retrieved from /home/lucas/anaconda3/lib/python3.11/site-packages/airflow/example_dags/subdags/subdag.py
[2024-04-03T09:38:56.963+0200] {processor.py:179} INFO - Processing /home/lucas/anaconda3/lib/python3.11/site-packages/airflow/example_dags/subdags/subdag.py took 0.011 seconds
[2024-04-03T09:39:42.223+0200] {processor.py:157} INFO - Started process (PID=19878) to work on /home/lucas/anaconda3/lib/python3.11/site-packages/airflow/example_dags/subdags/subdag.py
[2024-04-03T09:39:42.226+0200] {processor.py:829} INFO - Processing file /home/lucas/anaconda3/lib/python3.11/site-packages/airflow/example_dags/subdags/subdag.py for tasks to queue
[2024-04-03T09:39:42.226+0200] {logging_mixin.py:154} INFO - [2024-04-03T09:39:42.226+0200] {dagbag.py:536} INFO - Filling up the DagBag from /home/lucas/anaconda3/lib/python3.11/site-packages/airflow/example_dags/subdags/subdag.py
[2024-04-03T09:39:42.227+0200] {processor.py:841} WARNING - No viable dags retrieved from /home/lucas/anaconda3/lib/python3.11/site-packages/airflow/example_dags/subdags/subdag.py
[2024-04-03T09:39:42.232+0200] {processor.py:179} INFO - Processing /home/lucas/anaconda3/lib/python3.11/site-packages/airflow/example_dags/subdags/subdag.py took 0.011 seconds
[2024-04-03T09:40:24.972+0200] {processor.py:157} INFO - Started process (PID=20055) to work on /home/lucas/anaconda3/lib/python3.11/site-packages/airflow/example_dags/subdags/subdag.py
[2024-04-03T09:40:24.975+0200] {processor.py:829} INFO - Processing file /home/lucas/anaconda3/lib/python3.11/site-packages/airflow/example_dags/subdags/subdag.py for tasks to queue
[2024-04-03T09:40:24.975+0200] {logging_mixin.py:154} INFO - [2024-04-03T09:40:24.975+0200] {dagbag.py:536} INFO - Filling up the DagBag from /home/lucas/anaconda3/lib/python3.11/site-packages/airflow/example_dags/subdags/subdag.py
[2024-04-03T09:40:24.977+0200] {processor.py:841} WARNING - No viable dags retrieved from /home/lucas/anaconda3/lib/python3.11/site-packages/airflow/example_dags/subdags/subdag.py
[2024-04-03T09:40:24.983+0200] {processor.py:179} INFO - Processing /home/lucas/anaconda3/lib/python3.11/site-packages/airflow/example_dags/subdags/subdag.py took 0.012 seconds
[2024-04-03T09:41:12.360+0200] {processor.py:157} INFO - Started process (PID=20174) to work on /home/lucas/anaconda3/lib/python3.11/site-packages/airflow/example_dags/subdags/subdag.py
[2024-04-03T09:41:12.363+0200] {processor.py:829} INFO - Processing file /home/lucas/anaconda3/lib/python3.11/site-packages/airflow/example_dags/subdags/subdag.py for tasks to queue
[2024-04-03T09:41:12.363+0200] {logging_mixin.py:154} INFO - [2024-04-03T09:41:12.363+0200] {dagbag.py:536} INFO - Filling up the DagBag from /home/lucas/anaconda3/lib/python3.11/site-packages/airflow/example_dags/subdags/subdag.py
[2024-04-03T09:41:12.364+0200] {processor.py:841} WARNING - No viable dags retrieved from /home/lucas/anaconda3/lib/python3.11/site-packages/airflow/example_dags/subdags/subdag.py
[2024-04-03T09:41:12.369+0200] {processor.py:179} INFO - Processing /home/lucas/anaconda3/lib/python3.11/site-packages/airflow/example_dags/subdags/subdag.py took 0.010 seconds
[2024-04-03T09:41:54.036+0200] {processor.py:157} INFO - Started process (PID=20293) to work on /home/lucas/anaconda3/lib/python3.11/site-packages/airflow/example_dags/subdags/subdag.py
[2024-04-03T09:41:54.037+0200] {processor.py:829} INFO - Processing file /home/lucas/anaconda3/lib/python3.11/site-packages/airflow/example_dags/subdags/subdag.py for tasks to queue
[2024-04-03T09:41:54.037+0200] {logging_mixin.py:154} INFO - [2024-04-03T09:41:54.037+0200] {dagbag.py:536} INFO - Filling up the DagBag from /home/lucas/anaconda3/lib/python3.11/site-packages/airflow/example_dags/subdags/subdag.py
[2024-04-03T09:41:54.038+0200] {processor.py:841} WARNING - No viable dags retrieved from /home/lucas/anaconda3/lib/python3.11/site-packages/airflow/example_dags/subdags/subdag.py
[2024-04-03T09:41:54.043+0200] {processor.py:179} INFO - Processing /home/lucas/anaconda3/lib/python3.11/site-packages/airflow/example_dags/subdags/subdag.py took 0.009 seconds
[2024-04-03T09:42:39.327+0200] {processor.py:157} INFO - Started process (PID=20444) to work on /home/lucas/anaconda3/lib/python3.11/site-packages/airflow/example_dags/subdags/subdag.py
[2024-04-03T09:42:39.330+0200] {processor.py:829} INFO - Processing file /home/lucas/anaconda3/lib/python3.11/site-packages/airflow/example_dags/subdags/subdag.py for tasks to queue
[2024-04-03T09:42:39.330+0200] {logging_mixin.py:154} INFO - [2024-04-03T09:42:39.330+0200] {dagbag.py:536} INFO - Filling up the DagBag from /home/lucas/anaconda3/lib/python3.11/site-packages/airflow/example_dags/subdags/subdag.py
[2024-04-03T09:42:39.331+0200] {processor.py:841} WARNING - No viable dags retrieved from /home/lucas/anaconda3/lib/python3.11/site-packages/airflow/example_dags/subdags/subdag.py
[2024-04-03T09:42:39.336+0200] {processor.py:179} INFO - Processing /home/lucas/anaconda3/lib/python3.11/site-packages/airflow/example_dags/subdags/subdag.py took 0.011 seconds
[2024-04-03T09:43:28.427+0200] {processor.py:157} INFO - Started process (PID=20565) to work on /home/lucas/anaconda3/lib/python3.11/site-packages/airflow/example_dags/subdags/subdag.py
[2024-04-03T09:43:28.430+0200] {processor.py:829} INFO - Processing file /home/lucas/anaconda3/lib/python3.11/site-packages/airflow/example_dags/subdags/subdag.py for tasks to queue
[2024-04-03T09:43:28.430+0200] {logging_mixin.py:154} INFO - [2024-04-03T09:43:28.430+0200] {dagbag.py:536} INFO - Filling up the DagBag from /home/lucas/anaconda3/lib/python3.11/site-packages/airflow/example_dags/subdags/subdag.py
[2024-04-03T09:43:28.431+0200] {processor.py:841} WARNING - No viable dags retrieved from /home/lucas/anaconda3/lib/python3.11/site-packages/airflow/example_dags/subdags/subdag.py
[2024-04-03T09:43:28.436+0200] {processor.py:179} INFO - Processing /home/lucas/anaconda3/lib/python3.11/site-packages/airflow/example_dags/subdags/subdag.py took 0.010 seconds
[2024-04-03T09:44:14.689+0200] {processor.py:157} INFO - Started process (PID=20865) to work on /home/lucas/anaconda3/lib/python3.11/site-packages/airflow/example_dags/subdags/subdag.py
[2024-04-03T09:44:14.703+0200] {processor.py:829} INFO - Processing file /home/lucas/anaconda3/lib/python3.11/site-packages/airflow/example_dags/subdags/subdag.py for tasks to queue
[2024-04-03T09:44:14.704+0200] {logging_mixin.py:154} INFO - [2024-04-03T09:44:14.703+0200] {dagbag.py:536} INFO - Filling up the DagBag from /home/lucas/anaconda3/lib/python3.11/site-packages/airflow/example_dags/subdags/subdag.py
[2024-04-03T09:44:14.705+0200] {processor.py:841} WARNING - No viable dags retrieved from /home/lucas/anaconda3/lib/python3.11/site-packages/airflow/example_dags/subdags/subdag.py
[2024-04-03T09:44:14.710+0200] {processor.py:179} INFO - Processing /home/lucas/anaconda3/lib/python3.11/site-packages/airflow/example_dags/subdags/subdag.py took 0.023 seconds
[2024-04-03T09:44:57.044+0200] {processor.py:157} INFO - Started process (PID=21140) to work on /home/lucas/anaconda3/lib/python3.11/site-packages/airflow/example_dags/subdags/subdag.py
[2024-04-03T09:44:57.047+0200] {processor.py:829} INFO - Processing file /home/lucas/anaconda3/lib/python3.11/site-packages/airflow/example_dags/subdags/subdag.py for tasks to queue
[2024-04-03T09:44:57.047+0200] {logging_mixin.py:154} INFO - [2024-04-03T09:44:57.047+0200] {dagbag.py:536} INFO - Filling up the DagBag from /home/lucas/anaconda3/lib/python3.11/site-packages/airflow/example_dags/subdags/subdag.py
[2024-04-03T09:44:57.048+0200] {processor.py:841} WARNING - No viable dags retrieved from /home/lucas/anaconda3/lib/python3.11/site-packages/airflow/example_dags/subdags/subdag.py
[2024-04-03T09:44:57.053+0200] {processor.py:179} INFO - Processing /home/lucas/anaconda3/lib/python3.11/site-packages/airflow/example_dags/subdags/subdag.py took 0.011 seconds
[2024-04-03T09:48:18.309+0200] {processor.py:157} INFO - Started process (PID=21927) to work on /home/lucas/anaconda3/lib/python3.11/site-packages/airflow/example_dags/subdags/subdag.py
[2024-04-03T09:48:18.309+0200] {processor.py:829} INFO - Processing file /home/lucas/anaconda3/lib/python3.11/site-packages/airflow/example_dags/subdags/subdag.py for tasks to queue
[2024-04-03T09:48:18.310+0200] {logging_mixin.py:154} INFO - [2024-04-03T09:48:18.310+0200] {dagbag.py:536} INFO - Filling up the DagBag from /home/lucas/anaconda3/lib/python3.11/site-packages/airflow/example_dags/subdags/subdag.py
[2024-04-03T09:48:18.311+0200] {processor.py:841} WARNING - No viable dags retrieved from /home/lucas/anaconda3/lib/python3.11/site-packages/airflow/example_dags/subdags/subdag.py
[2024-04-03T09:48:18.316+0200] {processor.py:179} INFO - Processing /home/lucas/anaconda3/lib/python3.11/site-packages/airflow/example_dags/subdags/subdag.py took 0.009 seconds
[2024-04-03T09:49:01.332+0200] {processor.py:157} INFO - Started process (PID=22159) to work on /home/lucas/anaconda3/lib/python3.11/site-packages/airflow/example_dags/subdags/subdag.py
[2024-04-03T09:49:01.335+0200] {processor.py:829} INFO - Processing file /home/lucas/anaconda3/lib/python3.11/site-packages/airflow/example_dags/subdags/subdag.py for tasks to queue
[2024-04-03T09:49:01.335+0200] {logging_mixin.py:154} INFO - [2024-04-03T09:49:01.335+0200] {dagbag.py:536} INFO - Filling up the DagBag from /home/lucas/anaconda3/lib/python3.11/site-packages/airflow/example_dags/subdags/subdag.py
[2024-04-03T09:49:01.336+0200] {processor.py:841} WARNING - No viable dags retrieved from /home/lucas/anaconda3/lib/python3.11/site-packages/airflow/example_dags/subdags/subdag.py
[2024-04-03T09:49:01.341+0200] {processor.py:179} INFO - Processing /home/lucas/anaconda3/lib/python3.11/site-packages/airflow/example_dags/subdags/subdag.py took 0.010 seconds
[2024-04-03T09:49:45.628+0200] {processor.py:157} INFO - Started process (PID=22353) to work on /home/lucas/anaconda3/lib/python3.11/site-packages/airflow/example_dags/subdags/subdag.py
[2024-04-03T09:49:45.630+0200] {processor.py:829} INFO - Processing file /home/lucas/anaconda3/lib/python3.11/site-packages/airflow/example_dags/subdags/subdag.py for tasks to queue
[2024-04-03T09:49:45.631+0200] {logging_mixin.py:154} INFO - [2024-04-03T09:49:45.631+0200] {dagbag.py:536} INFO - Filling up the DagBag from /home/lucas/anaconda3/lib/python3.11/site-packages/airflow/example_dags/subdags/subdag.py
[2024-04-03T09:49:45.632+0200] {processor.py:841} WARNING - No viable dags retrieved from /home/lucas/anaconda3/lib/python3.11/site-packages/airflow/example_dags/subdags/subdag.py
[2024-04-03T09:49:45.637+0200] {processor.py:179} INFO - Processing /home/lucas/anaconda3/lib/python3.11/site-packages/airflow/example_dags/subdags/subdag.py took 0.011 seconds
[2024-04-03T09:50:29.541+0200] {processor.py:157} INFO - Started process (PID=22562) to work on /home/lucas/anaconda3/lib/python3.11/site-packages/airflow/example_dags/subdags/subdag.py
[2024-04-03T09:50:29.544+0200] {processor.py:829} INFO - Processing file /home/lucas/anaconda3/lib/python3.11/site-packages/airflow/example_dags/subdags/subdag.py for tasks to queue
[2024-04-03T09:50:29.544+0200] {logging_mixin.py:154} INFO - [2024-04-03T09:50:29.544+0200] {dagbag.py:536} INFO - Filling up the DagBag from /home/lucas/anaconda3/lib/python3.11/site-packages/airflow/example_dags/subdags/subdag.py
[2024-04-03T09:50:29.545+0200] {processor.py:841} WARNING - No viable dags retrieved from /home/lucas/anaconda3/lib/python3.11/site-packages/airflow/example_dags/subdags/subdag.py
[2024-04-03T09:50:29.550+0200] {processor.py:179} INFO - Processing /home/lucas/anaconda3/lib/python3.11/site-packages/airflow/example_dags/subdags/subdag.py took 0.011 seconds
[2024-04-03T09:51:15.113+0200] {processor.py:157} INFO - Started process (PID=22932) to work on /home/lucas/anaconda3/lib/python3.11/site-packages/airflow/example_dags/subdags/subdag.py
[2024-04-03T09:51:15.116+0200] {processor.py:829} INFO - Processing file /home/lucas/anaconda3/lib/python3.11/site-packages/airflow/example_dags/subdags/subdag.py for tasks to queue
[2024-04-03T09:51:15.117+0200] {logging_mixin.py:154} INFO - [2024-04-03T09:51:15.116+0200] {dagbag.py:536} INFO - Filling up the DagBag from /home/lucas/anaconda3/lib/python3.11/site-packages/airflow/example_dags/subdags/subdag.py
[2024-04-03T09:51:15.118+0200] {processor.py:841} WARNING - No viable dags retrieved from /home/lucas/anaconda3/lib/python3.11/site-packages/airflow/example_dags/subdags/subdag.py
[2024-04-03T09:51:15.123+0200] {processor.py:179} INFO - Processing /home/lucas/anaconda3/lib/python3.11/site-packages/airflow/example_dags/subdags/subdag.py took 0.011 seconds
[2024-04-03T09:54:16.113+0200] {processor.py:157} INFO - Started process (PID=23787) to work on /home/lucas/anaconda3/lib/python3.11/site-packages/airflow/example_dags/subdags/subdag.py
[2024-04-03T09:54:16.116+0200] {processor.py:829} INFO - Processing file /home/lucas/anaconda3/lib/python3.11/site-packages/airflow/example_dags/subdags/subdag.py for tasks to queue
[2024-04-03T09:54:16.117+0200] {logging_mixin.py:154} INFO - [2024-04-03T09:54:16.116+0200] {dagbag.py:536} INFO - Filling up the DagBag from /home/lucas/anaconda3/lib/python3.11/site-packages/airflow/example_dags/subdags/subdag.py
[2024-04-03T09:54:16.117+0200] {processor.py:841} WARNING - No viable dags retrieved from /home/lucas/anaconda3/lib/python3.11/site-packages/airflow/example_dags/subdags/subdag.py
[2024-04-03T09:54:16.122+0200] {processor.py:179} INFO - Processing /home/lucas/anaconda3/lib/python3.11/site-packages/airflow/example_dags/subdags/subdag.py took 0.011 seconds
[2024-04-03T09:54:58.092+0200] {processor.py:157} INFO - Started process (PID=23916) to work on /home/lucas/anaconda3/lib/python3.11/site-packages/airflow/example_dags/subdags/subdag.py
[2024-04-03T09:54:58.095+0200] {processor.py:829} INFO - Processing file /home/lucas/anaconda3/lib/python3.11/site-packages/airflow/example_dags/subdags/subdag.py for tasks to queue
[2024-04-03T09:54:58.096+0200] {logging_mixin.py:154} INFO - [2024-04-03T09:54:58.095+0200] {dagbag.py:536} INFO - Filling up the DagBag from /home/lucas/anaconda3/lib/python3.11/site-packages/airflow/example_dags/subdags/subdag.py
[2024-04-03T09:54:58.097+0200] {processor.py:841} WARNING - No viable dags retrieved from /home/lucas/anaconda3/lib/python3.11/site-packages/airflow/example_dags/subdags/subdag.py
[2024-04-03T09:54:58.103+0200] {processor.py:179} INFO - Processing /home/lucas/anaconda3/lib/python3.11/site-packages/airflow/example_dags/subdags/subdag.py took 0.014 seconds
[2024-04-03T09:59:59.101+0200] {processor.py:157} INFO - Started process (PID=93026) to work on /home/lucas/anaconda3/lib/python3.11/site-packages/airflow/example_dags/subdags/subdag.py
[2024-04-03T09:59:59.104+0200] {processor.py:829} INFO - Processing file /home/lucas/anaconda3/lib/python3.11/site-packages/airflow/example_dags/subdags/subdag.py for tasks to queue
[2024-04-03T09:59:59.104+0200] {logging_mixin.py:154} INFO - [2024-04-03T09:59:59.104+0200] {dagbag.py:536} INFO - Filling up the DagBag from /home/lucas/anaconda3/lib/python3.11/site-packages/airflow/example_dags/subdags/subdag.py
[2024-04-03T09:59:59.105+0200] {processor.py:841} WARNING - No viable dags retrieved from /home/lucas/anaconda3/lib/python3.11/site-packages/airflow/example_dags/subdags/subdag.py
[2024-04-03T09:59:59.110+0200] {processor.py:179} INFO - Processing /home/lucas/anaconda3/lib/python3.11/site-packages/airflow/example_dags/subdags/subdag.py took 0.011 seconds
[2024-04-03T10:01:39.679+0200] {processor.py:157} INFO - Started process (PID=93786) to work on /home/lucas/anaconda3/lib/python3.11/site-packages/airflow/example_dags/subdags/subdag.py
[2024-04-03T10:01:39.682+0200] {processor.py:829} INFO - Processing file /home/lucas/anaconda3/lib/python3.11/site-packages/airflow/example_dags/subdags/subdag.py for tasks to queue
[2024-04-03T10:01:39.682+0200] {logging_mixin.py:154} INFO - [2024-04-03T10:01:39.682+0200] {dagbag.py:536} INFO - Filling up the DagBag from /home/lucas/anaconda3/lib/python3.11/site-packages/airflow/example_dags/subdags/subdag.py
[2024-04-03T10:01:39.683+0200] {processor.py:841} WARNING - No viable dags retrieved from /home/lucas/anaconda3/lib/python3.11/site-packages/airflow/example_dags/subdags/subdag.py
[2024-04-03T10:01:39.688+0200] {processor.py:179} INFO - Processing /home/lucas/anaconda3/lib/python3.11/site-packages/airflow/example_dags/subdags/subdag.py took 0.010 seconds
[2024-04-03T10:02:24.744+0200] {processor.py:157} INFO - Started process (PID=93951) to work on /home/lucas/anaconda3/lib/python3.11/site-packages/airflow/example_dags/subdags/subdag.py
[2024-04-03T10:02:24.747+0200] {processor.py:829} INFO - Processing file /home/lucas/anaconda3/lib/python3.11/site-packages/airflow/example_dags/subdags/subdag.py for tasks to queue
[2024-04-03T10:02:24.748+0200] {logging_mixin.py:154} INFO - [2024-04-03T10:02:24.747+0200] {dagbag.py:536} INFO - Filling up the DagBag from /home/lucas/anaconda3/lib/python3.11/site-packages/airflow/example_dags/subdags/subdag.py
[2024-04-03T10:02:24.749+0200] {processor.py:841} WARNING - No viable dags retrieved from /home/lucas/anaconda3/lib/python3.11/site-packages/airflow/example_dags/subdags/subdag.py
[2024-04-03T10:02:24.754+0200] {processor.py:179} INFO - Processing /home/lucas/anaconda3/lib/python3.11/site-packages/airflow/example_dags/subdags/subdag.py took 0.011 seconds
[2024-04-03T10:03:13.901+0200] {processor.py:157} INFO - Started process (PID=94199) to work on /home/lucas/anaconda3/lib/python3.11/site-packages/airflow/example_dags/subdags/subdag.py
[2024-04-03T10:03:13.904+0200] {processor.py:829} INFO - Processing file /home/lucas/anaconda3/lib/python3.11/site-packages/airflow/example_dags/subdags/subdag.py for tasks to queue
[2024-04-03T10:03:13.904+0200] {logging_mixin.py:154} INFO - [2024-04-03T10:03:13.904+0200] {dagbag.py:536} INFO - Filling up the DagBag from /home/lucas/anaconda3/lib/python3.11/site-packages/airflow/example_dags/subdags/subdag.py
[2024-04-03T10:03:13.905+0200] {processor.py:841} WARNING - No viable dags retrieved from /home/lucas/anaconda3/lib/python3.11/site-packages/airflow/example_dags/subdags/subdag.py
[2024-04-03T10:03:13.910+0200] {processor.py:179} INFO - Processing /home/lucas/anaconda3/lib/python3.11/site-packages/airflow/example_dags/subdags/subdag.py took 0.011 seconds
[2024-04-03T10:04:07.649+0200] {processor.py:157} INFO - Started process (PID=94540) to work on /home/lucas/anaconda3/lib/python3.11/site-packages/airflow/example_dags/subdags/subdag.py
[2024-04-03T10:04:07.652+0200] {processor.py:829} INFO - Processing file /home/lucas/anaconda3/lib/python3.11/site-packages/airflow/example_dags/subdags/subdag.py for tasks to queue
[2024-04-03T10:04:07.652+0200] {logging_mixin.py:154} INFO - [2024-04-03T10:04:07.652+0200] {dagbag.py:536} INFO - Filling up the DagBag from /home/lucas/anaconda3/lib/python3.11/site-packages/airflow/example_dags/subdags/subdag.py
[2024-04-03T10:04:07.653+0200] {processor.py:841} WARNING - No viable dags retrieved from /home/lucas/anaconda3/lib/python3.11/site-packages/airflow/example_dags/subdags/subdag.py
[2024-04-03T10:04:07.659+0200] {processor.py:179} INFO - Processing /home/lucas/anaconda3/lib/python3.11/site-packages/airflow/example_dags/subdags/subdag.py took 0.011 seconds
[2024-04-03T10:04:53.875+0200] {processor.py:157} INFO - Started process (PID=95048) to work on /home/lucas/anaconda3/lib/python3.11/site-packages/airflow/example_dags/subdags/subdag.py
[2024-04-03T10:04:53.878+0200] {processor.py:829} INFO - Processing file /home/lucas/anaconda3/lib/python3.11/site-packages/airflow/example_dags/subdags/subdag.py for tasks to queue
[2024-04-03T10:04:53.879+0200] {logging_mixin.py:154} INFO - [2024-04-03T10:04:53.878+0200] {dagbag.py:536} INFO - Filling up the DagBag from /home/lucas/anaconda3/lib/python3.11/site-packages/airflow/example_dags/subdags/subdag.py
[2024-04-03T10:04:53.880+0200] {processor.py:841} WARNING - No viable dags retrieved from /home/lucas/anaconda3/lib/python3.11/site-packages/airflow/example_dags/subdags/subdag.py
[2024-04-03T10:04:53.885+0200] {processor.py:179} INFO - Processing /home/lucas/anaconda3/lib/python3.11/site-packages/airflow/example_dags/subdags/subdag.py took 0.011 seconds
[2024-04-03T10:05:41.143+0200] {processor.py:157} INFO - Started process (PID=95507) to work on /home/lucas/anaconda3/lib/python3.11/site-packages/airflow/example_dags/subdags/subdag.py
[2024-04-03T10:05:41.146+0200] {processor.py:829} INFO - Processing file /home/lucas/anaconda3/lib/python3.11/site-packages/airflow/example_dags/subdags/subdag.py for tasks to queue
[2024-04-03T10:05:41.147+0200] {logging_mixin.py:154} INFO - [2024-04-03T10:05:41.146+0200] {dagbag.py:536} INFO - Filling up the DagBag from /home/lucas/anaconda3/lib/python3.11/site-packages/airflow/example_dags/subdags/subdag.py
[2024-04-03T10:05:41.148+0200] {processor.py:841} WARNING - No viable dags retrieved from /home/lucas/anaconda3/lib/python3.11/site-packages/airflow/example_dags/subdags/subdag.py
[2024-04-03T10:05:41.152+0200] {processor.py:179} INFO - Processing /home/lucas/anaconda3/lib/python3.11/site-packages/airflow/example_dags/subdags/subdag.py took 0.010 seconds
[2024-04-03T10:06:26.077+0200] {processor.py:157} INFO - Started process (PID=96001) to work on /home/lucas/anaconda3/lib/python3.11/site-packages/airflow/example_dags/subdags/subdag.py
[2024-04-03T10:06:26.079+0200] {processor.py:829} INFO - Processing file /home/lucas/anaconda3/lib/python3.11/site-packages/airflow/example_dags/subdags/subdag.py for tasks to queue
[2024-04-03T10:06:26.080+0200] {logging_mixin.py:154} INFO - [2024-04-03T10:06:26.080+0200] {dagbag.py:536} INFO - Filling up the DagBag from /home/lucas/anaconda3/lib/python3.11/site-packages/airflow/example_dags/subdags/subdag.py
[2024-04-03T10:06:26.081+0200] {processor.py:841} WARNING - No viable dags retrieved from /home/lucas/anaconda3/lib/python3.11/site-packages/airflow/example_dags/subdags/subdag.py
[2024-04-03T10:06:26.086+0200] {processor.py:179} INFO - Processing /home/lucas/anaconda3/lib/python3.11/site-packages/airflow/example_dags/subdags/subdag.py took 0.011 seconds
[2024-04-03T10:07:10.960+0200] {processor.py:157} INFO - Started process (PID=96594) to work on /home/lucas/anaconda3/lib/python3.11/site-packages/airflow/example_dags/subdags/subdag.py
[2024-04-03T10:07:10.963+0200] {processor.py:829} INFO - Processing file /home/lucas/anaconda3/lib/python3.11/site-packages/airflow/example_dags/subdags/subdag.py for tasks to queue
[2024-04-03T10:07:10.963+0200] {logging_mixin.py:154} INFO - [2024-04-03T10:07:10.963+0200] {dagbag.py:536} INFO - Filling up the DagBag from /home/lucas/anaconda3/lib/python3.11/site-packages/airflow/example_dags/subdags/subdag.py
[2024-04-03T10:07:10.964+0200] {processor.py:841} WARNING - No viable dags retrieved from /home/lucas/anaconda3/lib/python3.11/site-packages/airflow/example_dags/subdags/subdag.py
[2024-04-03T10:07:10.969+0200] {processor.py:179} INFO - Processing /home/lucas/anaconda3/lib/python3.11/site-packages/airflow/example_dags/subdags/subdag.py took 0.011 seconds
[2024-04-03T10:08:32.360+0200] {processor.py:157} INFO - Started process (PID=97409) to work on /home/lucas/anaconda3/lib/python3.11/site-packages/airflow/example_dags/subdags/subdag.py
[2024-04-03T10:08:32.363+0200] {processor.py:829} INFO - Processing file /home/lucas/anaconda3/lib/python3.11/site-packages/airflow/example_dags/subdags/subdag.py for tasks to queue
[2024-04-03T10:08:32.364+0200] {logging_mixin.py:154} INFO - [2024-04-03T10:08:32.364+0200] {dagbag.py:536} INFO - Filling up the DagBag from /home/lucas/anaconda3/lib/python3.11/site-packages/airflow/example_dags/subdags/subdag.py
[2024-04-03T10:08:32.365+0200] {processor.py:841} WARNING - No viable dags retrieved from /home/lucas/anaconda3/lib/python3.11/site-packages/airflow/example_dags/subdags/subdag.py
[2024-04-03T10:08:32.370+0200] {processor.py:179} INFO - Processing /home/lucas/anaconda3/lib/python3.11/site-packages/airflow/example_dags/subdags/subdag.py took 0.011 seconds
[2024-04-03T10:09:18.664+0200] {processor.py:157} INFO - Started process (PID=97728) to work on /home/lucas/anaconda3/lib/python3.11/site-packages/airflow/example_dags/subdags/subdag.py
[2024-04-03T10:09:18.667+0200] {processor.py:829} INFO - Processing file /home/lucas/anaconda3/lib/python3.11/site-packages/airflow/example_dags/subdags/subdag.py for tasks to queue
[2024-04-03T10:09:18.668+0200] {logging_mixin.py:154} INFO - [2024-04-03T10:09:18.667+0200] {dagbag.py:536} INFO - Filling up the DagBag from /home/lucas/anaconda3/lib/python3.11/site-packages/airflow/example_dags/subdags/subdag.py
[2024-04-03T10:09:18.669+0200] {processor.py:841} WARNING - No viable dags retrieved from /home/lucas/anaconda3/lib/python3.11/site-packages/airflow/example_dags/subdags/subdag.py
[2024-04-03T10:09:18.674+0200] {processor.py:179} INFO - Processing /home/lucas/anaconda3/lib/python3.11/site-packages/airflow/example_dags/subdags/subdag.py took 0.011 seconds
[2024-04-03T10:10:40.640+0200] {processor.py:157} INFO - Started process (PID=98344) to work on /home/lucas/anaconda3/lib/python3.11/site-packages/airflow/example_dags/subdags/subdag.py
[2024-04-03T10:10:40.643+0200] {processor.py:829} INFO - Processing file /home/lucas/anaconda3/lib/python3.11/site-packages/airflow/example_dags/subdags/subdag.py for tasks to queue
[2024-04-03T10:10:40.643+0200] {logging_mixin.py:154} INFO - [2024-04-03T10:10:40.643+0200] {dagbag.py:536} INFO - Filling up the DagBag from /home/lucas/anaconda3/lib/python3.11/site-packages/airflow/example_dags/subdags/subdag.py
[2024-04-03T10:10:40.644+0200] {processor.py:841} WARNING - No viable dags retrieved from /home/lucas/anaconda3/lib/python3.11/site-packages/airflow/example_dags/subdags/subdag.py
[2024-04-03T10:10:40.649+0200] {processor.py:179} INFO - Processing /home/lucas/anaconda3/lib/python3.11/site-packages/airflow/example_dags/subdags/subdag.py took 0.010 seconds
[2024-04-03T10:11:27.953+0200] {processor.py:157} INFO - Started process (PID=98531) to work on /home/lucas/anaconda3/lib/python3.11/site-packages/airflow/example_dags/subdags/subdag.py
[2024-04-03T10:11:27.956+0200] {processor.py:829} INFO - Processing file /home/lucas/anaconda3/lib/python3.11/site-packages/airflow/example_dags/subdags/subdag.py for tasks to queue
[2024-04-03T10:11:27.956+0200] {logging_mixin.py:154} INFO - [2024-04-03T10:11:27.956+0200] {dagbag.py:536} INFO - Filling up the DagBag from /home/lucas/anaconda3/lib/python3.11/site-packages/airflow/example_dags/subdags/subdag.py
[2024-04-03T10:11:27.957+0200] {processor.py:841} WARNING - No viable dags retrieved from /home/lucas/anaconda3/lib/python3.11/site-packages/airflow/example_dags/subdags/subdag.py
[2024-04-03T10:11:27.962+0200] {processor.py:179} INFO - Processing /home/lucas/anaconda3/lib/python3.11/site-packages/airflow/example_dags/subdags/subdag.py took 0.011 seconds
[2024-04-03T10:12:18.952+0200] {processor.py:157} INFO - Started process (PID=98724) to work on /home/lucas/anaconda3/lib/python3.11/site-packages/airflow/example_dags/subdags/subdag.py
[2024-04-03T10:12:18.955+0200] {processor.py:829} INFO - Processing file /home/lucas/anaconda3/lib/python3.11/site-packages/airflow/example_dags/subdags/subdag.py for tasks to queue
[2024-04-03T10:12:18.955+0200] {logging_mixin.py:154} INFO - [2024-04-03T10:12:18.955+0200] {dagbag.py:536} INFO - Filling up the DagBag from /home/lucas/anaconda3/lib/python3.11/site-packages/airflow/example_dags/subdags/subdag.py
[2024-04-03T10:12:18.957+0200] {processor.py:841} WARNING - No viable dags retrieved from /home/lucas/anaconda3/lib/python3.11/site-packages/airflow/example_dags/subdags/subdag.py
[2024-04-03T10:12:18.963+0200] {processor.py:179} INFO - Processing /home/lucas/anaconda3/lib/python3.11/site-packages/airflow/example_dags/subdags/subdag.py took 0.013 seconds
[2024-04-03T10:13:11.814+0200] {processor.py:157} INFO - Started process (PID=98880) to work on /home/lucas/anaconda3/lib/python3.11/site-packages/airflow/example_dags/subdags/subdag.py
[2024-04-03T10:13:11.817+0200] {processor.py:829} INFO - Processing file /home/lucas/anaconda3/lib/python3.11/site-packages/airflow/example_dags/subdags/subdag.py for tasks to queue
[2024-04-03T10:13:11.817+0200] {logging_mixin.py:154} INFO - [2024-04-03T10:13:11.817+0200] {dagbag.py:536} INFO - Filling up the DagBag from /home/lucas/anaconda3/lib/python3.11/site-packages/airflow/example_dags/subdags/subdag.py
[2024-04-03T10:13:11.818+0200] {processor.py:841} WARNING - No viable dags retrieved from /home/lucas/anaconda3/lib/python3.11/site-packages/airflow/example_dags/subdags/subdag.py
[2024-04-03T10:13:11.823+0200] {processor.py:179} INFO - Processing /home/lucas/anaconda3/lib/python3.11/site-packages/airflow/example_dags/subdags/subdag.py took 0.011 seconds
[2024-04-03T10:13:58.304+0200] {processor.py:157} INFO - Started process (PID=99053) to work on /home/lucas/anaconda3/lib/python3.11/site-packages/airflow/example_dags/subdags/subdag.py
[2024-04-03T10:13:58.307+0200] {processor.py:829} INFO - Processing file /home/lucas/anaconda3/lib/python3.11/site-packages/airflow/example_dags/subdags/subdag.py for tasks to queue
[2024-04-03T10:13:58.307+0200] {logging_mixin.py:154} INFO - [2024-04-03T10:13:58.307+0200] {dagbag.py:536} INFO - Filling up the DagBag from /home/lucas/anaconda3/lib/python3.11/site-packages/airflow/example_dags/subdags/subdag.py
[2024-04-03T10:13:58.308+0200] {processor.py:841} WARNING - No viable dags retrieved from /home/lucas/anaconda3/lib/python3.11/site-packages/airflow/example_dags/subdags/subdag.py
[2024-04-03T10:13:58.313+0200] {processor.py:179} INFO - Processing /home/lucas/anaconda3/lib/python3.11/site-packages/airflow/example_dags/subdags/subdag.py took 0.011 seconds
