[2024-04-03T09:32:11.705+0200] {processor.py:157} INFO - Started process (PID=17473) to work on /home/lucas/Data Science/Project NBA/dags/dag_airflow.py
[2024-04-03T09:32:11.705+0200] {processor.py:829} INFO - Processing file /home/lucas/Data Science/Project NBA/dags/dag_airflow.py for tasks to queue
[2024-04-03T09:32:11.706+0200] {logging_mixin.py:154} INFO - [2024-04-03T09:32:11.705+0200] {dagbag.py:536} INFO - Filling up the DagBag from /home/lucas/Data Science/Project NBA/dags/dag_airflow.py
[2024-04-03T09:32:11.709+0200] {logging_mixin.py:154} INFO - [2024-04-03T09:32:11.707+0200] {dagbag.py:346} ERROR - Failed to import: /home/lucas/Data Science/Project NBA/dags/dag_airflow.py
Traceback (most recent call last):
  File "/home/lucas/anaconda3/lib/python3.11/site-packages/airflow/models/dagbag.py", line 342, in parse
    loader.exec_module(new_module)
  File "<frozen importlib._bootstrap_external>", line 940, in exec_module
  File "<frozen importlib._bootstrap>", line 241, in _call_with_frames_removed
  File "/home/lucas/Data Science/Project NBA/dags/dag_airflow.py", line 5, in <module>
    with DAG(
         ^^^^
  File "/home/lucas/anaconda3/lib/python3.11/site-packages/airflow/models/dag.py", line 493, in __init__
    validate_key(dag_id)
  File "/home/lucas/anaconda3/lib/python3.11/site-packages/airflow/utils/helpers.py", line 57, in validate_key
    raise AirflowException(
airflow.exceptions.AirflowException: The key 'Daily actualization' has to be made of alphanumeric characters, dashes, dots and underscores exclusively
[2024-04-03T09:32:11.710+0200] {processor.py:841} WARNING - No viable dags retrieved from /home/lucas/Data Science/Project NBA/dags/dag_airflow.py
[2024-04-03T09:32:11.722+0200] {processor.py:179} INFO - Processing /home/lucas/Data Science/Project NBA/dags/dag_airflow.py took 0.019 seconds
[2024-04-03T09:32:56.967+0200] {processor.py:157} INFO - Started process (PID=17904) to work on /home/lucas/Data Science/Project NBA/dags/dag_airflow.py
[2024-04-03T09:32:56.968+0200] {processor.py:829} INFO - Processing file /home/lucas/Data Science/Project NBA/dags/dag_airflow.py for tasks to queue
[2024-04-03T09:32:56.969+0200] {logging_mixin.py:154} INFO - [2024-04-03T09:32:56.969+0200] {dagbag.py:536} INFO - Filling up the DagBag from /home/lucas/Data Science/Project NBA/dags/dag_airflow.py
[2024-04-03T09:32:56.971+0200] {logging_mixin.py:154} INFO - [2024-04-03T09:32:56.970+0200] {dagbag.py:346} ERROR - Failed to import: /home/lucas/Data Science/Project NBA/dags/dag_airflow.py
Traceback (most recent call last):
  File "/home/lucas/anaconda3/lib/python3.11/site-packages/airflow/models/dagbag.py", line 342, in parse
    loader.exec_module(new_module)
  File "<frozen importlib._bootstrap_external>", line 940, in exec_module
  File "<frozen importlib._bootstrap>", line 241, in _call_with_frames_removed
  File "/home/lucas/Data Science/Project NBA/dags/dag_airflow.py", line 5, in <module>
    with DAG(
         ^^^^
  File "/home/lucas/anaconda3/lib/python3.11/site-packages/airflow/models/dag.py", line 493, in __init__
    validate_key(dag_id)
  File "/home/lucas/anaconda3/lib/python3.11/site-packages/airflow/utils/helpers.py", line 57, in validate_key
    raise AirflowException(
airflow.exceptions.AirflowException: The key 'Daily actualization' has to be made of alphanumeric characters, dashes, dots and underscores exclusively
[2024-04-03T09:32:56.971+0200] {processor.py:841} WARNING - No viable dags retrieved from /home/lucas/Data Science/Project NBA/dags/dag_airflow.py
[2024-04-03T09:32:56.983+0200] {processor.py:179} INFO - Processing /home/lucas/Data Science/Project NBA/dags/dag_airflow.py took 0.017 seconds
[2024-04-03T09:33:39.793+0200] {processor.py:157} INFO - Started process (PID=18182) to work on /home/lucas/Data Science/Project NBA/dags/dag_airflow.py
[2024-04-03T09:33:39.796+0200] {processor.py:829} INFO - Processing file /home/lucas/Data Science/Project NBA/dags/dag_airflow.py for tasks to queue
[2024-04-03T09:33:39.796+0200] {logging_mixin.py:154} INFO - [2024-04-03T09:33:39.796+0200] {dagbag.py:536} INFO - Filling up the DagBag from /home/lucas/Data Science/Project NBA/dags/dag_airflow.py
[2024-04-03T09:33:39.798+0200] {logging_mixin.py:154} INFO - [2024-04-03T09:33:39.797+0200] {dagbag.py:346} ERROR - Failed to import: /home/lucas/Data Science/Project NBA/dags/dag_airflow.py
Traceback (most recent call last):
  File "/home/lucas/anaconda3/lib/python3.11/site-packages/airflow/models/dagbag.py", line 342, in parse
    loader.exec_module(new_module)
  File "<frozen importlib._bootstrap_external>", line 940, in exec_module
  File "<frozen importlib._bootstrap>", line 241, in _call_with_frames_removed
  File "/home/lucas/Data Science/Project NBA/dags/dag_airflow.py", line 5, in <module>
    with DAG(
         ^^^^
  File "/home/lucas/anaconda3/lib/python3.11/site-packages/airflow/models/dag.py", line 493, in __init__
    validate_key(dag_id)
  File "/home/lucas/anaconda3/lib/python3.11/site-packages/airflow/utils/helpers.py", line 57, in validate_key
    raise AirflowException(
airflow.exceptions.AirflowException: The key 'Daily actualization' has to be made of alphanumeric characters, dashes, dots and underscores exclusively
[2024-04-03T09:33:39.798+0200] {processor.py:841} WARNING - No viable dags retrieved from /home/lucas/Data Science/Project NBA/dags/dag_airflow.py
[2024-04-03T09:33:39.810+0200] {processor.py:179} INFO - Processing /home/lucas/Data Science/Project NBA/dags/dag_airflow.py took 0.018 seconds
[2024-04-03T09:34:22.076+0200] {processor.py:157} INFO - Started process (PID=18531) to work on /home/lucas/Data Science/Project NBA/dags/dag_airflow.py
[2024-04-03T09:34:22.079+0200] {processor.py:829} INFO - Processing file /home/lucas/Data Science/Project NBA/dags/dag_airflow.py for tasks to queue
[2024-04-03T09:34:22.080+0200] {logging_mixin.py:154} INFO - [2024-04-03T09:34:22.079+0200] {dagbag.py:536} INFO - Filling up the DagBag from /home/lucas/Data Science/Project NBA/dags/dag_airflow.py
[2024-04-03T09:34:22.083+0200] {processor.py:839} INFO - DAG(s) dict_keys(['daily_actualization']) retrieved from /home/lucas/Data Science/Project NBA/dags/dag_airflow.py
[2024-04-03T09:34:22.132+0200] {logging_mixin.py:154} INFO - [2024-04-03T09:34:22.132+0200] {manager.py:499} INFO - Created Permission View: %s
[2024-04-03T09:34:22.139+0200] {logging_mixin.py:154} INFO - [2024-04-03T09:34:22.139+0200] {manager.py:499} INFO - Created Permission View: %s
[2024-04-03T09:34:22.145+0200] {logging_mixin.py:154} INFO - [2024-04-03T09:34:22.145+0200] {manager.py:499} INFO - Created Permission View: %s
[2024-04-03T09:34:22.145+0200] {logging_mixin.py:154} INFO - [2024-04-03T09:34:22.145+0200] {dag.py:2941} INFO - Sync 1 DAGs
[2024-04-03T09:34:22.149+0200] {logging_mixin.py:154} INFO - [2024-04-03T09:34:22.149+0200] {dag.py:2963} INFO - Creating ORM DAG for daily_actualization
[2024-04-03T09:34:22.154+0200] {logging_mixin.py:154} INFO - [2024-04-03T09:34:22.154+0200] {dag.py:3722} INFO - Setting next_dagrun for daily_actualization to 2024-04-03T08:00:00+00:00, run_after=2024-04-04T08:00:00+00:00
[2024-04-03T09:34:22.167+0200] {processor.py:179} INFO - Processing /home/lucas/Data Science/Project NBA/dags/dag_airflow.py took 0.092 seconds
[2024-04-03T10:01:12.047+0200] {processor.py:157} INFO - Started process (PID=93343) to work on /home/lucas/Data Science/Project NBA/dags/dag_airflow.py
[2024-04-03T10:01:12.048+0200] {processor.py:829} INFO - Processing file /home/lucas/Data Science/Project NBA/dags/dag_airflow.py for tasks to queue
[2024-04-03T10:01:12.049+0200] {logging_mixin.py:154} INFO - [2024-04-03T10:01:12.049+0200] {dagbag.py:536} INFO - Filling up the DagBag from /home/lucas/Data Science/Project NBA/dags/dag_airflow.py
[2024-04-03T10:01:12.055+0200] {processor.py:839} INFO - DAG(s) dict_keys(['daily_actualization']) retrieved from /home/lucas/Data Science/Project NBA/dags/dag_airflow.py
[2024-04-03T10:01:12.105+0200] {logging_mixin.py:154} INFO - [2024-04-03T10:01:12.105+0200] {dag.py:2941} INFO - Sync 1 DAGs
[2024-04-03T10:01:12.117+0200] {logging_mixin.py:154} INFO - [2024-04-03T10:01:12.117+0200] {dag.py:3722} INFO - Setting next_dagrun for daily_actualization to 2024-04-03T08:00:00+00:00, run_after=2024-04-04T08:00:00+00:00
[2024-04-03T10:01:12.130+0200] {processor.py:179} INFO - Processing /home/lucas/Data Science/Project NBA/dags/dag_airflow.py took 0.084 seconds
[2024-04-03T10:01:57.268+0200] {processor.py:157} INFO - Started process (PID=93838) to work on /home/lucas/Data Science/Project NBA/dags/dag_airflow.py
[2024-04-03T10:01:57.271+0200] {processor.py:829} INFO - Processing file /home/lucas/Data Science/Project NBA/dags/dag_airflow.py for tasks to queue
[2024-04-03T10:01:57.272+0200] {logging_mixin.py:154} INFO - [2024-04-03T10:01:57.271+0200] {dagbag.py:536} INFO - Filling up the DagBag from /home/lucas/Data Science/Project NBA/dags/dag_airflow.py
[2024-04-03T10:01:57.276+0200] {processor.py:839} INFO - DAG(s) dict_keys(['daily_actualization']) retrieved from /home/lucas/Data Science/Project NBA/dags/dag_airflow.py
[2024-04-03T10:01:57.283+0200] {logging_mixin.py:154} INFO - [2024-04-03T10:01:57.283+0200] {dag.py:2941} INFO - Sync 1 DAGs
[2024-04-03T10:01:57.293+0200] {logging_mixin.py:154} INFO - [2024-04-03T10:01:57.293+0200] {dag.py:3722} INFO - Setting next_dagrun for daily_actualization to 2024-04-03T08:00:00+00:00, run_after=2024-04-04T08:00:00+00:00
[2024-04-03T10:01:57.305+0200] {processor.py:179} INFO - Processing /home/lucas/Data Science/Project NBA/dags/dag_airflow.py took 0.038 seconds
[2024-04-03T10:02:28.651+0200] {processor.py:157} INFO - Started process (PID=93965) to work on /home/lucas/Data Science/Project NBA/dags/dag_airflow.py
[2024-04-03T10:02:28.654+0200] {processor.py:829} INFO - Processing file /home/lucas/Data Science/Project NBA/dags/dag_airflow.py for tasks to queue
[2024-04-03T10:02:28.654+0200] {logging_mixin.py:154} INFO - [2024-04-03T10:02:28.654+0200] {dagbag.py:536} INFO - Filling up the DagBag from /home/lucas/Data Science/Project NBA/dags/dag_airflow.py
[2024-04-03T10:02:28.658+0200] {processor.py:839} INFO - DAG(s) dict_keys(['daily_actualization']) retrieved from /home/lucas/Data Science/Project NBA/dags/dag_airflow.py
[2024-04-03T10:02:28.666+0200] {logging_mixin.py:154} INFO - [2024-04-03T10:02:28.666+0200] {dag.py:2941} INFO - Sync 1 DAGs
[2024-04-03T10:02:28.676+0200] {logging_mixin.py:154} INFO - [2024-04-03T10:02:28.676+0200] {dag.py:3722} INFO - Setting next_dagrun for daily_actualization to 2024-04-03T08:00:00+00:00, run_after=2024-04-04T08:00:00+00:00
[2024-04-03T10:02:28.688+0200] {processor.py:179} INFO - Processing /home/lucas/Data Science/Project NBA/dags/dag_airflow.py took 0.039 seconds
[2024-04-03T10:03:03.181+0200] {processor.py:157} INFO - Started process (PID=94126) to work on /home/lucas/Data Science/Project NBA/dags/dag_airflow.py
[2024-04-03T10:03:03.184+0200] {processor.py:829} INFO - Processing file /home/lucas/Data Science/Project NBA/dags/dag_airflow.py for tasks to queue
[2024-04-03T10:03:03.184+0200] {logging_mixin.py:154} INFO - [2024-04-03T10:03:03.184+0200] {dagbag.py:536} INFO - Filling up the DagBag from /home/lucas/Data Science/Project NBA/dags/dag_airflow.py
[2024-04-03T10:03:03.187+0200] {processor.py:839} INFO - DAG(s) dict_keys(['daily_actualization']) retrieved from /home/lucas/Data Science/Project NBA/dags/dag_airflow.py
[2024-04-03T10:03:03.195+0200] {logging_mixin.py:154} INFO - [2024-04-03T10:03:03.195+0200] {dag.py:2941} INFO - Sync 1 DAGs
[2024-04-03T10:03:03.289+0200] {logging_mixin.py:154} INFO - [2024-04-03T10:03:03.289+0200] {dag.py:3722} INFO - Setting next_dagrun for daily_actualization to 2024-04-03T08:00:00+00:00, run_after=2024-04-04T08:00:00+00:00
[2024-04-03T10:03:03.303+0200] {processor.py:179} INFO - Processing /home/lucas/Data Science/Project NBA/dags/dag_airflow.py took 0.123 seconds
[2024-04-03T10:03:40.237+0200] {processor.py:157} INFO - Started process (PID=94390) to work on /home/lucas/Data Science/Project NBA/dags/dag_airflow.py
[2024-04-03T10:03:40.240+0200] {processor.py:829} INFO - Processing file /home/lucas/Data Science/Project NBA/dags/dag_airflow.py for tasks to queue
[2024-04-03T10:03:40.241+0200] {logging_mixin.py:154} INFO - [2024-04-03T10:03:40.240+0200] {dagbag.py:536} INFO - Filling up the DagBag from /home/lucas/Data Science/Project NBA/dags/dag_airflow.py
[2024-04-03T10:03:40.244+0200] {processor.py:839} INFO - DAG(s) dict_keys(['daily_actualization']) retrieved from /home/lucas/Data Science/Project NBA/dags/dag_airflow.py
[2024-04-03T10:03:40.346+0200] {logging_mixin.py:154} INFO - [2024-04-03T10:03:40.345+0200] {dag.py:2941} INFO - Sync 1 DAGs
[2024-04-03T10:03:40.355+0200] {logging_mixin.py:154} INFO - [2024-04-03T10:03:40.355+0200] {dag.py:3722} INFO - Setting next_dagrun for daily_actualization to 2024-04-03T08:00:00+00:00, run_after=2024-04-04T08:00:00+00:00
[2024-04-03T10:03:40.367+0200] {processor.py:179} INFO - Processing /home/lucas/Data Science/Project NBA/dags/dag_airflow.py took 0.132 seconds
[2024-04-03T10:04:13.909+0200] {processor.py:157} INFO - Started process (PID=94582) to work on /home/lucas/Data Science/Project NBA/dags/dag_airflow.py
[2024-04-03T10:04:13.912+0200] {processor.py:829} INFO - Processing file /home/lucas/Data Science/Project NBA/dags/dag_airflow.py for tasks to queue
[2024-04-03T10:04:13.913+0200] {logging_mixin.py:154} INFO - [2024-04-03T10:04:13.912+0200] {dagbag.py:536} INFO - Filling up the DagBag from /home/lucas/Data Science/Project NBA/dags/dag_airflow.py
[2024-04-03T10:04:13.916+0200] {processor.py:839} INFO - DAG(s) dict_keys(['daily_actualization']) retrieved from /home/lucas/Data Science/Project NBA/dags/dag_airflow.py
[2024-04-03T10:04:13.924+0200] {logging_mixin.py:154} INFO - [2024-04-03T10:04:13.924+0200] {dag.py:2941} INFO - Sync 1 DAGs
[2024-04-03T10:04:13.933+0200] {logging_mixin.py:154} INFO - [2024-04-03T10:04:13.933+0200] {dag.py:3722} INFO - Setting next_dagrun for daily_actualization to 2024-04-03T08:00:00+00:00, run_after=2024-04-04T08:00:00+00:00
[2024-04-03T10:04:13.945+0200] {processor.py:179} INFO - Processing /home/lucas/Data Science/Project NBA/dags/dag_airflow.py took 0.037 seconds
[2024-04-03T10:04:44.740+0200] {processor.py:157} INFO - Started process (PID=94907) to work on /home/lucas/Data Science/Project NBA/dags/dag_airflow.py
[2024-04-03T10:04:44.743+0200] {processor.py:829} INFO - Processing file /home/lucas/Data Science/Project NBA/dags/dag_airflow.py for tasks to queue
[2024-04-03T10:04:44.743+0200] {logging_mixin.py:154} INFO - [2024-04-03T10:04:44.743+0200] {dagbag.py:536} INFO - Filling up the DagBag from /home/lucas/Data Science/Project NBA/dags/dag_airflow.py
[2024-04-03T10:04:44.747+0200] {processor.py:839} INFO - DAG(s) dict_keys(['daily_actualization']) retrieved from /home/lucas/Data Science/Project NBA/dags/dag_airflow.py
[2024-04-03T10:04:44.755+0200] {logging_mixin.py:154} INFO - [2024-04-03T10:04:44.755+0200] {dag.py:2941} INFO - Sync 1 DAGs
[2024-04-03T10:04:44.765+0200] {logging_mixin.py:154} INFO - [2024-04-03T10:04:44.765+0200] {dag.py:3722} INFO - Setting next_dagrun for daily_actualization to 2024-04-03T08:00:00+00:00, run_after=2024-04-04T08:00:00+00:00
[2024-04-03T10:04:44.776+0200] {processor.py:179} INFO - Processing /home/lucas/Data Science/Project NBA/dags/dag_airflow.py took 0.037 seconds
[2024-04-03T10:05:16.376+0200] {processor.py:157} INFO - Started process (PID=95223) to work on /home/lucas/Data Science/Project NBA/dags/dag_airflow.py
[2024-04-03T10:05:16.377+0200] {processor.py:829} INFO - Processing file /home/lucas/Data Science/Project NBA/dags/dag_airflow.py for tasks to queue
[2024-04-03T10:05:16.377+0200] {logging_mixin.py:154} INFO - [2024-04-03T10:05:16.377+0200] {dagbag.py:536} INFO - Filling up the DagBag from /home/lucas/Data Science/Project NBA/dags/dag_airflow.py
[2024-04-03T10:05:16.381+0200] {processor.py:839} INFO - DAG(s) dict_keys(['daily_actualization']) retrieved from /home/lucas/Data Science/Project NBA/dags/dag_airflow.py
[2024-04-03T10:05:16.389+0200] {logging_mixin.py:154} INFO - [2024-04-03T10:05:16.389+0200] {dag.py:2941} INFO - Sync 1 DAGs
[2024-04-03T10:05:16.398+0200] {logging_mixin.py:154} INFO - [2024-04-03T10:05:16.398+0200] {dag.py:3722} INFO - Setting next_dagrun for daily_actualization to 2024-04-03T08:00:00+00:00, run_after=2024-04-04T08:00:00+00:00
[2024-04-03T10:05:16.409+0200] {processor.py:179} INFO - Processing /home/lucas/Data Science/Project NBA/dags/dag_airflow.py took 0.034 seconds
[2024-04-03T10:05:47.890+0200] {processor.py:157} INFO - Started process (PID=95563) to work on /home/lucas/Data Science/Project NBA/dags/dag_airflow.py
[2024-04-03T10:05:47.892+0200] {processor.py:829} INFO - Processing file /home/lucas/Data Science/Project NBA/dags/dag_airflow.py for tasks to queue
[2024-04-03T10:05:47.893+0200] {logging_mixin.py:154} INFO - [2024-04-03T10:05:47.893+0200] {dagbag.py:536} INFO - Filling up the DagBag from /home/lucas/Data Science/Project NBA/dags/dag_airflow.py
[2024-04-03T10:05:47.896+0200] {processor.py:839} INFO - DAG(s) dict_keys(['daily_actualization']) retrieved from /home/lucas/Data Science/Project NBA/dags/dag_airflow.py
[2024-04-03T10:05:47.904+0200] {logging_mixin.py:154} INFO - [2024-04-03T10:05:47.904+0200] {dag.py:2941} INFO - Sync 1 DAGs
[2024-04-03T10:05:47.914+0200] {logging_mixin.py:154} INFO - [2024-04-03T10:05:47.914+0200] {dag.py:3722} INFO - Setting next_dagrun for daily_actualization to 2024-04-03T08:00:00+00:00, run_after=2024-04-04T08:00:00+00:00
[2024-04-03T10:05:47.925+0200] {processor.py:179} INFO - Processing /home/lucas/Data Science/Project NBA/dags/dag_airflow.py took 0.037 seconds
[2024-04-03T10:06:18.209+0200] {processor.py:157} INFO - Started process (PID=95896) to work on /home/lucas/Data Science/Project NBA/dags/dag_airflow.py
[2024-04-03T10:06:18.210+0200] {processor.py:829} INFO - Processing file /home/lucas/Data Science/Project NBA/dags/dag_airflow.py for tasks to queue
[2024-04-03T10:06:18.210+0200] {logging_mixin.py:154} INFO - [2024-04-03T10:06:18.210+0200] {dagbag.py:536} INFO - Filling up the DagBag from /home/lucas/Data Science/Project NBA/dags/dag_airflow.py
[2024-04-03T10:06:18.215+0200] {processor.py:839} INFO - DAG(s) dict_keys(['daily_actualization']) retrieved from /home/lucas/Data Science/Project NBA/dags/dag_airflow.py
[2024-04-03T10:06:18.223+0200] {logging_mixin.py:154} INFO - [2024-04-03T10:06:18.223+0200] {dag.py:2941} INFO - Sync 1 DAGs
[2024-04-03T10:06:18.235+0200] {logging_mixin.py:154} INFO - [2024-04-03T10:06:18.235+0200] {dag.py:3722} INFO - Setting next_dagrun for daily_actualization to 2024-04-03T08:00:00+00:00, run_after=2024-04-04T08:00:00+00:00
[2024-04-03T10:06:18.246+0200] {processor.py:179} INFO - Processing /home/lucas/Data Science/Project NBA/dags/dag_airflow.py took 0.040 seconds
[2024-04-03T10:06:44.329+0200] {processor.py:157} INFO - Started process (PID=96190) to work on /home/lucas/Data Science/Project NBA/dags/dag_airflow.py
[2024-04-03T10:06:44.330+0200] {processor.py:829} INFO - Processing file /home/lucas/Data Science/Project NBA/dags/dag_airflow.py for tasks to queue
[2024-04-03T10:06:44.331+0200] {logging_mixin.py:154} INFO - [2024-04-03T10:06:44.330+0200] {dagbag.py:536} INFO - Filling up the DagBag from /home/lucas/Data Science/Project NBA/dags/dag_airflow.py
[2024-04-03T10:06:44.336+0200] {processor.py:839} INFO - DAG(s) dict_keys(['daily_actualization']) retrieved from /home/lucas/Data Science/Project NBA/dags/dag_airflow.py
[2024-04-03T10:06:44.392+0200] {logging_mixin.py:154} INFO - [2024-04-03T10:06:44.391+0200] {dag.py:2941} INFO - Sync 1 DAGs
[2024-04-03T10:06:44.402+0200] {logging_mixin.py:154} INFO - [2024-04-03T10:06:44.402+0200] {dag.py:3722} INFO - Setting next_dagrun for daily_actualization to 2024-04-03T08:00:00+00:00, run_after=2024-04-04T08:00:00+00:00
[2024-04-03T10:06:44.415+0200] {processor.py:179} INFO - Processing /home/lucas/Data Science/Project NBA/dags/dag_airflow.py took 0.087 seconds
[2024-04-03T10:07:29.549+0200] {processor.py:157} INFO - Started process (PID=96693) to work on /home/lucas/Data Science/Project NBA/dags/dag_airflow.py
[2024-04-03T10:07:29.552+0200] {processor.py:829} INFO - Processing file /home/lucas/Data Science/Project NBA/dags/dag_airflow.py for tasks to queue
[2024-04-03T10:07:29.552+0200] {logging_mixin.py:154} INFO - [2024-04-03T10:07:29.552+0200] {dagbag.py:536} INFO - Filling up the DagBag from /home/lucas/Data Science/Project NBA/dags/dag_airflow.py
[2024-04-03T10:07:29.556+0200] {processor.py:839} INFO - DAG(s) dict_keys(['daily_actualization']) retrieved from /home/lucas/Data Science/Project NBA/dags/dag_airflow.py
[2024-04-03T10:07:29.563+0200] {logging_mixin.py:154} INFO - [2024-04-03T10:07:29.563+0200] {dag.py:2941} INFO - Sync 1 DAGs
[2024-04-03T10:07:29.573+0200] {logging_mixin.py:154} INFO - [2024-04-03T10:07:29.573+0200] {dag.py:3722} INFO - Setting next_dagrun for daily_actualization to 2024-04-03T08:00:00+00:00, run_after=2024-04-04T08:00:00+00:00
[2024-04-03T10:07:29.584+0200] {processor.py:179} INFO - Processing /home/lucas/Data Science/Project NBA/dags/dag_airflow.py took 0.037 seconds
[2024-04-03T10:07:45.751+0200] {processor.py:157} INFO - Started process (PID=96865) to work on /home/lucas/Data Science/Project NBA/dags/dag_airflow.py
[2024-04-03T10:07:45.753+0200] {processor.py:829} INFO - Processing file /home/lucas/Data Science/Project NBA/dags/dag_airflow.py for tasks to queue
[2024-04-03T10:07:45.754+0200] {logging_mixin.py:154} INFO - [2024-04-03T10:07:45.754+0200] {dagbag.py:536} INFO - Filling up the DagBag from /home/lucas/Data Science/Project NBA/dags/dag_airflow.py
[2024-04-03T10:07:45.758+0200] {processor.py:839} INFO - DAG(s) dict_keys(['daily_actualization']) retrieved from /home/lucas/Data Science/Project NBA/dags/dag_airflow.py
[2024-04-03T10:07:45.894+0200] {logging_mixin.py:154} INFO - [2024-04-03T10:07:45.894+0200] {dag.py:2941} INFO - Sync 1 DAGs
[2024-04-03T10:07:45.902+0200] {logging_mixin.py:154} INFO - [2024-04-03T10:07:45.902+0200] {dag.py:3722} INFO - Setting next_dagrun for daily_actualization to 2024-04-03T08:00:00+00:00, run_after=2024-04-04T08:00:00+00:00
[2024-04-03T10:07:45.917+0200] {processor.py:179} INFO - Processing /home/lucas/Data Science/Project NBA/dags/dag_airflow.py took 0.168 seconds
[2024-04-03T10:08:03.411+0200] {processor.py:157} INFO - Started process (PID=97034) to work on /home/lucas/Data Science/Project NBA/dags/dag_airflow.py
[2024-04-03T10:08:03.412+0200] {processor.py:829} INFO - Processing file /home/lucas/Data Science/Project NBA/dags/dag_airflow.py for tasks to queue
[2024-04-03T10:08:03.413+0200] {logging_mixin.py:154} INFO - [2024-04-03T10:08:03.412+0200] {dagbag.py:536} INFO - Filling up the DagBag from /home/lucas/Data Science/Project NBA/dags/dag_airflow.py
[2024-04-03T10:08:03.418+0200] {processor.py:839} INFO - DAG(s) dict_keys(['daily_actualization']) retrieved from /home/lucas/Data Science/Project NBA/dags/dag_airflow.py
[2024-04-03T10:08:03.474+0200] {logging_mixin.py:154} INFO - [2024-04-03T10:08:03.474+0200] {dag.py:2941} INFO - Sync 1 DAGs
[2024-04-03T10:08:03.484+0200] {logging_mixin.py:154} INFO - [2024-04-03T10:08:03.484+0200] {dag.py:3722} INFO - Setting next_dagrun for daily_actualization to 2024-04-03T08:00:00+00:00, run_after=2024-04-04T08:00:00+00:00
[2024-04-03T10:08:03.497+0200] {processor.py:179} INFO - Processing /home/lucas/Data Science/Project NBA/dags/dag_airflow.py took 0.087 seconds
[2024-04-03T10:08:49.063+0200] {processor.py:157} INFO - Started process (PID=97617) to work on /home/lucas/Data Science/Project NBA/dags/dag_airflow.py
[2024-04-03T10:08:49.066+0200] {processor.py:829} INFO - Processing file /home/lucas/Data Science/Project NBA/dags/dag_airflow.py for tasks to queue
[2024-04-03T10:08:49.067+0200] {logging_mixin.py:154} INFO - [2024-04-03T10:08:49.066+0200] {dagbag.py:536} INFO - Filling up the DagBag from /home/lucas/Data Science/Project NBA/dags/dag_airflow.py
[2024-04-03T10:08:49.071+0200] {processor.py:839} INFO - DAG(s) dict_keys(['daily_actualization']) retrieved from /home/lucas/Data Science/Project NBA/dags/dag_airflow.py
[2024-04-03T10:08:49.078+0200] {logging_mixin.py:154} INFO - [2024-04-03T10:08:49.078+0200] {dag.py:2941} INFO - Sync 1 DAGs
[2024-04-03T10:08:49.087+0200] {logging_mixin.py:154} INFO - [2024-04-03T10:08:49.087+0200] {dag.py:3722} INFO - Setting next_dagrun for daily_actualization to 2024-04-03T08:00:00+00:00, run_after=2024-04-04T08:00:00+00:00
[2024-04-03T10:08:49.098+0200] {processor.py:179} INFO - Processing /home/lucas/Data Science/Project NBA/dags/dag_airflow.py took 0.036 seconds
[2024-04-03T10:09:22.872+0200] {processor.py:157} INFO - Started process (PID=97747) to work on /home/lucas/Data Science/Project NBA/dags/dag_airflow.py
[2024-04-03T10:09:22.875+0200] {processor.py:829} INFO - Processing file /home/lucas/Data Science/Project NBA/dags/dag_airflow.py for tasks to queue
[2024-04-03T10:09:22.876+0200] {logging_mixin.py:154} INFO - [2024-04-03T10:09:22.875+0200] {dagbag.py:536} INFO - Filling up the DagBag from /home/lucas/Data Science/Project NBA/dags/dag_airflow.py
[2024-04-03T10:09:22.879+0200] {processor.py:839} INFO - DAG(s) dict_keys(['daily_actualization']) retrieved from /home/lucas/Data Science/Project NBA/dags/dag_airflow.py
[2024-04-03T10:09:22.886+0200] {logging_mixin.py:154} INFO - [2024-04-03T10:09:22.886+0200] {dag.py:2941} INFO - Sync 1 DAGs
[2024-04-03T10:09:22.896+0200] {logging_mixin.py:154} INFO - [2024-04-03T10:09:22.896+0200] {dag.py:3722} INFO - Setting next_dagrun for daily_actualization to 2024-04-03T08:00:00+00:00, run_after=2024-04-04T08:00:00+00:00
[2024-04-03T10:09:22.909+0200] {processor.py:179} INFO - Processing /home/lucas/Data Science/Project NBA/dags/dag_airflow.py took 0.038 seconds
[2024-04-03T10:09:40.958+0200] {processor.py:157} INFO - Started process (PID=97795) to work on /home/lucas/Data Science/Project NBA/dags/dag_airflow.py
[2024-04-03T10:09:40.961+0200] {processor.py:829} INFO - Processing file /home/lucas/Data Science/Project NBA/dags/dag_airflow.py for tasks to queue
[2024-04-03T10:09:40.961+0200] {logging_mixin.py:154} INFO - [2024-04-03T10:09:40.961+0200] {dagbag.py:536} INFO - Filling up the DagBag from /home/lucas/Data Science/Project NBA/dags/dag_airflow.py
[2024-04-03T10:09:40.965+0200] {processor.py:839} INFO - DAG(s) dict_keys(['daily_actualization']) retrieved from /home/lucas/Data Science/Project NBA/dags/dag_airflow.py
[2024-04-03T10:09:41.094+0200] {logging_mixin.py:154} INFO - [2024-04-03T10:09:41.094+0200] {dag.py:2941} INFO - Sync 1 DAGs
[2024-04-03T10:09:41.103+0200] {logging_mixin.py:154} INFO - [2024-04-03T10:09:41.103+0200] {dag.py:3722} INFO - Setting next_dagrun for daily_actualization to 2024-04-03T08:00:00+00:00, run_after=2024-04-04T08:00:00+00:00
[2024-04-03T10:09:41.117+0200] {processor.py:179} INFO - Processing /home/lucas/Data Science/Project NBA/dags/dag_airflow.py took 0.160 seconds
[2024-04-03T10:10:00.143+0200] {processor.py:157} INFO - Started process (PID=97859) to work on /home/lucas/Data Science/Project NBA/dags/dag_airflow.py
[2024-04-03T10:10:00.146+0200] {processor.py:829} INFO - Processing file /home/lucas/Data Science/Project NBA/dags/dag_airflow.py for tasks to queue
[2024-04-03T10:10:00.147+0200] {logging_mixin.py:154} INFO - [2024-04-03T10:10:00.147+0200] {dagbag.py:536} INFO - Filling up the DagBag from /home/lucas/Data Science/Project NBA/dags/dag_airflow.py
[2024-04-03T10:10:00.153+0200] {processor.py:839} INFO - DAG(s) dict_keys(['daily_actualization']) retrieved from /home/lucas/Data Science/Project NBA/dags/dag_airflow.py
[2024-04-03T10:10:00.158+0200] {logging_mixin.py:154} INFO - [2024-04-03T10:10:00.158+0200] {dag.py:2941} INFO - Sync 1 DAGs
[2024-04-03T10:10:00.170+0200] {logging_mixin.py:154} INFO - [2024-04-03T10:10:00.170+0200] {dag.py:3722} INFO - Setting next_dagrun for daily_actualization to 2024-04-03T08:00:00+00:00, run_after=2024-04-04T08:00:00+00:00
[2024-04-03T10:10:00.273+0200] {processor.py:179} INFO - Processing /home/lucas/Data Science/Project NBA/dags/dag_airflow.py took 0.131 seconds
[2024-04-03T10:10:12.883+0200] {processor.py:157} INFO - Started process (PID=97998) to work on /home/lucas/Data Science/Project NBA/dags/dag_airflow.py
[2024-04-03T10:10:12.884+0200] {processor.py:829} INFO - Processing file /home/lucas/Data Science/Project NBA/dags/dag_airflow.py for tasks to queue
[2024-04-03T10:10:12.885+0200] {logging_mixin.py:154} INFO - [2024-04-03T10:10:12.885+0200] {dagbag.py:536} INFO - Filling up the DagBag from /home/lucas/Data Science/Project NBA/dags/dag_airflow.py
[2024-04-03T10:10:12.891+0200] {processor.py:839} INFO - DAG(s) dict_keys(['daily_actualization']) retrieved from /home/lucas/Data Science/Project NBA/dags/dag_airflow.py
[2024-04-03T10:10:12.945+0200] {logging_mixin.py:154} INFO - [2024-04-03T10:10:12.944+0200] {dag.py:2941} INFO - Sync 1 DAGs
[2024-04-03T10:10:12.954+0200] {logging_mixin.py:154} INFO - [2024-04-03T10:10:12.954+0200] {dag.py:3722} INFO - Setting next_dagrun for daily_actualization to 2024-04-03T08:00:00+00:00, run_after=2024-04-04T08:00:00+00:00
[2024-04-03T10:10:12.968+0200] {processor.py:179} INFO - Processing /home/lucas/Data Science/Project NBA/dags/dag_airflow.py took 0.086 seconds
[2024-04-03T10:10:58.912+0200] {processor.py:157} INFO - Started process (PID=98382) to work on /home/lucas/Data Science/Project NBA/dags/dag_airflow.py
[2024-04-03T10:10:58.915+0200] {processor.py:829} INFO - Processing file /home/lucas/Data Science/Project NBA/dags/dag_airflow.py for tasks to queue
[2024-04-03T10:10:58.915+0200] {logging_mixin.py:154} INFO - [2024-04-03T10:10:58.915+0200] {dagbag.py:536} INFO - Filling up the DagBag from /home/lucas/Data Science/Project NBA/dags/dag_airflow.py
[2024-04-03T10:10:58.919+0200] {processor.py:839} INFO - DAG(s) dict_keys(['daily_actualization']) retrieved from /home/lucas/Data Science/Project NBA/dags/dag_airflow.py
[2024-04-03T10:10:58.926+0200] {logging_mixin.py:154} INFO - [2024-04-03T10:10:58.926+0200] {dag.py:2941} INFO - Sync 1 DAGs
[2024-04-03T10:10:58.936+0200] {logging_mixin.py:154} INFO - [2024-04-03T10:10:58.936+0200] {dag.py:3722} INFO - Setting next_dagrun for daily_actualization to 2024-04-03T08:00:00+00:00, run_after=2024-04-04T08:00:00+00:00
[2024-04-03T10:10:58.947+0200] {processor.py:179} INFO - Processing /home/lucas/Data Science/Project NBA/dags/dag_airflow.py took 0.037 seconds
[2024-04-03T10:11:33.286+0200] {processor.py:157} INFO - Started process (PID=98552) to work on /home/lucas/Data Science/Project NBA/dags/dag_airflow.py
[2024-04-03T10:11:33.289+0200] {processor.py:829} INFO - Processing file /home/lucas/Data Science/Project NBA/dags/dag_airflow.py for tasks to queue
[2024-04-03T10:11:33.289+0200] {logging_mixin.py:154} INFO - [2024-04-03T10:11:33.289+0200] {dagbag.py:536} INFO - Filling up the DagBag from /home/lucas/Data Science/Project NBA/dags/dag_airflow.py
[2024-04-03T10:11:33.293+0200] {processor.py:839} INFO - DAG(s) dict_keys(['daily_actualization']) retrieved from /home/lucas/Data Science/Project NBA/dags/dag_airflow.py
[2024-04-03T10:11:33.302+0200] {logging_mixin.py:154} INFO - [2024-04-03T10:11:33.302+0200] {dag.py:2941} INFO - Sync 1 DAGs
[2024-04-03T10:11:33.312+0200] {logging_mixin.py:154} INFO - [2024-04-03T10:11:33.312+0200] {dag.py:3722} INFO - Setting next_dagrun for daily_actualization to 2024-04-03T08:00:00+00:00, run_after=2024-04-04T08:00:00+00:00
[2024-04-03T10:11:33.324+0200] {processor.py:179} INFO - Processing /home/lucas/Data Science/Project NBA/dags/dag_airflow.py took 0.040 seconds
[2024-04-03T10:12:08.485+0200] {processor.py:157} INFO - Started process (PID=98639) to work on /home/lucas/Data Science/Project NBA/dags/dag_airflow.py
[2024-04-03T10:12:08.488+0200] {processor.py:829} INFO - Processing file /home/lucas/Data Science/Project NBA/dags/dag_airflow.py for tasks to queue
[2024-04-03T10:12:08.488+0200] {logging_mixin.py:154} INFO - [2024-04-03T10:12:08.488+0200] {dagbag.py:536} INFO - Filling up the DagBag from /home/lucas/Data Science/Project NBA/dags/dag_airflow.py
[2024-04-03T10:12:08.492+0200] {processor.py:839} INFO - DAG(s) dict_keys(['daily_actualization']) retrieved from /home/lucas/Data Science/Project NBA/dags/dag_airflow.py
[2024-04-03T10:12:08.499+0200] {logging_mixin.py:154} INFO - [2024-04-03T10:12:08.499+0200] {dag.py:2941} INFO - Sync 1 DAGs
[2024-04-03T10:12:08.588+0200] {logging_mixin.py:154} INFO - [2024-04-03T10:12:08.587+0200] {dag.py:3722} INFO - Setting next_dagrun for daily_actualization to 2024-04-03T08:00:00+00:00, run_after=2024-04-04T08:00:00+00:00
[2024-04-03T10:12:08.601+0200] {processor.py:179} INFO - Processing /home/lucas/Data Science/Project NBA/dags/dag_airflow.py took 0.117 seconds
[2024-04-03T10:12:44.530+0200] {processor.py:157} INFO - Started process (PID=98829) to work on /home/lucas/Data Science/Project NBA/dags/dag_airflow.py
[2024-04-03T10:12:44.533+0200] {processor.py:829} INFO - Processing file /home/lucas/Data Science/Project NBA/dags/dag_airflow.py for tasks to queue
[2024-04-03T10:12:44.533+0200] {logging_mixin.py:154} INFO - [2024-04-03T10:12:44.533+0200] {dagbag.py:536} INFO - Filling up the DagBag from /home/lucas/Data Science/Project NBA/dags/dag_airflow.py
[2024-04-03T10:12:44.537+0200] {processor.py:839} INFO - DAG(s) dict_keys(['daily_actualization']) retrieved from /home/lucas/Data Science/Project NBA/dags/dag_airflow.py
[2024-04-03T10:12:44.625+0200] {logging_mixin.py:154} INFO - [2024-04-03T10:12:44.625+0200] {dag.py:2941} INFO - Sync 1 DAGs
[2024-04-03T10:12:44.634+0200] {logging_mixin.py:154} INFO - [2024-04-03T10:12:44.633+0200] {dag.py:3722} INFO - Setting next_dagrun for daily_actualization to 2024-04-03T08:00:00+00:00, run_after=2024-04-04T08:00:00+00:00
[2024-04-03T10:12:44.646+0200] {processor.py:179} INFO - Processing /home/lucas/Data Science/Project NBA/dags/dag_airflow.py took 0.118 seconds
[2024-04-03T10:13:16.670+0200] {processor.py:157} INFO - Started process (PID=98966) to work on /home/lucas/Data Science/Project NBA/dags/dag_airflow.py
[2024-04-03T10:13:16.673+0200] {processor.py:829} INFO - Processing file /home/lucas/Data Science/Project NBA/dags/dag_airflow.py for tasks to queue
[2024-04-03T10:13:16.673+0200] {logging_mixin.py:154} INFO - [2024-04-03T10:13:16.673+0200] {dagbag.py:536} INFO - Filling up the DagBag from /home/lucas/Data Science/Project NBA/dags/dag_airflow.py
[2024-04-03T10:13:16.677+0200] {processor.py:839} INFO - DAG(s) dict_keys(['daily_actualization']) retrieved from /home/lucas/Data Science/Project NBA/dags/dag_airflow.py
[2024-04-03T10:13:16.685+0200] {logging_mixin.py:154} INFO - [2024-04-03T10:13:16.685+0200] {dag.py:2941} INFO - Sync 1 DAGs
[2024-04-03T10:13:16.694+0200] {logging_mixin.py:154} INFO - [2024-04-03T10:13:16.694+0200] {dag.py:3722} INFO - Setting next_dagrun for daily_actualization to 2024-04-03T08:00:00+00:00, run_after=2024-04-04T08:00:00+00:00
[2024-04-03T10:13:16.706+0200] {processor.py:179} INFO - Processing /home/lucas/Data Science/Project NBA/dags/dag_airflow.py took 0.037 seconds
[2024-04-03T10:13:48.175+0200] {processor.py:157} INFO - Started process (PID=99029) to work on /home/lucas/Data Science/Project NBA/dags/dag_airflow.py
[2024-04-03T10:13:48.178+0200] {processor.py:829} INFO - Processing file /home/lucas/Data Science/Project NBA/dags/dag_airflow.py for tasks to queue
[2024-04-03T10:13:48.178+0200] {logging_mixin.py:154} INFO - [2024-04-03T10:13:48.178+0200] {dagbag.py:536} INFO - Filling up the DagBag from /home/lucas/Data Science/Project NBA/dags/dag_airflow.py
[2024-04-03T10:13:48.182+0200] {processor.py:839} INFO - DAG(s) dict_keys(['daily_actualization']) retrieved from /home/lucas/Data Science/Project NBA/dags/dag_airflow.py
[2024-04-03T10:13:48.190+0200] {logging_mixin.py:154} INFO - [2024-04-03T10:13:48.189+0200] {dag.py:2941} INFO - Sync 1 DAGs
[2024-04-03T10:13:48.199+0200] {logging_mixin.py:154} INFO - [2024-04-03T10:13:48.199+0200] {dag.py:3722} INFO - Setting next_dagrun for daily_actualization to 2024-04-03T08:00:00+00:00, run_after=2024-04-04T08:00:00+00:00
[2024-04-03T10:13:48.210+0200] {processor.py:179} INFO - Processing /home/lucas/Data Science/Project NBA/dags/dag_airflow.py took 0.036 seconds
