[2024-04-03T09:13:49.935+0200] {manager.py:487} INFO - Processing files using up to 1 processes at a time 
[2024-04-03T09:13:49.936+0200] {manager.py:488} INFO - Process each file at most once every 30 seconds
[2024-04-03T09:13:49.936+0200] {manager.py:489} INFO - Checking for new files in /home/lucas/Data Science/Project NBA/dags every 300 seconds
[2024-04-03T09:13:49.936+0200] {manager.py:755} INFO - Searching for files in /home/lucas/Data Science/Project NBA/dags
[2024-04-03T09:13:49.942+0200] {manager.py:758} INFO - There are 46 files in /home/lucas/Data Science/Project NBA/dags
[2024-04-03T09:13:50.285+0200] {manager.py:887} INFO - 
================================================================================
DAG File Processing Stats

File Path                                                                                                                           PID    Runtime      # DAGs    # Errors  Last Runtime    Last Run
----------------------------------------------------------------------------------------------------------------------------------  -----  ---------  --------  ----------  --------------  -------------------
/home/lucas/anaconda3/lib/python3.11/site-packages/airflow/example_dags/example_task_group.py                                                                0           0
/home/lucas/anaconda3/lib/python3.11/site-packages/airflow/example_dags/example_branch_python_dop_operator_3.py                                              0           0
/home/lucas/anaconda3/lib/python3.11/site-packages/airflow/example_dags/example_dynamic_task_mapping.py                                                      0           0
/home/lucas/anaconda3/lib/python3.11/site-packages/airflow/example_dags/example_local_kubernetes_executor.py                                                 0           0
/home/lucas/anaconda3/lib/python3.11/site-packages/airflow/example_dags/example_bash_operator.py                                                             0           0
/home/lucas/anaconda3/lib/python3.11/site-packages/airflow/example_dags/example_params_ui_tutorial.py                                                        0           0
/home/lucas/anaconda3/lib/python3.11/site-packages/airflow/example_dags/example_sensor_decorator.py                                                          0           0
/home/lucas/anaconda3/lib/python3.11/site-packages/airflow/example_dags/example_trigger_target_dag.py                                                        0           0
/home/lucas/anaconda3/lib/python3.11/site-packages/airflow/example_dags/example_sensors.py                                                                   0           0
/home/lucas/anaconda3/lib/python3.11/site-packages/airflow/example_dags/example_branch_datetime_operator.py                                                  0           0
/home/lucas/anaconda3/lib/python3.11/site-packages/airflow/example_dags/example_latest_only_with_trigger.py                                                  0           0
/home/lucas/anaconda3/lib/python3.11/site-packages/airflow/example_dags/example_xcomargs.py                                                                  0           0
/home/lucas/anaconda3/lib/python3.11/site-packages/airflow/example_dags/example_branch_operator.py                                                           0           0
/home/lucas/anaconda3/lib/python3.11/site-packages/airflow/example_dags/example_sla_dag.py                                                                   0           0
/home/lucas/anaconda3/lib/python3.11/site-packages/airflow/example_dags/tutorial_taskflow_api.py                                                             0           0
/home/lucas/anaconda3/lib/python3.11/site-packages/airflow/example_dags/example_nested_branch_dag.py                                                         0           0
/home/lucas/anaconda3/lib/python3.11/site-packages/airflow/example_dags/example_complex.py                                                                   0           0
/home/lucas/anaconda3/lib/python3.11/site-packages/airflow/example_dags/example_trigger_controller_dag.py                                                    0           0
/home/lucas/anaconda3/lib/python3.11/site-packages/airflow/example_dags/example_time_delta_sensor_async.py                                                   0           0
/home/lucas/anaconda3/lib/python3.11/site-packages/airflow/example_dags/example_python_operator.py                                                           0           0
/home/lucas/anaconda3/lib/python3.11/site-packages/airflow/example_dags/example_short_circuit_decorator.py                                                   0           0
/home/lucas/anaconda3/lib/python3.11/site-packages/airflow/example_dags/example_subdag_operator.py                                                           0           0
/home/lucas/anaconda3/lib/python3.11/site-packages/airflow/example_dags/example_datasets.py                                                                  0           0
/home/lucas/anaconda3/lib/python3.11/site-packages/airflow/example_dags/example_params_trigger_ui.py                                                         0           0
/home/lucas/anaconda3/lib/python3.11/site-packages/airflow/example_dags/example_xcom.py                                                                      0           0
/home/lucas/anaconda3/lib/python3.11/site-packages/airflow/example_dags/example_setup_teardown.py                                                            0           0
/home/lucas/anaconda3/lib/python3.11/site-packages/airflow/example_dags/example_external_task_marker_dag.py                                                  0           0
/home/lucas/anaconda3/lib/python3.11/site-packages/airflow/example_dags/example_latest_only.py                                                               0           0
/home/lucas/anaconda3/lib/python3.11/site-packages/airflow/example_dags/example_task_group_decorator.py                                                      0           0
/home/lucas/anaconda3/lib/python3.11/site-packages/airflow/example_dags/tutorial.py                                                                          0           0
/home/lucas/anaconda3/lib/python3.11/site-packages/airflow/example_dags/tutorial_taskflow_api_virtualenv.py                                                  0           0
/home/lucas/anaconda3/lib/python3.11/site-packages/airflow/example_dags/example_dag_decorator.py                                                             0           0
/home/lucas/anaconda3/lib/python3.11/site-packages/airflow/example_dags/example_kubernetes_executor.py                                                       0           0
/home/lucas/anaconda3/lib/python3.11/site-packages/airflow/example_dags/example_branch_operator_decorator.py                                                 0           0
/home/lucas/anaconda3/lib/python3.11/site-packages/airflow/example_dags/example_setup_teardown_taskflow.py                                                   0           0
/home/lucas/anaconda3/lib/python3.11/site-packages/airflow/example_dags/example_branch_labels.py                                                             0           0
/home/lucas/anaconda3/lib/python3.11/site-packages/airflow/example_dags/example_skip_dag.py                                                                  0           0
/home/lucas/anaconda3/lib/python3.11/site-packages/airflow/example_dags/example_branch_day_of_week_operator.py                                               0           0
/home/lucas/anaconda3/lib/python3.11/site-packages/airflow/example_dags/example_passing_params_via_test_command.py                                           0           0
/home/lucas/anaconda3/lib/python3.11/site-packages/airflow/example_dags/example_dynamic_task_mapping_with_no_taskflow_operators.py                           0           0
/home/lucas/anaconda3/lib/python3.11/site-packages/airflow/example_dags/tutorial_dag.py                                                                      0           0
/home/lucas/anaconda3/lib/python3.11/site-packages/airflow/example_dags/subdags/subdag.py                                                                    0           0
/home/lucas/anaconda3/lib/python3.11/site-packages/airflow/example_dags/plugins/listener_plugin.py                                                           0           0
/home/lucas/anaconda3/lib/python3.11/site-packages/airflow/example_dags/plugins/workday.py                                                                   0           0
/home/lucas/anaconda3/lib/python3.11/site-packages/airflow/example_dags/plugins/event_listener.py                                                            0           0
/home/lucas/anaconda3/lib/python3.11/site-packages/airflow/example_dags/example_short_circuit_operator.py                                                    1           0  0.30s           2024-04-03T07:13:50
================================================================================
[2024-04-03T09:14:20.613+0200] {manager.py:887} INFO - 
================================================================================
DAG File Processing Stats

File Path                                                                                                                           PID    Runtime      # DAGs    # Errors  Last Runtime    Last Run
----------------------------------------------------------------------------------------------------------------------------------  -----  ---------  --------  ----------  --------------  -------------------
/home/lucas/anaconda3/lib/python3.11/site-packages/airflow/example_dags/example_branch_python_dop_operator_3.py                                              0           0
/home/lucas/anaconda3/lib/python3.11/site-packages/airflow/example_dags/example_dynamic_task_mapping.py                                                      0           0
/home/lucas/anaconda3/lib/python3.11/site-packages/airflow/example_dags/example_local_kubernetes_executor.py                                                 0           0  0.10s           2024-04-03T07:13:53
/home/lucas/anaconda3/lib/python3.11/site-packages/airflow/example_dags/example_bash_operator.py                                                             0           0
/home/lucas/anaconda3/lib/python3.11/site-packages/airflow/example_dags/example_branch_datetime_operator.py                                                  0           0
/home/lucas/anaconda3/lib/python3.11/site-packages/airflow/example_dags/example_branch_operator.py                                                           0           0
/home/lucas/anaconda3/lib/python3.11/site-packages/airflow/example_dags/example_complex.py                                                                   0           0
/home/lucas/anaconda3/lib/python3.11/site-packages/airflow/example_dags/example_datasets.py                                                                  0           0
/home/lucas/anaconda3/lib/python3.11/site-packages/airflow/example_dags/example_external_task_marker_dag.py                                                  0           0
/home/lucas/anaconda3/lib/python3.11/site-packages/airflow/example_dags/tutorial_taskflow_api_virtualenv.py                                                  0           0  0.10s           2024-04-03T07:14:16
/home/lucas/anaconda3/lib/python3.11/site-packages/airflow/example_dags/example_dag_decorator.py                                                             0           0
/home/lucas/anaconda3/lib/python3.11/site-packages/airflow/example_dags/example_kubernetes_executor.py                                                       0           0
/home/lucas/anaconda3/lib/python3.11/site-packages/airflow/example_dags/example_branch_operator_decorator.py                                                 0           0
/home/lucas/anaconda3/lib/python3.11/site-packages/airflow/example_dags/example_branch_labels.py                                                             0           0
/home/lucas/anaconda3/lib/python3.11/site-packages/airflow/example_dags/example_branch_day_of_week_operator.py                                               0           0
/home/lucas/anaconda3/lib/python3.11/site-packages/airflow/example_dags/example_dynamic_task_mapping_with_no_taskflow_operators.py                           0           0
/home/lucas/anaconda3/lib/python3.11/site-packages/airflow/example_dags/subdags/subdag.py                                                                    0           0
/home/lucas/anaconda3/lib/python3.11/site-packages/airflow/example_dags/plugins/listener_plugin.py                                                           0           0
/home/lucas/anaconda3/lib/python3.11/site-packages/airflow/example_dags/plugins/workday.py                                                                   0           0
/home/lucas/anaconda3/lib/python3.11/site-packages/airflow/example_dags/plugins/event_listener.py                                                            0           0
/home/lucas/anaconda3/lib/python3.11/site-packages/airflow/example_dags/example_short_circuit_operator.py                                                    1           0  0.30s           2024-04-03T07:13:50
/home/lucas/anaconda3/lib/python3.11/site-packages/airflow/example_dags/example_task_group.py                                                                1           0  0.90s           2024-04-03T07:13:52
/home/lucas/anaconda3/lib/python3.11/site-packages/airflow/example_dags/example_params_ui_tutorial.py                                                        1           0  0.20s           2024-04-03T07:13:55
/home/lucas/anaconda3/lib/python3.11/site-packages/airflow/example_dags/example_sensor_decorator.py                                                          1           0  0.20s           2024-04-03T07:13:57
/home/lucas/anaconda3/lib/python3.11/site-packages/airflow/example_dags/example_trigger_target_dag.py                                                        1           0  0.20s           2024-04-03T07:13:58
/home/lucas/anaconda3/lib/python3.11/site-packages/airflow/example_dags/example_sensors.py                                                                   1           0  0.20s           2024-04-03T07:13:59
/home/lucas/anaconda3/lib/python3.11/site-packages/airflow/example_dags/example_latest_only_with_trigger.py                                                  1           0  0.20s           2024-04-03T07:14:00
/home/lucas/anaconda3/lib/python3.11/site-packages/airflow/example_dags/example_sla_dag.py                                                                   1           0  0.20s           2024-04-03T07:14:02
/home/lucas/anaconda3/lib/python3.11/site-packages/airflow/example_dags/tutorial_taskflow_api.py                                                             1           0  0.10s           2024-04-03T07:14:03
/home/lucas/anaconda3/lib/python3.11/site-packages/airflow/example_dags/example_nested_branch_dag.py                                                         1           0  0.20s           2024-04-03T07:14:04
/home/lucas/anaconda3/lib/python3.11/site-packages/airflow/example_dags/example_trigger_controller_dag.py                                                    1           0  0.20s           2024-04-03T07:14:05
/home/lucas/anaconda3/lib/python3.11/site-packages/airflow/example_dags/example_time_delta_sensor_async.py                                                   1           0  0.20s           2024-04-03T07:14:06
/home/lucas/anaconda3/lib/python3.11/site-packages/airflow/example_dags/example_python_operator.py                                                           1           0  0.20s           2024-04-03T07:14:07
/home/lucas/anaconda3/lib/python3.11/site-packages/airflow/example_dags/example_short_circuit_decorator.py                                                   1           0  0.11s           2024-04-03T07:14:08
/home/lucas/anaconda3/lib/python3.11/site-packages/airflow/example_dags/example_params_trigger_ui.py                                                         1           0  0.20s           2024-04-03T07:14:10
/home/lucas/anaconda3/lib/python3.11/site-packages/airflow/example_dags/example_xcom.py                                                                      1           0  0.11s           2024-04-03T07:14:11
/home/lucas/anaconda3/lib/python3.11/site-packages/airflow/example_dags/example_setup_teardown.py                                                            1           0  0.10s           2024-04-03T07:14:12
/home/lucas/anaconda3/lib/python3.11/site-packages/airflow/example_dags/example_latest_only.py                                                               1           0  0.10s           2024-04-03T07:14:13
/home/lucas/anaconda3/lib/python3.11/site-packages/airflow/example_dags/example_task_group_decorator.py                                                      1           0  0.31s           2024-04-03T07:14:15
/home/lucas/anaconda3/lib/python3.11/site-packages/airflow/example_dags/tutorial.py                                                                          1           0  0.20s           2024-04-03T07:14:16
/home/lucas/anaconda3/lib/python3.11/site-packages/airflow/example_dags/example_setup_teardown_taskflow.py                                                   1           0  0.20s           2024-04-03T07:14:17
/home/lucas/anaconda3/lib/python3.11/site-packages/airflow/example_dags/example_skip_dag.py                                                                  1           0  0.11s           2024-04-03T07:14:19
/home/lucas/anaconda3/lib/python3.11/site-packages/airflow/example_dags/example_passing_params_via_test_command.py                                           1           0  0.20s           2024-04-03T07:14:20
/home/lucas/anaconda3/lib/python3.11/site-packages/airflow/example_dags/tutorial_dag.py                                                                      1           0  0.20s           2024-04-03T07:14:20
/home/lucas/anaconda3/lib/python3.11/site-packages/airflow/example_dags/example_xcomargs.py                                                                  2           0  0.20s           2024-04-03T07:14:01
/home/lucas/anaconda3/lib/python3.11/site-packages/airflow/example_dags/example_subdag_operator.py                                                           3           0  0.20s           2024-04-03T07:14:09
================================================================================
[2024-04-03T09:14:50.683+0200] {manager.py:887} INFO - 
================================================================================
DAG File Processing Stats

File Path                                                                                                                           PID    Runtime      # DAGs    # Errors  Last Runtime    Last Run
----------------------------------------------------------------------------------------------------------------------------------  -----  ---------  --------  ----------  --------------  -------------------
/home/lucas/anaconda3/lib/python3.11/site-packages/airflow/example_dags/example_local_kubernetes_executor.py                                                 0           0  0.10s           2024-04-03T07:14:43
/home/lucas/anaconda3/lib/python3.11/site-packages/airflow/example_dags/tutorial_taskflow_api_virtualenv.py                                                  0           0  0.10s           2024-04-03T07:14:16
/home/lucas/anaconda3/lib/python3.11/site-packages/airflow/example_dags/example_kubernetes_executor.py                                                       0           0  0.10s           2024-04-03T07:14:36
/home/lucas/anaconda3/lib/python3.11/site-packages/airflow/example_dags/subdags/subdag.py                                                                    0           0  0.10s           2024-04-03T07:14:21
/home/lucas/anaconda3/lib/python3.11/site-packages/airflow/example_dags/plugins/listener_plugin.py                                                           0           0  0.10s           2024-04-03T07:14:22
/home/lucas/anaconda3/lib/python3.11/site-packages/airflow/example_dags/plugins/workday.py                                                                   0           0  0.50s           2024-04-03T07:14:24
/home/lucas/anaconda3/lib/python3.11/site-packages/airflow/example_dags/plugins/event_listener.py                                                            0           0  0.10s           2024-04-03T07:14:25
/home/lucas/anaconda3/lib/python3.11/site-packages/airflow/example_dags/example_short_circuit_operator.py                                                    1           0  0.10s           2024-04-03T07:14:42
/home/lucas/anaconda3/lib/python3.11/site-packages/airflow/example_dags/example_task_group.py                                                                1           0  0.10s           2024-04-03T07:14:42
/home/lucas/anaconda3/lib/python3.11/site-packages/airflow/example_dags/example_branch_python_dop_operator_3.py                                              1           0  0.20s           2024-04-03T07:14:26
/home/lucas/anaconda3/lib/python3.11/site-packages/airflow/example_dags/example_dynamic_task_mapping.py                                                      1           0  0.10s           2024-04-03T07:14:27
/home/lucas/anaconda3/lib/python3.11/site-packages/airflow/example_dags/example_bash_operator.py                                                             1           0  0.20s           2024-04-03T07:14:29
/home/lucas/anaconda3/lib/python3.11/site-packages/airflow/example_dags/example_params_ui_tutorial.py                                                        1           0  0.10s           2024-04-03T07:14:44
/home/lucas/anaconda3/lib/python3.11/site-packages/airflow/example_dags/example_sensor_decorator.py                                                          1           0  0.10s           2024-04-03T07:14:45
/home/lucas/anaconda3/lib/python3.11/site-packages/airflow/example_dags/example_trigger_target_dag.py                                                        1           0  0.10s           2024-04-03T07:14:46
/home/lucas/anaconda3/lib/python3.11/site-packages/airflow/example_dags/example_sensors.py                                                                   1           0  0.10s           2024-04-03T07:14:47
/home/lucas/anaconda3/lib/python3.11/site-packages/airflow/example_dags/example_latest_only_with_trigger.py                                                  1           0  0.10s           2024-04-03T07:14:48
/home/lucas/anaconda3/lib/python3.11/site-packages/airflow/example_dags/example_branch_operator.py                                                           1           0  0.20s           2024-04-03T07:14:30
/home/lucas/anaconda3/lib/python3.11/site-packages/airflow/example_dags/example_sla_dag.py                                                                   1           0  0.10s           2024-04-03T07:14:50
/home/lucas/anaconda3/lib/python3.11/site-packages/airflow/example_dags/tutorial_taskflow_api.py                                                             1           0  0.10s           2024-04-03T07:14:50
/home/lucas/anaconda3/lib/python3.11/site-packages/airflow/example_dags/example_nested_branch_dag.py                                                         1           0  0.20s           2024-04-03T07:14:04
/home/lucas/anaconda3/lib/python3.11/site-packages/airflow/example_dags/example_complex.py                                                                   1           0  0.20s           2024-04-03T07:14:31
/home/lucas/anaconda3/lib/python3.11/site-packages/airflow/example_dags/example_trigger_controller_dag.py                                                    1           0  0.20s           2024-04-03T07:14:05
/home/lucas/anaconda3/lib/python3.11/site-packages/airflow/example_dags/example_time_delta_sensor_async.py                                                   1           0  0.20s           2024-04-03T07:14:06
/home/lucas/anaconda3/lib/python3.11/site-packages/airflow/example_dags/example_python_operator.py                                                           1           0  0.20s           2024-04-03T07:14:07
/home/lucas/anaconda3/lib/python3.11/site-packages/airflow/example_dags/example_short_circuit_decorator.py                                                   1           0  0.11s           2024-04-03T07:14:08
/home/lucas/anaconda3/lib/python3.11/site-packages/airflow/example_dags/example_params_trigger_ui.py                                                         1           0  0.20s           2024-04-03T07:14:10
/home/lucas/anaconda3/lib/python3.11/site-packages/airflow/example_dags/example_xcom.py                                                                      1           0  0.11s           2024-04-03T07:14:11
/home/lucas/anaconda3/lib/python3.11/site-packages/airflow/example_dags/example_setup_teardown.py                                                            1           0  0.10s           2024-04-03T07:14:12
/home/lucas/anaconda3/lib/python3.11/site-packages/airflow/example_dags/example_latest_only.py                                                               1           0  0.10s           2024-04-03T07:14:13
/home/lucas/anaconda3/lib/python3.11/site-packages/airflow/example_dags/example_task_group_decorator.py                                                      1           0  0.31s           2024-04-03T07:14:15
/home/lucas/anaconda3/lib/python3.11/site-packages/airflow/example_dags/tutorial.py                                                                          1           0  0.20s           2024-04-03T07:14:16
/home/lucas/anaconda3/lib/python3.11/site-packages/airflow/example_dags/example_dag_decorator.py                                                             1           0  0.30s           2024-04-03T07:14:35
/home/lucas/anaconda3/lib/python3.11/site-packages/airflow/example_dags/example_branch_operator_decorator.py                                                 1           0  0.20s           2024-04-03T07:14:37
/home/lucas/anaconda3/lib/python3.11/site-packages/airflow/example_dags/example_setup_teardown_taskflow.py                                                   1           0  0.20s           2024-04-03T07:14:17
/home/lucas/anaconda3/lib/python3.11/site-packages/airflow/example_dags/example_branch_labels.py                                                             1           0  0.20s           2024-04-03T07:14:38
/home/lucas/anaconda3/lib/python3.11/site-packages/airflow/example_dags/example_skip_dag.py                                                                  1           0  0.11s           2024-04-03T07:14:19
/home/lucas/anaconda3/lib/python3.11/site-packages/airflow/example_dags/example_branch_day_of_week_operator.py                                               1           0  0.20s           2024-04-03T07:14:39
/home/lucas/anaconda3/lib/python3.11/site-packages/airflow/example_dags/example_passing_params_via_test_command.py                                           1           0  0.20s           2024-04-03T07:14:20
/home/lucas/anaconda3/lib/python3.11/site-packages/airflow/example_dags/example_dynamic_task_mapping_with_no_taskflow_operators.py                           1           0  0.20s           2024-04-03T07:14:40
/home/lucas/anaconda3/lib/python3.11/site-packages/airflow/example_dags/tutorial_dag.py                                                                      1           0  0.20s           2024-04-03T07:14:20
/home/lucas/anaconda3/lib/python3.11/site-packages/airflow/example_dags/example_xcomargs.py                                                                  2           0  0.10s           2024-04-03T07:14:49
/home/lucas/anaconda3/lib/python3.11/site-packages/airflow/example_dags/example_external_task_marker_dag.py                                                  2           0  0.20s           2024-04-03T07:14:34
/home/lucas/anaconda3/lib/python3.11/site-packages/airflow/example_dags/example_branch_datetime_operator.py                                                  3           0  0.30s           2024-04-03T07:14:30
/home/lucas/anaconda3/lib/python3.11/site-packages/airflow/example_dags/example_subdag_operator.py                                                           3           0  0.20s           2024-04-03T07:14:09
/home/lucas/anaconda3/lib/python3.11/site-packages/airflow/example_dags/example_datasets.py                                                                  6           0  0.30s           2024-04-03T07:14:33
================================================================================
[2024-04-03T09:15:20.941+0200] {manager.py:887} INFO - 
================================================================================
DAG File Processing Stats

File Path                                                                                                                           PID    Runtime      # DAGs    # Errors  Last Runtime    Last Run
----------------------------------------------------------------------------------------------------------------------------------  -----  ---------  --------  ----------  --------------  -------------------
/home/lucas/anaconda3/lib/python3.11/site-packages/airflow/example_dags/example_local_kubernetes_executor.py                                                 0           0  0.10s           2024-04-03T07:15:16
/home/lucas/anaconda3/lib/python3.11/site-packages/airflow/example_dags/tutorial_taskflow_api_virtualenv.py                                                  0           0  0.10s           2024-04-03T07:15:02
/home/lucas/anaconda3/lib/python3.11/site-packages/airflow/example_dags/example_kubernetes_executor.py                                                       0           0  0.10s           2024-04-03T07:14:36
/home/lucas/anaconda3/lib/python3.11/site-packages/airflow/example_dags/subdags/subdag.py                                                                    0           0  0.10s           2024-04-03T07:15:08
/home/lucas/anaconda3/lib/python3.11/site-packages/airflow/example_dags/plugins/listener_plugin.py                                                           0           0  0.10s           2024-04-03T07:15:09
/home/lucas/anaconda3/lib/python3.11/site-packages/airflow/example_dags/plugins/workday.py                                                                   0           0  0.30s           2024-04-03T07:15:10
/home/lucas/anaconda3/lib/python3.11/site-packages/airflow/example_dags/plugins/event_listener.py                                                            0           0  0.10s           2024-04-03T07:15:11
/home/lucas/anaconda3/lib/python3.11/site-packages/airflow/example_dags/example_short_circuit_operator.py                                                    1           0  0.10s           2024-04-03T07:15:14
/home/lucas/anaconda3/lib/python3.11/site-packages/airflow/example_dags/example_task_group.py                                                                1           0  0.10s           2024-04-03T07:15:15
/home/lucas/anaconda3/lib/python3.11/site-packages/airflow/example_dags/example_branch_python_dop_operator_3.py                                              1           0  0.10s           2024-04-03T07:15:12
/home/lucas/anaconda3/lib/python3.11/site-packages/airflow/example_dags/example_dynamic_task_mapping.py                                                      1           0  0.10s           2024-04-03T07:15:13
/home/lucas/anaconda3/lib/python3.11/site-packages/airflow/example_dags/example_bash_operator.py                                                             1           0  0.10s           2024-04-03T07:15:17
/home/lucas/anaconda3/lib/python3.11/site-packages/airflow/example_dags/example_params_ui_tutorial.py                                                        1           0  0.10s           2024-04-03T07:14:44
/home/lucas/anaconda3/lib/python3.11/site-packages/airflow/example_dags/example_sensor_decorator.py                                                          1           0  0.10s           2024-04-03T07:14:45
/home/lucas/anaconda3/lib/python3.11/site-packages/airflow/example_dags/example_trigger_target_dag.py                                                        1           0  0.10s           2024-04-03T07:14:46
/home/lucas/anaconda3/lib/python3.11/site-packages/airflow/example_dags/example_sensors.py                                                                   1           0  0.10s           2024-04-03T07:14:47
/home/lucas/anaconda3/lib/python3.11/site-packages/airflow/example_dags/example_latest_only_with_trigger.py                                                  1           0  0.10s           2024-04-03T07:14:48
/home/lucas/anaconda3/lib/python3.11/site-packages/airflow/example_dags/example_branch_operator.py                                                           1           0  0.10s           2024-04-03T07:15:19
/home/lucas/anaconda3/lib/python3.11/site-packages/airflow/example_dags/example_sla_dag.py                                                                   1           0  0.10s           2024-04-03T07:14:50
/home/lucas/anaconda3/lib/python3.11/site-packages/airflow/example_dags/tutorial_taskflow_api.py                                                             1           0  0.10s           2024-04-03T07:14:50
/home/lucas/anaconda3/lib/python3.11/site-packages/airflow/example_dags/example_nested_branch_dag.py                                                         1           0  0.10s           2024-04-03T07:14:51
/home/lucas/anaconda3/lib/python3.11/site-packages/airflow/example_dags/example_complex.py                                                                   1           0  0.10s           2024-04-03T07:15:20
/home/lucas/anaconda3/lib/python3.11/site-packages/airflow/example_dags/example_trigger_controller_dag.py                                                    1           0  0.10s           2024-04-03T07:14:52
/home/lucas/anaconda3/lib/python3.11/site-packages/airflow/example_dags/example_time_delta_sensor_async.py                                                   1           0  0.10s           2024-04-03T07:14:52
/home/lucas/anaconda3/lib/python3.11/site-packages/airflow/example_dags/example_python_operator.py                                                           1           0  0.10s           2024-04-03T07:14:53
/home/lucas/anaconda3/lib/python3.11/site-packages/airflow/example_dags/example_short_circuit_decorator.py                                                   1           0  0.10s           2024-04-03T07:14:54
/home/lucas/anaconda3/lib/python3.11/site-packages/airflow/example_dags/example_params_trigger_ui.py                                                         1           0  0.10s           2024-04-03T07:14:57
/home/lucas/anaconda3/lib/python3.11/site-packages/airflow/example_dags/example_xcom.py                                                                      1           0  0.10s           2024-04-03T07:14:57
/home/lucas/anaconda3/lib/python3.11/site-packages/airflow/example_dags/example_setup_teardown.py                                                            1           0  0.10s           2024-04-03T07:14:58
/home/lucas/anaconda3/lib/python3.11/site-packages/airflow/example_dags/example_latest_only.py                                                               1           0  0.10s           2024-04-03T07:15:00
/home/lucas/anaconda3/lib/python3.11/site-packages/airflow/example_dags/example_task_group_decorator.py                                                      1           0  0.10s           2024-04-03T07:15:01
/home/lucas/anaconda3/lib/python3.11/site-packages/airflow/example_dags/tutorial.py                                                                          1           0  0.10s           2024-04-03T07:15:02
/home/lucas/anaconda3/lib/python3.11/site-packages/airflow/example_dags/example_dag_decorator.py                                                             1           0  0.30s           2024-04-03T07:14:35
/home/lucas/anaconda3/lib/python3.11/site-packages/airflow/example_dags/example_branch_operator_decorator.py                                                 1           0  0.20s           2024-04-03T07:14:37
/home/lucas/anaconda3/lib/python3.11/site-packages/airflow/example_dags/example_setup_teardown_taskflow.py                                                   1           0  0.10s           2024-04-03T07:15:04
/home/lucas/anaconda3/lib/python3.11/site-packages/airflow/example_dags/example_branch_labels.py                                                             1           0  0.20s           2024-04-03T07:14:38
/home/lucas/anaconda3/lib/python3.11/site-packages/airflow/example_dags/example_skip_dag.py                                                                  1           0  0.10s           2024-04-03T07:15:05
/home/lucas/anaconda3/lib/python3.11/site-packages/airflow/example_dags/example_branch_day_of_week_operator.py                                               1           0  0.20s           2024-04-03T07:14:39
/home/lucas/anaconda3/lib/python3.11/site-packages/airflow/example_dags/example_passing_params_via_test_command.py                                           1           0  0.10s           2024-04-03T07:15:05
/home/lucas/anaconda3/lib/python3.11/site-packages/airflow/example_dags/example_dynamic_task_mapping_with_no_taskflow_operators.py                           1           0  0.20s           2024-04-03T07:14:40
/home/lucas/anaconda3/lib/python3.11/site-packages/airflow/example_dags/tutorial_dag.py                                                                      1           0  0.10s           2024-04-03T07:15:06
/home/lucas/anaconda3/lib/python3.11/site-packages/airflow/example_dags/example_xcomargs.py                                                                  2           0  0.10s           2024-04-03T07:14:49
/home/lucas/anaconda3/lib/python3.11/site-packages/airflow/example_dags/example_external_task_marker_dag.py                                                  2           0  0.20s           2024-04-03T07:14:34
/home/lucas/anaconda3/lib/python3.11/site-packages/airflow/example_dags/example_branch_datetime_operator.py                                                  3           0  0.10s           2024-04-03T07:15:18
/home/lucas/anaconda3/lib/python3.11/site-packages/airflow/example_dags/example_subdag_operator.py                                                           3           0  0.10s           2024-04-03T07:14:55
/home/lucas/anaconda3/lib/python3.11/site-packages/airflow/example_dags/example_datasets.py                                                                  6           0  0.10s           2024-04-03T07:15:20
================================================================================
[2024-04-03T09:15:51.210+0200] {manager.py:887} INFO - 
================================================================================
DAG File Processing Stats

File Path                                                                                                                           PID    Runtime      # DAGs    # Errors  Last Runtime    Last Run
----------------------------------------------------------------------------------------------------------------------------------  -----  ---------  --------  ----------  --------------  -------------------
/home/lucas/anaconda3/lib/python3.11/site-packages/airflow/example_dags/example_local_kubernetes_executor.py                                                 0           0  0.10s           2024-04-03T07:15:16
/home/lucas/anaconda3/lib/python3.11/site-packages/airflow/example_dags/tutorial_taskflow_api_virtualenv.py                                                  0           0  0.10s           2024-04-03T07:15:48
/home/lucas/anaconda3/lib/python3.11/site-packages/airflow/example_dags/example_kubernetes_executor.py                                                       0           0  0.10s           2024-04-03T07:15:23
/home/lucas/anaconda3/lib/python3.11/site-packages/airflow/example_dags/subdags/subdag.py                                                                    0           0  0.10s           2024-04-03T07:15:08
/home/lucas/anaconda3/lib/python3.11/site-packages/airflow/example_dags/plugins/listener_plugin.py                                                           0           0  0.10s           2024-04-03T07:15:09
/home/lucas/anaconda3/lib/python3.11/site-packages/airflow/example_dags/plugins/workday.py                                                                   0           0  0.30s           2024-04-03T07:15:10
/home/lucas/anaconda3/lib/python3.11/site-packages/airflow/example_dags/plugins/event_listener.py                                                            0           0  0.10s           2024-04-03T07:15:11
/home/lucas/anaconda3/lib/python3.11/site-packages/airflow/example_dags/example_short_circuit_operator.py                                                    1           0  0.10s           2024-04-03T07:15:14
/home/lucas/anaconda3/lib/python3.11/site-packages/airflow/example_dags/example_task_group.py                                                                1           0  0.10s           2024-04-03T07:15:15
/home/lucas/anaconda3/lib/python3.11/site-packages/airflow/example_dags/example_branch_python_dop_operator_3.py                                              1           0  0.10s           2024-04-03T07:15:12
/home/lucas/anaconda3/lib/python3.11/site-packages/airflow/example_dags/example_dynamic_task_mapping.py                                                      1           0  0.10s           2024-04-03T07:15:13
/home/lucas/anaconda3/lib/python3.11/site-packages/airflow/example_dags/example_bash_operator.py                                                             1           0  0.10s           2024-04-03T07:15:17
/home/lucas/anaconda3/lib/python3.11/site-packages/airflow/example_dags/example_params_ui_tutorial.py                                                        1           0  0.10s           2024-04-03T07:15:28
/home/lucas/anaconda3/lib/python3.11/site-packages/airflow/example_dags/example_sensor_decorator.py                                                          1           0  0.10s           2024-04-03T07:15:29
/home/lucas/anaconda3/lib/python3.11/site-packages/airflow/example_dags/example_trigger_target_dag.py                                                        1           0  0.10s           2024-04-03T07:15:30
/home/lucas/anaconda3/lib/python3.11/site-packages/airflow/example_dags/example_sensors.py                                                                   1           0  0.10s           2024-04-03T07:15:31
/home/lucas/anaconda3/lib/python3.11/site-packages/airflow/example_dags/example_latest_only_with_trigger.py                                                  1           0  0.10s           2024-04-03T07:15:32
/home/lucas/anaconda3/lib/python3.11/site-packages/airflow/example_dags/example_branch_operator.py                                                           1           0  0.10s           2024-04-03T07:15:19
/home/lucas/anaconda3/lib/python3.11/site-packages/airflow/example_dags/example_sla_dag.py                                                                   1           0  0.10s           2024-04-03T07:15:34
/home/lucas/anaconda3/lib/python3.11/site-packages/airflow/example_dags/tutorial_taskflow_api.py                                                             1           0  0.10s           2024-04-03T07:15:35
/home/lucas/anaconda3/lib/python3.11/site-packages/airflow/example_dags/example_nested_branch_dag.py                                                         1           0  0.10s           2024-04-03T07:15:36
/home/lucas/anaconda3/lib/python3.11/site-packages/airflow/example_dags/example_complex.py                                                                   1           0  0.10s           2024-04-03T07:15:20
/home/lucas/anaconda3/lib/python3.11/site-packages/airflow/example_dags/example_trigger_controller_dag.py                                                    1           0  0.10s           2024-04-03T07:15:37
/home/lucas/anaconda3/lib/python3.11/site-packages/airflow/example_dags/example_time_delta_sensor_async.py                                                   1           0  0.10s           2024-04-03T07:15:38
/home/lucas/anaconda3/lib/python3.11/site-packages/airflow/example_dags/example_python_operator.py                                                           1           0  0.10s           2024-04-03T07:15:38
/home/lucas/anaconda3/lib/python3.11/site-packages/airflow/example_dags/example_short_circuit_decorator.py                                                   1           0  0.10s           2024-04-03T07:15:39
/home/lucas/anaconda3/lib/python3.11/site-packages/airflow/example_dags/example_params_trigger_ui.py                                                         1           0  0.10s           2024-04-03T07:15:41
/home/lucas/anaconda3/lib/python3.11/site-packages/airflow/example_dags/example_xcom.py                                                                      1           0  0.10s           2024-04-03T07:15:42
/home/lucas/anaconda3/lib/python3.11/site-packages/airflow/example_dags/example_setup_teardown.py                                                            1           0  0.10s           2024-04-03T07:15:43
/home/lucas/anaconda3/lib/python3.11/site-packages/airflow/example_dags/example_latest_only.py                                                               1           0  0.10s           2024-04-03T07:15:45
/home/lucas/anaconda3/lib/python3.11/site-packages/airflow/example_dags/example_task_group_decorator.py                                                      1           0  0.10s           2024-04-03T07:15:46
/home/lucas/anaconda3/lib/python3.11/site-packages/airflow/example_dags/tutorial.py                                                                          1           0  0.10s           2024-04-03T07:15:47
/home/lucas/anaconda3/lib/python3.11/site-packages/airflow/example_dags/example_dag_decorator.py                                                             1           0  0.20s           2024-04-03T07:15:22
/home/lucas/anaconda3/lib/python3.11/site-packages/airflow/example_dags/example_branch_operator_decorator.py                                                 1           0  0.10s           2024-04-03T07:15:24
/home/lucas/anaconda3/lib/python3.11/site-packages/airflow/example_dags/example_setup_teardown_taskflow.py                                                   1           0  0.10s           2024-04-03T07:15:49
/home/lucas/anaconda3/lib/python3.11/site-packages/airflow/example_dags/example_branch_labels.py                                                             1           0  0.10s           2024-04-03T07:15:25
/home/lucas/anaconda3/lib/python3.11/site-packages/airflow/example_dags/example_skip_dag.py                                                                  1           0  0.10s           2024-04-03T07:15:50
/home/lucas/anaconda3/lib/python3.11/site-packages/airflow/example_dags/example_branch_day_of_week_operator.py                                               1           0  0.10s           2024-04-03T07:15:26
/home/lucas/anaconda3/lib/python3.11/site-packages/airflow/example_dags/example_passing_params_via_test_command.py                                           1           0  0.11s           2024-04-03T07:15:51
/home/lucas/anaconda3/lib/python3.11/site-packages/airflow/example_dags/example_dynamic_task_mapping_with_no_taskflow_operators.py                           1           0  0.10s           2024-04-03T07:15:27
/home/lucas/anaconda3/lib/python3.11/site-packages/airflow/example_dags/tutorial_dag.py                                                                      1           0  0.10s           2024-04-03T07:15:06
/home/lucas/anaconda3/lib/python3.11/site-packages/airflow/example_dags/example_xcomargs.py                                                                  2           0  0.10s           2024-04-03T07:15:33
/home/lucas/anaconda3/lib/python3.11/site-packages/airflow/example_dags/example_external_task_marker_dag.py                                                  2           0  0.10s           2024-04-03T07:15:21
/home/lucas/anaconda3/lib/python3.11/site-packages/airflow/example_dags/example_branch_datetime_operator.py                                                  3           0  0.10s           2024-04-03T07:15:18
/home/lucas/anaconda3/lib/python3.11/site-packages/airflow/example_dags/example_subdag_operator.py                                                           3           0  0.10s           2024-04-03T07:15:41
/home/lucas/anaconda3/lib/python3.11/site-packages/airflow/example_dags/example_datasets.py                                                                  6           0  0.10s           2024-04-03T07:15:20
================================================================================
[2024-04-03T09:16:21.470+0200] {manager.py:887} INFO - 
================================================================================
DAG File Processing Stats

File Path                                                                                                                           PID    Runtime      # DAGs    # Errors  Last Runtime    Last Run
----------------------------------------------------------------------------------------------------------------------------------  -----  ---------  --------  ----------  --------------  -------------------
/home/lucas/anaconda3/lib/python3.11/site-packages/airflow/example_dags/example_local_kubernetes_executor.py                                                 0           0  0.10s           2024-04-03T07:16:01
/home/lucas/anaconda3/lib/python3.11/site-packages/airflow/example_dags/tutorial_taskflow_api_virtualenv.py                                                  0           0  0.10s           2024-04-03T07:15:48
/home/lucas/anaconda3/lib/python3.11/site-packages/airflow/example_dags/example_kubernetes_executor.py                                                       0           0  0.10s           2024-04-03T07:16:09
/home/lucas/anaconda3/lib/python3.11/site-packages/airflow/example_dags/subdags/subdag.py                                                                    0           0  0.10s           2024-04-03T07:15:52
/home/lucas/anaconda3/lib/python3.11/site-packages/airflow/example_dags/plugins/listener_plugin.py                                                           0           0  0.10s           2024-04-03T07:15:54
/home/lucas/anaconda3/lib/python3.11/site-packages/airflow/example_dags/plugins/workday.py                                                                   0           0  0.30s           2024-04-03T07:15:55
/home/lucas/anaconda3/lib/python3.11/site-packages/airflow/example_dags/plugins/event_listener.py                                                            0           0  0.10s           2024-04-03T07:15:56
/home/lucas/anaconda3/lib/python3.11/site-packages/airflow/example_dags/example_short_circuit_operator.py                                                    1           0  0.10s           2024-04-03T07:15:59
/home/lucas/anaconda3/lib/python3.11/site-packages/airflow/example_dags/example_task_group.py                                                                1           0  0.10s           2024-04-03T07:16:00
/home/lucas/anaconda3/lib/python3.11/site-packages/airflow/example_dags/example_branch_python_dop_operator_3.py                                              1           0  0.10s           2024-04-03T07:15:57
/home/lucas/anaconda3/lib/python3.11/site-packages/airflow/example_dags/example_dynamic_task_mapping.py                                                      1           0  0.10s           2024-04-03T07:15:58
/home/lucas/anaconda3/lib/python3.11/site-packages/airflow/example_dags/example_bash_operator.py                                                             1           0  0.10s           2024-04-03T07:16:03
/home/lucas/anaconda3/lib/python3.11/site-packages/airflow/example_dags/example_params_ui_tutorial.py                                                        1           0  0.10s           2024-04-03T07:16:01
/home/lucas/anaconda3/lib/python3.11/site-packages/airflow/example_dags/example_sensor_decorator.py                                                          1           0  0.10s           2024-04-03T07:16:14
/home/lucas/anaconda3/lib/python3.11/site-packages/airflow/example_dags/example_trigger_target_dag.py                                                        1           0  0.10s           2024-04-03T07:16:14
/home/lucas/anaconda3/lib/python3.11/site-packages/airflow/example_dags/example_sensors.py                                                                   1           0  0.10s           2024-04-03T07:16:15
/home/lucas/anaconda3/lib/python3.11/site-packages/airflow/example_dags/example_latest_only_with_trigger.py                                                  1           0  0.10s           2024-04-03T07:16:16
/home/lucas/anaconda3/lib/python3.11/site-packages/airflow/example_dags/example_branch_operator.py                                                           1           0  0.10s           2024-04-03T07:16:04
/home/lucas/anaconda3/lib/python3.11/site-packages/airflow/example_dags/example_sla_dag.py                                                                   1           0  0.10s           2024-04-03T07:16:19
/home/lucas/anaconda3/lib/python3.11/site-packages/airflow/example_dags/tutorial_taskflow_api.py                                                             1           0  0.10s           2024-04-03T07:16:19
/home/lucas/anaconda3/lib/python3.11/site-packages/airflow/example_dags/example_nested_branch_dag.py                                                         1           0  0.10s           2024-04-03T07:16:20
/home/lucas/anaconda3/lib/python3.11/site-packages/airflow/example_dags/example_complex.py                                                                   1           0  0.10s           2024-04-03T07:16:05
/home/lucas/anaconda3/lib/python3.11/site-packages/airflow/example_dags/example_trigger_controller_dag.py                                                    1           0  0.10s           2024-04-03T07:16:21
/home/lucas/anaconda3/lib/python3.11/site-packages/airflow/example_dags/example_time_delta_sensor_async.py                                                   1           0  0.10s           2024-04-03T07:15:38
/home/lucas/anaconda3/lib/python3.11/site-packages/airflow/example_dags/example_python_operator.py                                                           1           0  0.10s           2024-04-03T07:15:38
/home/lucas/anaconda3/lib/python3.11/site-packages/airflow/example_dags/example_short_circuit_decorator.py                                                   1           0  0.10s           2024-04-03T07:15:39
/home/lucas/anaconda3/lib/python3.11/site-packages/airflow/example_dags/example_params_trigger_ui.py                                                         1           0  0.10s           2024-04-03T07:15:41
/home/lucas/anaconda3/lib/python3.11/site-packages/airflow/example_dags/example_xcom.py                                                                      1           0  0.10s           2024-04-03T07:15:42
/home/lucas/anaconda3/lib/python3.11/site-packages/airflow/example_dags/example_setup_teardown.py                                                            1           0  0.10s           2024-04-03T07:15:43
/home/lucas/anaconda3/lib/python3.11/site-packages/airflow/example_dags/example_latest_only.py                                                               1           0  0.10s           2024-04-03T07:15:45
/home/lucas/anaconda3/lib/python3.11/site-packages/airflow/example_dags/example_task_group_decorator.py                                                      1           0  0.10s           2024-04-03T07:15:46
/home/lucas/anaconda3/lib/python3.11/site-packages/airflow/example_dags/tutorial.py                                                                          1           0  0.10s           2024-04-03T07:15:47
/home/lucas/anaconda3/lib/python3.11/site-packages/airflow/example_dags/example_dag_decorator.py                                                             1           0  0.10s           2024-04-03T07:16:08
/home/lucas/anaconda3/lib/python3.11/site-packages/airflow/example_dags/example_branch_operator_decorator.py                                                 1           0  0.10s           2024-04-03T07:16:10
/home/lucas/anaconda3/lib/python3.11/site-packages/airflow/example_dags/example_setup_teardown_taskflow.py                                                   1           0  0.10s           2024-04-03T07:15:49
/home/lucas/anaconda3/lib/python3.11/site-packages/airflow/example_dags/example_branch_labels.py                                                             1           0  0.10s           2024-04-03T07:16:11
/home/lucas/anaconda3/lib/python3.11/site-packages/airflow/example_dags/example_skip_dag.py                                                                  1           0  0.10s           2024-04-03T07:15:50
/home/lucas/anaconda3/lib/python3.11/site-packages/airflow/example_dags/example_branch_day_of_week_operator.py                                               1           0  0.10s           2024-04-03T07:16:12
/home/lucas/anaconda3/lib/python3.11/site-packages/airflow/example_dags/example_passing_params_via_test_command.py                                           1           0  0.11s           2024-04-03T07:15:51
/home/lucas/anaconda3/lib/python3.11/site-packages/airflow/example_dags/example_dynamic_task_mapping_with_no_taskflow_operators.py                           1           0  0.10s           2024-04-03T07:16:13
/home/lucas/anaconda3/lib/python3.11/site-packages/airflow/example_dags/tutorial_dag.py                                                                      1           0  0.10s           2024-04-03T07:15:51
/home/lucas/anaconda3/lib/python3.11/site-packages/airflow/example_dags/example_xcomargs.py                                                                  2           0  0.10s           2024-04-03T07:16:17
/home/lucas/anaconda3/lib/python3.11/site-packages/airflow/example_dags/example_external_task_marker_dag.py                                                  2           0  0.10s           2024-04-03T07:16:07
/home/lucas/anaconda3/lib/python3.11/site-packages/airflow/example_dags/example_branch_datetime_operator.py                                                  3           0  0.10s           2024-04-03T07:16:04
/home/lucas/anaconda3/lib/python3.11/site-packages/airflow/example_dags/example_subdag_operator.py                                                           3           0  0.10s           2024-04-03T07:15:41
/home/lucas/anaconda3/lib/python3.11/site-packages/airflow/example_dags/example_datasets.py                                                                  6           0  0.10s           2024-04-03T07:16:06
================================================================================
[2024-04-03T09:16:51.640+0200] {manager.py:887} INFO - 
================================================================================
DAG File Processing Stats

File Path                                                                                                                           PID    Runtime      # DAGs    # Errors  Last Runtime    Last Run
----------------------------------------------------------------------------------------------------------------------------------  -----  ---------  --------  ----------  --------------  -------------------
/home/lucas/anaconda3/lib/python3.11/site-packages/airflow/example_dags/example_local_kubernetes_executor.py                                                 0           0  0.10s           2024-04-03T07:16:44
/home/lucas/anaconda3/lib/python3.11/site-packages/airflow/example_dags/tutorial_taskflow_api_virtualenv.py                                                  0           0  0.10s           2024-04-03T07:16:33
/home/lucas/anaconda3/lib/python3.11/site-packages/airflow/example_dags/example_kubernetes_executor.py                                                       0           0  0.10s           2024-04-03T07:16:09
/home/lucas/anaconda3/lib/python3.11/site-packages/airflow/example_dags/subdags/subdag.py                                                                    0           0  0.10s           2024-04-03T07:16:37
/home/lucas/anaconda3/lib/python3.11/site-packages/airflow/example_dags/plugins/listener_plugin.py                                                           0           0  0.10s           2024-04-03T07:16:38
/home/lucas/anaconda3/lib/python3.11/site-packages/airflow/example_dags/plugins/workday.py                                                                   0           0  0.20s           2024-04-03T07:16:40
/home/lucas/anaconda3/lib/python3.11/site-packages/airflow/example_dags/plugins/event_listener.py                                                            0           0  0.10s           2024-04-03T07:16:40
/home/lucas/anaconda3/lib/python3.11/site-packages/airflow/example_dags/example_short_circuit_operator.py                                                    1           0  0.10s           2024-04-03T07:16:29
/home/lucas/anaconda3/lib/python3.11/site-packages/airflow/example_dags/example_task_group.py                                                                1           0  0.10s           2024-04-03T07:16:43
/home/lucas/anaconda3/lib/python3.11/site-packages/airflow/example_dags/example_branch_python_dop_operator_3.py                                              1           0  0.10s           2024-04-03T07:16:41
/home/lucas/anaconda3/lib/python3.11/site-packages/airflow/example_dags/example_dynamic_task_mapping.py                                                      1           0  0.10s           2024-04-03T07:16:42
/home/lucas/anaconda3/lib/python3.11/site-packages/airflow/example_dags/example_bash_operator.py                                                             1           0  0.10s           2024-04-03T07:16:46
/home/lucas/anaconda3/lib/python3.11/site-packages/airflow/example_dags/example_params_ui_tutorial.py                                                        1           0  0.10s           2024-04-03T07:16:45
/home/lucas/anaconda3/lib/python3.11/site-packages/airflow/example_dags/example_sensor_decorator.py                                                          1           0  0.10s           2024-04-03T07:16:14
/home/lucas/anaconda3/lib/python3.11/site-packages/airflow/example_dags/example_trigger_target_dag.py                                                        1           0  0.10s           2024-04-03T07:16:14
/home/lucas/anaconda3/lib/python3.11/site-packages/airflow/example_dags/example_sensors.py                                                                   1           0  0.10s           2024-04-03T07:16:15
/home/lucas/anaconda3/lib/python3.11/site-packages/airflow/example_dags/example_latest_only_with_trigger.py                                                  1           0  0.10s           2024-04-03T07:16:16
/home/lucas/anaconda3/lib/python3.11/site-packages/airflow/example_dags/example_branch_operator.py                                                           1           0  0.10s           2024-04-03T07:16:48
/home/lucas/anaconda3/lib/python3.11/site-packages/airflow/example_dags/example_sla_dag.py                                                                   1           0  0.10s           2024-04-03T07:16:19
/home/lucas/anaconda3/lib/python3.11/site-packages/airflow/example_dags/tutorial_taskflow_api.py                                                             1           0  0.10s           2024-04-03T07:16:19
/home/lucas/anaconda3/lib/python3.11/site-packages/airflow/example_dags/example_nested_branch_dag.py                                                         1           0  0.10s           2024-04-03T07:16:20
/home/lucas/anaconda3/lib/python3.11/site-packages/airflow/example_dags/example_complex.py                                                                   1           0  0.10s           2024-04-03T07:16:49
/home/lucas/anaconda3/lib/python3.11/site-packages/airflow/example_dags/example_trigger_controller_dag.py                                                    1           0  0.10s           2024-04-03T07:16:21
/home/lucas/anaconda3/lib/python3.11/site-packages/airflow/example_dags/example_time_delta_sensor_async.py                                                   1           0  0.10s           2024-04-03T07:16:22
/home/lucas/anaconda3/lib/python3.11/site-packages/airflow/example_dags/example_python_operator.py                                                           1           0  0.10s           2024-04-03T07:16:23
/home/lucas/anaconda3/lib/python3.11/site-packages/airflow/example_dags/example_short_circuit_decorator.py                                                   1           0  0.20s           2024-04-03T07:16:24
/home/lucas/anaconda3/lib/python3.11/site-packages/airflow/example_dags/example_params_trigger_ui.py                                                         1           0  0.10s           2024-04-03T07:16:25
/home/lucas/anaconda3/lib/python3.11/site-packages/airflow/example_dags/example_xcom.py                                                                      1           0  0.10s           2024-04-03T07:16:27
/home/lucas/anaconda3/lib/python3.11/site-packages/airflow/example_dags/example_setup_teardown.py                                                            1           0  0.10s           2024-04-03T07:16:28
/home/lucas/anaconda3/lib/python3.11/site-packages/airflow/example_dags/example_latest_only.py                                                               1           0  0.10s           2024-04-03T07:16:29
/home/lucas/anaconda3/lib/python3.11/site-packages/airflow/example_dags/example_task_group_decorator.py                                                      1           0  0.10s           2024-04-03T07:16:31
/home/lucas/anaconda3/lib/python3.11/site-packages/airflow/example_dags/tutorial.py                                                                          1           0  0.10s           2024-04-03T07:16:32
/home/lucas/anaconda3/lib/python3.11/site-packages/airflow/example_dags/example_dag_decorator.py                                                             1           0  0.10s           2024-04-03T07:16:51
/home/lucas/anaconda3/lib/python3.11/site-packages/airflow/example_dags/example_branch_operator_decorator.py                                                 1           0  0.10s           2024-04-03T07:16:10
/home/lucas/anaconda3/lib/python3.11/site-packages/airflow/example_dags/example_setup_teardown_taskflow.py                                                   1           0  0.10s           2024-04-03T07:16:34
/home/lucas/anaconda3/lib/python3.11/site-packages/airflow/example_dags/example_branch_labels.py                                                             1           0  0.10s           2024-04-03T07:16:11
/home/lucas/anaconda3/lib/python3.11/site-packages/airflow/example_dags/example_skip_dag.py                                                                  1           0  0.10s           2024-04-03T07:16:35
/home/lucas/anaconda3/lib/python3.11/site-packages/airflow/example_dags/example_branch_day_of_week_operator.py                                               1           0  0.10s           2024-04-03T07:16:12
/home/lucas/anaconda3/lib/python3.11/site-packages/airflow/example_dags/example_passing_params_via_test_command.py                                           1           0  0.10s           2024-04-03T07:16:36
/home/lucas/anaconda3/lib/python3.11/site-packages/airflow/example_dags/example_dynamic_task_mapping_with_no_taskflow_operators.py                           1           0  0.10s           2024-04-03T07:16:13
/home/lucas/anaconda3/lib/python3.11/site-packages/airflow/example_dags/tutorial_dag.py                                                                      1           0  0.10s           2024-04-03T07:16:36
/home/lucas/anaconda3/lib/python3.11/site-packages/airflow/example_dags/example_xcomargs.py                                                                  2           0  0.10s           2024-04-03T07:16:17
/home/lucas/anaconda3/lib/python3.11/site-packages/airflow/example_dags/example_external_task_marker_dag.py                                                  2           0  0.10s           2024-04-03T07:16:50
/home/lucas/anaconda3/lib/python3.11/site-packages/airflow/example_dags/example_branch_datetime_operator.py                                                  3           0  0.10s           2024-04-03T07:16:47
/home/lucas/anaconda3/lib/python3.11/site-packages/airflow/example_dags/example_subdag_operator.py                                                           3           0  0.10s           2024-04-03T07:16:24
/home/lucas/anaconda3/lib/python3.11/site-packages/airflow/example_dags/example_datasets.py                                                                  6           0  0.10s           2024-04-03T07:16:50
================================================================================
[2024-04-03T09:16:54.288+0200] {manager.py:469} INFO - Exiting gracefully upon receiving signal 15
